#
# There is insufficient memory for the Java Runtime Environment to continue.
# Native memory allocation (malloc) failed to allocate 53072 bytes for Chunk::new
# Possible reasons:
#   The system is out of physical RAM or swap space
#   In 32 bit mode, the process size limit was hit
# Possible solutions:
#   Reduce memory load on the system
#   Increase physical memory or swap space
#   Check if swap backing store is full
#   Use 64 bit Java on a 64 bit OS
#   Decrease Java heap size (-Xmx/-Xms)
#   Decrease number of Java threads
#   Decrease Java thread stack sizes (-Xss)
#   Set larger code cache with -XX:ReservedCodeCacheSize=
# This output file may be truncated or incomplete.
#
#  Out of Memory Error (allocation.cpp:390), pid=19208, tid=6016
#
# JRE version: Java(TM) SE Runtime Environment (8.0_45-b15) (build 1.8.0_45-b15)
# Java VM: Java HotSpot(TM) 64-Bit Server VM (25.45-b02 mixed mode windows-amd64 compressed oops)
# Failed to write core dump. Minidumps are not enabled by default on client versions of Windows
#

---------------  T H R E A D  ---------------

Current thread (0x000000001e8c8000):  JavaThread "C2 CompilerThread0" daemon [_thread_in_native, id=6016, stack(0x000000001ee90000,0x000000001ef90000)]

Stack: [0x000000001ee90000,0x000000001ef90000]
Native frames: (J=compiled Java code, j=interpreted, Vv=VM code, C=native code)
V  [jvm.dll+0x32b57a]
V  [jvm.dll+0x279873]
V  [jvm.dll+0x27a509]
V  [jvm.dll+0x271825]
V  [jvm.dll+0xcb9e2]
V  [jvm.dll+0xcbeac]
V  [jvm.dll+0x4b9518]
V  [jvm.dll+0x46b6b5]
V  [jvm.dll+0x46ccbe]
V  [jvm.dll+0x4500f2]
V  [jvm.dll+0xa4352]
V  [jvm.dll+0xa4c8f]
V  [jvm.dll+0x241984]
V  [jvm.dll+0x29853a]
C  [msvcr100.dll+0x21d9f]
C  [msvcr100.dll+0x21e3b]
C  [KERNEL32.DLL+0x17614]
C  [ntdll.dll+0x526f1]


Current CompileTask:
C2:   1270 1471   !   4       java.lang.ClassLoader::loadClass (122 bytes)


---------------  P R O C E S S  ---------------

Java Threads: ( => current thread )
  0x000000001e91f000 JavaThread "Service Thread" daemon [_thread_blocked, id=2588, stack(0x000000001f290000,0x000000001f390000)]
  0x000000001e8ce000 JavaThread "C1 CompilerThread3" daemon [_thread_blocked, id=1380, stack(0x000000001f190000,0x000000001f290000)]
  0x000000001e8cb800 JavaThread "C2 CompilerThread2" daemon [_thread_in_native, id=17368, stack(0x000000001f090000,0x000000001f190000)]
  0x000000001e8ca000 JavaThread "C2 CompilerThread1" daemon [_thread_in_native, id=12932, stack(0x000000001ef90000,0x000000001f090000)]
=>0x000000001e8c8000 JavaThread "C2 CompilerThread0" daemon [_thread_in_native, id=6016, stack(0x000000001ee90000,0x000000001ef90000)]
  0x000000001e8c1000 JavaThread "Attach Listener" daemon [_thread_blocked, id=18888, stack(0x000000001ed90000,0x000000001ee90000)]
  0x000000001e8c0000 JavaThread "Signal Dispatcher" daemon [_thread_blocked, id=16876, stack(0x000000001ec90000,0x000000001ed90000)]
  0x0000000002f04000 JavaThread "Finalizer" daemon [_thread_blocked, id=18436, stack(0x000000001e790000,0x000000001e890000)]
  0x000000001c8bd800 JavaThread "Reference Handler" daemon [_thread_blocked, id=3688, stack(0x000000001e690000,0x000000001e790000)]
  0x0000000002ffe800 JavaThread "main" [_thread_in_native, id=8440, stack(0x0000000002c80000,0x0000000002d80000)]

Other Threads:
  0x000000001c8b9800 VMThread [stack: 0x000000001e590000,0x000000001e690000] [id=8444]
  0x000000001c8ce000 WatcherThread [stack: 0x000000001f390000,0x000000001f490000] [id=900]

VM state:not at safepoint (normal execution)

VM Mutex/Monitor currently owned by a thread: None

Heap:
 PSYoungGen      total 75264K, used 26203K [0x000000076c000000, 0x0000000771400000, 0x00000007c0000000)
  eden space 64512K, 24% used [0x000000076c000000,0x000000076cf70000,0x000000076ff00000)
  from space 10752K, 96% used [0x000000076ff00000,0x0000000770926e48,0x0000000770980000)
  to   space 10752K, 0% used [0x0000000770980000,0x0000000770980000,0x0000000771400000)
 ParOldGen       total 172032K, used 24K [0x00000006c4000000, 0x00000006ce800000, 0x000000076c000000)
  object space 172032K, 0% used [0x00000006c4000000,0x00000006c4006000,0x00000006ce800000)
 Metaspace       used 14232K, capacity 14582K, committed 14848K, reserved 1062912K
  class space    used 1783K, capacity 1925K, committed 2048K, reserved 1048576K

Card table byte_map: [0x00000000123c0000,0x0000000012bb0000] byte_map_base: 0x000000000eda0000

Marking Bits: (ParMarkBitMap*) 0x0000000077924040
 Begin Bits: [0x00000000138f0000, 0x00000000177f0000)
 End Bits:   [0x00000000177f0000, 0x000000001b6f0000)

Polling page: 0x0000000000c10000

CodeCache: size=245760Kb used=5304Kb max_used=5304Kb free=240455Kb
 bounds [0x0000000003000000, 0x0000000003540000, 0x0000000012000000]
 total_blobs=1848 nmethods=1493 adapters=267
 compilation: enabled

Compilation events (10 events):
Event: 1.240 Thread 0x000000001e8ce000 nmethod 1468 0x000000000351ddd0 code [0x000000000351df20, 0x000000000351e030]
Event: 1.241 Thread 0x000000001e8ce000 1470       3       sun.reflect.generics.repository.GenericDeclRepository::getTypeParameters (86 bytes)
Event: 1.241 Thread 0x000000001e8c8000 1471   !   4       java.lang.ClassLoader::loadClass (122 bytes)
Event: 1.241 Thread 0x000000001e8ce000 nmethod 1470 0x0000000003520110 code [0x0000000003520340, 0x0000000003521288]
Event: 1.241 Thread 0x000000001e8ce000 1469       3       java.lang.Class::getTypeParameters (25 bytes)
Event: 1.241 Thread 0x000000001e8ce000 nmethod 1469 0x000000000351d490 code [0x000000000351d600, 0x000000000351d8f8]
Event: 1.246 Thread 0x000000001e8ce000 1474   !   3       org.eclipse.sisu.wire.DependencyAnalyzer::analyzeImplementation (133 bytes)
Event: 1.247 Thread 0x000000001e8ce000 nmethod 1474 0x0000000003521910 code [0x0000000003521bc0, 0x0000000003523008]
Event: 1.247 Thread 0x000000001e8ce000 1473       1       com.google.inject.spi.Dependency::getKey (5 bytes)
Event: 1.247 Thread 0x000000001e8ce000 nmethod 1473 0x00000000035237d0 code [0x0000000003523920, 0x0000000003523a30]

GC Heap History (2 events):
Event: 1.091 GC heap before
{Heap before GC invocations=1 (full 0):
 PSYoungGen      total 75264K, used 64512K [0x000000076c000000, 0x0000000771400000, 0x00000007c0000000)
  eden space 64512K, 100% used [0x000000076c000000,0x000000076ff00000,0x000000076ff00000)
  from space 10752K, 0% used [0x0000000770980000,0x0000000770980000,0x0000000771400000)
  to   space 10752K, 0% used [0x000000076ff00000,0x000000076ff00000,0x0000000770980000)
 ParOldGen       total 172032K, used 0K [0x00000006c4000000, 0x00000006ce800000, 0x000000076c000000)
  object space 172032K, 0% used [0x00000006c4000000,0x00000006c4000000,0x00000006ce800000)
 Metaspace       used 12501K, capacity 12866K, committed 13056K, reserved 1060864K
  class space    used 1558K, capacity 1699K, committed 1792K, reserved 1048576K
Event: 1.099 GC heap after
Heap after GC invocations=1 (full 0):
 PSYoungGen      total 75264K, used 10395K [0x000000076c000000, 0x0000000771400000, 0x00000007c0000000)
  eden space 64512K, 0% used [0x000000076c000000,0x000000076c000000,0x000000076ff00000)
  from space 10752K, 96% used [0x000000076ff00000,0x0000000770926e48,0x0000000770980000)
  to   space 10752K, 0% used [0x0000000770980000,0x0000000770980000,0x0000000771400000)
 ParOldGen       total 172032K, used 24K [0x00000006c4000000, 0x00000006ce800000, 0x000000076c000000)
  object space 172032K, 0% used [0x00000006c4000000,0x00000006c4006000,0x00000006ce800000)
 Metaspace       used 12501K, capacity 12866K, committed 13056K, reserved 1060864K
  class space    used 1558K, capacity 1699K, committed 1792K, reserved 1048576K
}

Deoptimization events (10 events):
Event: 0.647 Thread 0x0000000002ffe800 Uncommon trap: reason=unstable_if action=reinterpret pc=0x0000000003215ee8 method=org.codehaus.plexus.util.xml.pull.MXParser.more()C @ 8
Event: 0.683 Thread 0x0000000002ffe800 Uncommon trap: reason=unstable_if action=reinterpret pc=0x00000000033321a0 method=java.nio.charset.CharsetDecoder.decode(Ljava/nio/ByteBuffer;Ljava/nio/CharBuffer;Z)Ljava/nio/charset/CoderResult; @ 15
Event: 0.689 Thread 0x0000000002ffe800 Uncommon trap: reason=unstable_if action=reinterpret pc=0x0000000003346558 method=java.nio.charset.CoderResult.isOverflow()Z @ 5
Event: 0.692 Thread 0x0000000002ffe800 Uncommon trap: reason=unstable_if action=reinterpret pc=0x000000000334d3e8 method=java.nio.charset.CoderResult.isOverflow()Z @ 5
Event: 0.735 Thread 0x0000000002ffe800 Uncommon trap: reason=unstable_if action=reinterpret pc=0x0000000003360b10 method=java.io.Reader.read()I @ 12
Event: 0.739 Thread 0x0000000002ffe800 Uncommon trap: reason=unstable_if action=reinterpret pc=0x000000000333dd14 method=org.codehaus.plexus.util.xml.pull.MXParser.nextImpl()I @ 241
Event: 0.739 Thread 0x0000000002ffe800 Uncommon trap: reason=unstable_if action=reinterpret pc=0x0000000003360694 method=java.io.Reader.read()I @ 12
Event: 0.790 Thread 0x0000000002ffe800 Uncommon trap: reason=unstable_if action=reinterpret pc=0x00000000032e7c5c method=java.util.HashMap.getNode(ILjava/lang/Object;)Ljava/util/HashMap$Node; @ 129
Event: 0.791 Thread 0x0000000002ffe800 Uncommon trap: reason=unstable_if action=reinterpret pc=0x00000000032e9844 method=java.util.HashMap.getNode(ILjava/lang/Object;)Ljava/util/HashMap$Node; @ 129
Event: 0.813 Thread 0x0000000002ffe800 Uncommon trap: reason=unstable_if action=reinterpret pc=0x00000000033439e4 method=java.nio.charset.CharsetDecoder.decode(Ljava/nio/ByteBuffer;Ljava/nio/CharBuffer;Z)Ljava/nio/charset/CoderResult; @ 1

Internal exceptions (10 events):
Event: 0.386 Thread 0x0000000002ffe800 Exception <a 'java/lang/NoSuchMethodError': java.lang.Object.lambda$andThen$6(Ljava/util/function/Function;Ljava/lang/Object;)Ljava/lang/Object;> (0x000000076cb70768) thrown at [C:\re\workspace\8-2-build-windows-amd64-cygwin\jdk8u45\3627\hotspot\src\share\
Event: 0.554 Thread 0x0000000002ffe800 Exception <a 'java/lang/ArrayIndexOutOfBoundsException': 18> (0x000000076d3bf828) thrown at [C:\re\workspace\8-2-build-windows-amd64-cygwin\jdk8u45\3627\hotspot\src\share\vm\interpreter\interpreterRuntime.cpp, line 366]
Event: 0.570 Thread 0x0000000002ffe800 Exception <a 'java/lang/NoSuchMethodError': java.lang.Object.lambda$comparing$77a9974f$1(Ljava/util/function/Function;Ljava/lang/Object;Ljava/lang/Object;)I> (0x000000076d4a0bf8) thrown at [C:\re\workspace\8-2-build-windows-amd64-cygwin\jdk8u45\3627\hotspoÁµÉ—Fâ?
Event: 0.571 Thread 0x0000000002ffe800 Exception <a 'java/lang/NoSuchMethodError': java.lang.Object.lambda$comparing$ea9a8b3a$1(Ljava/util/Comparator;Ljava/util/function/Function;Ljava/lang/Object;Ljava/lang/Object;)I> (0x000000076d4b2210) thrown at [C:\re\workspace\8-2-build-windows-amd64-cygwk*‹Â.Jâ?
Event: 0.572 Thread 0x0000000002ffe800 Exception <a 'java/lang/NoSuchMethodError': java.lang.Object.lambda$thenComparing$36697e65$1(Ljava/util/Comparator;Ljava/lang/Object;Ljava/lang/Object;)I> (0x000000076d4b9dd0) thrown at [C:\re\workspace\8-2-build-windows-amd64-cygwin\jdk8u45\3627\hotspot\s®gÇ,;ä?
Event: 0.632 Thread 0x0000000002ffe800 Exception <a 'java/lang/ArrayIndexOutOfBoundsException'> (0x000000076d7c4420) thrown at [C:\re\workspace\8-2-build-windows-amd64-cygwin\jdk8u45\3627\hotspot\src\share\vm\runtime\sharedRuntime.cpp, line 605]
Event: 0.641 Thread 0x0000000002ffe800 Exception <a 'java/lang/ArrayIndexOutOfBoundsException'> (0x000000076d825088) thrown at [C:\re\workspace\8-2-build-windows-amd64-cygwin\jdk8u45\3627\hotspot\src\share\vm\runtime\sharedRuntime.cpp, line 605]
Event: 0.644 Thread 0x0000000002ffe800 Exception <a 'java/lang/NoClassDefFoundError': javax/enterprise/inject/Typed> (0x000000076d852518) thrown at [C:\re\workspace\8-2-build-windows-amd64-cygwin\jdk8u45\3627\hotspot\src\share\vm\classfile\systemDictionary.cpp, line 199]
Event: 0.743 Thread 0x0000000002ffe800 Exception <a 'java/lang/ArrayIndexOutOfBoundsException'> (0x000000076e105a68) thrown at [C:\re\workspace\8-2-build-windows-amd64-cygwin\jdk8u45\3627\hotspot\src\share\vm\runtime\sharedRuntime.cpp, line 605]
Event: 0.744 Thread 0x0000000002ffe800 Exception <a 'java/lang/ArrayIndexOutOfBoundsException'> (0x000000076e107548) thrown at [C:\re\workspace\8-2-build-windows-amd64-cygwin\jdk8u45\3627\hotspot\src\share\vm\runtime\sharedRuntime.cpp, line 605]

Events (10 events):
Event: 1.245 loading class org/eclipse/aether/collection/CollectResult
Event: 1.245 loading class org/eclipse/aether/collection/CollectResult done
Event: 1.245 loading class org/eclipse/aether/resolution/DependencyRequest
Event: 1.245 loading class org/eclipse/aether/resolution/DependencyRequest done
Event: 1.246 loading class org/eclipse/aether/resolution/DependencyResult
Event: 1.246 loading class org/eclipse/aether/resolution/DependencyResult done
Event: 1.247 loading class org/eclipse/aether/transfer/NoTransporterException
Event: 1.247 loading class org/eclipse/aether/transfer/NoTransporterException done
Event: 1.247 loading class org/eclipse/aether/spi/connector/transport/Transporter
Event: 1.247 loading class org/eclipse/aether/spi/connector/transport/Transporter done


Dynamic libraries:
0x00007ff7e1530000 - 0x00007ff7e1567000 	C:\Program Files\Java\jdk1.8.0_45\bin\java.exe
0x00007ffabc1b0000 - 0x00007ffabc3a8000 	C:\Windows\SYSTEM32\ntdll.dll
0x00007ffabaac0000 - 0x00007ffabab7f000 	C:\Windows\System32\KERNEL32.DLL
0x00007ffab9cf0000 - 0x00007ffab9fe6000 	C:\Windows\System32\KERNELBASE.dll
0x00007ffabbfe0000 - 0x00007ffabc08f000 	C:\Windows\System32\ADVAPI32.dll
0x00007ffabb530000 - 0x00007ffabb5ce000 	C:\Windows\System32\msvcrt.dll
0x00007ffabbd10000 - 0x00007ffabbdac000 	C:\Windows\System32\sechost.dll
0x00007ffabb5d0000 - 0x00007ffabb6f6000 	C:\Windows\System32\RPCRT4.dll
0x00007ffabb700000 - 0x00007ffabb89d000 	C:\Windows\System32\USER32.dll
0x00007ffab99c0000 - 0x00007ffab99e2000 	C:\Windows\System32\win32u.dll
0x00007ffabacc0000 - 0x00007ffabacec000 	C:\Windows\System32\GDI32.dll
0x00007ffab9ad0000 - 0x00007ffab9be5000 	C:\Windows\System32\gdi32full.dll
0x00007ffab9890000 - 0x00007ffab992d000 	C:\Windows\System32\msvcp_win.dll
0x00007ffab9bf0000 - 0x00007ffab9cf0000 	C:\Windows\System32\ucrtbase.dll
0x00007ffa83e90000 - 0x00007ffa8412a000 	C:\Windows\WinSxS\amd64_microsoft.windows.common-controls_6595b64144ccf1df_6.0.19041.1110_none_60b5254171f9507e\COMCTL32.dll
0x00007ffabacf0000 - 0x00007ffabad20000 	C:\Windows\System32\IMM32.DLL
0x00007ffa67620000 - 0x00007ffa67d21000 	C:\Program Files\McAfee\DLP\Agent\fcagpph64.dll
0x00007ffabadd0000 - 0x00007ffabb514000 	C:\Windows\System32\SHELL32.dll
0x00007ffabbe10000 - 0x00007ffabbf3a000 	C:\Windows\System32\ole32.dll
0x00007ffaba5c0000 - 0x00007ffaba914000 	C:\Windows\System32\combase.dll
0x00007ffabbdb0000 - 0x00007ffabbe05000 	C:\Windows\System32\SHLWAPI.dll
0x00007ffabab80000 - 0x00007ffabac4d000 	C:\Windows\System32\OLEAUT32.dll
0x00007ffaa0000000 - 0x00007ffaa009d000 	C:\Windows\SYSTEM32\WINSPOOL.DRV
0x00007ffabad20000 - 0x00007ffabadcd000 	C:\Windows\System32\shcore.dll
0x00007ffab1480000 - 0x00007ffab148a000 	C:\Windows\SYSTEM32\VERSION.dll
0x00007ffab9750000 - 0x00007ffab9782000 	C:\Windows\SYSTEM32\SspiCli.dll
0x00007ffab8a30000 - 0x00007ffab8a63000 	C:\Windows\SYSTEM32\ntmarta.dll
0x00007ffa7d800000 - 0x00007ffa7d8b2000 	C:\Program Files\McAfee\Endpoint Security\Threat Prevention\Ips\EpMPApi.dll
0x00007ffaba1a0000 - 0x00007ffaba207000 	C:\Windows\System32\WINTRUST.dll
0x00000000025e0000 - 0x000000000273e000 	C:\Windows\System32\CRYPT32.dll
0x00007ffab9470000 - 0x00007ffab9482000 	C:\Windows\SYSTEM32\MSASN1.dll
0x0000000050180000 - 0x000000005018c000 	C:\Program Files\McAfee\Endpoint Security\Threat Prevention\Ips\EpMPThe.dll
0x00007ffa7d7a0000 - 0x00007ffa7d7f8000 	C:\Program Files\McAfee\Endpoint Security\Threat Prevention\Ips\HIPHandlers64.dll
0x00007ffab7410000 - 0x00007ffab75f4000 	C:\Windows\SYSTEM32\dbghelp.dll
0x00000000779b0000 - 0x0000000077a82000 	C:\Program Files\Java\jdk1.8.0_45\jre\bin\msvcr100.dll
0x0000000077120000 - 0x00000000779a3000 	C:\Program Files\Java\jdk1.8.0_45\jre\bin\server\jvm.dll
0x0000000000c00000 - 0x0000000000c08000 	C:\Windows\System32\PSAPI.DLL
0x00007ffa9ffd0000 - 0x00007ffa9ffd9000 	C:\Windows\SYSTEM32\WSOCK32.dll
0x00007ffabac50000 - 0x00007ffabacbb000 	C:\Windows\System32\WS2_32.dll
0x0000000002840000 - 0x0000000002867000 	C:\Windows\SYSTEM32\WINMM.dll
0x0000000050010000 - 0x000000005001f000 	C:\Program Files\Java\jdk1.8.0_45\jre\bin\verify.dll
0x0000000077ac0000 - 0x0000000077ae9000 	C:\Program Files\Java\jdk1.8.0_45\jre\bin\java.dll
0x0000000077aa0000 - 0x0000000077ab6000 	C:\Program Files\Java\jdk1.8.0_45\jre\bin\zip.dll
0x00007ffab7730000 - 0x00007ffab7ec3000 	C:\Windows\SYSTEM32\windows.storage.dll
0x00007ffab92e0000 - 0x00007ffab930e000 	C:\Windows\SYSTEM32\Wldp.dll
0x00007ffab97d0000 - 0x00007ffab97ef000 	C:\Windows\SYSTEM32\profapi.dll
0x0000000077100000 - 0x000000007711a000 	C:\Program Files\Java\jdk1.8.0_45\jre\bin\net.dll
0x00007ffab9040000 - 0x00007ffab90aa000 	C:\Windows\system32\mswsock.dll
0x00000000770e0000 - 0x00000000770f1000 	C:\Program Files\Java\jdk1.8.0_45\jre\bin\nio.dll
0x0000000069ac0000 - 0x0000000069ae4000 	D:\maven\lib\jansi-native\Windows\x86_64\jansi.dll
0x00007ffab9930000 - 0x00007ffab99b2000 	C:\Windows\System32\bcryptPrimitives.dll

VM Arguments:
jvm_args: -Dclassworlds.conf=D:\maven\bin\m2.conf -Dmaven.home=D:\maven -Dlibrary.jansi.path=D:\maven\lib\jansi-native -Dmaven.multiModuleProjectDirectory=D:\Project\EVN\project1\khcn-backend-service 
java_command: org.codehaus.plexus.classworlds.launcher.Launcher install
java_class_path (initial): D:\maven\boot\plexus-classworlds-2.7.0.jar
Launcher Type: SUN_STANDARD

Environment Variables:
JAVA_HOME=C:\Program Files\Java\jdk1.8.0_45
CLASSPATH=.;
PATH=C:\Program Files\Python37\Scripts\;C:\Program Files\Python37\;C:\ProgramData\Oracle\Java\javapath;C:\Windows\system32;C:\Windows;C:\Windows\System32\Wbem;C:\Windows\System32\WindowsPowerShell\v1.0\;C:\Windows\System32\OpenSSH\;C:\Program Files\Microsoft SQL Server\130\Tools\Binn\;C:\Users\nguyenvantuanc\AppData\Roaming\npm;C:\Users\nguyenvantuanc;C:\Users\nguyenvantuanc\node_modules\@angular\cli\bin;C:\Program Files\dotnet\;C:\Program Files\Microsoft SQL Server\Client SDK\ODBC\170\Tools\Binn\;C:\Program Files (x86)\Microsoft SQL Server\150\Tools\Binn\;C:\Program Files\Microsoft SQL Server\150\Tools\Binn\;C:\Program Files\Microsoft SQL Server\150\DTS\Binn\;C:\Program Files (x86)\Microsoft SQL Server\150\DTS\Binn\;C:\Program Files (x86)\Bitvise SSH Client;C:\ProgramData\chocolatey\bin;C:\Program Files\Java\jdk1.8.0_45\bin;C:\Users\nguyenvantuanc\AppData\Local\Android\Sdk;C:\Users\nguyenvantuanc\AppData\Local\Android\Sdk\platform-tools;C:\Users\nguyenvantuanc\AppData\Roaming\Python\Python37\site-packages;C:\Program Files\nodejs\;D:\BigData\zookeeper\bin;D:\maven\bin;C:\Program Files\Git\cmd;C:\Program Files\Microsoft SQL Server\120\Tools\Binn\;C:\Program Files (x86)\dotnet\;D:\Server\xampp74\php;C:\ProgramData\ComposerSetup\bin;C:\Users\nguyenvantuanc\AppData\Local\Microsoft\WindowsApps;C:\Users\nguyenvantuanc\AppData\Local\Programs\Microsoft VS Code\bin;C:\Users\nguyenvantuanc\node_modules\@angular\cli\bin;C:\Users\nguyenvantuanc\.dotnet\tools;C:\Program Files\Azure Data Studio\bin;C:\Users\nguyenvantuanc\AppData\Local\Programs\Git\cmd;C:\Users\nguyenvantuanc\AppData\Roaming\npm;C:\Users\nguyenvantuanc\AppData\Local\GitHubDesktop\bin
USERNAME=NguyenVanTuanC
OS=Windows_NT
PROCESSOR_IDENTIFIER=Intel64 Family 6 Model 140 Stepping 2, GenuineIntel



---------------  S Y S T E M  ---------------

OS: Windows 10.0 , 64 bit Build 19041 (10.0.19041.3031)

CPU:total 8 (4 cores per cpu, 2 threads per core) family 6 model 140 stepping 2, cmov, cx8, fxsr, mmx, sse, sse2, sse3, ssse3, sse4.1, sse4.2, popcnt, avx, avx2, aes, clmul, erms, 3dnowpref, lzcnt, ht, tsc, tscinvbit, bmi1, bmi2, adx

Memory: 4k page, physical 16509728k(2089880k free), swap 16509728k(5128k free)

vm_info: Java HotSpot(TM) 64-Bit Server VM (25.45-b02) for windows-amd64 JRE (1.8.0_45-b15), built on Apr 30 2015 12:40:44 by "java_re" with MS VC++ 10.0 (VS2010)

time: Sun Jul 30 08:02:06 2023
elapsed time: 1 seconds (0d 0h 0m 1s)

