#
# There is insufficient memory for the Java Runtime Environment to continue.
# Native memory allocation (malloc) failed to allocate 1345696 bytes for Chunk::new
# Possible reasons:
#   The system is out of physical RAM or swap space
#   In 32 bit mode, the process size limit was hit
# Possible solutions:
#   Reduce memory load on the system
#   Increase physical memory or swap space
#   Check if swap backing store is full
#   Use 64 bit Java on a 64 bit OS
#   Decrease Java heap size (-Xmx/-Xms)
#   Decrease number of Java threads
#   Decrease Java thread stack sizes (-Xss)
#   Set larger code cache with -XX:ReservedCodeCacheSize=
# This output file may be truncated or incomplete.
#
#  Out of Memory Error (allocation.cpp:390), pid=2500, tid=17040
#
# JRE version: Java(TM) SE Runtime Environment (8.0_45-b15) (build 1.8.0_45-b15)
# Java VM: Java HotSpot(TM) 64-Bit Server VM (25.45-b02 mixed mode windows-amd64 compressed oops)
# Failed to write core dump. Minidumps are not enabled by default on client versions of Windows
#

---------------  T H R E A D  ---------------

Current thread (0x000000001f0c5000):  JavaThread "C2 CompilerThread1" daemon [_thread_in_native, id=17040, stack(0x000000001f790000,0x000000001f890000)]

Stack: [0x000000001f790000,0x000000001f890000]
Native frames: (J=compiled Java code, j=interpreted, Vv=VM code, C=native code)
V  [jvm.dll+0x32b57a]
V  [jvm.dll+0x279873]
V  [jvm.dll+0x27a509]
V  [jvm.dll+0x271825]
V  [jvm.dll+0xcb9e2]
V  [jvm.dll+0xcbeac]
V  [jvm.dll+0x476ef2]
V  [jvm.dll+0x4b955f]
V  [jvm.dll+0x46baa8]
V  [jvm.dll+0x46ccbe]
V  [jvm.dll+0x4500f2]
V  [jvm.dll+0xa4352]
V  [jvm.dll+0xa4c8f]
V  [jvm.dll+0x241984]
V  [jvm.dll+0x29853a]
C  [msvcr100.dll+0x21d9f]
C  [msvcr100.dll+0x21e3b]
C  [KERNEL32.DLL+0x17614]
C  [ntdll.dll+0x526f1]


Current CompileTask:
C2:   9678 5116       4       java.lang.Class::privateGetMethodRecursive (130 bytes)


---------------  P R O C E S S  ---------------

Java Threads: ( => current thread )
  0x0000000021f0d800 JavaThread "HikariPool-1 connection adder" daemon [_thread_blocked, id=1564, stack(0x0000000028880000,0x0000000028980000)]
  0x0000000021f0c800 JavaThread "HikariPool-1 housekeeper" daemon [_thread_blocked, id=252, stack(0x0000000026410000,0x0000000026510000)]
  0x0000000021f0c000 JavaThread "mssql-jdbc-shared-timer-core-0" daemon [_thread_blocked, id=17124, stack(0x0000000024ea0000,0x0000000024fa0000)]
  0x00000000201a5000 JavaThread "surefire-forkedjvm-ping-30s" daemon [_thread_in_native, id=20692, stack(0x0000000020590000,0x0000000020690000)]
  0x000000001f235000 JavaThread "surefire-forkedjvm-command-thread" daemon [_thread_in_native, id=5124, stack(0x000000001fc90000,0x000000001fd90000)]
  0x000000001f154800 JavaThread "Service Thread" daemon [_thread_blocked, id=10520, stack(0x000000001fa90000,0x000000001fb90000)]
  0x000000001f0ce800 JavaThread "C1 CompilerThread3" daemon [_thread_blocked, id=21192, stack(0x000000001f990000,0x000000001fa90000)]
  0x000000001f0c8000 JavaThread "C2 CompilerThread2" daemon [_thread_in_native, id=8660, stack(0x000000001f890000,0x000000001f990000)]
=>0x000000001f0c5000 JavaThread "C2 CompilerThread1" daemon [_thread_in_native, id=17040, stack(0x000000001f790000,0x000000001f890000)]
  0x000000001f0c3000 JavaThread "C2 CompilerThread0" daemon [_thread_in_native, id=15900, stack(0x000000001f690000,0x000000001f790000)]
  0x000000001f0c0000 JavaThread "Attach Listener" daemon [_thread_blocked, id=144, stack(0x000000001f590000,0x000000001f690000)]
  0x000000001f0bf000 JavaThread "Signal Dispatcher" daemon [_thread_blocked, id=5228, stack(0x000000001f490000,0x000000001f590000)]
  0x00000000037e9800 JavaThread "Finalizer" daemon [_thread_blocked, id=10548, stack(0x000000001ef90000,0x000000001f090000)]
  0x00000000037e3000 JavaThread "Reference Handler" daemon [_thread_blocked, id=19916, stack(0x000000001ee90000,0x000000001ef90000)]
  0x00000000036ee800 JavaThread "main" [_thread_in_native, id=2392, stack(0x00000000035c0000,0x00000000036c0000)]

Other Threads:
  0x000000001d0a9000 VMThread [stack: 0x000000001ed90000,0x000000001ee90000] [id=12756]
  0x000000001f156800 WatcherThread [stack: 0x000000001fb90000,0x000000001fc90000] [id=7768]

VM state:not at safepoint (normal execution)

VM Mutex/Monitor currently owned by a thread: None

Heap:
 PSYoungGen      total 257024K, used 22593K [0x000000076c000000, 0x000000077d600000, 0x00000007c0000000)
  eden space 244736K, 9% used [0x000000076c000000,0x000000076d610758,0x000000077af00000)
  from space 12288K, 0% used [0x000000077ca00000,0x000000077ca00000,0x000000077d600000)
  to   space 15872K, 0% used [0x000000077b700000,0x000000077b700000,0x000000077c680000)
 ParOldGen       total 142848K, used 29598K [0x00000006c4000000, 0x00000006ccb80000, 0x000000076c000000)
  object space 142848K, 20% used [0x00000006c4000000,0x00000006c5ce7808,0x00000006ccb80000)
 Metaspace       used 56089K, capacity 59476K, committed 59776K, reserved 1101824K
  class space    used 7608K, capacity 8206K, committed 8320K, reserved 1048576K

Card table byte_map: [0x0000000012bb0000,0x00000000133a0000] byte_map_base: 0x000000000f590000

Marking Bits: (ParMarkBitMap*) 0x00000000777a4040
 Begin Bits: [0x00000000140e0000, 0x0000000017fe0000)
 End Bits:   [0x0000000017fe0000, 0x000000001bee0000)

Polling page: 0x0000000001190000

CodeCache: size=245760Kb used=16837Kb max_used=16849Kb free=228922Kb
 bounds [0x00000000037f0000, 0x00000000048a0000, 0x00000000127f0000]
 total_blobs=4924 nmethods=4407 adapters=429
 compilation: enabled

Compilation events (10 events):
Event: 9.567 Thread 0x000000001f0ce800 5128       3       com.sun.org.apache.xalan.internal.utils.XMLSecurityManager$NameMap::getOldName (18 bytes)
Event: 9.567 Thread 0x000000001f0ce800 nmethod 5128 0x0000000004548c10 code [0x0000000004548d80, 0x0000000004549008]
Event: 9.570 Thread 0x000000001f0ce800 5129       2       org.springframework.util.ClassUtils::isAssignable (84 bytes)
Event: 9.571 Thread 0x000000001f0ce800 nmethod 5129 0x00000000039f3d50 code [0x00000000039f3f20, 0x00000000039f4308]
Event: 9.573 Thread 0x000000001f0ce800 5130       3       com.sun.beans.WildcardTypeImpl::<init> (15 bytes)
Event: 9.574 Thread 0x000000001f0ce800 nmethod 5130 0x00000000039f3950 code [0x00000000039f3aa0, 0x00000000039f3c90]
Event: 9.578 Thread 0x000000001f0ce800 5131       1       org.springframework.boot.context.properties.bind.Bindable::getValue (5 bytes)
Event: 9.578 Thread 0x000000001f0ce800 nmethod 5131 0x00000000039f3690 code [0x00000000039f37e0, 0x00000000039f38f0]
Event: 9.602 Thread 0x000000001f0ce800 5133       3       org.springframework.core.ResolvableType::resolveType (151 bytes)
Event: 9.603 Thread 0x000000001f0ce800 nmethod 5133 0x0000000003a32e50 code [0x0000000003a330e0, 0x0000000003a34418]

GC Heap History (10 events):
Event: 4.005 GC heap before
{Heap before GC invocations=9 (full 2):
 PSYoungGen      total 166912K, used 7484K [0x000000076c000000, 0x000000077d600000, 0x00000007c0000000)
  eden space 154112K, 0% used [0x000000076c000000,0x000000076c000000,0x0000000775680000)
  from space 12800K, 58% used [0x0000000775680000,0x0000000775dcf298,0x0000000776300000)
  to   space 12288K, 0% used [0x000000077ca00000,0x000000077ca00000,0x000000077d600000)
 ParOldGen       total 101376K, used 9452K [0x00000006c4000000, 0x00000006ca300000, 0x000000076c000000)
  object space 101376K, 9% used [0x00000006c4000000,0x00000006c493b080,0x00000006ca300000)
 Metaspace       used 33213K, capacity 35346K, committed 35496K, reserved 1079296K
  class space    used 4453K, capacity 4852K, committed 4864K, reserved 1048576K
Event: 4.047 GC heap after
Heap after GC invocations=9 (full 2):
 PSYoungGen      total 166912K, used 0K [0x000000076c000000, 0x000000077d600000, 0x00000007c0000000)
  eden space 154112K, 0% used [0x000000076c000000,0x000000076c000000,0x0000000775680000)
  from space 12800K, 0% used [0x0000000775680000,0x0000000775680000,0x0000000776300000)
  to   space 12288K, 0% used [0x000000077ca00000,0x000000077ca00000,0x000000077d600000)
 ParOldGen       total 142848K, used 12361K [0x00000006c4000000, 0x00000006ccb80000, 0x000000076c000000)
  object space 142848K, 8% used [0x00000006c4000000,0x00000006c4c12670,0x00000006ccb80000)
 Metaspace       used 33213K, capacity 35346K, committed 35496K, reserved 1079296K
  class space    used 4453K, capacity 4852K, committed 4864K, reserved 1048576K
}
Event: 6.627 GC heap before
{Heap before GC invocations=10 (full 2):
 PSYoungGen      total 166912K, used 154112K [0x000000076c000000, 0x000000077d600000, 0x00000007c0000000)
  eden space 154112K, 100% used [0x000000076c000000,0x0000000775680000,0x0000000775680000)
  from space 12800K, 0% used [0x0000000775680000,0x0000000775680000,0x0000000776300000)
  to   space 12288K, 0% used [0x000000077ca00000,0x000000077ca00000,0x000000077d600000)
 ParOldGen       total 142848K, used 12361K [0x00000006c4000000, 0x00000006ccb80000, 0x000000076c000000)
  object space 142848K, 8% used [0x00000006c4000000,0x00000006c4c12670,0x00000006ccb80000)
 Metaspace       used 47850K, capacity 50438K, committed 50816K, reserved 1093632K
  class space    used 6454K, capacity 6949K, committed 7040K, reserved 1048576K
Event: 6.643 GC heap after
Heap after GC invocations=10 (full 2):
 PSYoungGen      total 257024K, used 12265K [0x000000076c000000, 0x000000077d600000, 0x00000007c0000000)
  eden space 244736K, 0% used [0x000000076c000000,0x000000076c000000,0x000000077af00000)
  from space 12288K, 99% used [0x000000077ca00000,0x000000077d5fa648,0x000000077d600000)
  to   space 15872K, 0% used [0x000000077b700000,0x000000077b700000,0x000000077c680000)
 ParOldGen       total 142848K, used 17658K [0x00000006c4000000, 0x00000006ccb80000, 0x000000076c000000)
  object space 142848K, 12% used [0x00000006c4000000,0x00000006c513e830,0x00000006ccb80000)
 Metaspace       used 47850K, capacity 50438K, committed 50816K, reserved 1093632K
  class space    used 6454K, capacity 6949K, committed 7040K, reserved 1048576K
}
Event: 8.762 GC heap before
{Heap before GC invocations=11 (full 2):
 PSYoungGen      total 257024K, used 257001K [0x000000076c000000, 0x000000077d600000, 0x00000007c0000000)
  eden space 244736K, 100% used [0x000000076c000000,0x000000077af00000,0x000000077af00000)
  from space 12288K, 99% used [0x000000077ca00000,0x000000077d5fa648,0x000000077d600000)
  to   space 15872K, 0% used [0x000000077b700000,0x000000077b700000,0x000000077c680000)
 ParOldGen       total 142848K, used 17658K [0x00000006c4000000, 0x00000006ccb80000, 0x000000076c000000)
  object space 142848K, 12% used [0x00000006c4000000,0x00000006c513e830,0x00000006ccb80000)
 Metaspace       used 54330K, capacity 57166K, committed 57344K, reserved 1099776K
  class space    used 7293K, capacity 7813K, committed 7936K, reserved 1048576K
Event: 8.780 GC heap after
Heap after GC invocations=11 (full 2):
 PSYoungGen      total 260608K, used 15841K [0x000000076c000000, 0x000000077d600000, 0x00000007c0000000)
  eden space 244736K, 0% used [0x000000076c000000,0x000000076c000000,0x000000077af00000)
  from space 15872K, 99% used [0x000000077b700000,0x000000077c678660,0x000000077c680000)
  to   space 12288K, 0% used [0x000000077ca00000,0x000000077ca00000,0x000000077d600000)
 ParOldGen       total 142848K, used 22476K [0x00000006c4000000, 0x00000006ccb80000, 0x000000076c000000)
  object space 142848K, 15% used [0x00000006c4000000,0x00000006c55f3298,0x00000006ccb80000)
 Metaspace       used 54330K, capacity 57166K, committed 57344K, reserved 1099776K
  class space    used 7293K, capacity 7813K, committed 7936K, reserved 1048576K
}
Event: 9.221 GC heap before
{Heap before GC invocations=12 (full 2):
 PSYoungGen      total 260608K, used 92942K [0x000000076c000000, 0x000000077d600000, 0x00000007c0000000)
  eden space 244736K, 31% used [0x000000076c000000,0x0000000770b4b4a8,0x000000077af00000)
  from space 15872K, 99% used [0x000000077b700000,0x000000077c678660,0x000000077c680000)
  to   space 12288K, 0% used [0x000000077ca00000,0x000000077ca00000,0x000000077d600000)
 ParOldGen       total 142848K, used 22476K [0x00000006c4000000, 0x00000006ccb80000, 0x000000076c000000)
  object space 142848K, 15% used [0x00000006c4000000,0x00000006c55f3298,0x00000006ccb80000)
 Metaspace       used 55776K, capacity 59036K, committed 59136K, reserved 1099776K
  class space    used 7528K, capacity 8108K, committed 8192K, reserved 1048576K
Event: 9.236 GC heap after
Heap after GC invocations=12 (full 2):
 PSYoungGen      total 257024K, used 12198K [0x000000076c000000, 0x000000077d600000, 0x00000007c0000000)
  eden space 244736K, 0% used [0x000000076c000000,0x000000076c000000,0x000000077af00000)
  from space 12288K, 99% used [0x000000077ca00000,0x000000077d5e9858,0x000000077d600000)
  to   space 15872K, 0% used [0x000000077b700000,0x000000077b700000,0x000000077c680000)
 ParOldGen       total 142848K, used 28669K [0x00000006c4000000, 0x00000006ccb80000, 0x000000076c000000)
  object space 142848K, 20% used [0x00000006c4000000,0x00000006c5bff6f8,0x00000006ccb80000)
 Metaspace       used 55776K, capacity 59036K, committed 59136K, reserved 1099776K
  class space    used 7528K, capacity 8108K, committed 8192K, reserved 1048576K
}
Event: 9.236 GC heap before
{Heap before GC invocations=13 (full 3):
 PSYoungGen      total 257024K, used 12198K [0x000000076c000000, 0x000000077d600000, 0x00000007c0000000)
  eden space 244736K, 0% used [0x000000076c000000,0x000000076c000000,0x000000077af00000)
  from space 12288K, 99% used [0x000000077ca00000,0x000000077d5e9858,0x000000077d600000)
  to   space 15872K, 0% used [0x000000077b700000,0x000000077b700000,0x000000077c680000)
 ParOldGen       total 142848K, used 28669K [0x00000006c4000000, 0x00000006ccb80000, 0x000000076c000000)
  object space 142848K, 20% used [0x00000006c4000000,0x00000006c5bff6f8,0x00000006ccb80000)
 Metaspace       used 55776K, capacity 59036K, committed 59136K, reserved 1099776K
  class space    used 7528K, capacity 8108K, committed 8192K, reserved 1048576K
Event: 9.464 GC heap after
Heap after GC invocations=13 (full 3):
 PSYoungGen      total 257024K, used 0K [0x000000076c000000, 0x000000077d600000, 0x00000007c0000000)
  eden space 244736K, 0% used [0x000000076c000000,0x000000076c000000,0x000000077af00000)
  from space 12288K, 0% used [0x000000077ca00000,0x000000077ca00000,0x000000077d600000)
  to   space 15872K, 0% used [0x000000077b700000,0x000000077b700000,0x000000077c680000)
 ParOldGen       total 142848K, used 29598K [0x00000006c4000000, 0x00000006ccb80000, 0x000000076c000000)
  object space 142848K, 20% used [0x00000006c4000000,0x00000006c5ce7808,0x00000006ccb80000)
 Metaspace       used 55776K, capacity 59036K, committed 59136K, reserved 1099776K
  class space    used 7528K, capacity 8108K, committed 8192K, reserved 1048576K
}

Deoptimization events (10 events):
Event: 9.142 Thread 0x00000000036ee800 Uncommon trap: reason=bimorphic action=maybe_recompile pc=0x00000000046fa694 method=org.springframework.core.SerializableTypeWrapper.unwrap(Ljava/lang/reflect/Type;)Ljava/lang/reflect/Type; @ 18
Event: 9.143 Thread 0x00000000036ee800 Uncommon trap: reason=unstable_if action=reinterpret pc=0x00000000046ea7a8 method=org.springframework.core.ResolvableType.resolveType()Lorg/springframework/core/ResolvableType; @ 37
Event: 9.143 Thread 0x00000000036ee800 Uncommon trap: reason=class_check action=maybe_recompile pc=0x00000000046fa964 method=org.springframework.core.SerializableTypeWrapper.unwrap(Ljava/lang/reflect/Type;)Ljava/lang/reflect/Type; @ 10
Event: 9.147 Thread 0x00000000036ee800 Uncommon trap: reason=predicate action=maybe_recompile pc=0x00000000045050b0 method=org.springframework.boot.context.properties.source.ConfigurationPropertyName.fastElementEquals(Lorg/springframework/boot/context/properties/source/ConfigurationPropertyName)m}GK"@
Event: 9.147 Thread 0x00000000036ee800 Uncommon trap: reason=class_check action=maybe_recompile pc=0x0000000003ccb8d8 method=org.springframework.boot.context.properties.source.ConfigurationPropertyName$Elements.charAt(II)C @ 43
Event: 9.147 Thread 0x00000000036ee800 Uncommon trap: reason=class_check action=maybe_recompile pc=0x0000000003ccb8d8 method=org.springframework.boot.context.properties.source.ConfigurationPropertyName$Elements.charAt(II)C @ 43
Event: 9.182 Thread 0x00000000036ee800 Uncommon trap: reason=null_check action=make_not_entrant pc=0x0000000004773f38 method=java.lang.Class.privateGetMethodRecursive(Ljava/lang/String;[Ljava/lang/Class;ZLjava/lang/Class$MethodArray;)Ljava/lang/reflect/Method; @ 35
Event: 9.183 Thread 0x00000000036ee800 Uncommon trap: reason=null_check action=make_not_entrant pc=0x0000000004140ba8 method=org.springframework.util.ClassUtils.isAssignable(Ljava/lang/Class;Ljava/lang/Class;)Z @ 14
Event: 9.566 Thread 0x00000000036ee800 Uncommon trap: reason=bimorphic action=maybe_recompile pc=0x00000000046fa694 method=org.springframework.core.SerializableTypeWrapper.unwrap(Ljava/lang/reflect/Type;)Ljava/lang/reflect/Type; @ 18
Event: 9.566 Thread 0x00000000036ee800 Uncommon trap: reason=bimorphic action=maybe_recompile pc=0x00000000046fa694 method=org.springframework.core.SerializableTypeWrapper.unwrap(Ljava/lang/reflect/Type;)Ljava/lang/reflect/Type; @ 18

Internal exceptions (10 events):
Event: 9.617 Thread 0x00000000036ee800 Exception <a 'java/lang/ClassNotFoundException': java/lang/ObjectCustomizer> (0x000000076cf1ae60) thrown at [C:\re\workspace\8-2-build-windows-amd64-cygwin\jdk8u45\3627\hotspot\src\share\vm\classfile\systemDictionary.cpp, line 210]
Event: 9.622 Thread 0x00000000036ee800 Exception <a 'java/lang/ClassNotFoundException': org/springframework/security/config/annotation/AbstractSecurityBuilderCustomizer> (0x000000076cf4aa00) thrown at [C:\re\workspace\8-2-build-windows-amd64-cygwin\jdk8u45\3627\hotspot\src\share\vm\classfile\syZßÄjr?#@
Event: 9.624 Thread 0x00000000036ee800 Exception <a 'java/lang/ClassNotFoundException': org/springframework/security/config/annotation/AbstractConfiguredSecurityBuilderCustomizer> (0x000000076cf7d2b0) thrown at [C:\re\workspace\8-2-build-windows-amd64-cygwin\jdk8u45\3627\hotspot\src\share\vm\cl⁄
Event: 9.626 Thread 0x00000000036ee800 Exception <a 'java/lang/ClassNotFoundException': org/springframework/security/config/annotation/web/builders/WebSecurityCustomizer> (0x000000076cfbe3d0) thrown at [C:\re\workspace\8-2-build-windows-amd64-cygwin\jdk8u45\3627\hotspot\src\share\vm\classfile\s“êL‚B#@
Event: 9.629 Thread 0x00000000036ee800 Exception <a 'java/lang/ClassNotFoundException': org/springframework/security/config/annotation/SecurityBuilderCustomizer> (0x000000076d007cd0) thrown at [C:\re\workspace\8-2-build-windows-amd64-cygwin\jdk8u45\3627\hotspot\src\share\vm\classfile\systemDictœ†°B#@
Event: 9.630 Thread 0x00000000036ee800 Exception <a 'java/lang/ClassNotFoundException': org/springframework/context/ApplicationContextAwareCustomizer> (0x000000076d02d1c0) thrown at [C:\re\workspace\8-2-build-windows-amd64-cygwin\jdk8u45\3627\hotspot\src\share\vm\classfile\systemDictionary.cpp,≤Ò`ã›B#@
Event: 9.631 Thread 0x00000000036ee800 Exception <a 'java/lang/ClassNotFoundException': org/springframework/beans/factory/AwareCustomizer> (0x000000076d04dad0) thrown at [C:\re\workspace\8-2-build-windows-amd64-cygwin\jdk8u45\3627\hotspot\src\share\vm\classfile\systemDictionary.cpp, line 210]
Event: 9.631 Thread 0x00000000036ee800 Exception <a 'java/lang/ClassNotFoundException': org/springframework/web/context/ServletContextAwareCustomizer> (0x000000076d0722d0) thrown at [C:\re\workspace\8-2-build-windows-amd64-cygwin\jdk8u45\3627\hotspot\src\share\vm\classfile\systemDictionary.cpp,
Event: 9.632 Thread 0x00000000036ee800 Exception <a 'java/lang/ClassNotFoundException': org/springframework/beans/factory/AwareCustomizer> (0x000000076d092650) thrown at [C:\re\workspace\8-2-build-windows-amd64-cygwin\jdk8u45\3627\hotspot\src\share\vm\classfile\systemDictionary.cpp, line 210]
Event: 9.632 Thread 0x00000000036ee800 Exception <a 'java/lang/ClassNotFoundException': org/springframework/security/config/annotation/SecurityBuilderCustomizer> (0x000000076d0bb4e0) thrown at [C:\re\workspace\8-2-build-windows-amd64-cygwin\jdk8u45\3627\hotspot\src\share\vm\classfile\systemDictà–¡È;#@

Events (10 events):
Event: 9.632 loading class org/springframework/security/config/annotation/SecurityBuilderCustomizer
Event: 9.632 loading class org/springframework/security/config/annotation/SecurityBuilderCustomizer done
Event: 9.632 loading class org/springframework/security/config/annotation/SecurityBuilderCustomizer
Event: 9.632 loading class org/springframework/security/config/annotation/SecurityBuilderCustomizer done
Event: 9.633 loading class org/springframework/security/config/annotation/web/configuration/AutowiredWebSecurityConfigurersIgnoreParents
Event: 9.633 loading class org/springframework/security/config/annotation/web/configuration/AutowiredWebSecurityConfigurersIgnoreParents done
Event: 9.635 loading class org/springframework/security/config/annotation/web/configuration/WebSecurityConfiguration$AnnotationAwareOrderComparator
Event: 9.635 loading class org/springframework/security/config/annotation/web/configuration/WebSecurityConfiguration$AnnotationAwareOrderComparator done
Event: 9.636 Executing VM operation: Deoptimize
Event: 9.637 Executing VM operation: Deoptimize done


Dynamic libraries:
0x00007ff6ba520000 - 0x00007ff6ba557000 	C:\Program Files\Java\jdk1.8.0_45\jre\bin\java.exe
0x00007ffabc1b0000 - 0x00007ffabc3a8000 	C:\Windows\SYSTEM32\ntdll.dll
0x00007ffabaac0000 - 0x00007ffabab7f000 	C:\Windows\System32\KERNEL32.DLL
0x00007ffab9cf0000 - 0x00007ffab9fe6000 	C:\Windows\System32\KERNELBASE.dll
0x00007ffabbfe0000 - 0x00007ffabc08f000 	C:\Windows\System32\ADVAPI32.dll
0x00007ffabb530000 - 0x00007ffabb5ce000 	C:\Windows\System32\msvcrt.dll
0x00007ffabbd10000 - 0x00007ffabbdac000 	C:\Windows\System32\sechost.dll
0x00007ffabb5d0000 - 0x00007ffabb6f6000 	C:\Windows\System32\RPCRT4.dll
0x00007ffabb700000 - 0x00007ffabb89d000 	C:\Windows\System32\USER32.dll
0x00007ffab99c0000 - 0x00007ffab99e2000 	C:\Windows\System32\win32u.dll
0x00007ffabacc0000 - 0x00007ffabacec000 	C:\Windows\System32\GDI32.dll
0x00007ffab9ad0000 - 0x00007ffab9be5000 	C:\Windows\System32\gdi32full.dll
0x00007ffab9890000 - 0x00007ffab992d000 	C:\Windows\System32\msvcp_win.dll
0x00007ffab9bf0000 - 0x00007ffab9cf0000 	C:\Windows\System32\ucrtbase.dll
0x00007ffa83e90000 - 0x00007ffa8412a000 	C:\Windows\WinSxS\amd64_microsoft.windows.common-controls_6595b64144ccf1df_6.0.19041.1110_none_60b5254171f9507e\COMCTL32.dll
0x00007ffabacf0000 - 0x00007ffabad20000 	C:\Windows\System32\IMM32.DLL
0x00007ffa67620000 - 0x00007ffa67d21000 	C:\Program Files\McAfee\DLP\Agent\fcagpph64.dll
0x00007ffabadd0000 - 0x00007ffabb514000 	C:\Windows\System32\SHELL32.dll
0x00007ffabbe10000 - 0x00007ffabbf3a000 	C:\Windows\System32\ole32.dll
0x00007ffaba5c0000 - 0x00007ffaba914000 	C:\Windows\System32\combase.dll
0x00007ffabbdb0000 - 0x00007ffabbe05000 	C:\Windows\System32\SHLWAPI.dll
0x00007ffabab80000 - 0x00007ffabac4d000 	C:\Windows\System32\OLEAUT32.dll
0x00007ffaa0000000 - 0x00007ffaa009d000 	C:\Windows\SYSTEM32\WINSPOOL.DRV
0x00007ffabad20000 - 0x00007ffabadcd000 	C:\Windows\System32\shcore.dll
0x00007ffab1480000 - 0x00007ffab148a000 	C:\Windows\SYSTEM32\VERSION.dll
0x00007ffab9750000 - 0x00007ffab9782000 	C:\Windows\SYSTEM32\SspiCli.dll
0x00007ffab8a30000 - 0x00007ffab8a63000 	C:\Windows\SYSTEM32\ntmarta.dll
0x00007ffa7d800000 - 0x00007ffa7d8b2000 	C:\Program Files\McAfee\Endpoint Security\Threat Prevention\Ips\EpMPApi.dll
0x00007ffaba1a0000 - 0x00007ffaba207000 	C:\Windows\System32\WINTRUST.dll
0x0000000002d50000 - 0x0000000002eae000 	C:\Windows\System32\CRYPT32.dll
0x00007ffab9470000 - 0x00007ffab9482000 	C:\Windows\SYSTEM32\MSASN1.dll
0x0000000050180000 - 0x000000005018c000 	C:\Program Files\McAfee\Endpoint Security\Threat Prevention\Ips\EpMPThe.dll
0x00007ffa7d7a0000 - 0x00007ffa7d7f8000 	C:\Program Files\McAfee\Endpoint Security\Threat Prevention\Ips\HIPHandlers64.dll
0x00007ffab7410000 - 0x00007ffab75f4000 	C:\Windows\SYSTEM32\dbghelp.dll
0x0000000077ba0000 - 0x0000000077c72000 	C:\Program Files\Java\jdk1.8.0_45\jre\bin\msvcr100.dll
0x0000000076fa0000 - 0x0000000077823000 	C:\Program Files\Java\jdk1.8.0_45\jre\bin\server\jvm.dll
0x0000000001180000 - 0x0000000001188000 	C:\Windows\System32\PSAPI.DLL
0x00007ffa9ffd0000 - 0x00007ffa9ffd9000 	C:\Windows\SYSTEM32\WSOCK32.dll
0x00007ffabac50000 - 0x00007ffabacbb000 	C:\Windows\System32\WS2_32.dll
0x0000000002f70000 - 0x0000000002f97000 	C:\Windows\SYSTEM32\WINMM.dll
0x0000000077b90000 - 0x0000000077b9f000 	C:\Program Files\Java\jdk1.8.0_45\jre\bin\verify.dll
0x0000000077b60000 - 0x0000000077b89000 	C:\Program Files\Java\jdk1.8.0_45\jre\bin\java.dll
0x0000000077b40000 - 0x0000000077b56000 	C:\Program Files\Java\jdk1.8.0_45\jre\bin\zip.dll
0x00007ffab7730000 - 0x00007ffab7ec3000 	C:\Windows\SYSTEM32\windows.storage.dll
0x00007ffab92e0000 - 0x00007ffab930e000 	C:\Windows\SYSTEM32\Wldp.dll
0x00007ffab97d0000 - 0x00007ffab97ef000 	C:\Windows\SYSTEM32\profapi.dll
0x0000000077af0000 - 0x0000000077afd000 	C:\Program Files\Java\jdk1.8.0_45\jre\bin\management.dll
0x0000000077b20000 - 0x0000000077b3a000 	C:\Program Files\Java\jdk1.8.0_45\jre\bin\net.dll
0x00007ffab9040000 - 0x00007ffab90aa000 	C:\Windows\system32\mswsock.dll
0x0000000077b00000 - 0x0000000077b11000 	C:\Program Files\Java\jdk1.8.0_45\jre\bin\nio.dll
0x00007ffa841e0000 - 0x00007ffa841f7000 	C:\Windows\system32\napinsp.dll
0x00007ffa841c0000 - 0x00007ffa841db000 	C:\Windows\system32\pnrpnsp.dll
0x00007ffa83e70000 - 0x00007ffa83e85000 	C:\Windows\system32\wshbth.dll
0x00007ffab6680000 - 0x00007ffab669d000 	C:\Windows\system32\NLAapi.dll
0x00007ffab8ce0000 - 0x00007ffab8d1c000 	C:\Windows\SYSTEM32\IPHLPAPI.DLL
0x00007ffab8d20000 - 0x00007ffab8dea000 	C:\Windows\SYSTEM32\DNSAPI.dll
0x00007ffaba9d0000 - 0x00007ffaba9d8000 	C:\Windows\System32\NSI.dll
0x00007ffa83e50000 - 0x00007ffa83e62000 	C:\Windows\System32\winrnr.dll
0x00007ffab1ff0000 - 0x00007ffab1ffa000 	C:\Windows\System32\rasadhlp.dll
0x00007ffab4140000 - 0x00007ffab41c2000 	C:\Windows\System32\fwpuclnt.dll
0x00007ffab99f0000 - 0x00007ffab9a17000 	C:\Windows\System32\bcrypt.dll
0x00007ffab9230000 - 0x00007ffab9248000 	C:\Windows\SYSTEM32\CRYPTSP.dll
0x00007ffab88f0000 - 0x00007ffab8924000 	C:\Windows\system32\rsaenh.dll
0x00007ffab9790000 - 0x00007ffab97be000 	C:\Windows\SYSTEM32\USERENV.dll
0x00007ffab9930000 - 0x00007ffab99b2000 	C:\Windows\System32\bcryptprimitives.dll
0x00007ffab9250000 - 0x00007ffab925c000 	C:\Windows\SYSTEM32\CRYPTBASE.dll
0x00007ffab3650000 - 0x00007ffab3667000 	C:\Windows\SYSTEM32\dhcpcsvc6.DLL
0x00007ffab3560000 - 0x00007ffab357d000 	C:\Windows\SYSTEM32\dhcpcsvc.DLL
0x0000000077ac0000 - 0x0000000077ae4000 	C:\Program Files\Java\jdk1.8.0_45\jre\bin\sunec.dll

VM Arguments:
java_command: C:\Users\NGUYEN~1\AppData\Local\Temp\surefire36756974360266730\surefirebooter2605067937488000451.jar C:\Users\nguyenvantuanc\AppData\Local\Temp\surefire36756974360266730 2023-07-30T22-31-39_138-jvmRun1 surefire2821881720485270601tmp surefire_06467991956417727628tmp
java_class_path (initial): C:\Users\NGUYEN~1\AppData\Local\Temp\surefire36756974360266730\surefirebooter2605067937488000451.jar
Launcher Type: SUN_STANDARD

Environment Variables:
JAVA_HOME=C:\Program Files\Java\jdk1.8.0_45
CLASSPATH=.;
PATH=C:\Program Files\Python37\Scripts\;C:\Program Files\Python37\;C:\ProgramData\Oracle\Java\javapath;C:\Windows\system32;C:\Windows;C:\Windows\System32\Wbem;C:\Windows\System32\WindowsPowerShell\v1.0\;C:\Windows\System32\OpenSSH\;C:\Program Files\Microsoft SQL Server\130\Tools\Binn\;C:\Users\nguyenvantuanc\AppData\Roaming\npm;C:\Users\nguyenvantuanc;C:\Users\nguyenvantuanc\node_modules\@angular\cli\bin;C:\Program Files\dotnet\;C:\Program Files\Microsoft SQL Server\Client SDK\ODBC\170\Tools\Binn\;C:\Program Files (x86)\Microsoft SQL Server\150\Tools\Binn\;C:\Program Files\Microsoft SQL Server\150\Tools\Binn\;C:\Program Files\Microsoft SQL Server\150\DTS\Binn\;C:\Program Files (x86)\Microsoft SQL Server\150\DTS\Binn\;C:\Program Files (x86)\Bitvise SSH Client;C:\ProgramData\chocolatey\bin;C:\Program Files\Java\jdk1.8.0_45\bin;C:\Users\nguyenvantuanc\AppData\Local\Android\Sdk;C:\Users\nguyenvantuanc\AppData\Local\Android\Sdk\platform-tools;C:\Users\nguyenvantuanc\AppData\Roaming\Python\Python37\site-packages;C:\Program Files\nodejs\;D:\BigData\zookeeper\bin;D:\maven\bin;C:\Program Files\Git\cmd;C:\Program Files\Microsoft SQL Server\120\Tools\Binn\;C:\Program Files (x86)\dotnet\;D:\Server\xampp74\php;C:\ProgramData\ComposerSetup\bin;C:\Users\nguyenvantuanc\AppData\Local\Microsoft\WindowsApps;C:\Users\nguyenvantuanc\AppData\Local\Programs\Microsoft VS Code\bin;C:\Users\nguyenvantuanc\node_modules\@angular\cli\bin;C:\Users\nguyenvantuanc\.dotnet\tools;C:\Program Files\Azure Data Studio\bin;C:\Users\nguyenvantuanc\AppData\Local\Programs\Git\cmd;C:\Users\nguyenvantuanc\AppData\Roaming\npm;C:\Users\nguyenvantuanc\AppData\Local\GitHubDesktop\bin
USERNAME=NguyenVanTuanC
OS=Windows_NT
PROCESSOR_IDENTIFIER=Intel64 Family 6 Model 140 Stepping 2, GenuineIntel



---------------  S Y S T E M  ---------------

OS: Windows 10.0 , 64 bit Build 19041 (10.0.19041.3031)

CPU:total 8 (4 cores per cpu, 2 threads per core) family 6 model 140 stepping 2, cmov, cx8, fxsr, mmx, sse, sse2, sse3, ssse3, sse4.1, sse4.2, popcnt, avx, avx2, aes, clmul, erms, 3dnowpref, lzcnt, ht, tsc, tscinvbit, bmi1, bmi2, adx

Memory: 4k page, physical 16509728k(2828608k free), swap 16509728k(6116k free)

vm_info: Java HotSpot(TM) 64-Bit Server VM (25.45-b02) for windows-amd64 JRE (1.8.0_45-b15), built on Apr 30 2015 12:40:44 by "java_re" with MS VC++ 10.0 (VS2010)

time: Sun Jul 30 22:31:49 2023
elapsed time: 9 seconds (0d 0h 0m 9s)

