#
# There is insufficient memory for the Java Runtime Environment to continue.
# Native memory allocation (malloc) failed to allocate 1048576 bytes for AllocateHeap
# Possible reasons:
#   The system is out of physical RAM or swap space
#   In 32 bit mode, the process size limit was hit
# Possible solutions:
#   Reduce memory load on the system
#   Increase physical memory or swap space
#   Check if swap backing store is full
#   Use 64 bit Java on a 64 bit OS
#   Decrease Java heap size (-Xmx/-Xms)
#   Decrease number of Java threads
#   Decrease Java thread stack sizes (-Xss)
#   Set larger code cache with -XX:ReservedCodeCacheSize=
# This output file may be truncated or incomplete.
#
#  Out of Memory Error (memory/allocation.inline.hpp:61), pid=17508, tid=20324
#
# JRE version:  (8.0_45-b15) (build )
# Java VM: Java HotSpot(TM) 64-Bit Server VM (25.45-b02 mixed mode windows-amd64 compressed oops)
# Failed to write core dump. Minidumps are not enabled by default on client versions of Windows
#

---------------  T H R E A D  ---------------

Current thread (0x000000000221e800):  JavaThread "Unknown thread" [_thread_in_vm, id=20324, stack(0x0000000002670000,0x0000000002770000)]

Stack: [0x0000000002670000,0x0000000002770000]
Native frames: (J=compiled Java code, j=interpreted, Vv=VM code, C=native code)
V  [jvm.dll+0x32b57a]
V  [jvm.dll+0x279873]
V  [jvm.dll+0x27a509]
V  [jvm.dll+0x271825]
V  [jvm.dll+0x1606]
V  [jvm.dll+0x3c08c2]
V  [jvm.dll+0x3eecb2]
V  [jvm.dll+0x3ef1bc]
V  [jvm.dll+0x3ea7a7]
V  [jvm.dll+0xf2cf2]
V  [jvm.dll+0x20f0c9]
V  [jvm.dll+0x240e0a]
V  [jvm.dll+0x15ba41]
C  [java.exe+0x216e]
C  [java.exe+0xcce7]
C  [java.exe+0xcd7b]
C  [KERNEL32.DLL+0x17614]
C  [ntdll.dll+0x526f1]


---------------  P R O C E S S  ---------------

Java Threads: ( => current thread )

Other Threads:

=>0x000000000221e800 (exited) JavaThread "Unknown thread" [_thread_in_vm, id=20324, stack(0x0000000002670000,0x0000000002770000)]

VM state:not at safepoint (normal execution)

VM Mutex/Monitor currently owned by a thread: None

Heap:
 PSYoungGen      total 75264K, used 1290K [0x000000076c000000, 0x0000000771400000, 0x00000007c0000000)
  eden space 64512K, 2% used [0x000000076c000000,0x000000076c142900,0x000000076ff00000)
  from space 10752K, 0% used [0x0000000770980000,0x0000000770980000,0x0000000771400000)
  to   space 10752K, 0% used [0x000000076ff00000,0x000000076ff00000,0x0000000770980000)
 ParOldGen       total 172032K, used 0K [0x00000006c4000000, 0x00000006ce800000, 0x000000076c000000)
  object space 172032K, 0% used [0x00000006c4000000,0x00000006c4000000,0x00000006ce800000)
 Metaspace       used 766K, capacity 4480K, committed 4480K, reserved 1056768K
  class space    used 75K, capacity 384K, committed 384K, reserved 1048576K

Card table byte_map: [0x0000000011c30000,0x0000000012420000] byte_map_base: 0x000000000e610000

Marking Bits: (ParMarkBitMap*) 0x0000000064bc4040
 Begin Bits: [0x0000000013160000, 0x0000000017060000)
 End Bits:   [0x0000000017060000, 0x000000001af60000)

Polling page: 0x00000000021e0000

CodeCache: size=245760Kb used=328Kb max_used=328Kb free=245431Kb
 bounds [0x0000000002870000, 0x0000000002ae0000, 0x0000000011870000]
 total_blobs=57 nmethods=0 adapters=37
 compilation: enabled

Compilation events (0 events):
No events

GC Heap History (0 events):
No events

Deoptimization events (0 events):
No events

Internal exceptions (0 events):
No events

Events (10 events):
Event: 0.021 loading class java/lang/Short
Event: 0.021 loading class java/lang/Short done
Event: 0.021 loading class java/lang/Integer
Event: 0.021 loading class java/lang/Integer done
Event: 0.021 loading class java/lang/Long
Event: 0.021 loading class java/lang/Long done
Event: 0.021 loading class java/lang/NullPointerException
Event: 0.021 loading class java/lang/NullPointerException done
Event: 0.021 loading class java/lang/ArithmeticException
Event: 0.022 loading class java/lang/ArithmeticException done


Dynamic libraries:
0x00007ff6c0040000 - 0x00007ff6c0077000 	C:\Program Files\Java\jdk1.8.0_45\jre\bin\java.exe
0x00007ff962c90000 - 0x00007ff962e88000 	C:\Windows\SYSTEM32\ntdll.dll
0x00007ff961900000 - 0x00007ff9619bf000 	C:\Windows\System32\KERNEL32.DLL
0x00007ff960960000 - 0x00007ff960c56000 	C:\Windows\System32\KERNELBASE.dll
0x00007ff9614a0000 - 0x00007ff96154f000 	C:\Windows\System32\ADVAPI32.dll
0x00007ff961bf0000 - 0x00007ff961c8e000 	C:\Windows\System32\msvcrt.dll
0x00007ff9619c0000 - 0x00007ff961a5c000 	C:\Windows\System32\sechost.dll
0x00007ff961ac0000 - 0x00007ff961be6000 	C:\Windows\System32\RPCRT4.dll
0x00007ff961600000 - 0x00007ff96179d000 	C:\Windows\System32\USER32.dll
0x00007ff9606b0000 - 0x00007ff9606d2000 	C:\Windows\System32\win32u.dll
0x00007ff962500000 - 0x00007ff96252c000 	C:\Windows\System32\GDI32.dll
0x00007ff960590000 - 0x00007ff9606a5000 	C:\Windows\System32\gdi32full.dll
0x00007ff960370000 - 0x00007ff96040d000 	C:\Windows\System32\msvcp_win.dll
0x00007ff960410000 - 0x00007ff960510000 	C:\Windows\System32\ucrtbase.dll
0x00007ff92afb0000 - 0x00007ff92b24a000 	C:\Windows\WinSxS\amd64_microsoft.windows.common-controls_6595b64144ccf1df_6.0.19041.1110_none_60b5254171f9507e\COMCTL32.dll
0x00007ff9617a0000 - 0x00007ff9617d0000 	C:\Windows\System32\IMM32.DLL
0x00007ff911690000 - 0x00007ff911d91000 	C:\Program Files\McAfee\DLP\Agent\fcagpph64.dll
0x00007ff960d50000 - 0x00007ff961494000 	C:\Windows\System32\SHELL32.dll
0x00007ff961de0000 - 0x00007ff961f0a000 	C:\Windows\System32\ole32.dll
0x00007ff962820000 - 0x00007ff962b74000 	C:\Windows\System32\combase.dll
0x00007ff960cf0000 - 0x00007ff960d45000 	C:\Windows\System32\SHLWAPI.dll
0x00007ff962b80000 - 0x00007ff962c4d000 	C:\Windows\System32\OLEAUT32.dll
0x00007ff944880000 - 0x00007ff94491d000 	C:\Windows\SYSTEM32\WINSPOOL.DRV
0x00007ff961550000 - 0x00007ff9615fd000 	C:\Windows\System32\shcore.dll
0x00007ff957d90000 - 0x00007ff957d9a000 	C:\Windows\SYSTEM32\VERSION.dll
0x00007ff960260000 - 0x00007ff960292000 	C:\Windows\SYSTEM32\SspiCli.dll
0x00007ff95f4f0000 - 0x00007ff95f523000 	C:\Windows\SYSTEM32\ntmarta.dll
0x00007ff9239d0000 - 0x00007ff923a82000 	C:\Program Files\McAfee\Endpoint Security\Threat Prevention\Ips\EpMPApi.dll
0x00007ff9608f0000 - 0x00007ff960957000 	C:\Windows\System32\WINTRUST.dll
0x00007ff9606e0000 - 0x00007ff96083e000 	C:\Windows\System32\CRYPT32.dll
0x00007ff95ff50000 - 0x00007ff95ff62000 	C:\Windows\SYSTEM32\MSASN1.dll
0x00000000653b0000 - 0x00000000653bc000 	C:\Program Files\McAfee\Endpoint Security\Threat Prevention\Ips\EpMPThe.dll
0x00007ff923970000 - 0x00007ff9239c8000 	C:\Program Files\McAfee\Endpoint Security\Threat Prevention\Ips\HIPHandlers64.dll
0x00007ff95def0000 - 0x00007ff95e0d4000 	C:\Windows\SYSTEM32\dbghelp.dll
0x0000000064c50000 - 0x0000000064d22000 	C:\Program Files\Java\jdk1.8.0_45\jre\bin\msvcr100.dll
0x00000000643c0000 - 0x0000000064c43000 	C:\Program Files\Java\jdk1.8.0_45\jre\bin\server\jvm.dll
0x00007ff9617d0000 - 0x00007ff9617d8000 	C:\Windows\System32\PSAPI.DLL
0x00007ff946630000 - 0x00007ff946639000 	C:\Windows\SYSTEM32\WSOCK32.dll
0x00007ff962430000 - 0x00007ff96249b000 	C:\Windows\System32\WS2_32.dll
0x00007ff943c00000 - 0x00007ff943c27000 	C:\Windows\SYSTEM32\WINMM.dll
0x00000000643b0000 - 0x00000000643bf000 	C:\Program Files\Java\jdk1.8.0_45\jre\bin\verify.dll
0x0000000064380000 - 0x00000000643a9000 	C:\Program Files\Java\jdk1.8.0_45\jre\bin\java.dll
0x0000000064360000 - 0x0000000064376000 	C:\Program Files\Java\jdk1.8.0_45\jre\bin\zip.dll
0x000000001cb20000 - 0x000000001cba2000 	C:\Windows\System32\bcryptPrimitives.dll

VM Arguments:
java_command: C:\Users\NGUYEN~1\AppData\Local\Temp\surefire7988900173687236035\surefirebooter8571034323713045889.jar C:\Users\nguyenvantuanc\AppData\Local\Temp\surefire7988900173687236035 2023-08-12T19-36-09_207-jvmRun1 surefire4246880495864809510tmp surefire_0647336504281123977tmp
java_class_path (initial): C:\Users\NGUYEN~1\AppData\Local\Temp\surefire7988900173687236035\surefirebooter8571034323713045889.jar
Launcher Type: SUN_STANDARD

Environment Variables:
JAVA_HOME=C:\Program Files\Java\jdk1.8.0_45
CLASSPATH=.;
PATH=C:\Program Files\Python37\Scripts\;C:\Program Files\Python37\;C:\ProgramData\Oracle\Java\javapath;C:\Windows\system32;C:\Windows;C:\Windows\System32\Wbem;C:\Windows\System32\WindowsPowerShell\v1.0\;C:\Windows\System32\OpenSSH\;C:\Program Files\Microsoft SQL Server\130\Tools\Binn\;C:\Users\nguyenvantuanc\AppData\Roaming\npm;C:\Users\nguyenvantuanc;C:\Users\nguyenvantuanc\node_modules\@angular\cli\bin;C:\Program Files\dotnet\;C:\Program Files\Microsoft SQL Server\Client SDK\ODBC\170\Tools\Binn\;C:\Program Files (x86)\Microsoft SQL Server\150\Tools\Binn\;C:\Program Files\Microsoft SQL Server\150\Tools\Binn\;C:\Program Files\Microsoft SQL Server\150\DTS\Binn\;C:\Program Files (x86)\Microsoft SQL Server\150\DTS\Binn\;C:\Program Files (x86)\Bitvise SSH Client;C:\ProgramData\chocolatey\bin;C:\Program Files\Java\jdk1.8.0_45\bin;C:\Users\nguyenvantuanc\AppData\Local\Android\Sdk;C:\Users\nguyenvantuanc\AppData\Local\Android\Sdk\platform-tools;C:\Users\nguyenvantuanc\AppData\Roaming\Python\Python37\site-packages;C:\Program Files\nodejs\;D:\BigData\zookeeper\bin;D:\maven\bin;C:\Program Files\Git\cmd;C:\Program Files\Microsoft SQL Server\120\Tools\Binn\;C:\Program Files (x86)\dotnet\;D:\Server\xampp74\php;C:\ProgramData\ComposerSetup\bin;C:\Users\nguyenvantuanc\AppData\Local\Microsoft\WindowsApps;C:\Users\nguyenvantuanc\AppData\Local\Programs\Microsoft VS Code\bin;C:\Users\nguyenvantuanc\node_modules\@angular\cli\bin;C:\Users\nguyenvantuanc\.dotnet\tools;C:\Program Files\Azure Data Studio\bin;C:\Users\nguyenvantuanc\AppData\Local\Programs\Git\cmd;C:\Users\nguyenvantuanc\AppData\Roaming\npm;C:\Users\nguyenvantuanc\AppData\Local\GitHubDesktop\bin
USERNAME=NguyenVanTuanC
OS=Windows_NT
PROCESSOR_IDENTIFIER=Intel64 Family 6 Model 140 Stepping 2, GenuineIntel



---------------  S Y S T E M  ---------------

OS: Windows 10.0 , 64 bit Build 19041 (10.0.19041.3031)

CPU:total 8 (4 cores per cpu, 2 threads per core) family 6 model 140 stepping 2, cmov, cx8, fxsr, mmx, sse, sse2, sse3, ssse3, sse4.1, sse4.2, popcnt, avx, avx2, aes, clmul, erms, 3dnowpref, lzcnt, ht, tsc, tscinvbit, bmi1, bmi2, adx

Memory: 4k page, physical 16509728k(3030748k free), swap 16509728k(5380k free)

vm_info: Java HotSpot(TM) 64-Bit Server VM (25.45-b02) for windows-amd64 JRE (1.8.0_45-b15), built on Apr 30 2015 12:40:44 by "java_re" with MS VC++ 10.0 (VS2010)

time: Sat Aug 12 19:36:09 2023
elapsed time: 0 seconds (0d 0h 0m 0s)

