#
# There is insufficient memory for the Java Runtime Environment to continue.
# Native memory allocation (malloc) failed to allocate 1634544 bytes for Chunk::new
# Possible reasons:
#   The system is out of physical RAM or swap space
#   In 32 bit mode, the process size limit was hit
# Possible solutions:
#   Reduce memory load on the system
#   Increase physical memory or swap space
#   Check if swap backing store is full
#   Use 64 bit Java on a 64 bit OS
#   Decrease Java heap size (-Xmx/-Xms)
#   Decrease number of Java threads
#   Decrease Java thread stack sizes (-Xss)
#   Set larger code cache with -XX:ReservedCodeCacheSize=
# This output file may be truncated or incomplete.
#
#  Out of Memory Error (allocation.cpp:390), pid=11816, tid=14328
#
# JRE version: Java(TM) SE Runtime Environment (8.0_45-b15) (build 1.8.0_45-b15)
# Java VM: Java HotSpot(TM) 64-Bit Server VM (25.45-b02 mixed mode windows-amd64 compressed oops)
# Failed to write core dump. Minidumps are not enabled by default on client versions of Windows
#

---------------  T H R E A D  ---------------

Current thread (0x000000001e7c2800):  JavaThread "C2 CompilerThread0" daemon [_thread_in_native, id=14328, stack(0x000000001ed90000,0x000000001ee90000)]

Stack: [0x000000001ed90000,0x000000001ee90000]
Native frames: (J=compiled Java code, j=interpreted, Vv=VM code, C=native code)
V  [jvm.dll+0x32b57a]
V  [jvm.dll+0x279873]
V  [jvm.dll+0x27a509]
V  [jvm.dll+0x271825]
V  [jvm.dll+0xcb9e2]
V  [jvm.dll+0xcbeac]
V  [jvm.dll+0x4929e7]
V  [jvm.dll+0x45f6ff]
V  [jvm.dll+0x46a73b]
V  [jvm.dll+0x46cd52]
V  [jvm.dll+0x4500f2]
V  [jvm.dll+0xa4352]
V  [jvm.dll+0xa4c8f]
V  [jvm.dll+0x241984]
V  [jvm.dll+0x29853a]
C  [msvcr100.dll+0x21d9f]
C  [msvcr100.dll+0x21e3b]
C  [KERNEL32.DLL+0x17614]
C  [ntdll.dll+0x526f1]


Current CompileTask:
C2:   7284 4853   !   4       org.springframework.util.ClassUtils::getMostSpecificMethod (72 bytes)


---------------  P R O C E S S  ---------------

Java Threads: ( => current thread )
  0x000000001ffc2000 
[error occurred during error reporting (printing all threads), id 0xc0000005]

VM state:at safepoint (normal execution)

VM Mutex/Monitor currently owned by a thread:  ([mutex/lock_event])
[0x0000000002c1dc80] Threads_lock - owner thread: 0x000000001c7a9000
[0x0000000002c1d980] Heap_lock - owner thread: 0x0000000002c1e800

Heap:
 PSYoungGen      total 299008K, used 13423K [0x000000076c000000, 0x0000000780a00000, 0x00000007c0000000)
  eden space 279552K, 0% used [0x000000076c000000,0x000000076c000000,0x000000077d100000)
  from space 19456K, 68% used [0x000000077e400000,0x000000077f11bc58,0x000000077f700000)
  to   space 19456K, 0% used [0x000000077d100000,0x000000077d100000,0x000000077e400000)
 ParOldGen       total 153600K, used 26105K [0x00000006c4000000, 0x00000006cd600000, 0x000000076c000000)
  object space 153600K, 16% used [0x00000006c4000000,0x00000006c597e7d0,0x00000006cd600000)
 Metaspace       used 55724K, capacity 59036K, committed 59136K, reserved 1099776K
  class space    used 7510K, capacity 8108K, committed 8192K, reserved 1048576K

Card table byte_map: [0x0000000012260000,0x0000000012a50000] byte_map_base: 0x000000000ec40000

Marking Bits: (ParMarkBitMap*) 0x00000000766a4040
 Begin Bits: [0x0000000013790000, 0x0000000017690000)
 End Bits:   [0x0000000017690000, 0x000000001b590000)

Polling page: 0x0000000002bf0000

CodeCache: size=245760Kb used=15388Kb max_used=16302Kb free=230371Kb
 bounds [0x0000000002ea0000, 0x0000000003ec0000, 0x0000000011ea0000]
 total_blobs=4902 nmethods=4386 adapters=428
 compilation: enabled

Compilation events (10 events):
Event: 7.196 Thread 0x000000001e7cd000 5115       2       org.springframework.beans.CachedIntrospectionResults::forClass (148 bytes)
Event: 7.197 Thread 0x000000001e7cd000 nmethod 5115 0x00000000030dd550 code [0x00000000030dd7e0, 0x00000000030de1c8]
Event: 7.197 Thread 0x000000001e7cd000 5116   !   2       com.sun.proxy.$Proxy51::annotationType (29 bytes)
Event: 7.198 Thread 0x000000001e7cd000 nmethod 5116 0x00000000030dcf90 code [0x00000000030dd120, 0x00000000030dd3d8]
Event: 7.205 Thread 0x000000001e7cd000 5117       2       org.springframework.web.context.support.ServletContextPropertySource::getProperty (6 bytes)
Event: 7.205 Thread 0x000000001e7cd000 nmethod 5117 0x00000000030dc8d0 code [0x00000000030dca60, 0x00000000030dcd58]
Event: 7.205 Thread 0x000000001e7cd000 5118       2       org.springframework.web.context.support.ServletContextPropertySource::getProperty (14 bytes)
Event: 7.206 Thread 0x000000001e7cd000 nmethod 5118 0x0000000003330d90 code [0x0000000003330f20, 0x00000000033311f8]
Event: 7.207 Thread 0x000000001e7cd000 5119       1       org.springframework.core.convert.TypeDescriptor::getResolvableType (5 bytes)
Event: 7.207 Thread 0x000000001e7cd000 nmethod 5119 0x0000000003330ad0 code [0x0000000003330c20, 0x0000000003330d30]

GC Heap History (10 events):
Event: 2.911 GC heap after
Heap after GC invocations=8 (full 1):
 PSYoungGen      total 161792K, used 7582K [0x000000076c000000, 0x000000077c000000, 0x00000007c0000000)
  eden space 148480K, 0% used [0x000000076c000000,0x000000076c000000,0x0000000775100000)
  from space 13312K, 56% used [0x0000000775100000,0x0000000775867bf0,0x0000000775e00000)
  to   space 12800K, 0% used [0x000000077b380000,0x000000077b380000,0x000000077c000000)
 ParOldGen       total 102400K, used 9504K [0x00000006c4000000, 0x00000006ca400000, 0x000000076c000000)
  object space 102400K, 9% used [0x00000006c4000000,0x00000006c4948188,0x00000006ca400000)
 Metaspace       used 33254K, capacity 35464K, committed 35496K, reserved 1079296K
  class space    used 4452K, capacity 4851K, committed 4864K, reserved 1048576K
}
Event: 2.911 GC heap before
{Heap before GC invocations=9 (full 2):
 PSYoungGen      total 161792K, used 7582K [0x000000076c000000, 0x000000077c000000, 0x00000007c0000000)
  eden space 148480K, 0% used [0x000000076c000000,0x000000076c000000,0x0000000775100000)
  from space 13312K, 56% used [0x0000000775100000,0x0000000775867bf0,0x0000000775e00000)
  to   space 12800K, 0% used [0x000000077b380000,0x000000077b380000,0x000000077c000000)
 ParOldGen       total 102400K, used 9504K [0x00000006c4000000, 0x00000006ca400000, 0x000000076c000000)
  object space 102400K, 9% used [0x00000006c4000000,0x00000006c4948188,0x00000006ca400000)
 Metaspace       used 33254K, capacity 35464K, committed 35496K, reserved 1079296K
  class space    used 4452K, capacity 4851K, committed 4864K, reserved 1048576K
Event: 2.949 GC heap after
Heap after GC invocations=9 (full 2):
 PSYoungGen      total 161792K, used 0K [0x000000076c000000, 0x000000077c000000, 0x00000007c0000000)
  eden space 148480K, 0% used [0x000000076c000000,0x000000076c000000,0x0000000775100000)
  from space 13312K, 0% used [0x0000000775100000,0x0000000775100000,0x0000000775e00000)
  to   space 12800K, 0% used [0x000000077b380000,0x000000077b380000,0x000000077c000000)
 ParOldGen       total 153600K, used 12392K [0x00000006c4000000, 0x00000006cd600000, 0x000000076c000000)
  object space 153600K, 8% used [0x00000006c4000000,0x00000006c4c1a118,0x00000006cd600000)
 Metaspace       used 33254K, capacity 35464K, committed 35496K, reserved 1079296K
  class space    used 4452K, capacity 4851K, committed 4864K, reserved 1048576K
}
Event: 5.607 GC heap before
{Heap before GC invocations=10 (full 2):
 PSYoungGen      total 161792K, used 148480K [0x000000076c000000, 0x000000077c000000, 0x00000007c0000000)
  eden space 148480K, 100% used [0x000000076c000000,0x0000000775100000,0x0000000775100000)
  from space 13312K, 0% used [0x0000000775100000,0x0000000775100000,0x0000000775e00000)
  to   space 12800K, 0% used [0x000000077b380000,0x000000077b380000,0x000000077c000000)
 ParOldGen       total 153600K, used 12392K [0x00000006c4000000, 0x00000006cd600000, 0x000000076c000000)
  object space 153600K, 8% used [0x00000006c4000000,0x00000006c4c1a118,0x00000006cd600000)
 Metaspace       used 47769K, capacity 50342K, committed 50560K, reserved 1093632K
  class space    used 6440K, capacity 6917K, committed 7040K, reserved 1048576K
Event: 5.619 GC heap after
Heap after GC invocations=10 (full 2):
 PSYoungGen      total 232960K, used 12780K [0x000000076c000000, 0x000000077c000000, 0x00000007c0000000)
  eden space 220160K, 0% used [0x000000076c000000,0x000000076c000000,0x0000000779700000)
  from space 12800K, 99% used [0x000000077b380000,0x000000077bffb248,0x000000077c000000)
  to   space 15872K, 0% used [0x000000077a100000,0x000000077a100000,0x000000077b080000)
 ParOldGen       total 153600K, used 16876K [0x00000006c4000000, 0x00000006cd600000, 0x000000076c000000)
  object space 153600K, 10% used [0x00000006c4000000,0x00000006c507b090,0x00000006cd600000)
 Metaspace       used 47769K, capacity 50342K, committed 50560K, reserved 1093632K
  class space    used 6440K, capacity 6917K, committed 7040K, reserved 1048576K
}
Event: 6.813 GC heap before
{Heap before GC invocations=11 (full 2):
 PSYoungGen      total 232960K, used 232940K [0x000000076c000000, 0x000000077c000000, 0x00000007c0000000)
  eden space 220160K, 100% used [0x000000076c000000,0x0000000779700000,0x0000000779700000)
  from space 12800K, 99% used [0x000000077b380000,0x000000077bffb248,0x000000077c000000)
  to   space 15872K, 0% used [0x000000077a100000,0x000000077a100000,0x000000077b080000)
 ParOldGen       total 153600K, used 16876K [0x00000006c4000000, 0x00000006cd600000, 0x000000076c000000)
  object space 153600K, 10% used [0x00000006c4000000,0x00000006c507b090,0x00000006cd600000)
 Metaspace       used 53578K, capacity 56476K, committed 56704K, reserved 1097728K
  class space    used 7177K, capacity 7712K, committed 7808K, reserved 1048576K
Event: 6.824 GC heap after
Heap after GC invocations=11 (full 2):
 PSYoungGen      total 246272K, used 15864K [0x000000076c000000, 0x000000077f700000, 0x00000007c0000000)
  eden space 230400K, 0% used [0x000000076c000000,0x000000076c000000,0x000000077a100000)
  from space 15872K, 99% used [0x000000077a100000,0x000000077b07e0b8,0x000000077b080000)
  to   space 19456K, 0% used [0x000000077e400000,0x000000077e400000,0x000000077f700000)
 ParOldGen       total 153600K, used 19932K [0x00000006c4000000, 0x00000006cd600000, 0x000000076c000000)
  object space 153600K, 12% used [0x00000006c4000000,0x00000006c5377380,0x00000006cd600000)
 Metaspace       used 53578K, capacity 56476K, committed 56704K, reserved 1097728K
  class space    used 7177K, capacity 7712K, committed 7808K, reserved 1048576K
}
Event: 7.209 GC heap before
{Heap before GC invocations=12 (full 2):
 PSYoungGen      total 246272K, used 121973K [0x000000076c000000, 0x000000077f700000, 0x00000007c0000000)
  eden space 230400K, 46% used [0x000000076c000000,0x000000077279f718,0x000000077a100000)
  from space 15872K, 99% used [0x000000077a100000,0x000000077b07e0b8,0x000000077b080000)
  to   space 19456K, 0% used [0x000000077e400000,0x000000077e400000,0x000000077f700000)
 ParOldGen       total 153600K, used 19932K [0x00000006c4000000, 0x00000006cd600000, 0x000000076c000000)
  object space 153600K, 12% used [0x00000006c4000000,0x00000006c5377380,0x00000006cd600000)
 Metaspace       used 55724K, capacity 59036K, committed 59136K, reserved 1099776K
  class space    used 7510K, capacity 8108K, committed 8192K, reserved 1048576K
Event: 7.221 GC heap after
Heap after GC invocations=12 (full 2):
 PSYoungGen      total 299008K, used 13423K [0x000000076c000000, 0x0000000780a00000, 0x00000007c0000000)
  eden space 279552K, 0% used [0x000000076c000000,0x000000076c000000,0x000000077d100000)
  from space 19456K, 68% used [0x000000077e400000,0x000000077f11bc58,0x000000077f700000)
  to   space 19456K, 0% used [0x000000077d100000,0x000000077d100000,0x000000077e400000)
 ParOldGen       total 153600K, used 26105K [0x00000006c4000000, 0x00000006cd600000, 0x000000076c000000)
  object space 153600K, 16% used [0x00000006c4000000,0x00000006c597e7d0,0x00000006cd600000)
 Metaspace       used 55724K, capacity 59036K, committed 59136K, reserved 1099776K
  class space    used 7510K, capacity 8108K, committed 8192K, reserved 1048576K
}
Event: 7.221 GC heap before
{Heap before GC invocations=13 (full 3):
 PSYoungGen      total 299008K, used 13423K [0x000000076c000000, 0x0000000780a00000, 0x00000007c0000000)
  eden space 279552K, 0% used [0x000000076c000000,0x000000076c000000,0x000000077d100000)
  from space 19456K, 68% used [0x000000077e400000,0x000000077f11bc58,0x000000077f700000)
  to   space 19456K, 0% used [0x000000077d100000,0x000000077d100000,0x000000077e400000)
 ParOldGen       total 153600K, used 26105K [0x00000006c4000000, 0x00000006cd600000, 0x000000076c000000)
  object space 153600K, 16% used [0x00000006c4000000,0x00000006c597e7d0,0x00000006cd600000)
 Metaspace       used 55724K, capacity 59036K, committed 59136K, reserved 1099776K
  class space    used 7510K, capacity 8108K, committed 8192K, reserved 1048576K

Deoptimization events (10 events):
Event: 6.542 Thread 0x0000000002c1e800 Uncommon trap: reason=unstable_if action=reinterpret pc=0x0000000003402d48 method=org.springframework.boot.context.properties.source.ConfigurationPropertyName.getElement(ILorg/springframework/boot/context/properties/source/ConfigurationPropertyName$Form;)L©FTMµ+@
Event: 6.543 Thread 0x0000000002c1e800 Uncommon trap: reason=bimorphic action=maybe_recompile pc=0x00000000037fcca8 method=java.util.Collections$SetFromMap.contains(Ljava/lang/Object;)Z @ 5
Event: 6.545 Thread 0x0000000002c1e800 Uncommon trap: reason=unstable_if action=reinterpret pc=0x00000000033d28f0 method=org.springframework.util.Assert.notNull(Ljava/lang/Object;Ljava/lang/String;)V @ 1
Event: 7.122 Thread 0x0000000002c1e800 Uncommon trap: reason=bimorphic action=maybe_recompile pc=0x00000000037fcca8 method=java.util.Collections$SetFromMap.contains(Ljava/lang/Object;)Z @ 5
Event: 7.178 Thread 0x0000000002c1e800 Uncommon trap: reason=bimorphic action=maybe_recompile pc=0x0000000003dcde1c method=org.springframework.core.SerializableTypeWrapper.unwrap(Ljava/lang/reflect/Type;)Ljava/lang/reflect/Type; @ 18
Event: 7.178 Thread 0x0000000002c1e800 Uncommon trap: reason=bimorphic action=maybe_recompile pc=0x0000000003dcde1c method=org.springframework.core.SerializableTypeWrapper.unwrap(Ljava/lang/reflect/Type;)Ljava/lang/reflect/Type; @ 18
Event: 7.178 Thread 0x0000000002c1e800 Uncommon trap: reason=unstable_if action=reinterpret pc=0x0000000003dfe9cc method=org.springframework.core.ResolvableType.resolveType()Lorg/springframework/core/ResolvableType; @ 37
Event: 7.178 Thread 0x0000000002c1e800 Uncommon trap: reason=class_check action=maybe_recompile pc=0x0000000003dce120 method=org.springframework.core.SerializableTypeWrapper.unwrap(Ljava/lang/reflect/Type;)Ljava/lang/reflect/Type; @ 10
Event: 7.198 Thread 0x0000000002c1e800 Uncommon trap: reason=null_check action=make_not_entrant pc=0x0000000003ea71c8 method=java.lang.Class.privateGetMethodRecursive(Ljava/lang/String;[Ljava/lang/Class;ZLjava/lang/Class$MethodArray;)Ljava/lang/reflect/Method; @ 35
Event: 7.198 Thread 0x0000000002c1e800 Uncommon trap: reason=null_check action=make_not_entrant pc=0x00000000038010f0 method=org.springframework.util.ClassUtils.isAssignable(Ljava/lang/Class;Ljava/lang/Class;)Z @ 14

Internal exceptions (10 events):
Event: 7.200 Thread 0x0000000002c1e800 Exception <a 'java/lang/ClassNotFoundException': org/springframework/data/spel/spi/EvaluationContextExtensionCustomizer> (0x000000077240f508) thrown at [C:\re\workspace\8-2-build-windows-amd64-cygwin\jdk8u45\3627\hotspot\src\share\vm\classfile\systemDictioü6ÄxÍ@
Event: 7.201 Thread 0x0000000002c1e800 Exception <a 'java/lang/ClassNotFoundException': org/springframework/data/spel/spi/ExtensionIdAwareCustomizer> (0x0000000772444740) thrown at [C:\re\workspace\8-2-build-windows-amd64-cygwin\jdk8u45\3627\hotspot\src\share\vm\classfile\systemDictionary.cpp, ¼®_°Î@
Event: 7.201 Thread 0x0000000002c1e800 Exception <a 'java/lang/ClassNotFoundException': java/lang/ObjectCustomizer> (0x000000077245af00) thrown at [C:\re\workspace\8-2-build-windows-amd64-cygwin\jdk8u45\3627\hotspot\src\share\vm\classfile\systemDictionary.cpp, line 210]
Event: 7.202 Thread 0x0000000002c1e800 Exception <a 'java/lang/ClassNotFoundException': org/springframework/boot/autoconfigure/gson/GsonAutoConfigurationCustomizer> (0x0000000772488460) thrown at [C:\re\workspace\8-2-build-windows-amd64-cygwin\jdk8u45\3627\hotspot\src\share\vm\classfile\systemD
Event: 7.203 Thread 0x0000000002c1e800 Exception <a 'java/lang/ClassNotFoundException': java/lang/ObjectCustomizer> (0x00000007724a9720) thrown at [C:\re\workspace\8-2-build-windows-amd64-cygwin\jdk8u45\3627\hotspot\src\share\vm\classfile\systemDictionary.cpp, line 210]
Event: 7.203 Thread 0x0000000002c1e800 Exception <a 'java/lang/ClassNotFoundException': org/springframework/boot/autoconfigure/gson/GsonPropertiesCustomizer> (0x00000007724d4068) thrown at [C:\re\workspace\8-2-build-windows-amd64-cygwin\jdk8u45\3627\hotspot\src\share\vm\classfile\systemDictionaâ—U3ÆÒ@
Event: 7.206 Thread 0x0000000002c1e800 Exception <a 'java/lang/ClassNotFoundException': java/lang/ObjectCustomizer> (0x00000007725c4b48) thrown at [C:\re\workspace\8-2-build-windows-amd64-cygwin\jdk8u45\3627\hotspot\src\share\vm\classfile\systemDictionary.cpp, line 210]
Event: 7.206 Thread 0x0000000002c1e800 Exception <a 'java/lang/ClassNotFoundException': org/springframework/boot/autoconfigure/gson/GsonAutoConfiguration$StandardGsonBuilderCustomizerCustomizer> (0x00000007725fdef8) thrown at [C:\re\workspace\8-2-build-windows-amd64-cygwin\jdk8u45\3627\hotspot\öXŸ“Ó@
Event: 7.207 Thread 0x0000000002c1e800 Exception <a 'java/lang/ClassNotFoundException': org/springframework/boot/autoconfigure/gson/GsonBuilderCustomizerCustomizer> (0x000000077262ca78) thrown at [C:\re\workspace\8-2-build-windows-amd64-cygwin\jdk8u45\3627\hotspot\src\share\vm\classfile\systemDî|šîÐÓ@
Event: 7.207 Thread 0x0000000002c1e800 Exception <a 'java/lang/ClassNotFoundException': org/springframework/core/OrderedCustomizer> (0x00000007726490c0) thrown at [C:\re\workspace\8-2-build-windows-amd64-cygwin\jdk8u45\3627\hotspot\src\share\vm\classfile\systemDictionary.cpp, line 210]

Events (10 events):
Event: 7.207 loading class org/springframework/core/OrderedCustomizer done
Event: 7.207 loading class org/springframework/core/OrderedCustomizer
Event: 7.207 loading class org/springframework/core/OrderedCustomizer done
Event: 7.208 loading class com/google/gson/internal/Excluder
Event: 7.208 loading class com/google/gson/internal/Excluder done
Event: 7.208 loading class com/google/gson/TypeAdapterFactory
Event: 7.208 loading class com/google/gson/TypeAdapterFactory done
Event: 7.208 loading class com/google/gson/TypeAdapter
Event: 7.208 loading class com/google/gson/TypeAdapter done
Event: 7.209 Executing VM operation: CollectForMetadataAllocation


Dynamic libraries:
0x00007ff669460000 - 0x00007ff669497000 	C:\Program Files\Java\jdk1.8.0_45\jre\bin\java.exe
0x00007ffb9bb10000 - 0x00007ffb9bd08000 	C:\Windows\SYSTEM32\ntdll.dll
0x00007ffb9b480000 - 0x00007ffb9b53f000 	C:\Windows\System32\KERNEL32.DLL
0x00007ffb995a0000 - 0x00007ffb99896000 	C:\Windows\System32\KERNELBASE.dll
0x00007ffb9a400000 - 0x00007ffb9a4af000 	C:\Windows\System32\ADVAPI32.dll
0x00007ffb9b3e0000 - 0x00007ffb9b47e000 	C:\Windows\System32\msvcrt.dll
0x00007ffb9b8b0000 - 0x00007ffb9b94c000 	C:\Windows\System32\sechost.dll
0x00007ffb9b540000 - 0x00007ffb9b666000 	C:\Windows\System32\RPCRT4.dll
0x00007ffb9a4b0000 - 0x00007ffb9a64d000 	C:\Windows\System32\USER32.dll
0x00007ffb998a0000 - 0x00007ffb998c2000 	C:\Windows\System32\win32u.dll
0x00007ffb99b70000 - 0x00007ffb99b9c000 	C:\Windows\System32\GDI32.dll
0x00007ffb99a50000 - 0x00007ffb99b65000 	C:\Windows\System32\gdi32full.dll
0x00007ffb99280000 - 0x00007ffb9931d000 	C:\Windows\System32\msvcp_win.dll
0x00007ffb99920000 - 0x00007ffb99a20000 	C:\Windows\System32\ucrtbase.dll
0x00007ffb63cb0000 - 0x00007ffb63f4a000 	C:\Windows\WinSxS\amd64_microsoft.windows.common-controls_6595b64144ccf1df_6.0.19041.1110_none_60b5254171f9507e\COMCTL32.dll
0x00007ffb9a3d0000 - 0x00007ffb9a400000 	C:\Windows\System32\IMM32.DLL
0x00007ffb47450000 - 0x00007ffb47b51000 	C:\Program Files\McAfee\DLP\Agent\fcagpph64.dll
0x00007ffb9ac70000 - 0x00007ffb9b3b4000 	C:\Windows\System32\SHELL32.dll
0x00007ffb99ba0000 - 0x00007ffb99cca000 	C:\Windows\System32\ole32.dll
0x00007ffb99d30000 - 0x00007ffb9a084000 	C:\Windows\System32\combase.dll
0x00007ffb9ba70000 - 0x00007ffb9bac5000 	C:\Windows\System32\SHLWAPI.dll
0x00007ffb9aba0000 - 0x00007ffb9ac6d000 	C:\Windows\System32\OLEAUT32.dll
0x00007ffb7bd80000 - 0x00007ffb7be1d000 	C:\Windows\SYSTEM32\WINSPOOL.DRV
0x00007ffb9a320000 - 0x00007ffb9a3cd000 	C:\Windows\System32\shcore.dll
0x00007ffb90c10000 - 0x00007ffb90c1a000 	C:\Windows\SYSTEM32\VERSION.dll
0x00007ffb990b0000 - 0x00007ffb990e2000 	C:\Windows\SYSTEM32\SspiCli.dll
0x00007ffb98370000 - 0x00007ffb983a3000 	C:\Windows\SYSTEM32\ntmarta.dll
0x00007ffb5d030000 - 0x00007ffb5d0e2000 	C:\Program Files\McAfee\Endpoint Security\Threat Prevention\Ips\EpMPApi.dll
0x00007ffb993d0000 - 0x00007ffb99437000 	C:\Windows\System32\WINTRUST.dll
0x00007ffb99440000 - 0x00007ffb9959e000 	C:\Windows\System32\CRYPT32.dll
0x00007ffb98dd0000 - 0x00007ffb98de2000 	C:\Windows\SYSTEM32\MSASN1.dll
0x00000000771b0000 - 0x00000000771bc000 	C:\Program Files\McAfee\Endpoint Security\Threat Prevention\Ips\EpMPThe.dll
0x00007ffb5cfd0000 - 0x00007ffb5d028000 	C:\Program Files\McAfee\Endpoint Security\Threat Prevention\Ips\HIPHandlers64.dll
0x00007ffb97530000 - 0x00007ffb97714000 	C:\Windows\SYSTEM32\dbghelp.dll
0x0000000076730000 - 0x0000000076802000 	C:\Program Files\Java\jdk1.8.0_45\jre\bin\msvcr100.dll
0x0000000075ea0000 - 0x0000000076723000 	C:\Program Files\Java\jdk1.8.0_45\jre\bin\server\jvm.dll
0x00000000025c0000 - 0x00000000025c8000 	C:\Windows\System32\PSAPI.DLL
0x00007ffb74ce0000 - 0x00007ffb74ce9000 	C:\Windows\SYSTEM32\WSOCK32.dll
0x0000000002c20000 - 0x0000000002c8b000 	C:\Windows\System32\WS2_32.dll
0x00007ffb7ba90000 - 0x00007ffb7bab7000 	C:\Windows\SYSTEM32\WINMM.dll
0x0000000075e90000 - 0x0000000075e9f000 	C:\Program Files\Java\jdk1.8.0_45\jre\bin\verify.dll
0x0000000075e60000 - 0x0000000075e89000 	C:\Program Files\Java\jdk1.8.0_45\jre\bin\java.dll
0x0000000075e40000 - 0x0000000075e56000 	C:\Program Files\Java\jdk1.8.0_45\jre\bin\zip.dll
0x00007ffb96cd0000 - 0x00007ffb97463000 	C:\Windows\SYSTEM32\windows.storage.dll
0x00007ffb98c40000 - 0x00007ffb98c6e000 	C:\Windows\SYSTEM32\Wldp.dll
0x00007ffb99130000 - 0x00007ffb9914f000 	C:\Windows\SYSTEM32\profapi.dll
0x0000000075df0000 - 0x0000000075dfd000 	C:\Program Files\Java\jdk1.8.0_45\jre\bin\management.dll
0x0000000075e20000 - 0x0000000075e3a000 	C:\Program Files\Java\jdk1.8.0_45\jre\bin\net.dll
0x00007ffb989a0000 - 0x00007ffb98a0a000 	C:\Windows\system32\mswsock.dll
0x0000000075e00000 - 0x0000000075e11000 	C:\Program Files\Java\jdk1.8.0_45\jre\bin\nio.dll
0x00007ffb64150000 - 0x00007ffb64167000 	C:\Windows\system32\napinsp.dll
0x00007ffb640e0000 - 0x00007ffb640fb000 	C:\Windows\system32\pnrpnsp.dll
0x00007ffb640c0000 - 0x00007ffb640d5000 	C:\Windows\system32\wshbth.dll
0x00007ffb961f0000 - 0x00007ffb9620d000 	C:\Windows\system32\NLAapi.dll
0x00007ffb98640000 - 0x00007ffb9867c000 	C:\Windows\SYSTEM32\IPHLPAPI.DLL
0x00007ffb98680000 - 0x00007ffb9874a000 	C:\Windows\SYSTEM32\DNSAPI.dll
0x00007ffb9b950000 - 0x00007ffb9b958000 	C:\Windows\System32\NSI.dll
0x00007ffb640a0000 - 0x00007ffb640b2000 	C:\Windows\System32\winrnr.dll
0x00007ffb90c00000 - 0x00007ffb90c0a000 	C:\Windows\System32\rasadhlp.dll
0x00007ffb93f20000 - 0x00007ffb93fa2000 	C:\Windows\System32\fwpuclnt.dll
0x00007ffb99a20000 - 0x00007ffb99a47000 	C:\Windows\System32\bcrypt.dll
0x00007ffb98ba0000 - 0x00007ffb98bb8000 	C:\Windows\SYSTEM32\CRYPTSP.dll
0x00007ffb98250000 - 0x00007ffb98284000 	C:\Windows\system32\rsaenh.dll
0x00007ffb990f0000 - 0x00007ffb9911e000 	C:\Windows\SYSTEM32\USERENV.dll
0x00007ffb991f0000 - 0x00007ffb99272000 	C:\Windows\System32\bcryptprimitives.dll
0x00007ffb98b90000 - 0x00007ffb98b9c000 	C:\Windows\SYSTEM32\CRYPTBASE.dll
0x00007ffb93c00000 - 0x00007ffb93c17000 	C:\Windows\SYSTEM32\dhcpcsvc6.DLL
0x00007ffb93b70000 - 0x00007ffb93b8d000 	C:\Windows\SYSTEM32\dhcpcsvc.DLL
0x0000000075dc0000 - 0x0000000075de4000 	C:\Program Files\Java\jdk1.8.0_45\jre\bin\sunec.dll

VM Arguments:
java_command: C:\Users\NGUYEN~1\AppData\Local\Temp\surefire5694061311983407396\surefirebooter3879580529458573178.jar C:\Users\nguyenvantuanc\AppData\Local\Temp\surefire5694061311983407396 2023-08-10T22-24-16_271-jvmRun1 surefire3434319196043841741tmp surefire_03355221749548960059tmp
java_class_path (initial): C:\Users\NGUYEN~1\AppData\Local\Temp\surefire5694061311983407396\surefirebooter3879580529458573178.jar
Launcher Type: SUN_STANDARD

Environment Variables:
JAVA_HOME=C:\Program Files\Java\jdk1.8.0_45
CLASSPATH=.;
PATH=C:\Program Files\Python37\Scripts\;C:\Program Files\Python37\;C:\ProgramData\Oracle\Java\javapath;C:\Windows\system32;C:\Windows;C:\Windows\System32\Wbem;C:\Windows\System32\WindowsPowerShell\v1.0\;C:\Windows\System32\OpenSSH\;C:\Program Files\Microsoft SQL Server\130\Tools\Binn\;C:\Users\nguyenvantuanc\AppData\Roaming\npm;C:\Users\nguyenvantuanc;C:\Users\nguyenvantuanc\node_modules\@angular\cli\bin;C:\Program Files\dotnet\;C:\Program Files\Microsoft SQL Server\Client SDK\ODBC\170\Tools\Binn\;C:\Program Files (x86)\Microsoft SQL Server\150\Tools\Binn\;C:\Program Files\Microsoft SQL Server\150\Tools\Binn\;C:\Program Files\Microsoft SQL Server\150\DTS\Binn\;C:\Program Files (x86)\Microsoft SQL Server\150\DTS\Binn\;C:\Program Files (x86)\Bitvise SSH Client;C:\ProgramData\chocolatey\bin;C:\Program Files\Java\jdk1.8.0_45\bin;C:\Users\nguyenvantuanc\AppData\Local\Android\Sdk;C:\Users\nguyenvantuanc\AppData\Local\Android\Sdk\platform-tools;C:\Users\nguyenvantuanc\AppData\Roaming\Python\Python37\site-packages;C:\Program Files\nodejs\;D:\BigData\zookeeper\bin;D:\maven\bin;C:\Program Files\Git\cmd;C:\Program Files\Microsoft SQL Server\120\Tools\Binn\;C:\Program Files (x86)\dotnet\;D:\Server\xampp74\php;C:\ProgramData\ComposerSetup\bin;C:\Users\nguyenvantuanc\AppData\Local\Microsoft\WindowsApps;C:\Users\nguyenvantuanc\AppData\Local\Programs\Microsoft VS Code\bin;C:\Users\nguyenvantuanc\node_modules\@angular\cli\bin;C:\Users\nguyenvantuanc\.dotnet\tools;C:\Program Files\Azure Data Studio\bin;C:\Users\nguyenvantuanc\AppData\Local\Programs\Git\cmd;C:\Users\nguyenvantuanc\AppData\Roaming\npm;C:\Users\nguyenvantuanc\AppData\Local\GitHubDesktop\bin
USERNAME=NguyenVanTuanC
OS=Windows_NT
PROCESSOR_IDENTIFIER=Intel64 Family 6 Model 140 Stepping 2, GenuineIntel



---------------  S Y S T E M  ---------------

OS: Windows 10.0 , 64 bit Build 19041 (10.0.19041.3031)

CPU:total 8 (4 cores per cpu, 2 threads per core) family 6 model 140 stepping 2, cmov, cx8, fxsr, mmx, sse, sse2, sse3, ssse3, sse4.1, sse4.2, popcnt, avx, avx2, aes, clmul, erms, 3dnowpref, lzcnt, ht, tsc, tscinvbit, bmi1, bmi2, adx

Memory: 4k page, physical 16509728k(1884116k free), swap 16509728k(4188k free)

vm_info: Java HotSpot(TM) 64-Bit Server VM (25.45-b02) for windows-amd64 JRE (1.8.0_45-b15), built on Apr 30 2015 12:40:44 by "java_re" with MS VC++ 10.0 (VS2010)

time: Thu Aug 10 22:24:23 2023
elapsed time: 7 seconds (0d 0h 0m 7s)

