#
# There is insufficient memory for the Java Runtime Environment to continue.
# Native memory allocation (malloc) failed to allocate 2026736 bytes for Chunk::new
# Possible reasons:
#   The system is out of physical RAM or swap space
#   In 32 bit mode, the process size limit was hit
# Possible solutions:
#   Reduce memory load on the system
#   Increase physical memory or swap space
#   Check if swap backing store is full
#   Use 64 bit Java on a 64 bit OS
#   Decrease Java heap size (-Xmx/-Xms)
#   Decrease number of Java threads
#   Decrease Java thread stack sizes (-Xss)
#   Set larger code cache with -XX:ReservedCodeCacheSize=
# This output file may be truncated or incomplete.
#
#  Out of Memory Error (allocation.cpp:390), pid=2460, tid=10976
#
# JRE version: Java(TM) SE Runtime Environment (8.0_45-b15) (build 1.8.0_45-b15)
# Java VM: Java HotSpot(TM) 64-Bit Server VM (25.45-b02 mixed mode windows-amd64 compressed oops)
# Failed to write core dump. Minidumps are not enabled by default on client versions of Windows
#

---------------  T H R E A D  ---------------

Current thread (0x000000001ebc6000):  JavaThread "C2 CompilerThread1" daemon [_thread_in_native, id=10976, stack(0x000000001f240000,0x000000001f340000)]

Stack: [0x000000001f240000,0x000000001f340000]
Native frames: (J=compiled Java code, j=interpreted, Vv=VM code, C=native code)
V  [jvm.dll+0x32b57a]
V  [jvm.dll+0x279873]
V  [jvm.dll+0x27a509]
V  [jvm.dll+0x271825]
V  [jvm.dll+0xcb9e2]
V  [jvm.dll+0xcbeac]
V  [jvm.dll+0x476ef2]
V  [jvm.dll+0x4b955f]
V  [jvm.dll+0x46bf81]
V  [jvm.dll+0x46ccbe]
V  [jvm.dll+0x4500f2]
V  [jvm.dll+0xa4352]
V  [jvm.dll+0xa4c8f]
V  [jvm.dll+0x241984]
V  [jvm.dll+0x29853a]
C  [msvcr100.dll+0x21d9f]
C  [msvcr100.dll+0x21e3b]
C  [KERNEL32.DLL+0x17614]
C  [ntdll.dll+0x526f1]


Current CompileTask:
C2:   2463 1960       4       java.net.URLClassLoader$1::run (5 bytes)


---------------  P R O C E S S  ---------------

Java Threads: ( => current thread )
  0x000000001ebea800 JavaThread "Service Thread" daemon [_thread_blocked, id=9448, stack(0x000000001f540000,0x000000001f640000)]
  0x000000001cb7d800 JavaThread "C1 CompilerThread3" daemon [_thread_blocked, id=15964, stack(0x000000001f440000,0x000000001f540000)]
  0x000000001cb7b800 JavaThread "C2 CompilerThread2" daemon [_thread_in_native, id=12024, stack(0x000000001f340000,0x000000001f440000)]
=>0x000000001ebc6000 JavaThread "C2 CompilerThread1" daemon [_thread_in_native, id=10976, stack(0x000000001f240000,0x000000001f340000)]
  0x000000001eb73000 JavaThread "C2 CompilerThread0" daemon [_thread_blocked, id=14496, stack(0x000000001f140000,0x000000001f240000)]
  0x000000001eb6f000 JavaThread "Attach Listener" daemon [_thread_blocked, id=15052, stack(0x000000001f040000,0x000000001f140000)]
  0x000000001eb6e000 JavaThread "Signal Dispatcher" daemon [_thread_blocked, id=19280, stack(0x000000001ef40000,0x000000001f040000)]
  0x00000000032a4000 JavaThread "Finalizer" daemon [_thread_blocked, id=14980, stack(0x000000001ea40000,0x000000001eb40000)]
  0x000000001cb6d800 JavaThread "Reference Handler" daemon [_thread_blocked, id=2608, stack(0x000000001e940000,0x000000001ea40000)]
  0x000000000301e800 JavaThread "main" [_thread_in_native, id=18004, stack(0x00000000030b0000,0x00000000031b0000)]

Other Threads:
  0x000000001cb69800 VMThread [stack: 0x000000001e840000,0x000000001e940000] [id=1464]
  0x000000001ebed000 WatcherThread [stack: 0x000000001f640000,0x000000001f740000] [id=14748]

VM state:not at safepoint (normal execution)

VM Mutex/Monitor currently owned by a thread: None

Heap:
 PSYoungGen      total 75264K, used 47467K [0x000000076c000000, 0x0000000771400000, 0x00000007c0000000)
  eden space 64512K, 57% used [0x000000076c000000,0x000000076e422b28,0x000000076ff00000)
  from space 10752K, 97% used [0x000000076ff00000,0x00000007709382a0,0x0000000770980000)
  to   space 10752K, 0% used [0x0000000770980000,0x0000000770980000,0x0000000771400000)
 ParOldGen       total 172032K, used 24K [0x00000006c4000000, 0x00000006ce800000, 0x000000076c000000)
  object space 172032K, 0% used [0x00000006c4000000,0x00000006c4006000,0x00000006ce800000)
 Metaspace       used 17399K, capacity 17904K, committed 18048K, reserved 1064960K
  class space    used 2210K, capacity 2344K, committed 2432K, reserved 1048576K

Card table byte_map: [0x0000000012670000,0x0000000012e60000] byte_map_base: 0x000000000f050000

Marking Bits: (ParMarkBitMap*) 0x0000000058904040
 Begin Bits: [0x0000000013ba0000, 0x0000000017aa0000)
 End Bits:   [0x0000000017aa0000, 0x000000001b9a0000)

Polling page: 0x0000000002fb0000

CodeCache: size=245760Kb used=7114Kb max_used=7126Kb free=238645Kb
 bounds [0x00000000032b0000, 0x00000000039b0000, 0x00000000122b0000]
 total_blobs=2561 nmethods=2182 adapters=291
 compilation: enabled

Compilation events (10 events):
Event: 2.397 Thread 0x000000001cb7d800 nmethod 2166 0x0000000003991b10 code [0x0000000003991c80, 0x0000000003991e68]
Event: 2.397 Thread 0x000000001cb7d800 2167       3       java.lang.Character::codePointAtImpl (41 bytes)
Event: 2.397 Thread 0x000000001eb73000 nmethod 2117 0x000000000399b550 code [0x000000000399b740, 0x000000000399d730]
Event: 2.397 Thread 0x000000001eb73000 2159       4       java.lang.Character::codePointAt (51 bytes)
Event: 2.397 Thread 0x000000001cb7d800 nmethod 2167 0x0000000003992c90 code [0x0000000003992e20, 0x0000000003993290]
Event: 2.399 Thread 0x000000001eb73000 nmethod 2159 0x0000000003998210 code [0x0000000003998360, 0x00000000039984f8]
Event: 2.399 Thread 0x000000001eb73000 2160       4       java.lang.Character::isHighSurrogate (18 bytes)
Event: 2.400 Thread 0x000000001eb73000 nmethod 2160 0x0000000003998010 code [0x0000000003998140, 0x0000000003998198]
Event: 2.400 Thread 0x000000001eb73000 2161       4       org.codehaus.plexus.util.xml.pull.MXParser::isValidCodePoint (64 bytes)
Event: 2.400 Thread 0x000000001eb73000 nmethod 2161 0x0000000003991850 code [0x0000000003991980, 0x0000000003991a18]

GC Heap History (2 events):
Event: 1.576 GC heap before
{Heap before GC invocations=1 (full 0):
 PSYoungGen      total 75264K, used 64512K [0x000000076c000000, 0x0000000771400000, 0x00000007c0000000)
  eden space 64512K, 100% used [0x000000076c000000,0x000000076ff00000,0x000000076ff00000)
  from space 10752K, 0% used [0x0000000770980000,0x0000000770980000,0x0000000771400000)
  to   space 10752K, 0% used [0x000000076ff00000,0x000000076ff00000,0x0000000770980000)
 ParOldGen       total 172032K, used 0K [0x00000006c4000000, 0x00000006ce800000, 0x000000076c000000)
  object space 172032K, 0% used [0x00000006c4000000,0x00000006c4000000,0x00000006ce800000)
 Metaspace       used 12531K, capacity 12866K, committed 13056K, reserved 1060864K
  class space    used 1565K, capacity 1699K, committed 1792K, reserved 1048576K
Event: 1.587 GC heap after
Heap after GC invocations=1 (full 0):
 PSYoungGen      total 75264K, used 10464K [0x000000076c000000, 0x0000000771400000, 0x00000007c0000000)
  eden space 64512K, 0% used [0x000000076c000000,0x000000076c000000,0x000000076ff00000)
  from space 10752K, 97% used [0x000000076ff00000,0x00000007709382a0,0x0000000770980000)
  to   space 10752K, 0% used [0x0000000770980000,0x0000000770980000,0x0000000771400000)
 ParOldGen       total 172032K, used 24K [0x00000006c4000000, 0x00000006ce800000, 0x000000076c000000)
  object space 172032K, 0% used [0x00000006c4000000,0x00000006c4006000,0x00000006ce800000)
 Metaspace       used 12531K, capacity 12866K, committed 13056K, reserved 1060864K
  class space    used 1565K, capacity 1699K, committed 1792K, reserved 1048576K
}

Deoptimization events (10 events):
Event: 2.355 Thread 0x000000000301e800 Uncommon trap: reason=unstable_if action=reinterpret pc=0x00000000039495bc method=org.eclipse.sisu.inject.InjectorBindings.isAssignableFrom(Lcom/google/inject/TypeLiteral;Lcom/google/inject/Binding;)Z @ 14
Event: 2.368 Thread 0x000000000301e800 Uncommon trap: reason=class_check action=maybe_recompile pc=0x0000000003663930 method=java.lang.Character.codePointAt(Ljava/lang/CharSequence;I)I @ 2
Event: 2.368 Thread 0x000000000301e800 Uncommon trap: reason=class_check action=maybe_recompile pc=0x0000000003663930 method=java.lang.Character.codePointAt(Ljava/lang/CharSequence;I)I @ 2
Event: 2.368 Thread 0x000000000301e800 Uncommon trap: reason=class_check action=maybe_recompile pc=0x0000000003663930 method=java.lang.Character.codePointAt(Ljava/lang/CharSequence;I)I @ 2
Event: 2.368 Thread 0x000000000301e800 Uncommon trap: reason=class_check action=maybe_recompile pc=0x0000000003663930 method=java.lang.Character.codePointAt(Ljava/lang/CharSequence;I)I @ 2
Event: 2.368 Thread 0x000000000301e800 Uncommon trap: reason=class_check action=maybe_recompile pc=0x000000000365eca0 method=java.lang.Character.codePointAt(Ljava/lang/CharSequence;I)I @ 2
Event: 2.368 Thread 0x000000000301e800 Uncommon trap: reason=unstable_if action=reinterpret pc=0x000000000365e618 method=java.util.regex.Pattern$BitClass.isSatisfiedBy(I)Z @ 13
Event: 2.374 Thread 0x000000000301e800 Uncommon trap: reason=unstable_if action=reinterpret pc=0x00000000035f5ee8 method=sun.nio.cs.StreamDecoder.implRead([CII)I @ 36
Event: 2.374 Thread 0x000000000301e800 Uncommon trap: reason=unloaded action=reinterpret pc=0x00000000035e2518 method=org.codehaus.plexus.util.xml.pull.MXParser.more()C @ 22
Event: 2.393 Thread 0x000000000301e800 Uncommon trap: reason=unstable_if action=reinterpret pc=0x000000000365e9b0 method=java.util.regex.Pattern$BitClass.isSatisfiedBy(I)Z @ 13

Internal exceptions (10 events):
Event: 0.893 Thread 0x000000000301e800 Exception <a 'java/lang/NoSuchMethodError': java.lang.Object.lambda$comparing$ea9a8b3a$1(Ljava/util/Comparator;Ljava/util/function/Function;Ljava/lang/Object;Ljava/lang/Object;)I> (0x000000076d4b04e8) thrown at [C:\re\workspace\8-2-build-windows-amd64-cygwoŠ"ÿ'šì?
Event: 0.894 Thread 0x000000000301e800 Exception <a 'java/lang/NoSuchMethodError': java.lang.Object.lambda$thenComparing$36697e65$1(Ljava/util/Comparator;Ljava/lang/Object;Ljava/lang/Object;)I> (0x000000076d4b80a8) thrown at [C:\re\workspace\8-2-build-windows-amd64-cygwin\jdk8u45\3627\hotspot\s€¥N›ÌÓî?
Event: 0.963 Thread 0x000000000301e800 Exception <a 'java/lang/ArrayIndexOutOfBoundsException'> (0x000000076d7c26d8) thrown at [C:\re\workspace\8-2-build-windows-amd64-cygwin\jdk8u45\3627\hotspot\src\share\vm\runtime\sharedRuntime.cpp, line 605]
Event: 0.974 Thread 0x000000000301e800 Exception <a 'java/lang/ArrayIndexOutOfBoundsException'> (0x000000076d823330) thrown at [C:\re\workspace\8-2-build-windows-amd64-cygwin\jdk8u45\3627\hotspot\src\share\vm\runtime\sharedRuntime.cpp, line 605]
Event: 0.977 Thread 0x000000000301e800 Exception <a 'java/lang/NoClassDefFoundError': javax/enterprise/inject/Typed> (0x000000076d850680) thrown at [C:\re\workspace\8-2-build-windows-amd64-cygwin\jdk8u45\3627\hotspot\src\share\vm\classfile\systemDictionary.cpp, line 199]
Event: 1.106 Thread 0x000000000301e800 Exception <a 'java/lang/ArrayIndexOutOfBoundsException'> (0x000000076e0aec40) thrown at [C:\re\workspace\8-2-build-windows-amd64-cygwin\jdk8u45\3627\hotspot\src\share\vm\runtime\sharedRuntime.cpp, line 605]
Event: 1.107 Thread 0x000000000301e800 Exception <a 'java/lang/ArrayIndexOutOfBoundsException'> (0x000000076e0b0720) thrown at [C:\re\workspace\8-2-build-windows-amd64-cygwin\jdk8u45\3627\hotspot\src\share\vm\runtime\sharedRuntime.cpp, line 605]
Event: 1.927 Thread 0x000000000301e800 Implicit null exception at 0x000000000365ab8c to 0x000000000365ad39
Event: 2.191 Thread 0x000000000301e800 Exception <a 'java/lang/NoClassDefFoundError': com/google/inject/servlet/ServletModuleTargetVisitor> (0x000000076dbe5ea0) thrown at [C:\re\workspace\8-2-build-windows-amd64-cygwin\jdk8u45\3627\hotspot\src\share\vm\classfile\systemDictionary.cpp, line 199]
Event: 2.191 Thread 0x000000000301e800 Exception <a 'java/lang/NoClassDefFoundError'> (0x000000076dbe5ea0) thrown at [C:\re\workspace\8-2-build-windows-amd64-cygwin\jdk8u45\3627\hotspot\src\share\vm\prims\jvm.cpp, line 1386]

Events (10 events):
Event: 2.420 loading class org/eclipse/aether/util/graph/transformer/ConflictResolver
Event: 2.420 loading class org/eclipse/aether/util/graph/transformer/ConflictResolver done
Event: 2.422 loading class org/eclipse/aether/collection/UnsolvableVersionConflictException
Event: 2.422 loading class org/eclipse/aether/collection/UnsolvableVersionConflictException done
Event: 2.423 loading class org/eclipse/aether/util/graph/transformer/ChainedDependencyGraphTransformer
Event: 2.423 loading class org/eclipse/aether/util/graph/transformer/ChainedDependencyGraphTransformer done
Event: 2.423 loading class org/eclipse/aether/util/graph/transformer/JavaDependencyContextRefiner
Event: 2.423 loading class org/eclipse/aether/util/graph/transformer/JavaDependencyContextRefiner done
Event: 2.424 loading class org/eclipse/aether/util/artifact/DefaultArtifactTypeRegistry
Event: 2.424 loading class org/eclipse/aether/util/artifact/DefaultArtifactTypeRegistry done


Dynamic libraries:
0x00007ff7bd1d0000 - 0x00007ff7bd207000 	C:\Program Files\Java\jdk1.8.0_45\bin\java.exe
0x00007ff8dce90000 - 0x00007ff8dd088000 	C:\Windows\SYSTEM32\ntdll.dll
0x00007ff8db620000 - 0x00007ff8db6df000 	C:\Windows\System32\KERNEL32.DLL
0x00007ff8da950000 - 0x00007ff8dac46000 	C:\Windows\System32\KERNELBASE.dll
0x00007ff8dc670000 - 0x00007ff8dc71f000 	C:\Windows\System32\ADVAPI32.dll
0x00007ff8db2b0000 - 0x00007ff8db34e000 	C:\Windows\System32\msvcrt.dll
0x00007ff8db740000 - 0x00007ff8db7dc000 	C:\Windows\System32\sechost.dll
0x00007ff8db4f0000 - 0x00007ff8db616000 	C:\Windows\System32\RPCRT4.dll
0x00007ff8dc4c0000 - 0x00007ff8dc65d000 	C:\Windows\System32\USER32.dll
0x00007ff8da920000 - 0x00007ff8da942000 	C:\Windows\System32\win32u.dll
0x00007ff8db7e0000 - 0x00007ff8db80c000 	C:\Windows\System32\GDI32.dll
0x00007ff8dadd0000 - 0x00007ff8daee5000 	C:\Windows\System32\gdi32full.dll
0x00007ff8da7d0000 - 0x00007ff8da86d000 	C:\Windows\System32\msvcp_win.dll
0x00007ff8da6d0000 - 0x00007ff8da7d0000 	C:\Windows\System32\ucrtbase.dll
0x00007ff8a4cc0000 - 0x00007ff8a4f5a000 	C:\Windows\WinSxS\amd64_microsoft.windows.common-controls_6595b64144ccf1df_6.0.19041.1110_none_60b5254171f9507e\COMCTL32.dll
0x00007ff8dc120000 - 0x00007ff8dc150000 	C:\Windows\System32\IMM32.DLL
0x00007ff8885b0000 - 0x00007ff888cb1000 	C:\Program Files\McAfee\DLP\Agent\fcagpph64.dll
0x00007ff8db8c0000 - 0x00007ff8dc004000 	C:\Windows\System32\SHELL32.dll
0x00007ff8db360000 - 0x00007ff8db48a000 	C:\Windows\System32\ole32.dll
0x00007ff8daf50000 - 0x00007ff8db2a4000 	C:\Windows\System32\combase.dll
0x00007ff8dc0c0000 - 0x00007ff8dc115000 	C:\Windows\System32\SHLWAPI.dll
0x00007ff8dc240000 - 0x00007ff8dc30d000 	C:\Windows\System32\OLEAUT32.dll
0x00007ff8bd600000 - 0x00007ff8bd69d000 	C:\Windows\SYSTEM32\WINSPOOL.DRV
0x00007ff8dc010000 - 0x00007ff8dc0bd000 	C:\Windows\System32\shcore.dll
0x00007ff8d2ed0000 - 0x00007ff8d2eda000 	C:\Windows\SYSTEM32\VERSION.dll
0x00007ff8da430000 - 0x00007ff8da462000 	C:\Windows\SYSTEM32\SspiCli.dll
0x00007ff8d9710000 - 0x00007ff8d9743000 	C:\Windows\SYSTEM32\ntmarta.dll
0x00007ff89dbf0000 - 0x00007ff89dca2000 	C:\Program Files\McAfee\Endpoint Security\Threat Prevention\Ips\EpMPApi.dll
0x00000000029a0000 - 0x0000000002a07000 	C:\Windows\System32\WINTRUST.dll
0x00007ff8da570000 - 0x00007ff8da6ce000 	C:\Windows\System32\CRYPT32.dll
0x00007ff8da150000 - 0x00007ff8da162000 	C:\Windows\SYSTEM32\MSASN1.dll
0x0000000059150000 - 0x000000005915c000 	C:\Program Files\McAfee\Endpoint Security\Threat Prevention\Ips\EpMPThe.dll
0x00007ff89db90000 - 0x00007ff89dbe8000 	C:\Program Files\McAfee\Endpoint Security\Threat Prevention\Ips\HIPHandlers64.dll
0x00007ff8d88b0000 - 0x00007ff8d8a94000 	C:\Windows\SYSTEM32\dbghelp.dll
0x0000000058ba0000 - 0x0000000058c72000 	C:\Program Files\Java\jdk1.8.0_45\jre\bin\msvcr100.dll
0x0000000058100000 - 0x0000000058983000 	C:\Program Files\Java\jdk1.8.0_45\jre\bin\server\jvm.dll
0x00007ff8dc660000 - 0x00007ff8dc668000 	C:\Windows\System32\PSAPI.DLL
0x00007ff8c2fd0000 - 0x00007ff8c2fd9000 	C:\Windows\SYSTEM32\WSOCK32.dll
0x0000000002f40000 - 0x0000000002fab000 	C:\Windows\System32\WS2_32.dll
0x00007ff8bd4e0000 - 0x00007ff8bd507000 	C:\Windows\SYSTEM32\WINMM.dll
0x0000000058b90000 - 0x0000000058b9f000 	C:\Program Files\Java\jdk1.8.0_45\jre\bin\verify.dll
0x0000000058b60000 - 0x0000000058b89000 	C:\Program Files\Java\jdk1.8.0_45\jre\bin\java.dll
0x0000000058b40000 - 0x0000000058b56000 	C:\Program Files\Java\jdk1.8.0_45\jre\bin\zip.dll
0x00007ff8d8110000 - 0x00007ff8d88a3000 	C:\Windows\SYSTEM32\windows.storage.dll
0x00007ff8d9fc0000 - 0x00007ff8d9fee000 	C:\Windows\SYSTEM32\Wldp.dll
0x00007ff8da4b0000 - 0x00007ff8da4cf000 	C:\Windows\SYSTEM32\profapi.dll
0x0000000058b20000 - 0x0000000058b3a000 	C:\Program Files\Java\jdk1.8.0_45\jre\bin\net.dll
0x00007ff8d9d20000 - 0x00007ff8d9d8a000 	C:\Windows\system32\mswsock.dll
0x0000000058b00000 - 0x0000000058b11000 	C:\Program Files\Java\jdk1.8.0_45\jre\bin\nio.dll
0x0000000069ac0000 - 0x0000000069ae4000 	D:\maven\lib\jansi-native\Windows\x86_64\jansi.dll
0x00007ff8dacf0000 - 0x00007ff8dad72000 	C:\Windows\System32\bcryptPrimitives.dll

VM Arguments:
jvm_args: -Dclassworlds.conf=D:\maven\bin\m2.conf -Dmaven.home=D:\maven -Dlibrary.jansi.path=D:\maven\lib\jansi-native -Dmaven.multiModuleProjectDirectory=D:\Project\EVN\project1\khcn-backend-service 
java_command: org.codehaus.plexus.classworlds.launcher.Launcher install
java_class_path (initial): D:\maven\boot\plexus-classworlds-2.7.0.jar
Launcher Type: SUN_STANDARD

Environment Variables:
JAVA_HOME=C:\Program Files\Java\jdk1.8.0_45
CLASSPATH=.;
PATH=C:\Program Files\Python37\Scripts\;C:\Program Files\Python37\;C:\ProgramData\Oracle\Java\javapath;C:\Windows\system32;C:\Windows;C:\Windows\System32\Wbem;C:\Windows\System32\WindowsPowerShell\v1.0\;C:\Windows\System32\OpenSSH\;C:\Program Files\Microsoft SQL Server\130\Tools\Binn\;C:\Users\nguyenvantuanc\AppData\Roaming\npm;C:\Users\nguyenvantuanc;C:\Users\nguyenvantuanc\node_modules\@angular\cli\bin;C:\Program Files\dotnet\;C:\Program Files\Microsoft SQL Server\Client SDK\ODBC\170\Tools\Binn\;C:\Program Files (x86)\Microsoft SQL Server\150\Tools\Binn\;C:\Program Files\Microsoft SQL Server\150\Tools\Binn\;C:\Program Files\Microsoft SQL Server\150\DTS\Binn\;C:\Program Files (x86)\Microsoft SQL Server\150\DTS\Binn\;C:\Program Files (x86)\Bitvise SSH Client;C:\ProgramData\chocolatey\bin;C:\Program Files\Java\jdk1.8.0_45\bin;C:\Users\nguyenvantuanc\AppData\Local\Android\Sdk;C:\Users\nguyenvantuanc\AppData\Local\Android\Sdk\platform-tools;C:\Users\nguyenvantuanc\AppData\Roaming\Python\Python37\site-packages;C:\Program Files\nodejs\;D:\BigData\zookeeper\bin;D:\maven\bin;C:\Program Files\Git\cmd;C:\Program Files\Microsoft SQL Server\120\Tools\Binn\;C:\Program Files (x86)\dotnet\;D:\Server\xampp74\php;C:\ProgramData\ComposerSetup\bin;C:\Users\nguyenvantuanc\AppData\Local\Microsoft\WindowsApps;C:\Users\nguyenvantuanc\AppData\Local\Programs\Microsoft VS Code\bin;C:\Users\nguyenvantuanc\node_modules\@angular\cli\bin;C:\Users\nguyenvantuanc\.dotnet\tools;C:\Program Files\Azure Data Studio\bin;C:\Users\nguyenvantuanc\AppData\Local\Programs\Git\cmd;C:\Users\nguyenvantuanc\AppData\Roaming\npm;C:\Users\nguyenvantuanc\AppData\Local\GitHubDesktop\bin
USERNAME=NguyenVanTuanC
OS=Windows_NT
PROCESSOR_IDENTIFIER=Intel64 Family 6 Model 140 Stepping 2, GenuineIntel



---------------  S Y S T E M  ---------------

OS: Windows 10.0 , 64 bit Build 19041 (10.0.19041.3031)

CPU:total 8 (4 cores per cpu, 2 threads per core) family 6 model 140 stepping 2, cmov, cx8, fxsr, mmx, sse, sse2, sse3, ssse3, sse4.1, sse4.2, popcnt, avx, avx2, aes, clmul, erms, 3dnowpref, lzcnt, ht, tsc, tscinvbit, bmi1, bmi2, adx

Memory: 4k page, physical 16509728k(2059728k free), swap 16509728k(7612k free)

vm_info: Java HotSpot(TM) 64-Bit Server VM (25.45-b02) for windows-amd64 JRE (1.8.0_45-b15), built on Apr 30 2015 12:40:44 by "java_re" with MS VC++ 10.0 (VS2010)

time: Sat Aug 19 21:07:14 2023
elapsed time: 2 seconds (0d 0h 0m 2s)

