#
# There is insufficient memory for the Java Runtime Environment to continue.
# Native memory allocation (malloc) failed to allocate 918736 bytes for Chunk::new
# Possible reasons:
#   The system is out of physical RAM or swap space
#   In 32 bit mode, the process size limit was hit
# Possible solutions:
#   Reduce memory load on the system
#   Increase physical memory or swap space
#   Check if swap backing store is full
#   Use 64 bit Java on a 64 bit OS
#   Decrease Java heap size (-Xmx/-Xms)
#   Decrease number of Java threads
#   Decrease Java thread stack sizes (-Xss)
#   Set larger code cache with -XX:ReservedCodeCacheSize=
# This output file may be truncated or incomplete.
#
#  Out of Memory Error (allocation.cpp:390), pid=20404, tid=412
#
# JRE version: Java(TM) SE Runtime Environment (8.0_45-b15) (build 1.8.0_45-b15)
# Java VM: Java HotSpot(TM) 64-Bit Server VM (25.45-b02 mixed mode windows-amd64 compressed oops)
# Failed to write core dump. Minidumps are not enabled by default on client versions of Windows
#

---------------  T H R E A D  ---------------

Current thread (0x000000001effa000):  JavaThread "C2 CompilerThread2" daemon [_thread_in_native, id=412, stack(0x000000001f7c0000,0x000000001f8c0000)]

Stack: [0x000000001f7c0000,0x000000001f8c0000]
Native frames: (J=compiled Java code, j=interpreted, Vv=VM code, C=native code)
V  [jvm.dll+0x32b57a]
V  [jvm.dll+0x279873]
V  [jvm.dll+0x27a509]
V  [jvm.dll+0x271825]
V  [jvm.dll+0xcb9e2]
V  [jvm.dll+0xcbeac]
V  [jvm.dll+0x49298c]
V  [jvm.dll+0x45f5b9]
V  [jvm.dll+0x46a73b]
V  [jvm.dll+0x46cd52]
V  [jvm.dll+0x4500f2]
V  [jvm.dll+0xa4352]
V  [jvm.dll+0xa4c8f]
V  [jvm.dll+0x241984]
V  [jvm.dll+0x29853a]
C  [msvcr100.dll+0x21d9f]
C  [msvcr100.dll+0x21e3b]
C  [KERNEL32.DLL+0x17614]
C  [ntdll.dll+0x526f1]


Current CompileTask:
C2:  15527 5068   !   4       org.springframework.util.ReflectionUtils::getDeclaredMethods (209 bytes)


---------------  P R O C E S S  ---------------

Java Threads: ( => current thread )
  0x0000000021325800 JavaThread "HikariPool-1 housekeeper" daemon [_thread_blocked, id=22080, stack(0x00000000261a0000,0x00000000262a0000)]
  0x000000001f119800 JavaThread "mssql-jdbc-shared-timer-core-0" daemon [_thread_blocked, id=16060, stack(0x0000000022ca0000,0x0000000022da0000)]
  0x00000000200fd000 JavaThread "surefire-forkedjvm-ping-30s" daemon [_thread_in_native, id=21124, stack(0x00000000204c0000,0x00000000205c0000)]
  0x000000001f159800 JavaThread "surefire-forkedjvm-command-thread" daemon [_thread_in_native, id=21132, stack(0x000000001fbc0000,0x000000001fcc0000)]
  0x000000001f096800 JavaThread "Service Thread" daemon [_thread_blocked, id=19680, stack(0x000000001f9c0000,0x000000001fac0000)]
  0x000000001cfeb000 JavaThread "C1 CompilerThread3" daemon [_thread_blocked, id=16164, stack(0x000000001f8c0000,0x000000001f9c0000)]
=>0x000000001effa000 JavaThread "C2 CompilerThread2" daemon [_thread_in_native, id=412, stack(0x000000001f7c0000,0x000000001f8c0000)]
  0x000000001eff9000 JavaThread "C2 CompilerThread1" daemon [_thread_in_native, id=8860, stack(0x000000001f6c0000,0x000000001f7c0000)]
  0x000000001eff7000 JavaThread "C2 CompilerThread0" daemon [_thread_in_native, id=22456, stack(0x000000001f5c0000,0x000000001f6c0000)]
  0x000000001eff0800 JavaThread "Attach Listener" daemon [_thread_blocked, id=936, stack(0x000000001f4c0000,0x000000001f5c0000)]
  0x000000001efef800 JavaThread "Signal Dispatcher" daemon [_thread_blocked, id=3044, stack(0x000000001f3c0000,0x000000001f4c0000)]
  0x000000000371a800 JavaThread "Finalizer" daemon [_thread_blocked, id=10676, stack(0x000000001eec0000,0x000000001efc0000)]
  0x0000000003714000 JavaThread "Reference Handler" daemon [_thread_blocked, id=10028, stack(0x000000001edc0000,0x000000001eec0000)]
  0x000000000351e800 JavaThread "main" [_thread_in_vm, id=17764, stack(0x0000000003520000,0x0000000003620000)]

Other Threads:
  0x000000001cfd9000 VMThread [stack: 0x000000001ecc0000,0x000000001edc0000] [id=18436]
  0x000000001f09f800 WatcherThread [stack: 0x000000001fac0000,0x000000001fbc0000] [id=9120]

VM state:not at safepoint (normal execution)

VM Mutex/Monitor currently owned by a thread: None

Heap:
 PSYoungGen      total 251392K, used 47828K [0x000000076c000000, 0x0000000781700000, 0x00000007c0000000)
  eden space 239104K, 20% used [0x000000076c000000,0x000000076eeb52f8,0x000000077a980000)
  from space 12288K, 0% used [0x000000077bf00000,0x000000077bf00000,0x000000077cb00000)
  to   space 22016K, 0% used [0x000000077a980000,0x000000077a980000,0x000000077bf00000)
 ParOldGen       total 144384K, used 30328K [0x00000006c4000000, 0x00000006ccd00000, 0x000000076c000000)
  object space 144384K, 21% used [0x00000006c4000000,0x00000006c5d9e260,0x00000006ccd00000)
 Metaspace       used 56591K, capacity 60068K, committed 60288K, reserved 1101824K
  class space    used 7695K, capacity 8290K, committed 8320K, reserved 1048576K

Card table byte_map: [0x0000000012ae0000,0x00000000132d0000] byte_map_base: 0x000000000f4c0000

Marking Bits: (ParMarkBitMap*) 0x0000000061044040
 Begin Bits: [0x0000000014010000, 0x0000000017f10000)
 End Bits:   [0x0000000017f10000, 0x000000001be10000)

Polling page: 0x00000000013a0000

CodeCache: size=245760Kb used=17446Kb max_used=17446Kb free=228313Kb
 bounds [0x0000000003720000, 0x0000000004870000, 0x0000000012720000]
 total_blobs=5003 nmethods=4480 adapters=435
 compilation: enabled

Compilation events (10 events):
Event: 15.394 Thread 0x000000001cfeb000 5222       2       org.springframework.aop.support.AopUtils::isAopProxy (38 bytes)
Event: 15.395 Thread 0x000000001cfeb000 nmethod 5222 0x0000000003c53250 code [0x0000000003c53420, 0x0000000003c538d8]
Event: 15.410 Thread 0x000000001cfeb000 5227       2       java.lang.invoke.MethodHandle::intrinsicName (4 bytes)
Event: 15.410 Thread 0x000000001cfeb000 nmethod 5227 0x0000000003c52f50 code [0x0000000003c530a0, 0x0000000003c531f0]
Event: 15.414 Thread 0x000000001cfeb000 5233       2       java.lang.invoke.InvokerBytecodeGenerator::emitStoreResult (27 bytes)
Event: 15.415 Thread 0x000000001cfeb000 nmethod 5233 0x0000000003c52a50 code [0x0000000003c52bc0, 0x0000000003c52dd8]
Event: 15.415 Thread 0x000000001cfeb000 5234       2       java.lang.invoke.LambdaForm$NamedFunction::intrinsicName (21 bytes)
Event: 15.415 Thread 0x000000001cfeb000 nmethod 5234 0x0000000003c52690 code [0x0000000003c52800, 0x0000000003c529a8]
Event: 15.418 Thread 0x000000001cfeb000 5235       1       org.springframework.aop.framework.AdvisedSupport$MethodCacheKey::hashCode (5 bytes)
Event: 15.419 Thread 0x000000001cfeb000 nmethod 5235 0x0000000003c523d0 code [0x0000000003c52520, 0x0000000003c52630]

GC Heap History (10 events):
Event: 5.898 GC heap before
{Heap before GC invocations=9 (full 2):
 PSYoungGen      total 164864K, used 7599K [0x000000076c000000, 0x000000077cb00000, 0x00000007c0000000)
  eden space 152064K, 0% used [0x000000076c000000,0x000000076c000000,0x0000000775480000)
  from space 12800K, 59% used [0x0000000775480000,0x0000000775bebd60,0x0000000776100000)
  to   space 12288K, 0% used [0x000000077bf00000,0x000000077bf00000,0x000000077cb00000)
 ParOldGen       total 99328K, used 9225K [0x00000006c4000000, 0x00000006ca100000, 0x000000076c000000)
  object space 99328K, 9% used [0x00000006c4000000,0x00000006c49026a0,0x00000006ca100000)
 Metaspace       used 33220K, capacity 35418K, committed 35496K, reserved 1079296K
  class space    used 4452K, capacity 4852K, committed 4864K, reserved 1048576K
Event: 5.980 GC heap after
Heap after GC invocations=9 (full 2):
 PSYoungGen      total 164864K, used 0K [0x000000076c000000, 0x000000077cb00000, 0x00000007c0000000)
  eden space 152064K, 0% used [0x000000076c000000,0x000000076c000000,0x0000000775480000)
  from space 12800K, 0% used [0x0000000775480000,0x0000000775480000,0x0000000776100000)
  to   space 12288K, 0% used [0x000000077bf00000,0x000000077bf00000,0x000000077cb00000)
 ParOldGen       total 144384K, used 12428K [0x00000006c4000000, 0x00000006ccd00000, 0x000000076c000000)
  object space 144384K, 8% used [0x00000006c4000000,0x00000006c4c23020,0x00000006ccd00000)
 Metaspace       used 33220K, capacity 35418K, committed 35496K, reserved 1079296K
  class space    used 4452K, capacity 4852K, committed 4864K, reserved 1048576K
}
Event: 10.083 GC heap before
{Heap before GC invocations=10 (full 2):
 PSYoungGen      total 164864K, used 152064K [0x000000076c000000, 0x000000077cb00000, 0x00000007c0000000)
  eden space 152064K, 100% used [0x000000076c000000,0x0000000775480000,0x0000000775480000)
  from space 12800K, 0% used [0x0000000775480000,0x0000000775480000,0x0000000776100000)
  to   space 12288K, 0% used [0x000000077bf00000,0x000000077bf00000,0x000000077cb00000)
 ParOldGen       total 144384K, used 12428K [0x00000006c4000000, 0x00000006ccd00000, 0x000000076c000000)
  object space 144384K, 8% used [0x00000006c4000000,0x00000006c4c23020,0x00000006ccd00000)
 Metaspace       used 47777K, capacity 50350K, committed 50560K, reserved 1093632K
  class space    used 6447K, capacity 6917K, committed 7040K, reserved 1048576K
Event: 10.110 GC heap after
Heap after GC invocations=10 (full 2):
 PSYoungGen      total 247808K, used 12267K [0x000000076c000000, 0x000000077cb00000, 0x00000007c0000000)
  eden space 235520K, 0% used [0x000000076c000000,0x000000076c000000,0x000000077a600000)
  from space 12288K, 99% used [0x000000077bf00000,0x000000077cafafe0,0x000000077cb00000)
  to   space 15872K, 0% used [0x000000077ac00000,0x000000077ac00000,0x000000077bb80000)
 ParOldGen       total 144384K, used 17558K [0x00000006c4000000, 0x00000006ccd00000, 0x000000076c000000)
  object space 144384K, 12% used [0x00000006c4000000,0x00000006c5125a40,0x00000006ccd00000)
 Metaspace       used 47777K, capacity 50350K, committed 50560K, reserved 1093632K
  class space    used 6447K, capacity 6917K, committed 7040K, reserved 1048576K
}
Event: 13.436 GC heap before
{Heap before GC invocations=11 (full 2):
 PSYoungGen      total 247808K, used 247787K [0x000000076c000000, 0x000000077cb00000, 0x00000007c0000000)
  eden space 235520K, 100% used [0x000000076c000000,0x000000077a600000,0x000000077a600000)
  from space 12288K, 99% used [0x000000077bf00000,0x000000077cafafe0,0x000000077cb00000)
  to   space 15872K, 0% used [0x000000077ac00000,0x000000077ac00000,0x000000077bb80000)
 ParOldGen       total 144384K, used 17558K [0x00000006c4000000, 0x00000006ccd00000, 0x000000076c000000)
  object space 144384K, 12% used [0x00000006c4000000,0x00000006c5125a40,0x00000006ccd00000)
 Metaspace       used 53688K, capacity 56576K, committed 56704K, reserved 1097728K
  class space    used 7208K, capacity 7744K, committed 7808K, reserved 1048576K
Event: 13.459 GC heap after
Heap after GC invocations=11 (full 2):
 PSYoungGen      total 251392K, used 15860K [0x000000076c000000, 0x000000077cb00000, 0x00000007c0000000)
  eden space 235520K, 0% used [0x000000076c000000,0x000000076c000000,0x000000077a600000)
  from space 15872K, 99% used [0x000000077ac00000,0x000000077bb7d090,0x000000077bb80000)
  to   space 12288K, 0% used [0x000000077bf00000,0x000000077bf00000,0x000000077cb00000)
 ParOldGen       total 144384K, used 21140K [0x00000006c4000000, 0x00000006ccd00000, 0x000000076c000000)
  object space 144384K, 14% used [0x00000006c4000000,0x00000006c54a50d0,0x00000006ccd00000)
 Metaspace       used 53688K, capacity 56576K, committed 56704K, reserved 1097728K
  class space    used 7208K, capacity 7744K, committed 7808K, reserved 1048576K
}
Event: 14.543 GC heap before
{Heap before GC invocations=12 (full 2):
 PSYoungGen      total 251392K, used 105394K [0x000000076c000000, 0x000000077cb00000, 0x00000007c0000000)
  eden space 235520K, 38% used [0x000000076c000000,0x000000077176fad8,0x000000077a600000)
  from space 15872K, 99% used [0x000000077ac00000,0x000000077bb7d090,0x000000077bb80000)
  to   space 12288K, 0% used [0x000000077bf00000,0x000000077bf00000,0x000000077cb00000)
 ParOldGen       total 144384K, used 21140K [0x00000006c4000000, 0x00000006ccd00000, 0x000000076c000000)
  object space 144384K, 14% used [0x00000006c4000000,0x00000006c54a50d0,0x00000006ccd00000)
 Metaspace       used 55735K, capacity 59040K, committed 59136K, reserved 1099776K
  class space    used 7525K, capacity 8108K, committed 8192K, reserved 1048576K
Event: 14.567 GC heap after
Heap after GC invocations=12 (full 2):
 PSYoungGen      total 251392K, used 12272K [0x000000076c000000, 0x0000000781700000, 0x00000007c0000000)
  eden space 239104K, 0% used [0x000000076c000000,0x000000076c000000,0x000000077a980000)
  from space 12288K, 99% used [0x000000077bf00000,0x000000077cafc088,0x000000077cb00000)
  to   space 22016K, 0% used [0x000000077a980000,0x000000077a980000,0x000000077bf00000)
 ParOldGen       total 144384K, used 28163K [0x00000006c4000000, 0x00000006ccd00000, 0x000000076c000000)
  object space 144384K, 19% used [0x00000006c4000000,0x00000006c5b80e60,0x00000006ccd00000)
 Metaspace       used 55735K, capacity 59040K, committed 59136K, reserved 1099776K
  class space    used 7525K, capacity 8108K, committed 8192K, reserved 1048576K
}
Event: 14.567 GC heap before
{Heap before GC invocations=13 (full 3):
 PSYoungGen      total 251392K, used 12272K [0x000000076c000000, 0x0000000781700000, 0x00000007c0000000)
  eden space 239104K, 0% used [0x000000076c000000,0x000000076c000000,0x000000077a980000)
  from space 12288K, 99% used [0x000000077bf00000,0x000000077cafc088,0x000000077cb00000)
  to   space 22016K, 0% used [0x000000077a980000,0x000000077a980000,0x000000077bf00000)
 ParOldGen       total 144384K, used 28163K [0x00000006c4000000, 0x00000006ccd00000, 0x000000076c000000)
  object space 144384K, 19% used [0x00000006c4000000,0x00000006c5b80e60,0x00000006ccd00000)
 Metaspace       used 55735K, capacity 59040K, committed 59136K, reserved 1099776K
  class space    used 7525K, capacity 8108K, committed 8192K, reserved 1048576K
Event: 14.976 GC heap after
Heap after GC invocations=13 (full 3):
 PSYoungGen      total 251392K, used 0K [0x000000076c000000, 0x0000000781700000, 0x00000007c0000000)
  eden space 239104K, 0% used [0x000000076c000000,0x000000076c000000,0x000000077a980000)
  from space 12288K, 0% used [0x000000077bf00000,0x000000077bf00000,0x000000077cb00000)
  to   space 22016K, 0% used [0x000000077a980000,0x000000077a980000,0x000000077bf00000)
 ParOldGen       total 144384K, used 30328K [0x00000006c4000000, 0x00000006ccd00000, 0x000000076c000000)
  object space 144384K, 21% used [0x00000006c4000000,0x00000006c5d9e260,0x00000006ccd00000)
 Metaspace       used 55735K, capacity 59040K, committed 59136K, reserved 1099776K
  class space    used 7525K, capacity 8108K, committed 8192K, reserved 1048576K
}

Deoptimization events (10 events):
Event: 12.504 Thread 0x000000000351e800 Uncommon trap: reason=unstable_if action=reinterpret pc=0x0000000003c655f0 method=org.springframework.util.Assert.notNull(Ljava/lang/Object;Ljava/lang/String;)V @ 1
Event: 13.176 Thread 0x000000000351e800 Uncommon trap: reason=unstable_if action=reinterpret pc=0x0000000004767be8 method=org.springframework.beans.factory.support.AbstractBeanFactory.isTypeMatch(Ljava/lang/String;Lorg/springframework/core/ResolvableType;Z)Z @ 34
Event: 14.246 Thread 0x000000000351e800 Uncommon trap: reason=bimorphic action=maybe_recompile pc=0x00000000042a8d7c method=java.util.Collections$SetFromMap.contains(Ljava/lang/Object;)Z @ 5
Event: 14.414 Thread 0x000000000351e800 Uncommon trap: reason=unstable_if action=reinterpret pc=0x00000000046dd1dc method=org.springframework.core.ResolvableType.resolveType()Lorg/springframework/core/ResolvableType; @ 37
Event: 14.422 Thread 0x000000000351e800 Uncommon trap: reason=predicate action=maybe_recompile pc=0x000000000397a6d0 method=org.springframework.boot.context.properties.source.ConfigurationPropertyName.fastElementEquals(Lorg/springframework/boot/context/properties/source/ConfigurationPropertyName‹2‘ÿ,@
Event: 14.422 Thread 0x000000000351e800 Uncommon trap: reason=class_check action=maybe_recompile pc=0x0000000003c25598 method=org.springframework.boot.context.properties.source.ConfigurationPropertyName$Elements.charAt(II)C @ 43
Event: 14.422 Thread 0x000000000351e800 Uncommon trap: reason=class_check action=maybe_recompile pc=0x0000000003c25598 method=org.springframework.boot.context.properties.source.ConfigurationPropertyName$Elements.charAt(II)C @ 43
Event: 14.487 Thread 0x000000000351e800 Uncommon trap: reason=null_check action=make_not_entrant pc=0x0000000003f6c2d8 method=java.lang.Class.privateGetMethodRecursive(Ljava/lang/String;[Ljava/lang/Class;ZLjava/lang/Class$MethodArray;)Ljava/lang/reflect/Method; @ 35
Event: 14.487 Thread 0x000000000351e800 Uncommon trap: reason=null_check action=make_not_entrant pc=0x000000000481d06c method=java.lang.Class.privateGetMethodRecursive(Ljava/lang/String;[Ljava/lang/Class;ZLjava/lang/Class$MethodArray;)Ljava/lang/reflect/Method; @ 35
Event: 14.487 Thread 0x000000000351e800 Uncommon trap: reason=null_check action=make_not_entrant pc=0x00000000040a14e8 method=org.springframework.util.ClassUtils.isAssignable(Ljava/lang/Class;Ljava/lang/Class;)Z @ 14

Internal exceptions (10 events):
Event: 15.396 Thread 0x000000000351e800 Exception <a 'java/lang/ClassNotFoundException': java/lang/ObjectCustomizer> (0x000000076e574f20) thrown at [C:\re\workspace\8-2-build-windows-amd64-cygwin\jdk8u45\3627\hotspot\src\share\vm\classfile\systemDictionary.cpp, line 210]
Event: 15.397 Thread 0x000000000351e800 Exception <a 'java/lang/ClassNotFoundException': org/springframework/security/access/expression/AbstractSecurityExpressionHandlerCustomizer> (0x000000076e5a7838) thrown at [C:\re\workspace\8-2-build-windows-amd64-cygwin\jdk8u45\3627\hotspot\src\share\vm\cl
Event: 15.398 Thread 0x000000000351e800 Exception <a 'java/lang/ClassNotFoundException': org/springframework/security/access/expression/method/DefaultMethodSecurityExpressionHandlerCustomizer> (0x000000076e5e3ad0) thrown at [C:\re\workspace\8-2-build-windows-amd64-cygwin\jdk8u45\3627\hotspot\src(TÅ§ôÃ.@
Event: 15.400 Thread 0x000000000351e800 Exception <a 'java/lang/ClassNotFoundException': org/springframework/security/access/expression/method/MethodSecurityExpressionHandlerCustomizer> (0x000000076e6288d0) thrown at [C:\re\workspace\8-2-build-windows-amd64-cygwin\jdk8u45\3627\hotspot\src\share\»u¯Õ.@
Event: 15.401 Thread 0x000000000351e800 Exception <a 'java/lang/ClassNotFoundException': org/springframework/security/access/expression/SecurityExpressionHandlerCustomizer> (0x000000076e655e80) thrown at [C:\re\workspace\8-2-build-windows-amd64-cygwin\jdk8u45\3627\hotspot\src\share\vm\classfile\FâLØÉÕ.@
Event: 15.401 Thread 0x000000000351e800 Exception <a 'java/lang/ClassNotFoundException': org/springframework/aop/framework/AopInfrastructureBeanCustomizer> (0x000000076e67d1d0) thrown at [C:\re\workspace\8-2-build-windows-amd64-cygwin\jdk8u45\3627\hotspot\src\share\vm\classfile\systemDictionary.X%GÕ.@
Event: 15.402 Thread 0x000000000351e800 Exception <a 'java/lang/ClassNotFoundException': org/springframework/security/access/expression/SecurityExpressionHandlerCustomizer> (0x000000076e6a8ea0) thrown at [C:\re\workspace\8-2-build-windows-amd64-cygwin\jdk8u45\3627\hotspot\src\share\vm\classfile\ZÃõgŒ.@
Event: 15.403 Thread 0x000000000351e800 Exception <a 'java/lang/ClassNotFoundException': org/springframework/aop/framework/AopInfrastructureBeanCustomizer> (0x000000076e6d01f0) thrown at [C:\re\workspace\8-2-build-windows-amd64-cygwin\jdk8u45\3627\hotspot\src\share\vm\classfile\systemDictionary.ö0P”Œ.@
Event: 15.404 Thread 0x000000000351e800 Exception <a 'java/lang/ClassNotFoundException': org/springframework/context/ApplicationContextAwareCustomizer> (0x000000076e6f4270) thrown at [C:\re\workspace\8-2-build-windows-amd64-cygwin\jdk8u45\3627\hotspot\src\share\vm\classfile\systemDictionary.cpp,ˆmw≈Bœ.@
Event: 15.405 Thread 0x000000000351e800 Exception <a 'java/lang/ClassNotFoundException': org/springframework/beans/factory/AwareCustomizer> (0x000000076e714298) thrown at [C:\re\workspace\8-2-build-windows-amd64-cygwin\jdk8u45\3627\hotspot\src\share\vm\classfile\systemDictionary.cpp, line 210]

Events (10 events):
Event: 15.482 loading class springfox/documentation/spring/web/plugins/DuplicateGroupsDetector$2
Event: 15.482 loading class springfox/documentation/spring/web/plugins/DuplicateGroupsDetector$2 done
Event: 15.483 loading class com/google/common/collect/Iterables$4
Event: 15.483 loading class com/google/common/collect/Iterables$4 done
Event: 15.483 loading class springfox/documentation/spring/web/plugins/DuplicateGroupsDetector$1
Event: 15.483 loading class springfox/documentation/spring/web/plugins/DuplicateGroupsDetector$1 done
Event: 15.484 loading class com/google/common/collect/Iterables$6
Event: 15.484 loading class com/google/common/collect/Iterables$6 done
Event: 15.484 loading class com/google/common/collect/Iterators$7
Event: 15.484 loading class com/google/common/collect/Iterators$7 done


Dynamic libraries:
0x00007ff676d10000 - 0x00007ff676d47000 	C:\Program Files\Java\jdk1.8.0_45\jre\bin\java.exe
0x00007ffdb15f0000 - 0x00007ffdb17e8000 	C:\Windows\SYSTEM32\ntdll.dll
0x00007ffdb13c0000 - 0x00007ffdb147f000 	C:\Windows\System32\KERNEL32.DLL
0x00007ffdaee60000 - 0x00007ffdaf156000 	C:\Windows\System32\KERNELBASE.dll
0x00007ffdb0520000 - 0x00007ffdb05cf000 	C:\Windows\System32\ADVAPI32.dll
0x00007ffdaf650000 - 0x00007ffdaf6ee000 	C:\Windows\System32\msvcrt.dll
0x00007ffdaf8c0000 - 0x00007ffdaf95c000 	C:\Windows\System32\sechost.dll
0x00007ffdb1480000 - 0x00007ffdb15a6000 	C:\Windows\System32\RPCRT4.dll
0x00007ffdaf6f0000 - 0x00007ffdaf88d000 	C:\Windows\System32\USER32.dll
0x00007ffdaf2f0000 - 0x00007ffdaf312000 	C:\Windows\System32\win32u.dll
0x00007ffdb0420000 - 0x00007ffdb044c000 	C:\Windows\System32\GDI32.dll
0x00007ffdaf530000 - 0x00007ffdaf645000 	C:\Windows\System32\gdi32full.dll
0x00007ffdaf190000 - 0x00007ffdaf22d000 	C:\Windows\System32\msvcp_win.dll
0x00007ffdaecd0000 - 0x00007ffdaedd0000 	C:\Windows\System32\ucrtbase.dll
0x00007ffd82550000 - 0x00007ffd827ea000 	C:\Windows\WinSxS\amd64_microsoft.windows.common-controls_6595b64144ccf1df_6.0.19041.1110_none_60b5254171f9507e\COMCTL32.dll
0x00007ffdaf890000 - 0x00007ffdaf8c0000 	C:\Windows\System32\IMM32.DLL
0x00007ffd5eb70000 - 0x00007ffd5f271000 	C:\Program Files\McAfee\DLP\Agent\fcagpph64.dll
0x00007ffdafc00000 - 0x00007ffdb0344000 	C:\Windows\System32\SHELL32.dll
0x00007ffdb11d0000 - 0x00007ffdb12fa000 	C:\Windows\System32\ole32.dll
0x00007ffdb06d0000 - 0x00007ffdb0a24000 	C:\Windows\System32\combase.dll
0x00007ffdb1300000 - 0x00007ffdb1355000 	C:\Windows\System32\SHLWAPI.dll
0x00007ffdb0350000 - 0x00007ffdb041d000 	C:\Windows\System32\OLEAUT32.dll
0x00007ffd9c590000 - 0x00007ffd9c62d000 	C:\Windows\SYSTEM32\WINSPOOL.DRV
0x00007ffdb0a30000 - 0x00007ffdb0add000 	C:\Windows\System32\shcore.dll
0x00007ffda4560000 - 0x00007ffda456a000 	C:\Windows\SYSTEM32\VERSION.dll
0x00007ffdaebc0000 - 0x00007ffdaebf2000 	C:\Windows\SYSTEM32\SspiCli.dll
0x00007ffdade50000 - 0x00007ffdade83000 	C:\Windows\SYSTEM32\ntmarta.dll
0x00007ffd72ba0000 - 0x00007ffd72c52000 	C:\Program Files\McAfee\Endpoint Security\Threat Prevention\Ips\EpMPApi.dll
0x00007ffdaf280000 - 0x00007ffdaf2e7000 	C:\Windows\System32\WINTRUST.dll
0x00007ffdaf320000 - 0x00007ffdaf47e000 	C:\Windows\System32\CRYPT32.dll
0x00007ffdae8b0000 - 0x00007ffdae8c2000 	C:\Windows\SYSTEM32\MSASN1.dll
0x00000000618f0000 - 0x00000000618fc000 	C:\Program Files\McAfee\Endpoint Security\Threat Prevention\Ips\EpMPThe.dll
0x00007ffd72b40000 - 0x00007ffd72b98000 	C:\Program Files\McAfee\Endpoint Security\Threat Prevention\Ips\HIPHandlers64.dll
0x00007ffdac870000 - 0x00007ffdaca54000 	C:\Windows\SYSTEM32\dbghelp.dll
0x00000000610d0000 - 0x00000000611a2000 	C:\Program Files\Java\jdk1.8.0_45\jre\bin\msvcr100.dll
0x0000000060840000 - 0x00000000610c3000 	C:\Program Files\Java\jdk1.8.0_45\jre\bin\server\jvm.dll
0x00007ffdafbf0000 - 0x00007ffdafbf8000 	C:\Windows\System32\PSAPI.DLL
0x00007ffd9b3c0000 - 0x00007ffd9b3c9000 	C:\Windows\SYSTEM32\WSOCK32.dll
0x0000000003360000 - 0x00000000033cb000 	C:\Windows\System32\WS2_32.dll
0x00007ffd9c3c0000 - 0x00007ffd9c3e7000 	C:\Windows\SYSTEM32\WINMM.dll
0x0000000061330000 - 0x000000006133f000 	C:\Program Files\Java\jdk1.8.0_45\jre\bin\verify.dll
0x0000000061300000 - 0x0000000061329000 	C:\Program Files\Java\jdk1.8.0_45\jre\bin\java.dll
0x0000000060820000 - 0x0000000060836000 	C:\Program Files\Java\jdk1.8.0_45\jre\bin\zip.dll
0x00007ffdaca60000 - 0x00007ffdad1f3000 	C:\Windows\SYSTEM32\windows.storage.dll
0x00007ffdae720000 - 0x00007ffdae74e000 	C:\Windows\SYSTEM32\Wldp.dll
0x00007ffdaec10000 - 0x00007ffdaec2f000 	C:\Windows\SYSTEM32\profapi.dll
0x00000000607d0000 - 0x00000000607dd000 	C:\Program Files\Java\jdk1.8.0_45\jre\bin\management.dll
0x0000000060800000 - 0x000000006081a000 	C:\Program Files\Java\jdk1.8.0_45\jre\bin\net.dll
0x00007ffdae480000 - 0x00007ffdae4ea000 	C:\Windows\system32\mswsock.dll
0x00000000607e0000 - 0x00000000607f1000 	C:\Program Files\Java\jdk1.8.0_45\jre\bin\nio.dll
0x00007ffd79050000 - 0x00007ffd79067000 	C:\Windows\system32\napinsp.dll
0x00007ffd79030000 - 0x00007ffd7904b000 	C:\Windows\system32\pnrpnsp.dll
0x00007ffd79010000 - 0x00007ffd79025000 	C:\Windows\system32\wshbth.dll
0x00007ffdabc40000 - 0x00007ffdabc5d000 	C:\Windows\system32\NLAapi.dll
0x00007ffdae120000 - 0x00007ffdae15c000 	C:\Windows\SYSTEM32\IPHLPAPI.DLL
0x00007ffdae160000 - 0x00007ffdae22a000 	C:\Windows\SYSTEM32\DNSAPI.dll
0x00007ffdb0f60000 - 0x00007ffdb0f68000 	C:\Windows\System32\NSI.dll
0x00007ffd78fd0000 - 0x00007ffd78fe2000 	C:\Windows\System32\winrnr.dll
0x00007ffda7ff0000 - 0x00007ffda7ffa000 	C:\Windows\System32\rasadhlp.dll
0x00007ffda96e0000 - 0x00007ffda9762000 	C:\Windows\System32\fwpuclnt.dll
0x00000000033e0000 - 0x0000000003407000 	C:\Windows\System32\bcrypt.dll
0x00007ffdae670000 - 0x00007ffdae688000 	C:\Windows\SYSTEM32\CRYPTSP.dll
0x00007ffdadd30000 - 0x00007ffdadd64000 	C:\Windows\system32\rsaenh.dll
0x00007ffdaeb90000 - 0x00007ffdaebbe000 	C:\Windows\SYSTEM32\USERENV.dll
0x00007ffdaedd0000 - 0x00007ffdaee52000 	C:\Windows\System32\bcryptprimitives.dll
0x00007ffdae690000 - 0x00007ffdae69c000 	C:\Windows\SYSTEM32\CRYPTBASE.dll
0x00007ffda90d0000 - 0x00007ffda90e7000 	C:\Windows\SYSTEM32\dhcpcsvc6.DLL
0x00007ffda90a0000 - 0x00007ffda90bd000 	C:\Windows\SYSTEM32\dhcpcsvc.DLL
0x00000000607a0000 - 0x00000000607c4000 	C:\Program Files\Java\jdk1.8.0_45\jre\bin\sunec.dll

VM Arguments:
java_command: C:\Users\NGUYEN~1\AppData\Local\Temp\surefire1945476393290010035\surefirebooter1893329927759392688.jar C:\Users\nguyenvantuanc\AppData\Local\Temp\surefire1945476393290010035 2023-07-29T07-30-41_244-jvmRun1 surefire1192913864278290580tmp surefire_06398644261635657785tmp
java_class_path (initial): C:\Users\NGUYEN~1\AppData\Local\Temp\surefire1945476393290010035\surefirebooter1893329927759392688.jar
Launcher Type: SUN_STANDARD

Environment Variables:
JAVA_HOME=C:\Program Files\Java\jdk1.8.0_45
CLASSPATH=.;
PATH=C:\Program Files\Python37\Scripts\;C:\Program Files\Python37\;C:\ProgramData\Oracle\Java\javapath;C:\Windows\system32;C:\Windows;C:\Windows\System32\Wbem;C:\Windows\System32\WindowsPowerShell\v1.0\;C:\Windows\System32\OpenSSH\;C:\Program Files\Microsoft SQL Server\130\Tools\Binn\;C:\Users\nguyenvantuanc\AppData\Roaming\npm;C:\Users\nguyenvantuanc;C:\Users\nguyenvantuanc\node_modules\@angular\cli\bin;C:\Program Files\dotnet\;C:\Program Files\Microsoft SQL Server\Client SDK\ODBC\170\Tools\Binn\;C:\Program Files (x86)\Microsoft SQL Server\150\Tools\Binn\;C:\Program Files\Microsoft SQL Server\150\Tools\Binn\;C:\Program Files\Microsoft SQL Server\150\DTS\Binn\;C:\Program Files (x86)\Microsoft SQL Server\150\DTS\Binn\;C:\Program Files (x86)\Bitvise SSH Client;C:\ProgramData\chocolatey\bin;C:\Program Files\Java\jdk1.8.0_45\bin;C:\Users\nguyenvantuanc\AppData\Local\Android\Sdk;C:\Users\nguyenvantuanc\AppData\Local\Android\Sdk\platform-tools;C:\Users\nguyenvantuanc\AppData\Roaming\Python\Python37\site-packages;C:\Program Files\nodejs\;D:\BigData\zookeeper\bin;D:\maven\bin;C:\Program Files\Git\cmd;C:\Program Files\Microsoft SQL Server\120\Tools\Binn\;C:\Program Files (x86)\dotnet\;D:\Server\xampp74\php;C:\ProgramData\ComposerSetup\bin;C:\Users\nguyenvantuanc\AppData\Local\Microsoft\WindowsApps;C:\Users\nguyenvantuanc\AppData\Local\Programs\Microsoft VS Code\bin;C:\Users\nguyenvantuanc\node_modules\@angular\cli\bin;C:\Users\nguyenvantuanc\.dotnet\tools;C:\Program Files\Azure Data Studio\bin;C:\Users\nguyenvantuanc\AppData\Local\Programs\Git\cmd;C:\Users\nguyenvantuanc\AppData\Roaming\npm;C:\Users\nguyenvantuanc\AppData\Local\GitHubDesktop\bin
USERNAME=NguyenVanTuanC
OS=Windows_NT
PROCESSOR_IDENTIFIER=Intel64 Family 6 Model 140 Stepping 2, GenuineIntel



---------------  S Y S T E M  ---------------

OS: Windows 10.0 , 64 bit Build 19041 (10.0.19041.3031)

CPU:total 8 (4 cores per cpu, 2 threads per core) family 6 model 140 stepping 2, cmov, cx8, fxsr, mmx, sse, sse2, sse3, ssse3, sse4.1, sse4.2, popcnt, avx, avx2, aes, clmul, erms, 3dnowpref, lzcnt, ht, tsc, tscinvbit, bmi1, bmi2, adx

Memory: 4k page, physical 16509728k(2438064k free), swap 16509728k(6640k free)

vm_info: Java HotSpot(TM) 64-Bit Server VM (25.45-b02) for windows-amd64 JRE (1.8.0_45-b15), built on Apr 30 2015 12:40:44 by "java_re" with MS VC++ 10.0 (VS2010)

time: Sat Jul 29 07:30:57 2023
elapsed time: 15 seconds (0d 0h 0m 15s)

