#
# There is insufficient memory for the Java Runtime Environment to continue.
# Native memory allocation (malloc) failed to allocate 2007216 bytes for Chunk::new
# Possible reasons:
#   The system is out of physical RAM or swap space
#   In 32 bit mode, the process size limit was hit
# Possible solutions:
#   Reduce memory load on the system
#   Increase physical memory or swap space
#   Check if swap backing store is full
#   Use 64 bit Java on a 64 bit OS
#   Decrease Java heap size (-Xmx/-Xms)
#   Decrease number of Java threads
#   Decrease Java thread stack sizes (-Xss)
#   Set larger code cache with -XX:ReservedCodeCacheSize=
# This output file may be truncated or incomplete.
#
#  Out of Memory Error (allocation.cpp:390), pid=10084, tid=16880
#
# JRE version: Java(TM) SE Runtime Environment (8.0_45-b15) (build 1.8.0_45-b15)
# Java VM: Java HotSpot(TM) 64-Bit Server VM (25.45-b02 mixed mode windows-amd64 compressed oops)
# Failed to write core dump. Minidumps are not enabled by default on client versions of Windows
#

---------------  T H R E A D  ---------------

Current thread (0x000000001e236800):  JavaThread "C2 CompilerThread1" daemon [_thread_in_native, id=16880, stack(0x000000001e900000,0x000000001ea00000)]

Stack: [0x000000001e900000,0x000000001ea00000]
Native frames: (J=compiled Java code, j=interpreted, Vv=VM code, C=native code)
V  [jvm.dll+0x32b57a]
V  [jvm.dll+0x279873]
V  [jvm.dll+0x27a509]
V  [jvm.dll+0x271825]
V  [jvm.dll+0xcb9e2]
V  [jvm.dll+0xcbeac]
V  [jvm.dll+0x476ef2]
V  [jvm.dll+0x4b955f]
V  [jvm.dll+0x46bf81]
V  [jvm.dll+0x46ccbe]
V  [jvm.dll+0x4500f2]
V  [jvm.dll+0xa4352]
V  [jvm.dll+0xa4c8f]
V  [jvm.dll+0x241984]
V  [jvm.dll+0x29853a]
C  [msvcr100.dll+0x21d9f]
C  [msvcr100.dll+0x21e3b]
C  [KERNEL32.DLL+0x17614]
C  [ntdll.dll+0x526f1]


Current CompileTask:
C2:   9438 5092       4       com.sun.beans.TypeResolver::resolve (37 bytes)


---------------  P R O C E S S  ---------------

Java Threads: ( => current thread )
  0x000000002158c000 JavaThread "HikariPool-1 connection adder" daemon [_thread_blocked, id=20272, stack(0x0000000028020000,0x0000000028120000)]
  0x0000000021587800 JavaThread "HikariPool-1 housekeeper" daemon [_thread_blocked, id=22304, stack(0x0000000023e00000,0x0000000023f00000)]
  0x000000002158e000 JavaThread "mssql-jdbc-shared-timer-core-0" daemon [_thread_blocked, id=15868, stack(0x0000000022d10000,0x0000000022e10000)]
  0x000000001f305800 JavaThread "surefire-forkedjvm-ping-30s" daemon [_thread_in_native, id=10968, stack(0x000000001f700000,0x000000001f800000)]
  0x000000001e399000 JavaThread "surefire-forkedjvm-command-thread" daemon [_thread_in_native, id=4180, stack(0x000000001ee00000,0x000000001ef00000)]
  0x000000001e2d3800 JavaThread "Service Thread" daemon [_thread_blocked, id=19008, stack(0x000000001ec00000,0x000000001ed00000)]
  0x000000001c24b000 JavaThread "C1 CompilerThread3" daemon [_thread_blocked, id=21720, stack(0x000000001eb00000,0x000000001ec00000)]
  0x000000001e239800 JavaThread "C2 CompilerThread2" daemon [_thread_in_native, id=5856, stack(0x000000001ea00000,0x000000001eb00000)]
=>0x000000001e236800 JavaThread "C2 CompilerThread1" daemon [_thread_in_native, id=16880, stack(0x000000001e900000,0x000000001ea00000)]
  0x000000001e234800 JavaThread "C2 CompilerThread0" daemon [_thread_in_native, id=12556, stack(0x000000001e800000,0x000000001e900000)]
  0x000000001e232000 JavaThread "Attach Listener" daemon [_thread_blocked, id=18764, stack(0x000000001e700000,0x000000001e800000)]
  0x000000001e22f000 JavaThread "Signal Dispatcher" daemon [_thread_blocked, id=13504, stack(0x000000001e600000,0x000000001e700000)]
  0x0000000002974000 JavaThread "Finalizer" daemon [_thread_blocked, id=19252, stack(0x000000001e100000,0x000000001e200000)]
  0x0000000002973000 JavaThread "Reference Handler" daemon [_thread_blocked, id=20928, stack(0x000000001e000000,0x000000001e100000)]
  0x000000000277e800 JavaThread "main" [_thread_in_native, id=20880, stack(0x0000000002780000,0x0000000002880000)]

Other Threads:
  0x000000001c239000 VMThread [stack: 0x000000001df00000,0x000000001e000000] [id=4140]
  0x000000001e282000 WatcherThread [stack: 0x000000001ed00000,0x000000001ee00000] [id=11828]

VM state:not at safepoint (normal execution)

VM Mutex/Monitor currently owned by a thread: None

Heap:
 PSYoungGen      total 258560K, used 48294K [0x000000076c000000, 0x0000000780180000, 0x00000007c0000000)
  eden space 239104K, 20% used [0x000000076c000000,0x000000076ef29ab0,0x000000077a980000)
  from space 19456K, 0% used [0x000000077ee80000,0x000000077ee80000,0x0000000780180000)
  to   space 15872K, 0% used [0x000000077a980000,0x000000077a980000,0x000000077b900000)
 ParOldGen       total 152576K, used 30454K [0x00000006c4000000, 0x00000006cd500000, 0x000000076c000000)
  object space 152576K, 19% used [0x00000006c4000000,0x00000006c5dbd990,0x00000006cd500000)
 Metaspace       used 56646K, capacity 60132K, committed 60288K, reserved 1101824K
  class space    used 7698K, capacity 8290K, committed 8320K, reserved 1048576K

Card table byte_map: [0x0000000011d40000,0x0000000012530000] byte_map_base: 0x000000000e720000

Marking Bits: (ParMarkBitMap*) 0x00000000555c4040
 Begin Bits: [0x0000000013270000, 0x0000000017170000)
 End Bits:   [0x0000000017170000, 0x000000001b070000)

Polling page: 0x0000000002590000

CodeCache: size=245760Kb used=16843Kb max_used=16843Kb free=228916Kb
 bounds [0x0000000002980000, 0x0000000003a30000, 0x0000000011980000]
 total_blobs=4989 nmethods=4466 adapters=435
 compilation: enabled

Compilation events (10 events):
Event: 9.359 Thread 0x000000001c24b000 5159       2       org.springframework.aop.framework.autoproxy.AutoProxyUtils::determineTargetClass (51 bytes)
Event: 9.360 Thread 0x000000001c24b000 nmethod 5159 0x0000000002b16490 code [0x0000000002b16620, 0x0000000002b168b8]
Event: 9.361 Thread 0x000000001c24b000 5161       2       org.springframework.core.metrics.DefaultApplicationStartup$DefaultStartupStep::tag (2 bytes)
Event: 9.361 Thread 0x000000001c24b000 nmethod 5161 0x0000000002b16150 code [0x0000000002b162a0, 0x0000000002b163f0]
Event: 9.373 Thread 0x000000001c24b000 5166       2       java.lang.invoke.MethodHandle::intrinsicName (4 bytes)
Event: 9.373 Thread 0x000000001c24b000 nmethod 5166 0x0000000002b15e50 code [0x0000000002b15fa0, 0x0000000002b160f0]
Event: 9.376 Thread 0x000000001c24b000 5172       2       java.lang.invoke.InvokerBytecodeGenerator::emitStoreResult (27 bytes)
Event: 9.376 Thread 0x000000001c24b000 nmethod 5172 0x0000000002ab4fd0 code [0x0000000002ab5140, 0x0000000002ab5358]
Event: 9.377 Thread 0x000000001c24b000 5173       2       java.lang.invoke.LambdaForm$NamedFunction::intrinsicName (21 bytes)
Event: 9.377 Thread 0x000000001c24b000 nmethod 5173 0x0000000002b15a50 code [0x0000000002b15bc0, 0x0000000002b15d68]

GC Heap History (10 events):
Event: 3.801 GC heap before
{Heap before GC invocations=9 (full 2):
 PSYoungGen      total 164352K, used 7547K [0x000000076c000000, 0x000000077c880000, 0x00000007c0000000)
  eden space 151552K, 0% used [0x000000076c000000,0x000000076c000000,0x0000000775400000)
  from space 12800K, 58% used [0x0000000775400000,0x0000000775b5ed50,0x0000000776080000)
  to   space 12288K, 0% used [0x000000077bc80000,0x000000077bc80000,0x000000077c880000)
 ParOldGen       total 101888K, used 9399K [0x00000006c4000000, 0x00000006ca380000, 0x000000076c000000)
  object space 101888K, 9% used [0x00000006c4000000,0x00000006c492dc10,0x00000006ca380000)
 Metaspace       used 33229K, capacity 35410K, committed 35496K, reserved 1079296K
  class space    used 4453K, capacity 4852K, committed 4864K, reserved 1048576K
Event: 3.853 GC heap after
Heap after GC invocations=9 (full 2):
 PSYoungGen      total 164352K, used 0K [0x000000076c000000, 0x000000077c880000, 0x00000007c0000000)
  eden space 151552K, 0% used [0x000000076c000000,0x000000076c000000,0x0000000775400000)
  from space 12800K, 0% used [0x0000000775400000,0x0000000775400000,0x0000000776080000)
  to   space 12288K, 0% used [0x000000077bc80000,0x000000077bc80000,0x000000077c880000)
 ParOldGen       total 152576K, used 12409K [0x00000006c4000000, 0x00000006cd500000, 0x000000076c000000)
  object space 152576K, 8% used [0x00000006c4000000,0x00000006c4c1e748,0x00000006cd500000)
 Metaspace       used 33229K, capacity 35410K, committed 35496K, reserved 1079296K
  class space    used 4453K, capacity 4852K, committed 4864K, reserved 1048576K
}
Event: 6.431 GC heap before
{Heap before GC invocations=10 (full 2):
 PSYoungGen      total 164352K, used 151552K [0x000000076c000000, 0x000000077c880000, 0x00000007c0000000)
  eden space 151552K, 100% used [0x000000076c000000,0x0000000775400000,0x0000000775400000)
  from space 12800K, 0% used [0x0000000775400000,0x0000000775400000,0x0000000776080000)
  to   space 12288K, 0% used [0x000000077bc80000,0x000000077bc80000,0x000000077c880000)
 ParOldGen       total 152576K, used 12409K [0x00000006c4000000, 0x00000006cd500000, 0x000000076c000000)
  object space 152576K, 8% used [0x00000006c4000000,0x00000006c4c1e748,0x00000006cd500000)
 Metaspace       used 47796K, capacity 50414K, committed 50816K, reserved 1093632K
  class space    used 6447K, capacity 6917K, committed 7040K, reserved 1048576K
Event: 6.447 GC heap after
Heap after GC invocations=10 (full 2):
 PSYoungGen      total 239104K, used 12281K [0x000000076c000000, 0x000000077c880000, 0x00000007c0000000)
  eden space 226816K, 0% used [0x000000076c000000,0x000000076c000000,0x0000000779d80000)
  from space 12288K, 99% used [0x000000077bc80000,0x000000077c87e638,0x000000077c880000)
  to   space 15872K, 0% used [0x000000077a980000,0x000000077a980000,0x000000077b900000)
 ParOldGen       total 152576K, used 17619K [0x00000006c4000000, 0x00000006cd500000, 0x000000076c000000)
  object space 152576K, 11% used [0x00000006c4000000,0x00000006c5134e58,0x00000006cd500000)
 Metaspace       used 47796K, capacity 50414K, committed 50816K, reserved 1093632K
  class space    used 6447K, capacity 6917K, committed 7040K, reserved 1048576K
}
Event: 8.280 GC heap before
{Heap before GC invocations=11 (full 2):
 PSYoungGen      total 239104K, used 239097K [0x000000076c000000, 0x000000077c880000, 0x00000007c0000000)
  eden space 226816K, 100% used [0x000000076c000000,0x0000000779d80000,0x0000000779d80000)
  from space 12288K, 99% used [0x000000077bc80000,0x000000077c87e638,0x000000077c880000)
  to   space 15872K, 0% used [0x000000077a980000,0x000000077a980000,0x000000077b900000)
 ParOldGen       total 152576K, used 17619K [0x00000006c4000000, 0x00000006cd500000, 0x000000076c000000)
  object space 152576K, 11% used [0x00000006c4000000,0x00000006c5134e58,0x00000006cd500000)
 Metaspace       used 53674K, capacity 56544K, committed 56704K, reserved 1097728K
  class space    used 7194K, capacity 7712K, committed 7808K, reserved 1048576K
Event: 8.299 GC heap after
Heap after GC invocations=11 (full 2):
 PSYoungGen      total 254976K, used 15857K [0x000000076c000000, 0x0000000780180000, 0x00000007c0000000)
  eden space 239104K, 0% used [0x000000076c000000,0x000000076c000000,0x000000077a980000)
  from space 15872K, 99% used [0x000000077a980000,0x000000077b8fc750,0x000000077b900000)
  to   space 19456K, 0% used [0x000000077ee80000,0x000000077ee80000,0x0000000780180000)
 ParOldGen       total 152576K, used 21009K [0x00000006c4000000, 0x00000006cd500000, 0x000000076c000000)
  object space 152576K, 13% used [0x00000006c4000000,0x00000006c5484778,0x00000006cd500000)
 Metaspace       used 53674K, capacity 56544K, committed 56704K, reserved 1097728K
  class space    used 7194K, capacity 7712K, committed 7808K, reserved 1048576K
}
Event: 8.844 GC heap before
{Heap before GC invocations=12 (full 2):
 PSYoungGen      total 254976K, used 112962K [0x000000076c000000, 0x0000000780180000, 0x00000007c0000000)
  eden space 239104K, 40% used [0x000000076c000000,0x0000000771ed4460,0x000000077a980000)
  from space 15872K, 99% used [0x000000077a980000,0x000000077b8fc750,0x000000077b900000)
  to   space 19456K, 0% used [0x000000077ee80000,0x000000077ee80000,0x0000000780180000)
 ParOldGen       total 152576K, used 21009K [0x00000006c4000000, 0x00000006cd500000, 0x000000076c000000)
  object space 152576K, 13% used [0x00000006c4000000,0x00000006c5484778,0x00000006cd500000)
 Metaspace       used 55784K, capacity 59040K, committed 59136K, reserved 1099776K
  class space    used 7527K, capacity 8108K, committed 8192K, reserved 1048576K
Event: 8.867 GC heap after
Heap after GC invocations=12 (full 2):
 PSYoungGen      total 258560K, used 13156K [0x000000076c000000, 0x0000000780180000, 0x00000007c0000000)
  eden space 239104K, 0% used [0x000000076c000000,0x000000076c000000,0x000000077a980000)
  from space 19456K, 67% used [0x000000077ee80000,0x000000077fb590d8,0x0000000780180000)
  to   space 15872K, 0% used [0x000000077a980000,0x000000077a980000,0x000000077b900000)
 ParOldGen       total 152576K, used 27234K [0x00000006c4000000, 0x00000006cd500000, 0x000000076c000000)
  object space 152576K, 17% used [0x00000006c4000000,0x00000006c5a98af8,0x00000006cd500000)
 Metaspace       used 55784K, capacity 59040K, committed 59136K, reserved 1099776K
  class space    used 7527K, capacity 8108K, committed 8192K, reserved 1048576K
}
Event: 8.867 GC heap before
{Heap before GC invocations=13 (full 3):
 PSYoungGen      total 258560K, used 13156K [0x000000076c000000, 0x0000000780180000, 0x00000007c0000000)
  eden space 239104K, 0% used [0x000000076c000000,0x000000076c000000,0x000000077a980000)
  from space 19456K, 67% used [0x000000077ee80000,0x000000077fb590d8,0x0000000780180000)
  to   space 15872K, 0% used [0x000000077a980000,0x000000077a980000,0x000000077b900000)
 ParOldGen       total 152576K, used 27234K [0x00000006c4000000, 0x00000006cd500000, 0x000000076c000000)
  object space 152576K, 17% used [0x00000006c4000000,0x00000006c5a98af8,0x00000006cd500000)
 Metaspace       used 55784K, capacity 59040K, committed 59136K, reserved 1099776K
  class space    used 7527K, capacity 8108K, committed 8192K, reserved 1048576K
Event: 9.100 GC heap after
Heap after GC invocations=13 (full 3):
 PSYoungGen      total 258560K, used 0K [0x000000076c000000, 0x0000000780180000, 0x00000007c0000000)
  eden space 239104K, 0% used [0x000000076c000000,0x000000076c000000,0x000000077a980000)
  from space 19456K, 0% used [0x000000077ee80000,0x000000077ee80000,0x0000000780180000)
  to   space 15872K, 0% used [0x000000077a980000,0x000000077a980000,0x000000077b900000)
 ParOldGen       total 152576K, used 30454K [0x00000006c4000000, 0x00000006cd500000, 0x000000076c000000)
  object space 152576K, 19% used [0x00000006c4000000,0x00000006c5dbd990,0x00000006cd500000)
 Metaspace       used 55784K, capacity 59040K, committed 59136K, reserved 1099776K
  class space    used 7527K, capacity 8108K, committed 8192K, reserved 1048576K
}

Deoptimization events (10 events):
Event: 8.688 Thread 0x000000000277e800 Uncommon trap: reason=class_check action=maybe_recompile pc=0x00000000038b8124 method=org.springframework.core.ResolvableType.resolveType()Lorg/springframework/core/ResolvableType; @ 101
Event: 8.768 Thread 0x000000000277e800 Uncommon trap: reason=bimorphic action=maybe_recompile pc=0x00000000038cbee4 method=org.springframework.core.SerializableTypeWrapper.unwrap(Ljava/lang/reflect/Type;)Ljava/lang/reflect/Type; @ 18
Event: 8.768 Thread 0x000000000277e800 Uncommon trap: reason=bimorphic action=maybe_recompile pc=0x00000000038cbee4 method=org.springframework.core.SerializableTypeWrapper.unwrap(Ljava/lang/reflect/Type;)Ljava/lang/reflect/Type; @ 18
Event: 8.769 Thread 0x000000000277e800 Uncommon trap: reason=class_check action=maybe_recompile pc=0x00000000038cc1d0 method=org.springframework.core.SerializableTypeWrapper.unwrap(Ljava/lang/reflect/Type;)Ljava/lang/reflect/Type; @ 10
Event: 8.775 Thread 0x000000000277e800 Uncommon trap: reason=class_check action=maybe_recompile pc=0x0000000002e64c18 method=org.springframework.boot.context.properties.source.ConfigurationPropertyName$Elements.charAt(II)C @ 43
Event: 8.775 Thread 0x000000000277e800 Uncommon trap: reason=class_check action=maybe_recompile pc=0x0000000002e64c18 method=org.springframework.boot.context.properties.source.ConfigurationPropertyName$Elements.charAt(II)C @ 43
Event: 8.809 Thread 0x000000000277e800 Uncommon trap: reason=null_check action=make_not_entrant pc=0x000000000396f0c8 method=java.lang.Class.privateGetMethodRecursive(Ljava/lang/String;[Ljava/lang/Class;ZLjava/lang/Class$MethodArray;)Ljava/lang/reflect/Method; @ 35
Event: 8.809 Thread 0x000000000277e800 Uncommon trap: reason=null_check action=make_not_entrant pc=0x00000000032f81f0 method=org.springframework.util.ClassUtils.isAssignable(Ljava/lang/Class;Ljava/lang/Class;)Z @ 14
Event: 9.192 Thread 0x000000000277e800 Uncommon trap: reason=bimorphic action=maybe_recompile pc=0x00000000038cbee4 method=org.springframework.core.SerializableTypeWrapper.unwrap(Ljava/lang/reflect/Type;)Ljava/lang/reflect/Type; @ 18
Event: 9.193 Thread 0x000000000277e800 Uncommon trap: reason=bimorphic action=maybe_recompile pc=0x00000000038cbee4 method=org.springframework.core.SerializableTypeWrapper.unwrap(Ljava/lang/reflect/Type;)Ljava/lang/reflect/Type; @ 18

Internal exceptions (10 events):
Event: 9.363 Thread 0x000000000277e800 Exception <a 'java/lang/ClassNotFoundException': java/lang/ObjectCustomizer> (0x000000076e59cb28) thrown at [C:\re\workspace\8-2-build-windows-amd64-cygwin\jdk8u45\3627\hotspot\src\share\vm\classfile\systemDictionary.cpp, line 210]
Event: 9.364 Thread 0x000000000277e800 Exception <a 'java/lang/ClassNotFoundException': org/springframework/security/access/expression/AbstractSecurityExpressionHandlerCustomizer> (0x000000076e5cf440) thrown at [C:\re\workspace\8-2-build-windows-amd64-cygwin\jdk8u45\3627\hotspot\src\share\vm\cl‚¥;ˇ—∫"@
Event: 9.365 Thread 0x000000000277e800 Exception <a 'java/lang/ClassNotFoundException': org/springframework/security/access/expression/method/DefaultMethodSecurityExpressionHandlerCustomizer> (0x000000076e60b6d8) thrown at [C:\re\workspace\8-2-build-windows-amd64-cygwin\jdk8u45\3627\hotspot\srct\çÏJª"@
Event: 9.366 Thread 0x000000000277e800 Exception <a 'java/lang/ClassNotFoundException': org/springframework/security/access/expression/method/MethodSecurityExpressionHandlerCustomizer> (0x000000076e6504a8) thrown at [C:\re\workspace\8-2-build-windows-amd64-cygwin\jdk8u45\3627\hotspot\src\share\-‡Ø®ª"@
Event: 9.367 Thread 0x000000000277e800 Exception <a 'java/lang/ClassNotFoundException': org/springframework/security/access/expression/SecurityExpressionHandlerCustomizer> (0x000000076e67d960) thrown at [C:\re\workspace\8-2-build-windows-amd64-cygwin\jdk8u45\3627\hotspot\src\share\vm\classfile\˜}ì˚ª"@
Event: 9.367 Thread 0x000000000277e800 Exception <a 'java/lang/ClassNotFoundException': org/springframework/aop/framework/AopInfrastructureBeanCustomizer> (0x000000076e6a4cb0) thrown at [C:\re\workspace\8-2-build-windows-amd64-cygwin\jdk8u45\3627\hotspot\src\share\vm\classfile\systemDictionary.Ù{¨*Eº"@
Event: 9.368 Thread 0x000000000277e800 Exception <a 'java/lang/ClassNotFoundException': org/springframework/security/access/expression/SecurityExpressionHandlerCustomizer> (0x000000076e6d0a38) thrown at [C:\re\workspace\8-2-build-windows-amd64-cygwin\jdk8u45\3627\hotspot\src\share\vm\classfile\"ZÜìèº"@
Event: 9.368 Thread 0x000000000277e800 Exception <a 'java/lang/ClassNotFoundException': org/springframework/aop/framework/AopInfrastructureBeanCustomizer> (0x000000076e6f7d88) thrown at [C:\re\workspace\8-2-build-windows-amd64-cygwin\jdk8u45\3627\hotspot\src\share\vm\classfile\systemDictionary.r75–º"@
Event: 9.369 Thread 0x000000000277e800 Exception <a 'java/lang/ClassNotFoundException': org/springframework/context/ApplicationContextAwareCustomizer> (0x000000076e71be08) thrown at [C:\re\workspace\8-2-build-windows-amd64-cygwin\jdk8u45\3627\hotspot\src\share\vm\classfile\systemDictionary.cpp,S÷ ﬂΩ"@
Event: 9.369 Thread 0x000000000277e800 Exception <a 'java/lang/ClassNotFoundException': org/springframework/beans/factory/AwareCustomizer> (0x000000076e73be30) thrown at [C:\re\workspace\8-2-build-windows-amd64-cygwin\jdk8u45\3627\hotspot\src\share\vm\classfile\systemDictionary.cpp, line 210]

Events (10 events):
Event: 9.402 loading class com/google/common/collect/MultimapBuilder$MultimapBuilderWithKeys$6
Event: 9.402 loading class com/google/common/collect/MultimapBuilder$MultimapBuilderWithKeys$6 done
Event: 9.402 loading class com/google/common/collect/MultimapBuilder$MultimapBuilderWithKeys$4
Event: 9.402 loading class com/google/common/collect/MultimapBuilder$MultimapBuilderWithKeys$4 done
Event: 9.403 loading class com/google/common/collect/MultimapBuilder$ArrayListSupplier
Event: 9.403 loading class com/google/common/collect/MultimapBuilder$ArrayListSupplier done
Event: 9.403 loading class com/google/common/collect/Multimaps$CustomListMultimap
Event: 9.403 loading class com/google/common/collect/Multimaps$CustomListMultimap done
Event: 9.404 loading class com/google/common/collect/AbstractListMultimap
Event: 9.404 loading class com/google/common/collect/AbstractListMultimap done


Dynamic libraries:
0x00007ff7456b0000 - 0x00007ff7456e7000 	C:\Program Files\Java\jdk1.8.0_45\jre\bin\java.exe
0x00007fffae350000 - 0x00007fffae548000 	C:\Windows\SYSTEM32\ntdll.dll
0x00007fffac5c0000 - 0x00007fffac67f000 	C:\Windows\System32\KERNEL32.DLL
0x00007fffaba60000 - 0x00007fffabd56000 	C:\Windows\System32\KERNELBASE.dll
0x00007fffae260000 - 0x00007fffae30f000 	C:\Windows\System32\ADVAPI32.dll
0x00007fffac4e0000 - 0x00007fffac57e000 	C:\Windows\System32\msvcrt.dll
0x00007fffad650000 - 0x00007fffad6ec000 	C:\Windows\System32\sechost.dll
0x00007fffad520000 - 0x00007fffad646000 	C:\Windows\System32\RPCRT4.dll
0x00007fffae030000 - 0x00007fffae1cd000 	C:\Windows\System32\USER32.dll
0x00007fffaba30000 - 0x00007fffaba52000 	C:\Windows\System32\win32u.dll
0x00007fffac580000 - 0x00007fffac5ac000 	C:\Windows\System32\GDI32.dll
0x00007fffac010000 - 0x00007fffac125000 	C:\Windows\System32\gdi32full.dll
0x00007fffabd60000 - 0x00007fffabdfd000 	C:\Windows\System32\msvcp_win.dll
0x00007fffabec0000 - 0x00007fffabfc0000 	C:\Windows\System32\ucrtbase.dll
0x00007fff76280000 - 0x00007fff7651a000 	C:\Windows\WinSxS\amd64_microsoft.windows.common-controls_6595b64144ccf1df_6.0.19041.1110_none_60b5254171f9507e\COMCTL32.dll
0x00007fffae230000 - 0x00007fffae260000 	C:\Windows\System32\IMM32.DLL
0x00007fff5c1b0000 - 0x00007fff5c8b1000 	C:\Program Files\McAfee\DLP\Agent\fcagpph64.dll
0x00007fffad770000 - 0x00007fffadeb4000 	C:\Windows\System32\SHELL32.dll
0x00007fffaca90000 - 0x00007fffacbba000 	C:\Windows\System32\ole32.dll
0x00007fffad160000 - 0x00007fffad4b4000 	C:\Windows\System32\combase.dll
0x00007fffac460000 - 0x00007fffac4b5000 	C:\Windows\System32\SHLWAPI.dll
0x00007fffac690000 - 0x00007fffac75d000 	C:\Windows\System32\OLEAUT32.dll
0x00007fff90200000 - 0x00007fff9029d000 	C:\Windows\SYSTEM32\WINSPOOL.DRV
0x00007fffac3b0000 - 0x00007fffac45d000 	C:\Windows\System32\shcore.dll
0x00007fffa4540000 - 0x00007fffa454a000 	C:\Windows\SYSTEM32\VERSION.dll
0x00007fffab8f0000 - 0x00007fffab922000 	C:\Windows\SYSTEM32\SspiCli.dll
0x00007fffaabb0000 - 0x00007fffaabe3000 	C:\Windows\SYSTEM32\ntmarta.dll
0x00007fff6f720000 - 0x00007fff6f7d2000 	C:\Program Files\McAfee\Endpoint Security\Threat Prevention\Ips\EpMPApi.dll
0x00007fffac130000 - 0x00007fffac197000 	C:\Windows\System32\WINTRUST.dll
0x00007fffac1a0000 - 0x00007fffac2fe000 	C:\Windows\System32\CRYPT32.dll
0x00007fffab610000 - 0x00007fffab622000 	C:\Windows\SYSTEM32\MSASN1.dll
0x0000000055ce0000 - 0x0000000055cec000 	C:\Program Files\McAfee\Endpoint Security\Threat Prevention\Ips\EpMPThe.dll
0x00007fff6f6a0000 - 0x00007fff6f6f8000 	C:\Program Files\McAfee\Endpoint Security\Threat Prevention\Ips\HIPHandlers64.dll
0x00007fffa9460000 - 0x00007fffa9644000 	C:\Windows\SYSTEM32\dbghelp.dll
0x0000000055650000 - 0x0000000055722000 	C:\Program Files\Java\jdk1.8.0_45\jre\bin\msvcr100.dll
0x0000000054dc0000 - 0x0000000055643000 	C:\Program Files\Java\jdk1.8.0_45\jre\bin\server\jvm.dll
0x00007fffac5b0000 - 0x00007fffac5b8000 	C:\Windows\System32\PSAPI.DLL
0x00007fff900c0000 - 0x00007fff900c9000 	C:\Windows\SYSTEM32\WSOCK32.dll
0x00007fffaca20000 - 0x00007fffaca8b000 	C:\Windows\System32\WS2_32.dll
0x00007fff8f000000 - 0x00007fff8f027000 	C:\Windows\SYSTEM32\WINMM.dll
0x0000000054db0000 - 0x0000000054dbf000 	C:\Program Files\Java\jdk1.8.0_45\jre\bin\verify.dll
0x0000000054d80000 - 0x0000000054da9000 	C:\Program Files\Java\jdk1.8.0_45\jre\bin\java.dll
0x0000000054d60000 - 0x0000000054d76000 	C:\Program Files\Java\jdk1.8.0_45\jre\bin\zip.dll
0x00007fffa98d0000 - 0x00007fffaa063000 	C:\Windows\SYSTEM32\windows.storage.dll
0x00007fffab480000 - 0x00007fffab4ae000 	C:\Windows\SYSTEM32\Wldp.dll
0x00007fffab970000 - 0x00007fffab98f000 	C:\Windows\SYSTEM32\profapi.dll
0x0000000054d10000 - 0x0000000054d1d000 	C:\Program Files\Java\jdk1.8.0_45\jre\bin\management.dll
0x0000000054d40000 - 0x0000000054d5a000 	C:\Program Files\Java\jdk1.8.0_45\jre\bin\net.dll
0x00007fffab1e0000 - 0x00007fffab24a000 	C:\Windows\system32\mswsock.dll
0x0000000054d20000 - 0x0000000054d31000 	C:\Program Files\Java\jdk1.8.0_45\jre\bin\nio.dll
0x00007fff761b0000 - 0x00007fff761c7000 	C:\Windows\system32\napinsp.dll
0x00007fff75ed0000 - 0x00007fff75eeb000 	C:\Windows\system32\pnrpnsp.dll
0x00007fff75eb0000 - 0x00007fff75ec5000 	C:\Windows\system32\wshbth.dll
0x00007fffa8a70000 - 0x00007fffa8a8d000 	C:\Windows\system32\NLAapi.dll
0x00007fffaae80000 - 0x00007fffaaebc000 	C:\Windows\SYSTEM32\IPHLPAPI.DLL
0x00007fffaaec0000 - 0x00007fffaaf8a000 	C:\Windows\SYSTEM32\DNSAPI.dll
0x0000000021ee0000 - 0x0000000021ee8000 	C:\Windows\System32\NSI.dll
0x00007fff75e90000 - 0x00007fff75ea2000 	C:\Windows\System32\winrnr.dll
0x00007fffa4650000 - 0x00007fffa465a000 	C:\Windows\System32\rasadhlp.dll
0x00007fffa60c0000 - 0x00007fffa6142000 	C:\Windows\System32\fwpuclnt.dll
0x00007fffabe90000 - 0x00007fffabeb7000 	C:\Windows\System32\bcrypt.dll
0x00007fffab3d0000 - 0x00007fffab3e8000 	C:\Windows\SYSTEM32\CRYPTSP.dll
0x00007fffaaa90000 - 0x00007fffaaac4000 	C:\Windows\system32\rsaenh.dll
0x00007fffab930000 - 0x00007fffab95e000 	C:\Windows\SYSTEM32\USERENV.dll
0x0000000022210000 - 0x0000000022292000 	C:\Windows\System32\bcryptprimitives.dll
0x00007fffab3f0000 - 0x00007fffab3fc000 	C:\Windows\SYSTEM32\CRYPTBASE.dll
0x00007fffa5300000 - 0x00007fffa5317000 	C:\Windows\SYSTEM32\dhcpcsvc6.DLL
0x00007fffa52d0000 - 0x00007fffa52ed000 	C:\Windows\SYSTEM32\dhcpcsvc.DLL
0x0000000054ce0000 - 0x0000000054d04000 	C:\Program Files\Java\jdk1.8.0_45\jre\bin\sunec.dll

VM Arguments:
java_command: C:\Users\NGUYEN~1\AppData\Local\Temp\surefire6576053075752579678\surefirebooter1551081040730765905.jar C:\Users\nguyenvantuanc\AppData\Local\Temp\surefire6576053075752579678 2023-08-01T23-55-22_100-jvmRun1 surefire5364429232441209694tmp surefire_06061904334726811481tmp
java_class_path (initial): C:\Users\NGUYEN~1\AppData\Local\Temp\surefire6576053075752579678\surefirebooter1551081040730765905.jar
Launcher Type: SUN_STANDARD

Environment Variables:
JAVA_HOME=C:\Program Files\Java\jdk1.8.0_45
CLASSPATH=.;
PATH=C:\Program Files\Python37\Scripts\;C:\Program Files\Python37\;C:\ProgramData\Oracle\Java\javapath;C:\Windows\system32;C:\Windows;C:\Windows\System32\Wbem;C:\Windows\System32\WindowsPowerShell\v1.0\;C:\Windows\System32\OpenSSH\;C:\Program Files\Microsoft SQL Server\130\Tools\Binn\;C:\Users\nguyenvantuanc\AppData\Roaming\npm;C:\Users\nguyenvantuanc;C:\Users\nguyenvantuanc\node_modules\@angular\cli\bin;C:\Program Files\dotnet\;C:\Program Files\Microsoft SQL Server\Client SDK\ODBC\170\Tools\Binn\;C:\Program Files (x86)\Microsoft SQL Server\150\Tools\Binn\;C:\Program Files\Microsoft SQL Server\150\Tools\Binn\;C:\Program Files\Microsoft SQL Server\150\DTS\Binn\;C:\Program Files (x86)\Microsoft SQL Server\150\DTS\Binn\;C:\Program Files (x86)\Bitvise SSH Client;C:\ProgramData\chocolatey\bin;C:\Program Files\Java\jdk1.8.0_45\bin;C:\Users\nguyenvantuanc\AppData\Local\Android\Sdk;C:\Users\nguyenvantuanc\AppData\Local\Android\Sdk\platform-tools;C:\Users\nguyenvantuanc\AppData\Roaming\Python\Python37\site-packages;C:\Program Files\nodejs\;D:\BigData\zookeeper\bin;D:\maven\bin;C:\Program Files\Git\cmd;C:\Program Files\Microsoft SQL Server\120\Tools\Binn\;C:\Program Files (x86)\dotnet\;D:\Server\xampp74\php;C:\ProgramData\ComposerSetup\bin;C:\Users\nguyenvantuanc\AppData\Local\Microsoft\WindowsApps;C:\Users\nguyenvantuanc\AppData\Local\Programs\Microsoft VS Code\bin;C:\Users\nguyenvantuanc\node_modules\@angular\cli\bin;C:\Users\nguyenvantuanc\.dotnet\tools;C:\Program Files\Azure Data Studio\bin;C:\Users\nguyenvantuanc\AppData\Local\Programs\Git\cmd;C:\Users\nguyenvantuanc\AppData\Roaming\npm;C:\Users\nguyenvantuanc\AppData\Local\GitHubDesktop\bin
USERNAME=NguyenVanTuanC
OS=Windows_NT
PROCESSOR_IDENTIFIER=Intel64 Family 6 Model 140 Stepping 2, GenuineIntel



---------------  S Y S T E M  ---------------

OS: Windows 10.0 , 64 bit Build 19041 (10.0.19041.3031)

CPU:total 8 (4 cores per cpu, 2 threads per core) family 6 model 140 stepping 2, cmov, cx8, fxsr, mmx, sse, sse2, sse3, ssse3, sse4.1, sse4.2, popcnt, avx, avx2, aes, clmul, erms, 3dnowpref, lzcnt, ht, tsc, tscinvbit, bmi1, bmi2, adx

Memory: 4k page, physical 16509728k(2376748k free), swap 16509728k(5148k free)

vm_info: Java HotSpot(TM) 64-Bit Server VM (25.45-b02) for windows-amd64 JRE (1.8.0_45-b15), built on Apr 30 2015 12:40:44 by "java_re" with MS VC++ 10.0 (VS2010)

time: Tue Aug 01 23:55:32 2023
elapsed time: 9 seconds (0d 0h 0m 9s)

