#
# There is insufficient memory for the Java Runtime Environment to continue.
# Native memory allocation (malloc) failed to allocate 1201056 bytes for Chunk::new
# Possible reasons:
#   The system is out of physical RAM or swap space
#   In 32 bit mode, the process size limit was hit
# Possible solutions:
#   Reduce memory load on the system
#   Increase physical memory or swap space
#   Check if swap backing store is full
#   Use 64 bit Java on a 64 bit OS
#   Decrease Java heap size (-Xmx/-Xms)
#   Decrease number of Java threads
#   Decrease Java thread stack sizes (-Xss)
#   Set larger code cache with -XX:ReservedCodeCacheSize=
# This output file may be truncated or incomplete.
#
#  Out of Memory Error (allocation.cpp:390), pid=18956, tid=12496
#
# JRE version: Java(TM) SE Runtime Environment (8.0_45-b15) (build 1.8.0_45-b15)
# Java VM: Java HotSpot(TM) 64-Bit Server VM (25.45-b02 mixed mode windows-amd64 compressed oops)
# Failed to write core dump. Minidumps are not enabled by default on client versions of Windows
#

---------------  T H R E A D  ---------------

Current thread (0x000000001e365000):  JavaThread "C2 CompilerThread1" daemon [_thread_in_native, id=12496, stack(0x000000001ea30000,0x000000001eb30000)]

Stack: [0x000000001ea30000,0x000000001eb30000]
Native frames: (J=compiled Java code, j=interpreted, Vv=VM code, C=native code)
V  [jvm.dll+0x32b57a]
V  [jvm.dll+0x279873]
V  [jvm.dll+0x27a509]
V  [jvm.dll+0x271825]
V  [jvm.dll+0xcb9e2]
V  [jvm.dll+0xcbeac]
V  [jvm.dll+0x476ef2]
V  [jvm.dll+0x4b955f]
V  [jvm.dll+0x46baa8]
V  [jvm.dll+0x46ccbe]
V  [jvm.dll+0x4500f2]
V  [jvm.dll+0xa4352]
V  [jvm.dll+0xa4c8f]
V  [jvm.dll+0x241984]
V  [jvm.dll+0x29853a]
C  [msvcr100.dll+0x21d9f]
C  [msvcr100.dll+0x21e3b]
C  [KERNEL32.DLL+0x17614]
C  [ntdll.dll+0x526f1]


Current CompileTask:
C2:  10817 9302       4       org.apache.maven.model.inheritance.DefaultInheritanceAssembler$InheritanceModelMerger::mergePluginContainer_Plugins (433 bytes)


---------------  P R O C E S S  ---------------

Java Threads: ( => current thread )
  0x000000001fe28800 JavaThread "Thread-5" [_thread_in_native, id=16200, stack(0x0000000027dd0000,0x0000000027ed0000)]
  0x000000001fe27000 JavaThread "Thread-4" [_thread_in_native, id=14980, stack(0x0000000027cd0000,0x0000000027dd0000)]
  0x000000001fe26000 JavaThread "Thread-3" [_thread_blocked, id=15752, stack(0x0000000027bd0000,0x0000000027cd0000)]
  0x000000001fe23000 JavaThread "ThreadedStreamConsumer" daemon [_thread_blocked, id=11864, stack(0x0000000027990000,0x0000000027a90000)]
  0x000000001fe24000 JavaThread "ping-timer-10s" daemon [_thread_blocked, id=20388, stack(0x0000000027890000,0x0000000027990000)]
  0x000000001fe25800 JavaThread "timeout-check-timer" daemon [_thread_blocked, id=10512, stack(0x0000000027790000,0x0000000027890000)]
  0x000000001fe29000 JavaThread "resolver-5" daemon [_thread_blocked, id=5412, stack(0x0000000027590000,0x0000000027690000)]
  0x000000001fe24800 JavaThread "resolver-4" daemon [_thread_blocked, id=8780, stack(0x0000000027490000,0x0000000027590000)]
  0x0000000025727000 JavaThread "resolver-3" daemon [_thread_blocked, id=14660, stack(0x00000000270b0000,0x00000000271b0000)]
  0x0000000023a18800 JavaThread "resolver-2" daemon [_thread_blocked, id=5700, stack(0x0000000024f60000,0x0000000025060000)]
  0x0000000021a68000 JavaThread "resolver-1" daemon [_thread_blocked, id=12652, stack(0x0000000024a60000,0x0000000024b60000)]
  0x000000001e3e7800 JavaThread "Service Thread" daemon [_thread_blocked, id=3468, stack(0x000000001ed30000,0x000000001ee30000)]
  0x000000001e36d000 JavaThread "C1 CompilerThread3" daemon [_thread_blocked, id=18748, stack(0x000000001ec30000,0x000000001ed30000)]
  0x000000001e367000 JavaThread "C2 CompilerThread2" daemon [_thread_blocked, id=17424, stack(0x000000001eb30000,0x000000001ec30000)]
=>0x000000001e365000 JavaThread "C2 CompilerThread1" daemon [_thread_in_native, id=12496, stack(0x000000001ea30000,0x000000001eb30000)]
  0x000000001e363000 JavaThread "C2 CompilerThread0" daemon [_thread_blocked, id=17444, stack(0x000000001e930000,0x000000001ea30000)]
  0x000000001e361000 JavaThread "Attach Listener" daemon [_thread_blocked, id=1992, stack(0x000000001e830000,0x000000001e930000)]
  0x000000001e360000 JavaThread "Signal Dispatcher" daemon [_thread_blocked, id=14328, stack(0x000000001e730000,0x000000001e830000)]
  0x0000000002a74000 JavaThread "Finalizer" daemon [_thread_blocked, id=12008, stack(0x000000001e230000,0x000000001e330000)]
  0x000000001c33d800 JavaThread "Reference Handler" daemon [_thread_blocked, id=19704, stack(0x000000001e130000,0x000000001e230000)]
  0x00000000027ce800 JavaThread "main" [_thread_in_native, id=12588, stack(0x00000000027d0000,0x00000000028d0000)]

Other Threads:
  0x000000001c339800 VMThread [stack: 0x000000001e030000,0x000000001e130000] [id=12600]
  0x000000001e3f4000 WatcherThread [stack: 0x000000001ee30000,0x000000001ef30000] [id=18244]

VM state:not at safepoint (normal execution)

VM Mutex/Monitor currently owned by a thread: None

Heap:
 PSYoungGen      total 564224K, used 59361K [0x000000076c000000, 0x000000079b380000, 0x00000007c0000000)
  eden space 524288K, 11% used [0x000000076c000000,0x000000076f9f84d8,0x000000078c000000)
  from space 39936K, 0% used [0x000000078c000000,0x000000078c000000,0x000000078e700000)
  to   space 40448K, 0% used [0x0000000798c00000,0x0000000798c00000,0x000000079b380000)
 ParOldGen       total 198656K, used 38227K [0x00000006c4000000, 0x00000006d0200000, 0x000000076c000000)
  object space 198656K, 19% used [0x00000006c4000000,0x00000006c6554dd8,0x00000006d0200000)
 Metaspace       used 31586K, capacity 32730K, committed 35456K, reserved 1081344K
  class space    used 3555K, capacity 3880K, committed 4224K, reserved 1048576K

Card table byte_map: [0x0000000011e40000,0x0000000012630000] byte_map_base: 0x000000000e820000

Marking Bits: (ParMarkBitMap*) 0x0000000071f54040
 Begin Bits: [0x0000000013370000, 0x0000000017270000)
 End Bits:   [0x0000000017270000, 0x000000001b170000)

Polling page: 0x0000000000a50000

CodeCache: size=245760Kb used=26218Kb max_used=27468Kb free=219541Kb
 bounds [0x0000000002a80000, 0x0000000004580000, 0x0000000011a80000]
 total_blobs=7729 nmethods=7255 adapters=384
 compilation: enabled

Compilation events (10 events):
Event: 10.516 Thread 0x000000001e363000 nmethod 9352 0x0000000002db6510 code [0x0000000002db6660, 0x0000000002db66e8]
Event: 10.516 Thread 0x000000001e363000 9308       4       java.util.Collections$UnmodifiableCollection::contains (11 bytes)
Event: 10.517 Thread 0x000000001e363000 nmethod 9308 0x0000000003cf20d0 code [0x0000000003cf2220, 0x0000000003cf2358]
Event: 10.688 Thread 0x000000001e367000 nmethod 9311 0x00000000041ccf10 code [0x00000000041cd340, 0x00000000041d42f0]
Event: 10.716 Thread 0x000000001e36d000 9391       3       sun.nio.cs.UTF_8$Encoder::encodeArrayLoop (489 bytes)
Event: 10.718 Thread 0x000000001e36d000 nmethod 9391 0x00000000034602d0 code [0x0000000003460820, 0x0000000003463e28]
Event: 10.718 Thread 0x000000001e36d000 9393       3       java.util.Calendar::internalGet (7 bytes)
Event: 10.718 Thread 0x000000001e36d000 nmethod 9393 0x00000000042ae5d0 code [0x00000000042ae720, 0x00000000042ae890]
Event: 10.718 Thread 0x000000001e36d000 9392   !   3       java.nio.charset.CharsetEncoder::encode (285 bytes)
Event: 10.719 Thread 0x000000001e36d000 nmethod 9392 0x0000000003188e10 code [0x00000000031890e0, 0x000000000318a6b8]

GC Heap History (10 events):
Event: 6.068 GC heap before
{Heap before GC invocations=11 (full 1):
 PSYoungGen      total 311296K, used 308859K [0x000000076c000000, 0x0000000787880000, 0x00000007c0000000)
  eden space 284672K, 100% used [0x000000076c000000,0x000000077d600000,0x000000077d600000)
  from space 26624K, 90% used [0x000000077d600000,0x000000077ed9ec18,0x000000077f000000)
  to   space 29184K, 0% used [0x0000000785c00000,0x0000000785c00000,0x0000000787880000)
 ParOldGen       total 113664K, used 28155K [0x00000006c4000000, 0x00000006caf00000, 0x000000076c000000)
  object space 113664K, 24% used [0x00000006c4000000,0x00000006c5b7ecd0,0x00000006caf00000)
 Metaspace       used 29551K, capacity 30644K, committed 30976K, reserved 1077248K
  class space    used 3424K, capacity 3727K, committed 3840K, reserved 1048576K
Event: 6.086 GC heap after
Heap after GC invocations=11 (full 1):
 PSYoungGen      total 418816K, used 19396K [0x000000076c000000, 0x0000000787700000, 0x00000007c0000000)
  eden space 391168K, 0% used [0x000000076c000000,0x000000076c000000,0x0000000783e00000)
  from space 27648K, 70% used [0x0000000785c00000,0x0000000786ef1338,0x0000000787700000)
  to   space 29184K, 0% used [0x0000000783e00000,0x0000000783e00000,0x0000000785a80000)
 ParOldGen       total 113664K, used 41441K [0x00000006c4000000, 0x00000006caf00000, 0x000000076c000000)
  object space 113664K, 36% used [0x00000006c4000000,0x00000006c68785e0,0x00000006caf00000)
 Metaspace       used 29551K, capacity 30644K, committed 30976K, reserved 1077248K
  class space    used 3424K, capacity 3727K, committed 3840K, reserved 1048576K
}
Event: 8.360 GC heap before
{Heap before GC invocations=12 (full 1):
 PSYoungGen      total 418816K, used 410564K [0x000000076c000000, 0x0000000787700000, 0x00000007c0000000)
  eden space 391168K, 100% used [0x000000076c000000,0x0000000783e00000,0x0000000783e00000)
  from space 27648K, 70% used [0x0000000785c00000,0x0000000786ef1338,0x0000000787700000)
  to   space 29184K, 0% used [0x0000000783e00000,0x0000000783e00000,0x0000000785a80000)
 ParOldGen       total 113664K, used 41441K [0x00000006c4000000, 0x00000006caf00000, 0x000000076c000000)
  object space 113664K, 36% used [0x00000006c4000000,0x00000006c68785e0,0x00000006caf00000)
 Metaspace       used 31526K, capacity 32628K, committed 32896K, reserved 1079296K
  class space    used 3577K, capacity 3855K, committed 3968K, reserved 1048576K
Event: 8.391 GC heap after
Heap after GC invocations=12 (full 1):
 PSYoungGen      total 420352K, used 29170K [0x000000076c000000, 0x0000000790f00000, 0x00000007c0000000)
  eden space 391168K, 0% used [0x000000076c000000,0x000000076c000000,0x0000000783e00000)
  from space 29184K, 99% used [0x0000000783e00000,0x0000000785a7c990,0x0000000785a80000)
  to   space 38400K, 0% used [0x000000078e980000,0x000000078e980000,0x0000000790f00000)
 ParOldGen       total 113664K, used 56682K [0x00000006c4000000, 0x00000006caf00000, 0x000000076c000000)
  object space 113664K, 49% used [0x00000006c4000000,0x00000006c775aaf8,0x00000006caf00000)
 Metaspace       used 31526K, capacity 32628K, committed 32896K, reserved 1079296K
  class space    used 3577K, capacity 3855K, committed 3968K, reserved 1048576K
}
Event: 9.111 GC heap before
{Heap before GC invocations=13 (full 1):
 PSYoungGen      total 420352K, used 420041K [0x000000076c000000, 0x0000000790f00000, 0x00000007c0000000)
  eden space 391168K, 99% used [0x000000076c000000,0x0000000783db5ca0,0x0000000783e00000)
  from space 29184K, 99% used [0x0000000783e00000,0x0000000785a7c990,0x0000000785a80000)
  to   space 38400K, 0% used [0x000000078e980000,0x000000078e980000,0x0000000790f00000)
 ParOldGen       total 113664K, used 56682K [0x00000006c4000000, 0x00000006caf00000, 0x000000076c000000)
  object space 113664K, 49% used [0x00000006c4000000,0x00000006c775aaf8,0x00000006caf00000)
 Metaspace       used 31739K, capacity 32916K, committed 33152K, reserved 1079296K
  class space    used 3591K, capacity 3887K, committed 3968K, reserved 1048576K
Event: 9.126 GC heap after
Heap after GC invocations=13 (full 1):
 PSYoungGen      total 561664K, used 28782K [0x000000076c000000, 0x0000000790e00000, 0x00000007c0000000)
  eden space 524288K, 0% used [0x000000076c000000,0x000000076c000000,0x000000078c000000)
  from space 37376K, 77% used [0x000000078e980000,0x000000079059bad0,0x0000000790e00000)
  to   space 39936K, 0% used [0x000000078c000000,0x000000078c000000,0x000000078e700000)
 ParOldGen       total 113664K, used 64374K [0x00000006c4000000, 0x00000006caf00000, 0x000000076c000000)
  object space 113664K, 56% used [0x00000006c4000000,0x00000006c7edd878,0x00000006caf00000)
 Metaspace       used 31739K, capacity 32916K, committed 33152K, reserved 1079296K
  class space    used 3591K, capacity 3887K, committed 3968K, reserved 1048576K
}
Event: 10.266 GC heap before
{Heap before GC invocations=14 (full 1):
 PSYoungGen      total 561664K, used 147530K [0x000000076c000000, 0x0000000790e00000, 0x00000007c0000000)
  eden space 524288K, 22% used [0x000000076c000000,0x00000007733f6f88,0x000000078c000000)
  from space 37376K, 77% used [0x000000078e980000,0x000000079059bad0,0x0000000790e00000)
  to   space 39936K, 0% used [0x000000078c000000,0x000000078c000000,0x000000078e700000)
 ParOldGen       total 113664K, used 64374K [0x00000006c4000000, 0x00000006caf00000, 0x000000076c000000)
  object space 113664K, 56% used [0x00000006c4000000,0x00000006c7edd878,0x00000006caf00000)
 Metaspace       used 34018K, capacity 35322K, committed 35456K, reserved 1081344K
  class space    used 3846K, capacity 4168K, committed 4224K, reserved 1048576K
Event: 10.283 GC heap after
Heap after GC invocations=14 (full 1):
 PSYoungGen      total 564224K, used 5143K [0x000000076c000000, 0x000000079b380000, 0x00000007c0000000)
  eden space 524288K, 0% used [0x000000076c000000,0x000000076c000000,0x000000078c000000)
  from space 39936K, 12% used [0x000000078c000000,0x000000078c505c18,0x000000078e700000)
  to   space 40448K, 0% used [0x0000000798c00000,0x0000000798c00000,0x000000079b380000)
 ParOldGen       total 113664K, used 89963K [0x00000006c4000000, 0x00000006caf00000, 0x000000076c000000)
  object space 113664K, 79% used [0x00000006c4000000,0x00000006c97dacf8,0x00000006caf00000)
 Metaspace       used 34018K, capacity 35322K, committed 35456K, reserved 1081344K
  class space    used 3846K, capacity 4168K, committed 4224K, reserved 1048576K
}
Event: 10.283 GC heap before
{Heap before GC invocations=15 (full 2):
 PSYoungGen      total 564224K, used 5143K [0x000000076c000000, 0x000000079b380000, 0x00000007c0000000)
  eden space 524288K, 0% used [0x000000076c000000,0x000000076c000000,0x000000078c000000)
  from space 39936K, 12% used [0x000000078c000000,0x000000078c505c18,0x000000078e700000)
  to   space 40448K, 0% used [0x0000000798c00000,0x0000000798c00000,0x000000079b380000)
 ParOldGen       total 113664K, used 89963K [0x00000006c4000000, 0x00000006caf00000, 0x000000076c000000)
  object space 113664K, 79% used [0x00000006c4000000,0x00000006c97dacf8,0x00000006caf00000)
 Metaspace       used 34018K, capacity 35322K, committed 35456K, reserved 1081344K
  class space    used 3846K, capacity 4168K, committed 4224K, reserved 1048576K
Event: 10.374 GC heap after
Heap after GC invocations=15 (full 2):
 PSYoungGen      total 564224K, used 0K [0x000000076c000000, 0x000000079b380000, 0x00000007c0000000)
  eden space 524288K, 0% used [0x000000076c000000,0x000000076c000000,0x000000078c000000)
  from space 39936K, 0% used [0x000000078c000000,0x000000078c000000,0x000000078e700000)
  to   space 40448K, 0% used [0x0000000798c00000,0x0000000798c00000,0x000000079b380000)
 ParOldGen       total 198656K, used 38227K [0x00000006c4000000, 0x00000006d0200000, 0x000000076c000000)
  object space 198656K, 19% used [0x00000006c4000000,0x00000006c6554dd8,0x00000006d0200000)
 Metaspace       used 31010K, capacity 32118K, committed 35456K, reserved 1081344K
  class space    used 3494K, capacity 3784K, committed 4224K, reserved 1048576K
}

Deoptimization events (10 events):
Event: 10.249 Thread 0x00000000027ce800 Uncommon trap: reason=class_check action=maybe_recompile pc=0x0000000003988efc method=java.util.stream.AbstractPipeline.wrapAndCopyInto(Ljava/util/stream/Sink;Ljava/util/Spliterator;)Ljava/util/stream/Sink; @ 6
Event: 10.261 Thread 0x0000000023a18800 Uncommon trap: reason=null_check action=make_not_entrant pc=0x0000000003543ef4 method=com.google.inject.internal.InjectorImpl.enterContext()Lcom/google/inject/internal/InternalContext; @ 7
Event: 10.261 Thread 0x0000000025727000 Uncommon trap: reason=null_check action=make_not_entrant pc=0x00000000034f0c5c method=com.google.inject.internal.InjectorImpl.enterContext()Lcom/google/inject/internal/InternalContext; @ 7
Event: 10.432 Thread 0x00000000027ce800 Uncommon trap: reason=unstable_if action=reinterpret pc=0x00000000038a3e68 method=java.util.concurrent.locks.AbstractQueuedSynchronizer.release(I)Z @ 14
Event: 10.432 Thread 0x0000000021a68000 Uncommon trap: reason=unstable_if action=reinterpret pc=0x0000000003882ee4 method=java.util.concurrent.ConcurrentHashMap.addCount(JI)V @ 34
Event: 10.507 Thread 0x00000000027ce800 Uncommon trap: reason=class_check action=maybe_recompile pc=0x00000000039cb5e0 method=java.util.Collections$UnmodifiableMap$UnmodifiableEntrySet$UnmodifiableEntry.<init>(Ljava/util/Map$Entry;)V @ 9
Event: 10.507 Thread 0x00000000027ce800 Uncommon trap: reason=class_check action=maybe_recompile pc=0x00000000039cb5e0 method=java.util.Collections$UnmodifiableMap$UnmodifiableEntrySet$UnmodifiableEntry.<init>(Ljava/util/Map$Entry;)V @ 9
Event: 10.507 Thread 0x00000000027ce800 Uncommon trap: reason=class_check action=maybe_recompile pc=0x00000000039cb5e0 method=java.util.Collections$UnmodifiableMap$UnmodifiableEntrySet$UnmodifiableEntry.<init>(Ljava/util/Map$Entry;)V @ 9
Event: 10.507 Thread 0x00000000027ce800 Uncommon trap: reason=class_check action=maybe_recompile pc=0x00000000039cb5e0 method=java.util.Collections$UnmodifiableMap$UnmodifiableEntrySet$UnmodifiableEntry.<init>(Ljava/util/Map$Entry;)V @ 9
Event: 10.716 Thread 0x000000001fe23000 Uncommon trap: reason=null_check action=make_not_entrant pc=0x0000000003a933c0 method=java.lang.StringCoding.deref(Ljava/lang/ThreadLocal;)Ljava/lang/Object; @ 4

Internal exceptions (10 events):
Event: 7.559 Thread 0x00000000027ce800 Implicit null exception at 0x00000000042687a1 to 0x000000000426ba35
Event: 8.767 Thread 0x00000000027ce800 Implicit null exception at 0x0000000004381d37 to 0x0000000004381dc9
Event: 9.103 Thread 0x00000000027ce800 Exception <a 'java/io/FileNotFoundException'> (0x0000000783ceef98) thrown at [C:\re\workspace\8-2-build-windows-amd64-cygwin\jdk8u45\3627\hotspot\src\share\vm\prims\jni.cpp, line 709]
Event: 9.103 Thread 0x00000000027ce800 Exception <a 'java/io/FileNotFoundException'> (0x0000000783cf09c8) thrown at [C:\re\workspace\8-2-build-windows-amd64-cygwin\jdk8u45\3627\hotspot\src\share\vm\prims\jni.cpp, line 709]
Event: 10.204 Thread 0x00000000027ce800 Exception <a 'java/lang/NoSuchMethodError': org.apache.maven.execution.MavenExecutionRequest.getFailureBehavior()Ljava/lang/String;> (0x00000007719e8fb8) thrown at [C:\re\workspace\8-2-build-windows-amd64-cygwin\jdk8u45\3627\hotspot\src\share\vm\interpretee€U?x$@
Event: 10.235 Thread 0x00000000027ce800 Exception <a 'java/lang/NoSuchMethodError': java.lang.Object.lambda$and$10(Ljava/util/function/Predicate;Ljava/lang/Object;)Z> (0x00000007720fb298) thrown at [C:\re\workspace\8-2-build-windows-amd64-cygwin\jdk8u45\3627\hotspot\src\share\vm\interpreter\linkçí¾ë}$@
Event: 10.246 Thread 0x00000000027ce800 Exception <a 'java/lang/NoSuchMethodError': java.lang.Object.lambda$or$12(Ljava/util/function/Predicate;Ljava/lang/Object;)Z> (0x000000077235b7f8) thrown at [C:\re\workspace\8-2-build-windows-amd64-cygwin\jdk8u45\3627\hotspot\src\share\vm\interpreter\linkR7éþ …$@
Event: 10.261 Thread 0x0000000023a18800 Implicit null exception at 0x0000000003543a9b to 0x0000000003543ee9
Event: 10.261 Thread 0x0000000025727000 Implicit null exception at 0x00000000034f0806 to 0x00000000034f0c4d
Event: 10.716 Thread 0x000000001fe23000 Implicit null exception at 0x0000000003a9298c to 0x0000000003a933a5

Events (10 events):
Event: 10.713 Executing VM operation: BulkRevokeBias done
Event: 10.713 Executing VM operation: RevokeBias
Event: 10.713 Executing VM operation: RevokeBias done
Event: 10.715 loading class java/lang/Throwable$WrappedPrintWriter
Event: 10.715 loading class java/lang/Throwable$PrintStreamOrWriter
Event: 10.715 loading class java/lang/Throwable$PrintStreamOrWriter done
Event: 10.715 loading class java/lang/Throwable$WrappedPrintWriter done
Event: 10.716 Thread 0x000000001fe23000 Uncommon trap: trap_request=0xfffffff4 fr.pc=0x0000000003a933c0
Event: 10.716 Thread 0x000000001fe23000 DEOPT PACKING pc=0x0000000003a933c0 sp=0x0000000027a8e700
Event: 10.716 Thread 0x000000001fe23000 DEOPT UNPACKING pc=0x0000000002ac582a sp=0x0000000027a8e670 mode 2


Dynamic libraries:
0x00007ff6ee9d0000 - 0x00007ff6eea07000 	C:\Program Files\Java\jdk1.8.0_45\bin\java.exe
0x00007ffe65470000 - 0x00007ffe65668000 	C:\Windows\SYSTEM32\ntdll.dll
0x00007ffe64640000 - 0x00007ffe646ff000 	C:\Windows\System32\KERNEL32.DLL
0x00007ffe631d0000 - 0x00007ffe634c6000 	C:\Windows\System32\KERNELBASE.dll
0x00007ffe637d0000 - 0x00007ffe6387f000 	C:\Windows\System32\ADVAPI32.dll
0x00007ffe63c30000 - 0x00007ffe63cce000 	C:\Windows\System32\msvcrt.dll
0x00007ffe652c0000 - 0x00007ffe6535c000 	C:\Windows\System32\sechost.dll
0x00007ffe63550000 - 0x00007ffe63676000 	C:\Windows\System32\RPCRT4.dll
0x00007ffe63e50000 - 0x00007ffe63fed000 	C:\Windows\System32\USER32.dll
0x00007ffe62f40000 - 0x00007ffe62f62000 	C:\Windows\System32\win32u.dll
0x00007ffe63d70000 - 0x00007ffe63d9c000 	C:\Windows\System32\GDI32.dll
0x00007ffe62b50000 - 0x00007ffe62c65000 	C:\Windows\System32\gdi32full.dll
0x00007ffe63020000 - 0x00007ffe630bd000 	C:\Windows\System32\msvcp_win.dll
0x00007ffe62e40000 - 0x00007ffe62f40000 	C:\Windows\System32\ucrtbase.dll
0x00007ffe2dad0000 - 0x00007ffe2dd6a000 	C:\Windows\WinSxS\amd64_microsoft.windows.common-controls_6595b64144ccf1df_6.0.19041.1110_none_60b5254171f9507e\COMCTL32.dll
0x00007ffe637a0000 - 0x00007ffe637d0000 	C:\Windows\System32\IMM32.DLL
0x00007ffe101d0000 - 0x00007ffe108d1000 	C:\Program Files\McAfee\DLP\Agent\fcagpph64.dll
0x00007ffe64b70000 - 0x00007ffe652b4000 	C:\Windows\System32\SHELL32.dll
0x00007ffe63a90000 - 0x00007ffe63bba000 	C:\Windows\System32\ole32.dll
0x00007ffe64190000 - 0x00007ffe644e4000 	C:\Windows\System32\combase.dll
0x00007ffe63a30000 - 0x00007ffe63a85000 	C:\Windows\System32\SHLWAPI.dll
0x00007ffe640a0000 - 0x00007ffe6416d000 	C:\Windows\System32\OLEAUT32.dll
0x00007ffe45390000 - 0x00007ffe4542d000 	C:\Windows\SYSTEM32\WINSPOOL.DRV
0x00007ffe63ff0000 - 0x00007ffe6409d000 	C:\Windows\System32\shcore.dll
0x00007ffe58780000 - 0x00007ffe5878a000 	C:\Windows\SYSTEM32\VERSION.dll
0x00007ffe62a10000 - 0x00007ffe62a42000 	C:\Windows\SYSTEM32\SspiCli.dll
0x00007ffe61cf0000 - 0x00007ffe61d23000 	C:\Windows\SYSTEM32\ntmarta.dll
0x00007ffe26d20000 - 0x00007ffe26dd2000 	C:\Program Files\McAfee\Endpoint Security\Threat Prevention\Ips\EpMPApi.dll
0x00007ffe62dd0000 - 0x00007ffe62e37000 	C:\Windows\System32\WINTRUST.dll
0x00007ffe62c70000 - 0x00007ffe62dce000 	C:\Windows\System32\CRYPT32.dll
0x00007ffe62730000 - 0x00007ffe62742000 	C:\Windows\SYSTEM32\MSASN1.dll
0x0000000072720000 - 0x000000007272c000 	C:\Program Files\McAfee\Endpoint Security\Threat Prevention\Ips\EpMPThe.dll
0x00007ffe26cc0000 - 0x00007ffe26d18000 	C:\Program Files\McAfee\Endpoint Security\Threat Prevention\Ips\HIPHandlers64.dll
0x00007ffe60ea0000 - 0x00007ffe61084000 	C:\Windows\SYSTEM32\dbghelp.dll
0x0000000072190000 - 0x0000000072262000 	C:\Program Files\Java\jdk1.8.0_45\jre\bin\msvcr100.dll
0x0000000071750000 - 0x0000000071fd3000 	C:\Program Files\Java\jdk1.8.0_45\jre\bin\server\jvm.dll
0x00007ffe63c20000 - 0x00007ffe63c28000 	C:\Windows\System32\PSAPI.DLL
0x00007ffe44fe0000 - 0x00007ffe44fe9000 	C:\Windows\SYSTEM32\WSOCK32.dll
0x00007ffe65360000 - 0x00007ffe653cb000 	C:\Windows\System32\WS2_32.dll
0x00007ffe451a0000 - 0x00007ffe451c7000 	C:\Windows\SYSTEM32\WINMM.dll
0x0000000072180000 - 0x000000007218f000 	C:\Program Files\Java\jdk1.8.0_45\jre\bin\verify.dll
0x0000000072150000 - 0x0000000072179000 	C:\Program Files\Java\jdk1.8.0_45\jre\bin\java.dll
0x0000000072130000 - 0x0000000072146000 	C:\Program Files\Java\jdk1.8.0_45\jre\bin\zip.dll
0x00007ffe60630000 - 0x00007ffe60dc3000 	C:\Windows\SYSTEM32\windows.storage.dll
0x00007ffe625a0000 - 0x00007ffe625ce000 	C:\Windows\SYSTEM32\Wldp.dll
0x00007ffe62a90000 - 0x00007ffe62aaf000 	C:\Windows\SYSTEM32\profapi.dll
0x0000000072110000 - 0x000000007212a000 	C:\Program Files\Java\jdk1.8.0_45\jre\bin\net.dll
0x00007ffe62300000 - 0x00007ffe6236a000 	C:\Windows\system32\mswsock.dll
0x00000000720f0000 - 0x0000000072101000 	C:\Program Files\Java\jdk1.8.0_45\jre\bin\nio.dll
0x0000000069ac0000 - 0x0000000069ae4000 	D:\maven\lib\jansi-native\Windows\x86_64\jansi.dll
0x00007ffe624f0000 - 0x00007ffe62508000 	C:\Windows\SYSTEM32\CRYPTSP.dll
0x00007ffe61bb0000 - 0x00007ffe61be4000 	C:\Windows\system32\rsaenh.dll
0x00007ffe63150000 - 0x00007ffe63177000 	C:\Windows\System32\bcrypt.dll
0x00007ffe62a50000 - 0x00007ffe62a7e000 	C:\Windows\SYSTEM32\USERENV.dll
0x00007ffe630c0000 - 0x00007ffe63142000 	C:\Windows\System32\bcryptprimitives.dll
0x00007ffe62510000 - 0x00007ffe6251c000 	C:\Windows\SYSTEM32\CRYPTBASE.dll
0x00007ffe61fa0000 - 0x00007ffe61fdc000 	C:\Windows\SYSTEM32\IPHLPAPI.DLL
0x0000000002920000 - 0x0000000002928000 	C:\Windows\System32\NSI.dll
0x00007ffe5c680000 - 0x00007ffe5c697000 	C:\Windows\SYSTEM32\dhcpcsvc6.DLL
0x00007ffe5c660000 - 0x00007ffe5c67d000 	C:\Windows\SYSTEM32\dhcpcsvc.DLL
0x00007ffe61ff0000 - 0x00007ffe620ba000 	C:\Windows\SYSTEM32\DNSAPI.dll
0x00000000720e0000 - 0x00000000720ed000 	C:\Program Files\Java\jdk1.8.0_45\jre\bin\management.dll
0x00007ffe2f2c0000 - 0x00007ffe2f2d7000 	C:\Windows\system32\napinsp.dll
0x00007ffe2f2a0000 - 0x00007ffe2f2bb000 	C:\Windows\system32\pnrpnsp.dll
0x00007ffe2f260000 - 0x00007ffe2f275000 	C:\Windows\system32\wshbth.dll
0x00007ffe5f5f0000 - 0x00007ffe5f60d000 	C:\Windows\system32\NLAapi.dll
0x00007ffe2f280000 - 0x00007ffe2f292000 	C:\Windows\System32\winrnr.dll
0x00007ffe5b920000 - 0x00007ffe5b92a000 	C:\Windows\System32\rasadhlp.dll
0x00007ffe5d250000 - 0x00007ffe5d2d2000 	C:\Windows\System32\fwpuclnt.dll

VM Arguments:
jvm_args: -Dclassworlds.conf=D:\maven\bin\m2.conf -Dmaven.home=D:\maven -Dlibrary.jansi.path=D:\maven\lib\jansi-native -Dmaven.multiModuleProjectDirectory=D:\Project\EVN\project1\khcn-backend-service 
java_command: org.codehaus.plexus.classworlds.launcher.Launcher install
java_class_path (initial): D:\maven\boot\plexus-classworlds-2.7.0.jar
Launcher Type: SUN_STANDARD

Environment Variables:
JAVA_HOME=C:\Program Files\Java\jdk1.8.0_45
CLASSPATH=.;
PATH=C:\Program Files\Python37\Scripts\;C:\Program Files\Python37\;C:\ProgramData\Oracle\Java\javapath;C:\Windows\system32;C:\Windows;C:\Windows\System32\Wbem;C:\Windows\System32\WindowsPowerShell\v1.0\;C:\Windows\System32\OpenSSH\;C:\Program Files\Microsoft SQL Server\130\Tools\Binn\;C:\Users\nguyenvantuanc\AppData\Roaming\npm;C:\Users\nguyenvantuanc;C:\Users\nguyenvantuanc\node_modules\@angular\cli\bin;C:\Program Files\dotnet\;C:\Program Files\Microsoft SQL Server\Client SDK\ODBC\170\Tools\Binn\;C:\Program Files (x86)\Microsoft SQL Server\150\Tools\Binn\;C:\Program Files\Microsoft SQL Server\150\Tools\Binn\;C:\Program Files\Microsoft SQL Server\150\DTS\Binn\;C:\Program Files (x86)\Microsoft SQL Server\150\DTS\Binn\;C:\Program Files (x86)\Bitvise SSH Client;C:\ProgramData\chocolatey\bin;C:\Program Files\Java\jdk1.8.0_45\bin;C:\Users\nguyenvantuanc\AppData\Local\Android\Sdk;C:\Users\nguyenvantuanc\AppData\Local\Android\Sdk\platform-tools;C:\Users\nguyenvantuanc\AppData\Roaming\Python\Python37\site-packages;C:\Program Files\nodejs\;D:\BigData\zookeeper\bin;D:\maven\bin;C:\Program Files\Git\cmd;C:\Program Files\Microsoft SQL Server\120\Tools\Binn\;C:\Program Files (x86)\dotnet\;D:\Server\xampp74\php;C:\ProgramData\ComposerSetup\bin;C:\Users\nguyenvantuanc\AppData\Local\Microsoft\WindowsApps;C:\Users\nguyenvantuanc\AppData\Local\Programs\Microsoft VS Code\bin;C:\Users\nguyenvantuanc\node_modules\@angular\cli\bin;C:\Users\nguyenvantuanc\.dotnet\tools;C:\Program Files\Azure Data Studio\bin;C:\Users\nguyenvantuanc\AppData\Local\Programs\Git\cmd;C:\Users\nguyenvantuanc\AppData\Roaming\npm;C:\Users\nguyenvantuanc\AppData\Local\GitHubDesktop\bin
USERNAME=NguyenVanTuanC
OS=Windows_NT
PROCESSOR_IDENTIFIER=Intel64 Family 6 Model 140 Stepping 2, GenuineIntel



---------------  S Y S T E M  ---------------

OS: Windows 10.0 , 64 bit Build 19041 (10.0.19041.3031)

CPU:total 8 (4 cores per cpu, 2 threads per core) family 6 model 140 stepping 2, cmov, cx8, fxsr, mmx, sse, sse2, sse3, ssse3, sse4.1, sse4.2, popcnt, avx, avx2, aes, clmul, erms, 3dnowpref, lzcnt, ht, tsc, tscinvbit, bmi1, bmi2, adx

Memory: 4k page, physical 16509728k(2391316k free), swap 16509728k(23788k free)

vm_info: Java HotSpot(TM) 64-Bit Server VM (25.45-b02) for windows-amd64 JRE (1.8.0_45-b15), built on Apr 30 2015 12:40:44 by "java_re" with MS VC++ 10.0 (VS2010)

time: Wed Aug 02 12:54:51 2023
elapsed time: 10 seconds (0d 0h 0m 10s)

