#
# There is insufficient memory for the Java Runtime Environment to continue.
# Native memory allocation (mmap) failed to map 264241152 bytes for Failed to commit area from 0x0000000704000000 to 0x0000000713c00000 of length 264241152.
# Possible reasons:
#   The system is out of physical RAM or swap space
#   The process is running with CompressedOops enabled, and the Java Heap may be blocking the growth of the native heap
# Possible solutions:
#   Reduce memory load on the system
#   Increase physical memory or swap space
#   Check if swap backing store is full
#   Decrease Java heap size (-Xmx/-Xms)
#   Decrease number of Java threads
#   Decrease Java thread stack sizes (-Xss)
#   Set larger code cache with -XX:ReservedCodeCacheSize=
# This output file may be truncated or incomplete.
#
#  Out of Memory Error (./open/src/hotspot/os/windows/os_windows.cpp:3287), pid=5740, tid=14100
#
# JRE version:  (11.0.16+11) (build )
# Java VM: Java HotSpot(TM) 64-Bit Server VM (11.0.16+11-LTS-199, mixed mode, sharing, tiered, compressed oops, g1 gc, windows-amd64)
# No core dump will be written. Minidumps are not enabled by default on client versions of Windows
#

---------------  S U M M A R Y ------------

Command Line: -agentlib:jdwp=transport=dt_socket,address=127.0.0.1:60264,suspend=y,server=n -XX:TieredStopAtLevel=1 -Xverify:none -Dspring.output.ansi.enabled=always -javaagent:C:\Users\nguyenvantuanc\AppData\Local\JetBrains\IntelliJIdea2021.1\captureAgent\debugger-agent.jar -Dcom.sun.management.jmxremote -Dspring.jmx.enabled=true -Dspring.liveBeansView.mbeanDomain -Dspring.application.admin.enabled=true -Dfile.encoding=UTF-8 com.evnit.ttpm.khcn.MainApplication

Host: 11th Gen Intel(R) Core(TM) i5-11320H @ 3.20GHz, 8 cores, 15G,  Windows 10 , 64 bit Build 19041 (10.0.19041.3031)
Time: Thu Jul 20 23:08:35 2023 SE Asia Standard Time elapsed time: 0.028751 seconds (0d 0h 0m 0s)

---------------  T H R E A D  ---------------

Current thread (0x000001ed4a42f000):  JavaThread "Unknown thread" [_thread_in_vm, id=14100, stack(0x0000008dcaf00000,0x0000008dcb000000)]

Stack: [0x0000008dcaf00000,0x0000008dcb000000]
Native frames: (J=compiled Java code, j=interpreted, Vv=VM code, C=native code)
V  [jvm.dll+0x62a3ea]
V  [jvm.dll+0x76418f]
V  [jvm.dll+0x765839]
V  [jvm.dll+0x765ec3]
V  [jvm.dll+0x23da98]
V  [jvm.dll+0x62770a]
V  [jvm.dll+0x61c475]
V  [jvm.dll+0x2f2aac]
V  [jvm.dll+0x2f2932]
V  [jvm.dll+0x2f7656]
V  [jvm.dll+0x33a1cf]
V  [jvm.dll+0x339c00]
V  [jvm.dll+0x2d00c8]
V  [jvm.dll+0x2d1236]
V  [jvm.dll+0x73e757]
V  [jvm.dll+0x73ffef]
V  [jvm.dll+0x346ef9]
V  [jvm.dll+0x723f90]
V  [jvm.dll+0x3b5adf]
V  [jvm.dll+0x3b7bf1]
C  [jli.dll+0x5207]
C  [ucrtbase.dll+0x21bb2]
C  [KERNEL32.DLL+0x17614]
C  [ntdll.dll+0x526f1]


---------------  P R O C E S S  ---------------

Threads class SMR info:
_java_thread_list=0x000001ed4893a500, length=0, elements={
}

Java Threads: ( => current thread )

Other Threads:
  0x000001ed4a443800 GCTaskThread "GC Thread#0" [stack: 0x0000008dcb000000,0x0000008dcb100000] [id=11096]
  0x000001ed61864000 ConcurrentGCThread "G1 Main Marker" [stack: 0x0000008dcb100000,0x0000008dcb200000] [id=11168]
  0x000001ed61866800 ConcurrentGCThread "G1 Conc#0" [stack: 0x0000008dcb200000,0x0000008dcb300000] [id=14728]

[error occurred during error reporting (printing all threads), id 0xc0000005, EXCEPTION_ACCESS_VIOLATION (0xc0000005) at pc=0x00007ffa44def357]

VM state:not at safepoint (not fully initialized)

VM Mutex/Monitor currently owned by a thread:  ([mutex/lock_event])
[0x000001ed4a42c8c0] Heap_lock - owner thread: 0x000001ed4a42f000

Heap address: 0x0000000704000000, size: 4032 MB, Compressed Oops mode: Non-zero based: 0x0000000704000000
Narrow klass base: 0x0000000000000000, Narrow klass shift: 0

GC Heap History (0 events):
No events

Deoptimization events (0 events):
No events

Classes redefined (0 events):
No events

Internal exceptions (0 events):
No events

Events (0 events):
No events


Dynamic libraries:
0x00007ff7c06d0000 - 0x00007ff7c06df000 	C:\Program Files\Java\jdk-11.0.16\bin\java.exe
0x00007ffaa71b0000 - 0x00007ffaa73a8000 	C:\Windows\SYSTEM32\ntdll.dll
0x00007ffaa6770000 - 0x00007ffaa682f000 	C:\Windows\System32\KERNEL32.DLL
0x00007ffaa4f10000 - 0x00007ffaa5206000 	C:\Windows\System32\KERNELBASE.dll
0x00007ffaa4ca0000 - 0x00007ffaa4da0000 	C:\Windows\System32\ucrtbase.dll
0x00007ffa672c0000 - 0x00007ffa672d8000 	C:\Program Files\Java\jdk-11.0.16\bin\jli.dll
0x00007ffaa6ea0000 - 0x00007ffaa6f4f000 	C:\Windows\System32\ADVAPI32.dll
0x00007ffaa70d0000 - 0x00007ffaa716e000 	C:\Windows\System32\msvcrt.dll
0x00007ffaa6f50000 - 0x00007ffaa6fec000 	C:\Windows\System32\sechost.dll
0x00007ffaa6840000 - 0x00007ffaa6966000 	C:\Windows\System32\RPCRT4.dll
0x00007ffaa6ce0000 - 0x00007ffaa6e7d000 	C:\Windows\System32\USER32.dll
0x00007ffaa4e30000 - 0x00007ffaa4e52000 	C:\Windows\System32\win32u.dll
0x00007ffaa52c0000 - 0x00007ffaa52ec000 	C:\Windows\System32\GDI32.dll
0x00007ffaa4b80000 - 0x00007ffaa4c95000 	C:\Windows\System32\gdi32full.dll
0x00007ffaa48c0000 - 0x00007ffaa495d000 	C:\Windows\System32\msvcp_win.dll
0x00007ffa67180000 - 0x00007ffa67195000 	C:\Program Files\Java\jdk-11.0.16\bin\VCRUNTIME140.dll
0x00007ffa6f740000 - 0x00007ffa6f9da000 	C:\Windows\WinSxS\amd64_microsoft.windows.common-controls_6595b64144ccf1df_6.0.19041.1110_none_60b5254171f9507e\COMCTL32.dll
0x00007ffa9d150000 - 0x00007ffa9d15a000 	C:\Windows\SYSTEM32\VERSION.dll
0x00007ffaa6740000 - 0x00007ffaa6770000 	C:\Windows\System32\IMM32.DLL
0x00007ffa525e0000 - 0x00007ffa52ce1000 	C:\Program Files\McAfee\DLP\Agent\fcagpph64.dll
0x00007ffaa52f0000 - 0x00007ffaa5a34000 	C:\Windows\System32\SHELL32.dll
0x00007ffaa6b00000 - 0x00007ffaa6c2a000 	C:\Windows\System32\ole32.dll
0x00007ffaa5ce0000 - 0x00007ffaa6034000 	C:\Windows\System32\combase.dll
0x00007ffaa5c80000 - 0x00007ffaa5cd5000 	C:\Windows\System32\SHLWAPI.dll
0x00007ffaa5a40000 - 0x00007ffaa5b0d000 	C:\Windows\System32\OLEAUT32.dll
0x00007ffa89360000 - 0x00007ffa893fd000 	C:\Windows\SYSTEM32\WINSPOOL.DRV
0x00007ffaa5210000 - 0x00007ffaa52bd000 	C:\Windows\System32\shcore.dll
0x00007ffaa4750000 - 0x00007ffaa4782000 	C:\Windows\SYSTEM32\SspiCli.dll
0x00007ffaa3a30000 - 0x00007ffaa3a63000 	C:\Windows\SYSTEM32\ntmarta.dll
0x00007ffa680f0000 - 0x00007ffa681a2000 	C:\Program Files\McAfee\Endpoint Security\Threat Prevention\Ips\EpMPApi.dll
0x00007ffaa4960000 - 0x00007ffaa49c7000 	C:\Windows\System32\WINTRUST.dll
0x00007ffaa4a20000 - 0x00007ffaa4b7e000 	C:\Windows\System32\CRYPT32.dll
0x00007ffaa4470000 - 0x00007ffaa4482000 	C:\Windows\SYSTEM32\MSASN1.dll
0x000000006d8a0000 - 0x000000006d8ac000 	C:\Program Files\McAfee\Endpoint Security\Threat Prevention\Ips\EpMPThe.dll
0x00007ffa68090000 - 0x00007ffa680e8000 	C:\Program Files\McAfee\Endpoint Security\Threat Prevention\Ips\HIPHandlers64.dll
0x00007ffaa2be0000 - 0x00007ffaa2dc4000 	C:\Windows\SYSTEM32\dbghelp.dll
0x00007ffa58090000 - 0x00007ffa5812b000 	C:\Program Files\Java\jdk-11.0.16\bin\msvcp140.dll
0x00007ffa44b10000 - 0x00007ffa45628000 	C:\Program Files\Java\jdk-11.0.16\bin\server\jvm.dll
0x00007ffaa7050000 - 0x00007ffaa7058000 	C:\Windows\System32\PSAPI.DLL
0x00007ffa86cf0000 - 0x00007ffa86cf9000 	C:\Windows\SYSTEM32\WSOCK32.dll
0x00007ffaa7060000 - 0x00007ffaa70cb000 	C:\Windows\System32\WS2_32.dll
0x00007ffa89210000 - 0x00007ffa89237000 	C:\Windows\SYSTEM32\WINMM.dll
0x00007ffaa2ee0000 - 0x00007ffaa2ef2000 	C:\Windows\SYSTEM32\kernel.appcore.dll
0x00007ffa87140000 - 0x00007ffa87150000 	C:\Program Files\Java\jdk-11.0.16\bin\verify.dll
0x00007ffa895b0000 - 0x00007ffa895e4000 	C:\Windows\SYSTEM32\dbgcore.DLL
0x00007ffaa4da0000 - 0x00007ffaa4e22000 	C:\Windows\System32\bcryptPrimitives.dll
0x00007ffa66e20000 - 0x00007ffa66e48000 	C:\Program Files\Java\jdk-11.0.16\bin\java.dll
0x00007ffa80580000 - 0x00007ffa8058a000 	C:\Program Files\Java\jdk-11.0.16\bin\jimage.dll
0x00007ffa66b40000 - 0x00007ffa66b78000 	C:\Program Files\Java\jdk-11.0.16\bin\jdwp.dll
0x00007ffa80430000 - 0x00007ffa8043e000 	C:\Program Files\Java\jdk-11.0.16\bin\instrument.dll
0x00007ffa66cf0000 - 0x00007ffa66d06000 	C:\Program Files\Java\jdk-11.0.16\bin\zip.dll

dbghelp: loaded successfully - version: 4.0.5 - missing functions: none
symbol engine: initialized successfully - sym options: 0x614 - pdb path: .;C:\Program Files\Java\jdk-11.0.16\bin;C:\Windows\SYSTEM32;C:\Windows\WinSxS\amd64_microsoft.windows.common-controls_6595b64144ccf1df_6.0.19041.1110_none_60b5254171f9507e;C:\Program Files\McAfee\DLP\Agent;C:\Program Files\McAfee\Endpoint Security\Threat Prevention\Ips;C:\Program Files\Java\jdk-11.0.16\bin\server

VM Arguments:
jvm_args: -agentlib:jdwp=transport=dt_socket,address=127.0.0.1:60264,suspend=y,server=n -XX:TieredStopAtLevel=1 -Xverify:none -Dspring.output.ansi.enabled=always -javaagent:C:\Users\nguyenvantuanc\AppData\Local\JetBrains\IntelliJIdea2021.1\captureAgent\debugger-agent.jar -Dcom.sun.management.jmxremote -Dspring.jmx.enabled=true -Dspring.liveBeansView.mbeanDomain -Dspring.application.admin.enabled=true -Dfile.encoding=UTF-8 
java_command: com.evnit.ttpm.khcn.MainApplication
java_class_path (initial): D:\Project\EVN\project1\khcn-backend-service\target\classes;C:\Users\nguyenvantuanc\.m2\repository\com\aspose\aspose-words\21.1\aspose-words-21.1.jar;C:\Users\nguyenvantuanc\.m2\repository\org\apache\poi\poi\5.1.0\poi-5.1.0.jar;C:\Users\nguyenvantuanc\.m2\repository\commons-codec\commons-codec\1.15\commons-codec-1.15.jar;C:\Users\nguyenvantuanc\.m2\repository\org\apache\commons\commons-collections4\4.4\commons-collections4-4.4.jar;C:\Users\nguyenvantuanc\.m2\repository\org\apache\commons\commons-math3\3.6.1\commons-math3-3.6.1.jar;C:\Users\nguyenvantuanc\.m2\repository\commons-io\commons-io\2.11.0\commons-io-2.11.0.jar;C:\Users\nguyenvantuanc\.m2\repository\com\zaxxer\SparseBitSet\1.2\SparseBitSet-1.2.jar;C:\Users\nguyenvantuanc\.m2\repository\org\apache\logging\log4j\log4j-api\2.17.2\log4j-api-2.17.2.jar;C:\Users\nguyenvantuanc\.m2\repository\org\apache\poi\poi-ooxml\5.1.0\poi-ooxml-5.1.0.jar;C:\Users\nguyenvantuanc\.m2\repository\org\apache\poi\poi-ooxml-lite\5.1.0\poi-ooxml-lite-5.1.0.jar;C:\Users\nguyenvantuanc\.m2\repository\org\apache\xmlbeans\xmlbeans\5.0.2\xmlbeans-5.0.2.jar;C:\Users\nguyenvantuanc\.m2\repository\org\apache\commons\commons-compress\1.21\commons-compress-1.21.jar;C:\Users\nguyenvantuanc\.m2\repository\com\github\virtuald\curvesapi\1.06\curvesapi-1.06.jar;C:\Users\nguyenvantuanc\.m2\repository\com\microsoft\sqlserver\mssql-jdbc\12.2.0.jre8\mssql-jdbc-12.2.0.jre8.jar;C:\Users\nguyenvantuanc\.m2\repository\org\springframework\boot\spring-boot-starter-data-jpa\2.7.3\spring-boot-starter-data-jpa-2.7.3.jar;C:\Users\nguyenvantuanc\.m2\repository\org\springframework\boot\spring-boot-starter-aop\2.7.3\spring-boot-starter-aop-2.7.3.jar;C:\Users\nguyenvantuanc\.m2\repository\org\aspectj\aspectjweaver\1.9.7\aspectjweaver-1.9.7.jar;C:\Users\nguyenvantuanc\.m2\repository\org\springframework\boot\spring-boot-starter-jdbc\2.7.3\spring-boot-starter-jdbc-2.7.3.jar;C:\Users\nguyenvantuanc\.m2\repository\com\zaxxer\HikariCP\4.0.3\Hik
Launcher Type: SUN_STANDARD

[Global flags]
     bool BytecodeVerificationLocal                = false                                     {product} {command line}
     bool BytecodeVerificationRemote               = false                                     {product} {command line}
     intx CICompilerCount                          = 4                                         {product} {ergonomic}
     uint ConcGCThreads                            = 2                                         {product} {ergonomic}
     uint G1ConcRefinementThreads                  = 8                                         {product} {ergonomic}
   size_t G1HeapRegionSize                         = 1048576                                   {product} {ergonomic}
    uintx GCDrainStackTargetSize                   = 64                                        {product} {ergonomic}
   size_t InitialHeapSize                          = 264241152                                 {product} {ergonomic}
     bool ManagementServer                         = true                                      {product} {command line}
   size_t MarkStackSize                            = 4194304                                   {product} {ergonomic}
   size_t MaxHeapSize                              = 4227858432                                {product} {ergonomic}
   size_t MinHeapDeltaBytes                        = 1048576                                   {product} {ergonomic}
    uintx NonNMethodCodeHeapSize                   = 7549744                                {pd product} {ergonomic}
    uintx NonProfiledCodeHeapSize                  = 244108496                              {pd product} {ergonomic}
    uintx ProfiledCodeHeapSize                     = 0                                      {pd product} {ergonomic}
    uintx ReservedCodeCacheSize                    = 251658240                              {pd product} {ergonomic}
     bool SegmentedCodeCache                       = true                                      {product} {ergonomic}
     intx TieredStopAtLevel                        = 1                                         {product} {command line}
     bool UseCompressedClassPointers               = true                                 {lp64_product} {ergonomic}
     bool UseCompressedOops                        = true                                 {lp64_product} {ergonomic}
     bool UseG1GC                                  = true                                      {product} {ergonomic}
     bool UseLargePagesIndividualAllocation        = false                                  {pd product} {ergonomic}

Logging:
Log output configuration:
 #0: stdout all=warning uptime,level,tags
 #1: stderr all=off uptime,level,tags

Environment Variables:
JAVA_HOME=C:\Program Files\Java\jdk1.8.0_45
CLASSPATH=.;
PATH=C:\Program Files\Python37\Scripts\;C:\Program Files\Python37\;C:\ProgramData\Oracle\Java\javapath;C:\Windows\system32;C:\Windows;C:\Windows\System32\Wbem;C:\Windows\System32\WindowsPowerShell\v1.0\;C:\Windows\System32\OpenSSH\;C:\Program Files\Microsoft SQL Server\130\Tools\Binn\;C:\Users\nguyenvantuanc\AppData\Roaming\npm;C:\Users\nguyenvantuanc;C:\Users\nguyenvantuanc\node_modules\@angular\cli\bin;C:\Program Files\dotnet\;C:\Program Files\Microsoft SQL Server\Client SDK\ODBC\170\Tools\Binn\;C:\Program Files (x86)\Microsoft SQL Server\150\Tools\Binn\;C:\Program Files\Microsoft SQL Server\150\Tools\Binn\;C:\Program Files\Microsoft SQL Server\150\DTS\Binn\;C:\Program Files (x86)\Microsoft SQL Server\150\DTS\Binn\;C:\Program Files (x86)\Bitvise SSH Client;C:\ProgramData\chocolatey\bin;C:\Program Files\Java\jdk1.8.0_45\bin;C:\Users\nguyenvantuanc\AppData\Local\Android\Sdk;C:\Users\nguyenvantuanc\AppData\Local\Android\Sdk\platform-tools;C:\Users\nguyenvantuanc\AppData\Roaming\Python\Python37\site-packages;C:\Program Files\nodejs\;D:\BigData\zookeeper\bin;D:\maven\bin;C:\Program Files\Git\cmd;C:\Program Files\Microsoft SQL Server\120\Tools\Binn\;C:\Program Files (x86)\dotnet\;D:\Server\xampp74\php;C:\ProgramData\ComposerSetup\bin;C:\Users\nguyenvantuanc\AppData\Local\Microsoft\WindowsApps;C:\Users\nguyenvantuanc\AppData\Local\Programs\Microsoft VS Code\bin;C:\Users\nguyenvantuanc\node_modules\@angular\cli\bin;C:\Users\nguyenvantuanc\.dotnet\tools;C:\Program Files\Azure Data Studio\bin;C:\Users\nguyenvantuanc\AppData\Local\Programs\Git\cmd;C:\Users\nguyenvantuanc\AppData\Roaming\npm;C:\Users\nguyenvantuanc\AppData\Local\GitHubDesktop\bin
USERNAME=NguyenVanTuanC
OS=Windows_NT
PROCESSOR_IDENTIFIER=Intel64 Family 6 Model 140 Stepping 2, GenuineIntel



---------------  S Y S T E M  ---------------

OS: Windows 10 , 64 bit Build 19041 (10.0.19041.3031)

CPU:total 8 (initial active 8) (4 cores per cpu, 2 threads per core) family 6 model 140 stepping 2 microcode 0x16, cmov, cx8, fxsr, mmx, sse, sse2, sse3, ssse3, sse4.1, sse4.2, popcnt, avx, avx2, aes, clmul, erms, 3dnowpref, lzcnt, ht, tsc, tscinvbit, bmi1, bmi2, adx, evex, sha, fma

Memory: 4k page, system-wide physical 16122M (2160M free)
TotalPageFile size 16122M (AvailPageFile size 249M)
current process WorkingSet (physical memory assigned to process): 15M, peak: 15M
current process commit charge ("private bytes"): 62M, peak: 314M

vm_info: Java HotSpot(TM) 64-Bit Server VM (11.0.16+11-LTS-199) for windows-amd64 JRE (11.0.16+11-LTS-199), built on Jun 28 2022 08:23:17 by "mach5one" with MS VC++ 15.9 (VS2017)

END.
