#
# There is insufficient memory for the Java Runtime Environment to continue.
# Native memory allocation (malloc) failed to allocate 1451536 bytes for Chunk::new
# Possible reasons:
#   The system is out of physical RAM or swap space
#   In 32 bit mode, the process size limit was hit
# Possible solutions:
#   Reduce memory load on the system
#   Increase physical memory or swap space
#   Check if swap backing store is full
#   Use 64 bit Java on a 64 bit OS
#   Decrease Java heap size (-Xmx/-Xms)
#   Decrease number of Java threads
#   Decrease Java thread stack sizes (-Xss)
#   Set larger code cache with -XX:ReservedCodeCacheSize=
# This output file may be truncated or incomplete.
#
#  Out of Memory Error (allocation.cpp:390), pid=10168, tid=3244
#
# JRE version: Java(TM) SE Runtime Environment (8.0_45-b15) (build 1.8.0_45-b15)
# Java VM: Java HotSpot(TM) 64-Bit Server VM (25.45-b02 mixed mode windows-amd64 compressed oops)
# Failed to write core dump. Minidumps are not enabled by default on client versions of Windows
#

---------------  T H R E A D  ---------------

Current thread (0x000000001eaf4800):  JavaThread "C2 CompilerThread1" daemon [_thread_in_native, id=3244, stack(0x000000001f1c0000,0x000000001f2c0000)]

Stack: [0x000000001f1c0000,0x000000001f2c0000]
Native frames: (J=compiled Java code, j=interpreted, Vv=VM code, C=native code)
V  [jvm.dll+0x32b57a]
V  [jvm.dll+0x279873]
V  [jvm.dll+0x27a509]
V  [jvm.dll+0x271825]
V  [jvm.dll+0xcb9e2]
V  [jvm.dll+0xcbeac]
V  [jvm.dll+0x4929e7]
V  [jvm.dll+0x45f6ff]
V  [jvm.dll+0x46a73b]
V  [jvm.dll+0x46cd52]
V  [jvm.dll+0x4500f2]
V  [jvm.dll+0xa4352]
V  [jvm.dll+0xa4c8f]
V  [jvm.dll+0x241984]
V  [jvm.dll+0x29853a]
C  [msvcr100.dll+0x21d9f]
C  [msvcr100.dll+0x21e3b]
C  [KERNEL32.DLL+0x17614]
C  [ntdll.dll+0x526f1]


Current CompileTask:
C2:   5732 5636   !   4       lombok.javac.JavacAST::drill (146 bytes)


---------------  P R O C E S S  ---------------

Java Threads: ( => current thread )
  0x000000001eb84800 JavaThread "Service Thread" daemon [_thread_blocked, id=11672, stack(0x000000001f4c0000,0x000000001f5c0000)]
  0x000000001eafc800 JavaThread "C1 CompilerThread3" daemon [_thread_blocked, id=5852, stack(0x000000001f3c0000,0x000000001f4c0000)]
  0x000000001eaf6800 JavaThread "C2 CompilerThread2" daemon [_thread_in_native, id=11412, stack(0x000000001f2c0000,0x000000001f3c0000)]
=>0x000000001eaf4800 JavaThread "C2 CompilerThread1" daemon [_thread_in_native, id=3244, stack(0x000000001f1c0000,0x000000001f2c0000)]
  0x000000001eaf3000 JavaThread "C2 CompilerThread0" daemon [_thread_in_native, id=12776, stack(0x000000001f0c0000,0x000000001f1c0000)]
  0x000000001eaef000 JavaThread "Attach Listener" daemon [_thread_blocked, id=13752, stack(0x000000001efc0000,0x000000001f0c0000)]
  0x000000001eaee000 JavaThread "Signal Dispatcher" daemon [_thread_blocked, id=11764, stack(0x000000001eec0000,0x000000001efc0000)]
  0x0000000003224000 JavaThread "Finalizer" daemon [_thread_blocked, id=11800, stack(0x000000001e9c0000,0x000000001eac0000)]
  0x000000001caed800 JavaThread "Reference Handler" daemon [_thread_blocked, id=18624, stack(0x000000001e8c0000,0x000000001e9c0000)]
  0x000000000302e800 JavaThread "main" [_thread_in_Java, id=17840, stack(0x0000000003030000,0x0000000003130000)]

Other Threads:
  0x000000001cae9800 VMThread [stack: 0x000000001e7c0000,0x000000001e8c0000] [id=15568]
  0x000000001eb8f000 WatcherThread [stack: 0x000000001f5c0000,0x000000001f6c0000] [id=14804]

VM state:not at safepoint (normal execution)

VM Mutex/Monitor currently owned by a thread: None

Heap:
 PSYoungGen      total 137728K, used 97444K [0x000000076c000000, 0x0000000777500000, 0x00000007c0000000)
  eden space 111616K, 63% used [0x000000076c000000,0x00000007705aac28,0x0000000772d00000)
  from space 26112K, 99% used [0x0000000774c80000,0x00000007765fe678,0x0000000776600000)
  to   space 32256K, 0% used [0x0000000772d00000,0x0000000772d00000,0x0000000774c80000)
 ParOldGen       total 122880K, used 24528K [0x00000006c4000000, 0x00000006cb800000, 0x000000076c000000)
  object space 122880K, 19% used [0x00000006c4000000,0x00000006c57f4368,0x00000006cb800000)
 Metaspace       used 28055K, capacity 29033K, committed 29184K, reserved 1075200K
  class space    used 3306K, capacity 3563K, committed 3584K, reserved 1048576K

Card table byte_map: [0x00000000125f0000,0x0000000012de0000] byte_map_base: 0x000000000efd0000

Marking Bits: (ParMarkBitMap*) 0x0000000053ed4040
 Begin Bits: [0x0000000013b20000, 0x0000000017a20000)
 End Bits:   [0x0000000017a20000, 0x000000001b920000)

Polling page: 0x0000000001060000

CodeCache: size=245760Kb used=17833Kb max_used=18042Kb free=227927Kb
 bounds [0x0000000003230000, 0x00000000043f0000, 0x0000000012230000]
 total_blobs=5541 nmethods=5104 adapters=349
 compilation: enabled

Compilation events (10 events):
Event: 5.668 Thread 0x000000001eafc800 5761   !   3       lombok.permit.Permit::getField (72 bytes)
Event: 5.669 Thread 0x000000001eafc800 nmethod 5761 0x0000000003fa3dd0 code [0x0000000003fa40a0, 0x0000000003fa53a8]
Event: 5.669 Thread 0x000000001eafc800 5762       3       lombok.javac.JavacAST::buildTry (165 bytes)
Event: 5.670 Thread 0x000000001eafc800 nmethod 5762 0x0000000004012b90 code [0x0000000004012fc0, 0x0000000004015b58]
Event: 5.673 Thread 0x000000001eafc800 5763   !   3       lombok.javac.JavacAST$ErrorLog::create (120 bytes)
Event: 5.674 Thread 0x000000001eafc800 nmethod 5763 0x00000000040116d0 code [0x0000000004011920, 0x00000000040124e8]
Event: 5.693 Thread 0x000000001eafc800 5764       3       lombok.javac.JavacTransformer$AnnotationVisitor::visitAnnotationOnType (34 bytes)
Event: 5.693 Thread 0x000000001eafc800 nmethod 5764 0x0000000003fa3350 code [0x0000000003fa34e0, 0x0000000003fa3b28]
Event: 5.706 Thread 0x000000001eafc800 5766       2       lombok.javac.JavacTransformer$AnnotationVisitor::visitAnnotationOnField (34 bytes)
Event: 5.706 Thread 0x000000001eafc800 nmethod 5766 0x0000000003a647d0 code [0x0000000003a64940, 0x0000000003a64b68]

GC Heap History (10 events):
Event: 4.026 GC heap before
{Heap before GC invocations=7 (full 1):
 PSYoungGen      total 75264K, used 68604K [0x000000076c000000, 0x0000000773380000, 0x00000007c0000000)
  eden space 64512K, 100% used [0x000000076c000000,0x000000076ff00000,0x000000076ff00000)
  from space 10752K, 38% used [0x000000076ff00000,0x00000007702ff1b8,0x0000000770980000)
  to   space 15872K, 0% used [0x0000000772400000,0x0000000772400000,0x0000000773380000)
 ParOldGen       total 122880K, used 13810K [0x00000006c4000000, 0x00000006cb800000, 0x000000076c000000)
  object space 122880K, 11% used [0x00000006c4000000,0x00000006c4d7c9e8,0x00000006cb800000)
 Metaspace       used 25738K, capacity 26643K, committed 26880K, reserved 1073152K
  class space    used 3093K, capacity 3324K, committed 3328K, reserved 1048576K
Event: 4.041 GC heap after
Heap after GC invocations=7 (full 1):
 PSYoungGen      total 95232K, used 15848K [0x000000076c000000, 0x0000000774480000, 0x00000007c0000000)
  eden space 79360K, 0% used [0x000000076c000000,0x000000076c000000,0x0000000770d80000)
  from space 15872K, 99% used [0x0000000772400000,0x000000077337a2f0,0x0000000773380000)
  to   space 23040K, 0% used [0x0000000770d80000,0x0000000770d80000,0x0000000772400000)
 ParOldGen       total 122880K, used 22783K [0x00000006c4000000, 0x00000006cb800000, 0x000000076c000000)
  object space 122880K, 18% used [0x00000006c4000000,0x00000006c563fe78,0x00000006cb800000)
 Metaspace       used 25738K, capacity 26643K, committed 26880K, reserved 1073152K
  class space    used 3093K, capacity 3324K, committed 3328K, reserved 1048576K
}
Event: 4.384 GC heap before
{Heap before GC invocations=8 (full 1):
 PSYoungGen      total 95232K, used 95208K [0x000000076c000000, 0x0000000774480000, 0x00000007c0000000)
  eden space 79360K, 100% used [0x000000076c000000,0x0000000770d80000,0x0000000770d80000)
  from space 15872K, 99% used [0x0000000772400000,0x000000077337a2f0,0x0000000773380000)
  to   space 23040K, 0% used [0x0000000770d80000,0x0000000770d80000,0x0000000772400000)
 ParOldGen       total 122880K, used 22783K [0x00000006c4000000, 0x00000006cb800000, 0x000000076c000000)
  object space 122880K, 18% used [0x00000006c4000000,0x00000006c563fe78,0x00000006cb800000)
 Metaspace       used 26187K, capacity 27123K, committed 27264K, reserved 1073152K
  class space    used 3107K, capacity 3356K, committed 3456K, reserved 1048576K
Event: 4.396 GC heap after
Heap after GC invocations=8 (full 1):
 PSYoungGen      total 102400K, used 21274K [0x000000076c000000, 0x0000000776600000, 0x00000007c0000000)
  eden space 79360K, 0% used [0x000000076c000000,0x000000076c000000,0x0000000770d80000)
  from space 23040K, 92% used [0x0000000770d80000,0x0000000772246a58,0x0000000772400000)
  to   space 26112K, 0% used [0x0000000774c80000,0x0000000774c80000,0x0000000776600000)
 ParOldGen       total 122880K, used 22791K [0x00000006c4000000, 0x00000006cb800000, 0x000000076c000000)
  object space 122880K, 18% used [0x00000006c4000000,0x00000006c5641e78,0x00000006cb800000)
 Metaspace       used 26187K, capacity 27123K, committed 27264K, reserved 1073152K
  class space    used 3107K, capacity 3356K, committed 3456K, reserved 1048576K
}
Event: 4.416 GC heap before
{Heap before GC invocations=9 (full 1):
 PSYoungGen      total 102400K, used 100634K [0x000000076c000000, 0x0000000776600000, 0x00000007c0000000)
  eden space 79360K, 100% used [0x000000076c000000,0x0000000770d80000,0x0000000770d80000)
  from space 23040K, 92% used [0x0000000770d80000,0x0000000772246a58,0x0000000772400000)
  to   space 26112K, 0% used [0x0000000774c80000,0x0000000774c80000,0x0000000776600000)
 ParOldGen       total 122880K, used 22791K [0x00000006c4000000, 0x00000006cb800000, 0x000000076c000000)
  object space 122880K, 18% used [0x00000006c4000000,0x00000006c5641e78,0x00000006cb800000)
 Metaspace       used 26187K, capacity 27123K, committed 27264K, reserved 1073152K
  class space    used 3107K, capacity 3356K, committed 3456K, reserved 1048576K
Event: 4.429 GC heap after
Heap after GC invocations=9 (full 1):
 PSYoungGen      total 105472K, used 21308K [0x000000076c000000, 0x0000000776600000, 0x00000007c0000000)
  eden space 79360K, 0% used [0x000000076c000000,0x000000076c000000,0x0000000770d80000)
  from space 26112K, 81% used [0x0000000774c80000,0x000000077614f148,0x0000000776600000)
  to   space 23040K, 0% used [0x0000000770d80000,0x0000000770d80000,0x0000000772400000)
 ParOldGen       total 122880K, used 22791K [0x00000006c4000000, 0x00000006cb800000, 0x000000076c000000)
  object space 122880K, 18% used [0x00000006c4000000,0x00000006c5641e78,0x00000006cb800000)
 Metaspace       used 26187K, capacity 27123K, committed 27264K, reserved 1073152K
  class space    used 3107K, capacity 3356K, committed 3456K, reserved 1048576K
}
Event: 4.448 GC heap before
{Heap before GC invocations=10 (full 1):
 PSYoungGen      total 105472K, used 100668K [0x000000076c000000, 0x0000000776600000, 0x00000007c0000000)
  eden space 79360K, 100% used [0x000000076c000000,0x0000000770d80000,0x0000000770d80000)
  from space 26112K, 81% used [0x0000000774c80000,0x000000077614f148,0x0000000776600000)
  to   space 23040K, 0% used [0x0000000770d80000,0x0000000770d80000,0x0000000772400000)
 ParOldGen       total 122880K, used 22791K [0x00000006c4000000, 0x00000006cb800000, 0x000000076c000000)
  object space 122880K, 18% used [0x00000006c4000000,0x00000006c5641e78,0x00000006cb800000)
 Metaspace       used 26187K, capacity 27123K, committed 27264K, reserved 1073152K
  class space    used 3107K, capacity 3356K, committed 3456K, reserved 1048576K
Event: 4.457 GC heap after
Heap after GC invocations=10 (full 1):
 PSYoungGen      total 102400K, used 21523K [0x000000076c000000, 0x0000000776600000, 0x00000007c0000000)
  eden space 79360K, 0% used [0x000000076c000000,0x000000076c000000,0x0000000770d80000)
  from space 23040K, 93% used [0x0000000770d80000,0x0000000772284fc8,0x0000000772400000)
  to   space 26112K, 0% used [0x0000000774c80000,0x0000000774c80000,0x0000000776600000)
 ParOldGen       total 122880K, used 22791K [0x00000006c4000000, 0x00000006cb800000, 0x000000076c000000)
  object space 122880K, 18% used [0x00000006c4000000,0x00000006c5641e78,0x00000006cb800000)
 Metaspace       used 26187K, capacity 27123K, committed 27264K, reserved 1073152K
  class space    used 3107K, capacity 3356K, committed 3456K, reserved 1048576K
}
Event: 5.495 GC heap before
{Heap before GC invocations=11 (full 1):
 PSYoungGen      total 102400K, used 100883K [0x000000076c000000, 0x0000000776600000, 0x00000007c0000000)
  eden space 79360K, 100% used [0x000000076c000000,0x0000000770d80000,0x0000000770d80000)
  from space 23040K, 93% used [0x0000000770d80000,0x0000000772284fc8,0x0000000772400000)
  to   space 26112K, 0% used [0x0000000774c80000,0x0000000774c80000,0x0000000776600000)
 ParOldGen       total 122880K, used 22791K [0x00000006c4000000, 0x00000006cb800000, 0x000000076c000000)
  object space 122880K, 18% used [0x00000006c4000000,0x00000006c5641e78,0x00000006cb800000)
 Metaspace       used 27966K, capacity 29033K, committed 29184K, reserved 1075200K
  class space    used 3306K, capacity 3563K, committed 3584K, reserved 1048576K
Event: 5.505 GC heap after
Heap after GC invocations=11 (full 1):
 PSYoungGen      total 137728K, used 26105K [0x000000076c000000, 0x0000000777500000, 0x00000007c0000000)
  eden space 111616K, 0% used [0x000000076c000000,0x000000076c000000,0x0000000772d00000)
  from space 26112K, 99% used [0x0000000774c80000,0x00000007765fe678,0x0000000776600000)
  to   space 32256K, 0% used [0x0000000772d00000,0x0000000772d00000,0x0000000774c80000)
 ParOldGen       total 122880K, used 24528K [0x00000006c4000000, 0x00000006cb800000, 0x000000076c000000)
  object space 122880K, 19% used [0x00000006c4000000,0x00000006c57f4368,0x00000006cb800000)
 Metaspace       used 27966K, capacity 29033K, committed 29184K, reserved 1075200K
  class space    used 3306K, capacity 3563K, committed 3584K, reserved 1048576K
}

Deoptimization events (10 events):
Event: 5.478 Thread 0x000000000302e800 Uncommon trap: reason=class_check action=maybe_recompile pc=0x0000000003b5ab10 method=java.util.Collections$UnmodifiableMap$UnmodifiableEntrySet$1.hasNext()Z @ 4
Event: 5.478 Thread 0x000000000302e800 Uncommon trap: reason=class_check action=maybe_recompile pc=0x0000000003b5dbb4 method=java.util.Collections$UnmodifiableMap$UnmodifiableEntrySet$1.next()Ljava/util/Map$Entry; @ 8
Event: 5.478 Thread 0x000000000302e800 Uncommon trap: reason=class_check action=maybe_recompile pc=0x0000000003b50548 method=java.util.Collections$UnmodifiableMap$UnmodifiableEntrySet$UnmodifiableEntry.getKey()Ljava/lang/Object; @ 4
Event: 5.478 Thread 0x000000000302e800 Uncommon trap: reason=class_check action=maybe_recompile pc=0x0000000003b7fa48 method=java.util.Collections$UnmodifiableMap$UnmodifiableEntrySet$UnmodifiableEntry.getValue()Ljava/lang/Object; @ 4
Event: 5.480 Thread 0x000000000302e800 Uncommon trap: reason=unstable_if action=reinterpret pc=0x000000000418a8a0 method=java.io.WinNTFileSystem.resolve(Ljava/lang/String;Ljava/lang/String;)Ljava/lang/String; @ 117
Event: 5.558 Thread 0x000000000302e800 Uncommon trap: reason=class_check action=maybe_recompile pc=0x0000000003a67b98 method=lombok.javac.JavacNode.traverse(Llombok/javac/JavacASTVisitor;)V @ 73
Event: 5.558 Thread 0x000000000302e800 Uncommon trap: reason=class_check action=maybe_recompile pc=0x0000000003a67ba4 method=lombok.javac.JavacNode.traverse(Llombok/javac/JavacASTVisitor;)V @ 113
Event: 5.558 Thread 0x000000000302e800 Uncommon trap: reason=class_check action=maybe_recompile pc=0x0000000003a67b8c method=lombok.javac.JavacNode.traverse(Llombok/javac/JavacASTVisitor;)V @ 193
Event: 5.558 Thread 0x000000000302e800 Uncommon trap: reason=class_check action=maybe_recompile pc=0x0000000003a67bbc method=lombok.javac.JavacNode.traverse(Llombok/javac/JavacASTVisitor;)V @ 369
Event: 5.558 Thread 0x000000000302e800 Uncommon trap: reason=class_check action=maybe_recompile pc=0x0000000003a67bbc method=lombok.javac.JavacNode.traverse(Llombok/javac/JavacASTVisitor;)V @ 369

Internal exceptions (10 events):
Event: 1.459 Thread 0x000000000302e800 Implicit null exception at 0x0000000003acaf7e to 0x0000000003acb1c5
Event: 1.897 Thread 0x000000000302e800 Implicit null exception at 0x0000000003cbcea8 to 0x0000000003cbd439
Event: 2.153 Thread 0x000000000302e800 Implicit null exception at 0x00000000036abd55 to 0x00000000036abf59
Event: 2.154 Thread 0x000000000302e800 Implicit null exception at 0x000000000351076f to 0x00000000035107d9
Event: 2.584 Thread 0x000000000302e800 Implicit null exception at 0x0000000003caad8e to 0x0000000003cab0d1
Event: 2.829 Thread 0x000000000302e800 Exception <a 'java/lang/ClassNotFoundException': com/sun/tools/javac/api/JavacTool> (0x000000076cfcc868) thrown at [C:\re\workspace\8-2-build-windows-amd64-cygwin\jdk8u45\3627\hotspot\src\share\vm\classfile\systemDictionary.cpp, line 210]
Event: 3.782 Thread 0x000000000302e800 Exception <a 'java/io/FileNotFoundException'> (0x000000076e66e538) thrown at [C:\re\workspace\8-2-build-windows-amd64-cygwin\jdk8u45\3627\hotspot\src\share\vm\prims\jni.cpp, line 709]
Event: 3.789 Thread 0x000000000302e800 Exception <a 'java/io/FileNotFoundException'> (0x000000076e6a23b0) thrown at [C:\re\workspace\8-2-build-windows-amd64-cygwin\jdk8u45\3627\hotspot\src\share\vm\prims\jni.cpp, line 709]
Event: 5.314 Thread 0x000000000302e800 Implicit null exception at 0x0000000003a768b3 to 0x0000000003a76cdd
Event: 5.317 Thread 0x000000000302e800 Implicit null exception at 0x0000000003a32155 to 0x0000000003a32355

Events (10 events):
Event: 5.695 Thread 0x000000000302e800 DEOPT PACKING pc=0x0000000003709548 sp=0x000000000312c7f0
Event: 5.695 Thread 0x000000000302e800 DEOPT UNPACKING pc=0x000000000327787f sp=0x000000000312c530 mode 0
Event: 5.698 Thread 0x000000000302e800 DEOPT PACKING pc=0x0000000003709548 sp=0x00000000031290b0
Event: 5.698 Thread 0x000000000302e800 DEOPT UNPACKING pc=0x000000000327787f sp=0x0000000003128df0 mode 0
Event: 5.703 Thread 0x000000000302e800 DEOPT PACKING pc=0x0000000003709548 sp=0x000000000312cec0
Event: 5.704 Thread 0x000000000302e800 DEOPT UNPACKING pc=0x000000000327787f sp=0x000000000312cc00 mode 0
Event: 5.705 Thread 0x000000000302e800 DEOPT PACKING pc=0x0000000003709548 sp=0x000000000312c940
Event: 5.705 Thread 0x000000000302e800 DEOPT UNPACKING pc=0x000000000327787f sp=0x000000000312c680 mode 0
Event: 5.707 Thread 0x000000000302e800 DEOPT PACKING pc=0x0000000003709548 sp=0x000000000312b230
Event: 5.707 Thread 0x000000000302e800 DEOPT UNPACKING pc=0x000000000327787f sp=0x000000000312af70 mode 0


Dynamic libraries:
0x00007ff7c2cc0000 - 0x00007ff7c2cf7000 	C:\Program Files\Java\jdk1.8.0_45\bin\java.exe
0x00007ffb1d090000 - 0x00007ffb1d288000 	C:\Windows\SYSTEM32\ntdll.dll
0x00007ffb1b0f0000 - 0x00007ffb1b1af000 	C:\Windows\System32\KERNEL32.DLL
0x00007ffb1a9e0000 - 0x00007ffb1acd6000 	C:\Windows\System32\KERNELBASE.dll
0x00007ffb1c8f0000 - 0x00007ffb1c99f000 	C:\Windows\System32\ADVAPI32.dll
0x00007ffb1cfb0000 - 0x00007ffb1d04e000 	C:\Windows\System32\msvcrt.dll
0x00007ffb1c6b0000 - 0x00007ffb1c74c000 	C:\Windows\System32\sechost.dll
0x00007ffb1bd80000 - 0x00007ffb1bea6000 	C:\Windows\System32\RPCRT4.dll
0x00007ffb1b1b0000 - 0x00007ffb1b34d000 	C:\Windows\System32\USER32.dll
0x00007ffb1a910000 - 0x00007ffb1a932000 	C:\Windows\System32\win32u.dll
0x00007ffb1b4e0000 - 0x00007ffb1b50c000 	C:\Windows\System32\GDI32.dll
0x00007ffb1a770000 - 0x00007ffb1a885000 	C:\Windows\System32\gdi32full.dll
0x00007ffb1a940000 - 0x00007ffb1a9dd000 	C:\Windows\System32\msvcp_win.dll
0x00007ffb1ae00000 - 0x00007ffb1af00000 	C:\Windows\System32\ucrtbase.dll
0x00007ffae5650000 - 0x00007ffae58ea000 	C:\Windows\WinSxS\amd64_microsoft.windows.common-controls_6595b64144ccf1df_6.0.19041.1110_none_60b5254171f9507e\COMCTL32.dll
0x00007ffb1b570000 - 0x00007ffb1b5a0000 	C:\Windows\System32\IMM32.DLL
0x00007ffac8760000 - 0x00007ffac8e61000 	C:\Program Files\McAfee\DLP\Agent\fcagpph64.dll
0x00007ffb1b5a0000 - 0x00007ffb1bce4000 	C:\Windows\System32\SHELL32.dll
0x00007ffb1b3b0000 - 0x00007ffb1b4da000 	C:\Windows\System32\ole32.dll
0x00007ffb1c9a0000 - 0x00007ffb1ccf4000 	C:\Windows\System32\combase.dll
0x00007ffb1b510000 - 0x00007ffb1b565000 	C:\Windows\System32\SHLWAPI.dll
0x00007ffb1bf60000 - 0x00007ffb1c02d000 	C:\Windows\System32\OLEAUT32.dll
0x00007ffafead0000 - 0x00007ffafeb6d000 	C:\Windows\SYSTEM32\WINSPOOL.DRV
0x00007ffb1beb0000 - 0x00007ffb1bf5d000 	C:\Windows\System32\shcore.dll
0x00007ffb12160000 - 0x00007ffb1216a000 	C:\Windows\SYSTEM32\VERSION.dll
0x00007ffb1a660000 - 0x00007ffb1a692000 	C:\Windows\SYSTEM32\SspiCli.dll
0x00007ffb198f0000 - 0x00007ffb19923000 	C:\Windows\SYSTEM32\ntmarta.dll
0x00007ffade570000 - 0x00007ffade622000 	C:\Program Files\McAfee\Endpoint Security\Threat Prevention\Ips\EpMPApi.dll
0x0000000000f90000 - 0x0000000000ff7000 	C:\Windows\System32\WINTRUST.dll
0x00007ffb1af00000 - 0x00007ffb1b05e000 	C:\Windows\System32\CRYPT32.dll
0x00007ffb1a350000 - 0x00007ffb1a362000 	C:\Windows\SYSTEM32\MSASN1.dll
0x0000000054800000 - 0x000000005480c000 	C:\Program Files\McAfee\Endpoint Security\Threat Prevention\Ips\EpMPThe.dll
0x00007ffade510000 - 0x00007ffade568000 	C:\Program Files\McAfee\Endpoint Security\Threat Prevention\Ips\HIPHandlers64.dll
0x00007ffb18ab0000 - 0x00007ffb18c94000 	C:\Windows\SYSTEM32\dbghelp.dll
0x0000000053f60000 - 0x0000000054032000 	C:\Program Files\Java\jdk1.8.0_45\jre\bin\msvcr100.dll
0x00000000536d0000 - 0x0000000053f53000 	C:\Program Files\Java\jdk1.8.0_45\jre\bin\server\jvm.dll
0x00007ffb1c870000 - 0x00007ffb1c878000 	C:\Windows\System32\PSAPI.DLL
0x00007ffb008d0000 - 0x00007ffb008d9000 	C:\Windows\SYSTEM32\WSOCK32.dll
0x00007ffb1c880000 - 0x00007ffb1c8eb000 	C:\Windows\System32\WS2_32.dll
0x00007ffafdb50000 - 0x00007ffafdb77000 	C:\Windows\SYSTEM32\WINMM.dll
0x00000000536c0000 - 0x00000000536cf000 	C:\Program Files\Java\jdk1.8.0_45\jre\bin\verify.dll
0x0000000053690000 - 0x00000000536b9000 	C:\Program Files\Java\jdk1.8.0_45\jre\bin\java.dll
0x0000000053670000 - 0x0000000053686000 	C:\Program Files\Java\jdk1.8.0_45\jre\bin\zip.dll
0x00007ffb18250000 - 0x00007ffb189e3000 	C:\Windows\SYSTEM32\windows.storage.dll
0x00007ffb1a1c0000 - 0x00007ffb1a1ee000 	C:\Windows\SYSTEM32\Wldp.dll
0x00007ffb1a6b0000 - 0x00007ffb1a6cf000 	C:\Windows\SYSTEM32\profapi.dll
0x0000000053650000 - 0x000000005366a000 	C:\Program Files\Java\jdk1.8.0_45\jre\bin\net.dll
0x00007ffb19f20000 - 0x00007ffb19f8a000 	C:\Windows\system32\mswsock.dll
0x0000000053630000 - 0x0000000053641000 	C:\Program Files\Java\jdk1.8.0_45\jre\bin\nio.dll
0x0000000069ac0000 - 0x0000000069ae4000 	D:\maven\lib\jansi-native\Windows\x86_64\jansi.dll
0x00007ffb1b060000 - 0x00007ffb1b0e2000 	C:\Windows\System32\bcryptPrimitives.dll

VM Arguments:
jvm_args: -Dclassworlds.conf=D:\maven\bin\m2.conf -Dmaven.home=D:\maven -Dlibrary.jansi.path=D:\maven\lib\jansi-native -Dmaven.multiModuleProjectDirectory=D:\Project\EVN\project1\khcn-backend-service 
java_command: org.codehaus.plexus.classworlds.launcher.Launcher install
java_class_path (initial): D:\maven\boot\plexus-classworlds-2.7.0.jar
Launcher Type: SUN_STANDARD

Environment Variables:
JAVA_HOME=C:\Program Files\Java\jdk1.8.0_45
CLASSPATH=.;
PATH=C:\Program Files\Python37\Scripts\;C:\Program Files\Python37\;C:\ProgramData\Oracle\Java\javapath;C:\Windows\system32;C:\Windows;C:\Windows\System32\Wbem;C:\Windows\System32\WindowsPowerShell\v1.0\;C:\Windows\System32\OpenSSH\;C:\Program Files\Microsoft SQL Server\130\Tools\Binn\;C:\Users\nguyenvantuanc\AppData\Roaming\npm;C:\Users\nguyenvantuanc;C:\Users\nguyenvantuanc\node_modules\@angular\cli\bin;C:\Program Files\dotnet\;C:\Program Files\Microsoft SQL Server\Client SDK\ODBC\170\Tools\Binn\;C:\Program Files (x86)\Microsoft SQL Server\150\Tools\Binn\;C:\Program Files\Microsoft SQL Server\150\Tools\Binn\;C:\Program Files\Microsoft SQL Server\150\DTS\Binn\;C:\Program Files (x86)\Microsoft SQL Server\150\DTS\Binn\;C:\Program Files (x86)\Bitvise SSH Client;C:\ProgramData\chocolatey\bin;C:\Program Files\Java\jdk1.8.0_45\bin;C:\Users\nguyenvantuanc\AppData\Local\Android\Sdk;C:\Users\nguyenvantuanc\AppData\Local\Android\Sdk\platform-tools;C:\Users\nguyenvantuanc\AppData\Roaming\Python\Python37\site-packages;C:\Program Files\nodejs\;D:\BigData\zookeeper\bin;D:\maven\bin;C:\Program Files\Git\cmd;C:\Program Files\Microsoft SQL Server\120\Tools\Binn\;C:\Program Files (x86)\dotnet\;D:\Server\xampp74\php;C:\ProgramData\ComposerSetup\bin;C:\Users\nguyenvantuanc\AppData\Local\Microsoft\WindowsApps;C:\Users\nguyenvantuanc\AppData\Local\Programs\Microsoft VS Code\bin;C:\Users\nguyenvantuanc\node_modules\@angular\cli\bin;C:\Users\nguyenvantuanc\.dotnet\tools;C:\Program Files\Azure Data Studio\bin;C:\Users\nguyenvantuanc\AppData\Local\Programs\Git\cmd;C:\Users\nguyenvantuanc\AppData\Roaming\npm;C:\Users\nguyenvantuanc\AppData\Local\GitHubDesktop\bin
USERNAME=NguyenVanTuanC
OS=Windows_NT
PROCESSOR_IDENTIFIER=Intel64 Family 6 Model 140 Stepping 2, GenuineIntel



---------------  S Y S T E M  ---------------

OS: Windows 10.0 , 64 bit Build 19041 (10.0.19041.3031)

CPU:total 8 (4 cores per cpu, 2 threads per core) family 6 model 140 stepping 2, cmov, cx8, fxsr, mmx, sse, sse2, sse3, ssse3, sse4.1, sse4.2, popcnt, avx, avx2, aes, clmul, erms, 3dnowpref, lzcnt, ht, tsc, tscinvbit, bmi1, bmi2, adx

Memory: 4k page, physical 16509728k(2308764k free), swap 16509728k(5696k free)

vm_info: Java HotSpot(TM) 64-Bit Server VM (25.45-b02) for windows-amd64 JRE (1.8.0_45-b15), built on Apr 30 2015 12:40:44 by "java_re" with MS VC++ 10.0 (VS2010)

time: Sun Aug 20 01:44:43 2023
elapsed time: 5 seconds (0d 0h 0m 5s)

