#
# There is insufficient memory for the Java Runtime Environment to continue.
# Native memory allocation (malloc) failed to allocate 2025696 bytes for Chunk::new
# Possible reasons:
#   The system is out of physical RAM or swap space
#   In 32 bit mode, the process size limit was hit
# Possible solutions:
#   Reduce memory load on the system
#   Increase physical memory or swap space
#   Check if swap backing store is full
#   Use 64 bit Java on a 64 bit OS
#   Decrease Java heap size (-Xmx/-Xms)
#   Decrease number of Java threads
#   Decrease Java thread stack sizes (-Xss)
#   Set larger code cache with -XX:ReservedCodeCacheSize=
# This output file may be truncated or incomplete.
#
#  Out of Memory Error (allocation.cpp:390), pid=3804, tid=18636
#
# JRE version: Java(TM) SE Runtime Environment (8.0_45-b15) (build 1.8.0_45-b15)
# Java VM: Java HotSpot(TM) 64-Bit Server VM (25.45-b02 mixed mode windows-amd64 compressed oops)
# Failed to write core dump. Minidumps are not enabled by default on client versions of Windows
#

---------------  T H R E A D  ---------------

Current thread (0x000000001ecd8800):  JavaThread "C2 CompilerThread1" daemon [_thread_in_native, id=18636, stack(0x000000001f3a0000,0x000000001f4a0000)]

Stack: [0x000000001f3a0000,0x000000001f4a0000]
Native frames: (J=compiled Java code, j=interpreted, Vv=VM code, C=native code)
V  [jvm.dll+0x32b57a]
V  [jvm.dll+0x279873]
V  [jvm.dll+0x27a509]
V  [jvm.dll+0x271825]
V  [jvm.dll+0xcb9e2]
V  [jvm.dll+0xcbeac]
V  [jvm.dll+0x476ef2]
V  [jvm.dll+0x4b955f]
V  [jvm.dll+0x46bf81]
V  [jvm.dll+0x46ccbe]
V  [jvm.dll+0x4500f2]
V  [jvm.dll+0xa4352]
V  [jvm.dll+0xa4c8f]
V  [jvm.dll+0x241984]
V  [jvm.dll+0x29853a]
C  [msvcr100.dll+0x21d9f]
C  [msvcr100.dll+0x21e3b]
C  [KERNEL32.DLL+0x17614]
C  [ntdll.dll+0x526f1]


Current CompileTask:
C2:   9629 5181       4       java.net.URLClassLoader$1::run (5 bytes)


---------------  P R O C E S S  ---------------

Java Threads: ( => current thread )
  0x00000000237e1000 JavaThread "HikariPool-1 connection adder" daemon [_thread_blocked, id=13100, stack(0x0000000026450000,0x0000000026550000)]
  0x000000001ee98800 JavaThread "HikariPool-1 housekeeper" daemon [_thread_blocked, id=12088, stack(0x00000000235b0000,0x00000000236b0000)]
  0x0000000020ada000 JavaThread "mssql-jdbc-shared-timer-core-0" daemon [_thread_blocked, id=12956, stack(0x0000000022980000,0x0000000022a80000)]
  0x000000001fe1d000 JavaThread "surefire-forkedjvm-ping-30s" daemon [_thread_in_native, id=14768, stack(0x00000000201a0000,0x00000000202a0000)]
  0x000000001ee9b000 JavaThread "surefire-forkedjvm-command-thread" daemon [_thread_in_native, id=3632, stack(0x000000001f8a0000,0x000000001f9a0000)]
  0x000000001ed6c800 JavaThread "Service Thread" daemon [_thread_blocked, id=3136, stack(0x000000001f6a0000,0x000000001f7a0000)]
  0x000000001cccb000 JavaThread "C1 CompilerThread3" daemon [_thread_blocked, id=14176, stack(0x000000001f5a0000,0x000000001f6a0000)]
  0x000000001ecd9000 JavaThread "C2 CompilerThread2" daemon [_thread_in_native, id=14732, stack(0x000000001f4a0000,0x000000001f5a0000)]
=>0x000000001ecd8800 JavaThread "C2 CompilerThread1" daemon [_thread_in_native, id=18636, stack(0x000000001f3a0000,0x000000001f4a0000)]
  0x000000001ecd2800 JavaThread "C2 CompilerThread0" daemon [_thread_in_native, id=6632, stack(0x000000001f2a0000,0x000000001f3a0000)]
  0x000000001eccf800 JavaThread "Attach Listener" daemon [_thread_blocked, id=18884, stack(0x000000001f1a0000,0x000000001f2a0000)]
  0x000000001eccf000 JavaThread "Signal Dispatcher" daemon [_thread_blocked, id=8360, stack(0x000000001f0a0000,0x000000001f1a0000)]
  0x00000000033a5000 JavaThread "Finalizer" daemon [_thread_blocked, id=19524, stack(0x000000001eba0000,0x000000001eca0000)]
  0x00000000033a4000 JavaThread "Reference Handler" daemon [_thread_blocked, id=8988, stack(0x000000001eaa0000,0x000000001eba0000)]
  0x000000000316e800 JavaThread "main" [_thread_in_Java, id=19440, stack(0x00000000031b0000,0x00000000032b0000)]

Other Threads:
  0x000000001ccb9000 VMThread [stack: 0x000000001e9a0000,0x000000001eaa0000] [id=14168]
  0x000000001ed6e800 WatcherThread [stack: 0x000000001f7a0000,0x000000001f8a0000] [id=8912]

VM state:not at safepoint (normal execution)

VM Mutex/Monitor currently owned by a thread:  ([mutex/lock_event])
[0x0000000003169f60] CodeCache_lock - owner thread: 0x000000001ecd9000
[0x00000000032b1ad0] Compile_lock - owner thread: 0x000000001ecd9000
[0x00000000032b15d0] MethodCompileQueue_lock - owner thread: 0x000000001ecd9000

Heap:
 PSYoungGen      total 252928K, used 59487K [0x000000076c000000, 0x000000077d300000, 0x00000007c0000000)
  eden space 240128K, 24% used [0x000000076c000000,0x000000076fa17f28,0x000000077aa80000)
  from space 12800K, 0% used [0x000000077c680000,0x000000077c680000,0x000000077d300000)
  to   space 15872K, 0% used [0x000000077b400000,0x000000077b400000,0x000000077c380000)
 ParOldGen       total 145920K, used 29875K [0x00000006c4000000, 0x00000006cce80000, 0x000000076c000000)
  object space 145920K, 20% used [0x00000006c4000000,0x00000006c5d2cc10,0x00000006cce80000)
 Metaspace       used 57680K, capacity 61238K, committed 61528K, reserved 1101824K
  class space    used 7936K, capacity 8541K, committed 8576K, reserved 1048576K

Card table byte_map: [0x0000000012770000,0x0000000012f60000] byte_map_base: 0x000000000f150000

Marking Bits: (ParMarkBitMap*) 0x000000006b894040
 Begin Bits: [0x0000000013ca0000, 0x0000000017ba0000)
 End Bits:   [0x0000000017ba0000, 0x000000001baa0000)

Polling page: 0x0000000002b60000

CodeCache: size=245760Kb used=16564Kb max_used=16602Kb free=229195Kb
 bounds [0x00000000033b0000, 0x0000000004400000, 0x00000000123b0000]
 total_blobs=5076 nmethods=4544 adapters=443
 compilation: enabled

Compilation events (10 events):
Event: 9.576 Thread 0x000000001cccb000 5264       2       java.util.regex.Pattern::group0 (994 bytes)
Event: 9.580 Thread 0x000000001cccb000 nmethod 5264 0x00000000043d34d0 code [0x00000000043d39a0, 0x00000000043d5c78]
Event: 9.586 Thread 0x000000001cccb000 5265       2       org.springframework.context.event.GenericApplicationListenerAdapter::supportsEventType (89 bytes)
Event: 9.586 Thread 0x000000001cccb000 nmethod 5265 0x00000000043d7b90 code [0x00000000043d7d20, 0x00000000043d80c8]
Event: 9.587 Thread 0x000000001cccb000 5266       2       java.util.Optional::isPresent (13 bytes)
Event: 9.587 Thread 0x000000001cccb000 nmethod 5266 0x00000000043d8210 code [0x00000000043d8360, 0x00000000043d84d0]
Event: 9.591 Thread 0x000000001cccb000 5267       2       java.lang.Class::getDeclaredFields (18 bytes)
Event: 9.591 Thread 0x000000001cccb000 nmethod 5267 0x00000000043d8550 code [0x00000000043d86e0, 0x00000000043d88b8]
Event: 9.592 Thread 0x000000001cccb000 5268       2       org.springframework.util.Assert::state (17 bytes)
Event: 9.593 Thread 0x000000001cccb000 nmethod 5268 0x00000000043d8990 code [0x00000000043d8b00, 0x00000000043d8d58]

GC Heap History (10 events):
Event: 3.942 GC heap before
{Heap before GC invocations=9 (full 2):
 PSYoungGen      total 167936K, used 7567K [0x000000076c000000, 0x000000077d300000, 0x00000007c0000000)
  eden space 155136K, 0% used [0x000000076c000000,0x000000076c000000,0x0000000775780000)
  from space 12800K, 59% used [0x0000000775780000,0x0000000775ee3d60,0x0000000776400000)
  to   space 12800K, 0% used [0x000000077c680000,0x000000077c680000,0x000000077d300000)
 ParOldGen       total 100864K, used 9425K [0x00000006c4000000, 0x00000006ca280000, 0x000000076c000000)
  object space 100864K, 9% used [0x00000006c4000000,0x00000006c49345b8,0x00000006ca280000)
 Metaspace       used 33183K, capacity 35314K, committed 35456K, reserved 1079296K
  class space    used 4476K, capacity 4884K, committed 4992K, reserved 1048576K
Event: 3.987 GC heap after
Heap after GC invocations=9 (full 2):
 PSYoungGen      total 167936K, used 0K [0x000000076c000000, 0x000000077d300000, 0x00000007c0000000)
  eden space 155136K, 0% used [0x000000076c000000,0x000000076c000000,0x0000000775780000)
  from space 12800K, 0% used [0x0000000775780000,0x0000000775780000,0x0000000776400000)
  to   space 12800K, 0% used [0x000000077c680000,0x000000077c680000,0x000000077d300000)
 ParOldGen       total 145920K, used 12512K [0x00000006c4000000, 0x00000006cce80000, 0x000000076c000000)
  object space 145920K, 8% used [0x00000006c4000000,0x00000006c4c381d8,0x00000006cce80000)
 Metaspace       used 33183K, capacity 35314K, committed 35456K, reserved 1079296K
  class space    used 4476K, capacity 4884K, committed 4992K, reserved 1048576K
}
Event: 6.316 GC heap before
{Heap before GC invocations=10 (full 2):
 PSYoungGen      total 167936K, used 155136K [0x000000076c000000, 0x000000077d300000, 0x00000007c0000000)
  eden space 155136K, 100% used [0x000000076c000000,0x0000000775780000,0x0000000775780000)
  from space 12800K, 0% used [0x0000000775780000,0x0000000775780000,0x0000000776400000)
  to   space 12800K, 0% used [0x000000077c680000,0x000000077c680000,0x000000077d300000)
 ParOldGen       total 145920K, used 12512K [0x00000006c4000000, 0x00000006cce80000, 0x000000076c000000)
  object space 145920K, 8% used [0x00000006c4000000,0x00000006c4c381d8,0x00000006cce80000)
 Metaspace       used 47659K, capacity 50232K, committed 50560K, reserved 1093632K
  class space    used 6449K, capacity 6920K, committed 7040K, reserved 1048576K
Event: 6.333 GC heap after
Heap after GC invocations=10 (full 2):
 PSYoungGen      total 252928K, used 12790K [0x000000076c000000, 0x000000077d300000, 0x00000007c0000000)
  eden space 240128K, 0% used [0x000000076c000000,0x000000076c000000,0x000000077aa80000)
  from space 12800K, 99% used [0x000000077c680000,0x000000077d2fd8e8,0x000000077d300000)
  to   space 15872K, 0% used [0x000000077b400000,0x000000077b400000,0x000000077c380000)
 ParOldGen       total 145920K, used 17102K [0x00000006c4000000, 0x00000006cce80000, 0x000000076c000000)
  object space 145920K, 11% used [0x00000006c4000000,0x00000006c50b3a00,0x00000006cce80000)
 Metaspace       used 47659K, capacity 50232K, committed 50560K, reserved 1093632K
  class space    used 6449K, capacity 6920K, committed 7040K, reserved 1048576K
}
Event: 8.273 GC heap before
{Heap before GC invocations=11 (full 2):
 PSYoungGen      total 252928K, used 252918K [0x000000076c000000, 0x000000077d300000, 0x00000007c0000000)
  eden space 240128K, 100% used [0x000000076c000000,0x000000077aa80000,0x000000077aa80000)
  from space 12800K, 99% used [0x000000077c680000,0x000000077d2fd8e8,0x000000077d300000)
  to   space 15872K, 0% used [0x000000077b400000,0x000000077b400000,0x000000077c380000)
 ParOldGen       total 145920K, used 17102K [0x00000006c4000000, 0x00000006cce80000, 0x000000076c000000)
  object space 145920K, 11% used [0x00000006c4000000,0x00000006c50b3a00,0x00000006cce80000)
 Metaspace       used 53788K, capacity 56662K, committed 56832K, reserved 1097728K
  class space    used 7281K, capacity 7817K, committed 7936K, reserved 1048576K
Event: 8.292 GC heap after
Heap after GC invocations=11 (full 2):
 PSYoungGen      total 256000K, used 15868K [0x000000076c000000, 0x000000077d300000, 0x00000007c0000000)
  eden space 240128K, 0% used [0x000000076c000000,0x000000076c000000,0x000000077aa80000)
  from space 15872K, 99% used [0x000000077b400000,0x000000077c37f228,0x000000077c380000)
  to   space 12800K, 0% used [0x000000077c680000,0x000000077c680000,0x000000077d300000)
 ParOldGen       total 145920K, used 21347K [0x00000006c4000000, 0x00000006cce80000, 0x000000076c000000)
  object space 145920K, 14% used [0x00000006c4000000,0x00000006c54d8e10,0x00000006cce80000)
 Metaspace       used 53788K, capacity 56662K, committed 56832K, reserved 1097728K
  class space    used 7281K, capacity 7817K, committed 7936K, reserved 1048576K
}
Event: 8.887 GC heap before
{Heap before GC invocations=12 (full 2):
 PSYoungGen      total 256000K, used 103360K [0x000000076c000000, 0x000000077d300000, 0x00000007c0000000)
  eden space 240128K, 36% used [0x000000076c000000,0x0000000771570ea0,0x000000077aa80000)
  from space 15872K, 99% used [0x000000077b400000,0x000000077c37f228,0x000000077c380000)
  to   space 12800K, 0% used [0x000000077c680000,0x000000077c680000,0x000000077d300000)
 ParOldGen       total 145920K, used 21347K [0x00000006c4000000, 0x00000006cce80000, 0x000000076c000000)
  object space 145920K, 14% used [0x00000006c4000000,0x00000006c54d8e10,0x00000006cce80000)
 Metaspace       used 55632K, capacity 59036K, committed 59096K, reserved 1099776K
  class space    used 7578K, capacity 8168K, committed 8192K, reserved 1048576K
Event: 8.905 GC heap after
Heap after GC invocations=12 (full 2):
 PSYoungGen      total 252928K, used 12470K [0x000000076c000000, 0x000000077d300000, 0x00000007c0000000)
  eden space 240128K, 0% used [0x000000076c000000,0x000000076c000000,0x000000077aa80000)
  from space 12800K, 97% used [0x000000077c680000,0x000000077d2ad918,0x000000077d300000)
  to   space 15872K, 0% used [0x000000077b400000,0x000000077b400000,0x000000077c380000)
 ParOldGen       total 145920K, used 27520K [0x00000006c4000000, 0x00000006cce80000, 0x000000076c000000)
  object space 145920K, 18% used [0x00000006c4000000,0x00000006c5ae01a0,0x00000006cce80000)
 Metaspace       used 55632K, capacity 59036K, committed 59096K, reserved 1099776K
  class space    used 7578K, capacity 8168K, committed 8192K, reserved 1048576K
}
Event: 8.905 GC heap before
{Heap before GC invocations=13 (full 3):
 PSYoungGen      total 252928K, used 12470K [0x000000076c000000, 0x000000077d300000, 0x00000007c0000000)
  eden space 240128K, 0% used [0x000000076c000000,0x000000076c000000,0x000000077aa80000)
  from space 12800K, 97% used [0x000000077c680000,0x000000077d2ad918,0x000000077d300000)
  to   space 15872K, 0% used [0x000000077b400000,0x000000077b400000,0x000000077c380000)
 ParOldGen       total 145920K, used 27520K [0x00000006c4000000, 0x00000006cce80000, 0x000000076c000000)
  object space 145920K, 18% used [0x00000006c4000000,0x00000006c5ae01a0,0x00000006cce80000)
 Metaspace       used 55632K, capacity 59036K, committed 59096K, reserved 1099776K
  class space    used 7578K, capacity 8168K, committed 8192K, reserved 1048576K
Event: 9.129 GC heap after
Heap after GC invocations=13 (full 3):
 PSYoungGen      total 252928K, used 0K [0x000000076c000000, 0x000000077d300000, 0x00000007c0000000)
  eden space 240128K, 0% used [0x000000076c000000,0x000000076c000000,0x000000077aa80000)
  from space 12800K, 0% used [0x000000077c680000,0x000000077c680000,0x000000077d300000)
  to   space 15872K, 0% used [0x000000077b400000,0x000000077b400000,0x000000077c380000)
 ParOldGen       total 145920K, used 29875K [0x00000006c4000000, 0x00000006cce80000, 0x000000076c000000)
  object space 145920K, 20% used [0x00000006c4000000,0x00000006c5d2cc10,0x00000006cce80000)
 Metaspace       used 55632K, capacity 59036K, committed 59096K, reserved 1099776K
  class space    used 7578K, capacity 8168K, committed 8192K, reserved 1048576K
}

Deoptimization events (10 events):
Event: 8.699 Thread 0x000000000316e800 Uncommon trap: reason=class_check action=maybe_recompile pc=0x0000000003891e18 method=org.springframework.boot.context.properties.source.ConfigurationPropertyName$Elements.charAt(II)C @ 43
Event: 8.730 Thread 0x000000000316e800 Uncommon trap: reason=null_check action=make_not_entrant pc=0x00000000043649d4 method=java.lang.Class.privateGetMethodRecursive(Ljava/lang/String;[Ljava/lang/Class;ZLjava/lang/Class$MethodArray;)Ljava/lang/reflect/Method; @ 35
Event: 8.730 Thread 0x000000000316e800 Uncommon trap: reason=null_check action=make_not_entrant pc=0x000000000434c940 method=java.lang.Class.privateGetMethodRecursive(Ljava/lang/String;[Ljava/lang/Class;ZLjava/lang/Class$MethodArray;)Ljava/lang/reflect/Method; @ 35
Event: 8.730 Thread 0x000000000316e800 Uncommon trap: reason=null_check action=make_not_entrant pc=0x0000000003cfb630 method=org.springframework.util.ClassUtils.isAssignable(Ljava/lang/Class;Ljava/lang/Class;)Z @ 14
Event: 8.839 Thread 0x000000000316e800 Uncommon trap: reason=bimorphic action=maybe_recompile pc=0x000000000429728c method=org.springframework.core.SerializableTypeWrapper.unwrap(Ljava/lang/reflect/Type;)Ljava/lang/reflect/Type; @ 18
Event: 8.839 Thread 0x000000000316e800 Uncommon trap: reason=bimorphic action=maybe_recompile pc=0x000000000429728c method=org.springframework.core.SerializableTypeWrapper.unwrap(Ljava/lang/reflect/Type;)Ljava/lang/reflect/Type; @ 18
Event: 9.422 Thread 0x000000000316e800 Uncommon trap: reason=unstable_if action=reinterpret pc=0x00000000042fe40c method=org.springframework.core.annotation.AnnotationUtils.findAnnotation(Ljava/lang/reflect/Method;Ljava/lang/Class;)Ljava/lang/annotation/Annotation; @ 15
Event: 9.453 Thread 0x000000000316e800 Uncommon trap: reason=unstable_if action=reinterpret pc=0x00000000035684d0 method=java.util.regex.Pattern.newSingle(I)Ljava/util/regex/Pattern$CharProperty; @ 5
Event: 9.500 Thread 0x000000000316e800 Uncommon trap: reason=unstable_if action=reinterpret pc=0x00000000035a2860 method=java.util.HashMap.getNode(ILjava/lang/Object;)Ljava/util/HashMap$Node; @ 84
Event: 9.595 Thread 0x000000000316e800 Uncommon trap: reason=class_check action=maybe_recompile pc=0x0000000004313654 method=org.springframework.core.annotation.AnnotationsScanner.processMethodInheritedAnnotations(Ljava/lang/Object;Ljava/lang/reflect/Method;Lorg/springframework/core/annotation/[pPÚe!@

Internal exceptions (10 events):
Event: 9.243 Thread 0x000000000316e800 Exception <a 'java/lang/ClassNotFoundException': org/springframework/security/access/expression/method/DefaultMethodSecurityExpressionHandlerCustomizer> (0x000000076d484f90) thrown at [C:\re\workspace\8-2-build-windows-amd64-cygwin\jdk8u45\3627\hotspot\srcÉ»ÙÕš|"@
Event: 9.243 Thread 0x000000000316e800 Exception <a 'java/lang/ClassNotFoundException': org/springframework/security/access/expression/method/MethodSecurityExpressionHandlerCustomizer> (0x000000076d4c9d90) thrown at [C:\re\workspace\8-2-build-windows-amd64-cygwin\jdk8u45\3627\hotspot\src\share\ìUYÊ|"@
Event: 9.244 Thread 0x000000000316e800 Exception <a 'java/lang/ClassNotFoundException': org/springframework/security/access/expression/SecurityExpressionHandlerCustomizer> (0x000000076d4f7248) thrown at [C:\re\workspace\8-2-build-windows-amd64-cygwin\jdk8u45\3627\hotspot\src\share\vm\classfile\Ù"i7ú|"@
Event: 9.244 Thread 0x000000000316e800 Exception <a 'java/lang/ClassNotFoundException': org/springframework/aop/framework/AopInfrastructureBeanCustomizer> (0x000000076d51e598) thrown at [C:\re\workspace\8-2-build-windows-amd64-cygwin\jdk8u45\3627\hotspot\src\share\vm\classfile\systemDictionary.Äš%\#}"@
Event: 9.244 Thread 0x000000000316e800 Exception <a 'java/lang/ClassNotFoundException': org/springframework/security/access/expression/SecurityExpressionHandlerCustomizer> (0x000000076d54a268) thrown at [C:\re\workspace\8-2-build-windows-amd64-cygwin\jdk8u45\3627\hotspot\src\share\vm\classfile\a‰”M}"@
Event: 9.245 Thread 0x000000000316e800 Exception <a 'java/lang/ClassNotFoundException': org/springframework/aop/framework/AopInfrastructureBeanCustomizer> (0x000000076d5715c8) thrown at [C:\re\workspace\8-2-build-windows-amd64-cygwin\jdk8u45\3627\hotspot\src\share\vm\classfile\systemDictionary.âÆÒ,u}"@
Event: 9.245 Thread 0x000000000316e800 Exception <a 'java/lang/ClassNotFoundException': org/springframework/context/ApplicationContextAwareCustomizer> (0x000000076d595648) thrown at [C:\re\workspace\8-2-build-windows-amd64-cygwin\jdk8u45\3627\hotspot\src\share\vm\classfile\systemDictionary.cpp,—(¬ž}"@
Event: 9.245 Thread 0x000000000316e800 Exception <a 'java/lang/ClassNotFoundException': org/springframework/beans/factory/AwareCustomizer> (0x000000076d5b5670) thrown at [C:\re\workspace\8-2-build-windows-amd64-cygwin\jdk8u45\3627\hotspot\src\share\vm\classfile\systemDictionary.cpp, line 210]
Event: 9.582 Thread 0x000000000316e800 Exception <a 'java/lang/ClassNotFoundException': java/lang/ObjectCustomizer> (0x000000076f2503d0) thrown at [C:\re\workspace\8-2-build-windows-amd64-cygwin\jdk8u45\3627\hotspot\src\share\vm\classfile\systemDictionary.cpp, line 210]
Event: 9.583 Thread 0x000000000316e800 Exception <a 'java/lang/ClassNotFoundException': com/evnit/ttpm/khcn/spring/security/login/MainApplicationTestsCustomizer> (0x000000076f27c360) thrown at [C:\re\workspace\8-2-build-windows-amd64-cygwin\jdk8u45\3627\hotspot\src\share\vm\classfile\systemDict

Events (10 events):
Event: 9.593 loading class org/springframework/test/context/jdbc/Sql$ExecutionPhase done
Event: 9.594 loading class org/springframework/test/context/jdbc/SqlMergeMode
Event: 9.594 loading class org/springframework/test/context/jdbc/SqlMergeMode done
Event: 9.594 loading class org/springframework/test/context/jdbc/Sql
Event: 9.594 loading class org/springframework/test/context/jdbc/Sql done
Event: 9.595 loading class org/springframework/test/context/jdbc/SqlGroup
Event: 9.595 loading class org/springframework/test/context/jdbc/SqlGroup done
Event: 9.595 Thread 0x000000000316e800 Uncommon trap: trap_request=0xffffffde fr.pc=0x0000000004313654
Event: 9.595 Thread 0x000000000316e800 DEOPT PACKING pc=0x0000000004313654 sp=0x00000000032ad860
Event: 9.595 Thread 0x000000000316e800 DEOPT UNPACKING pc=0x00000000033f582a sp=0x00000000032ad6c0 mode 2


Dynamic libraries:
0x00007ff699f50000 - 0x00007ff699f87000 	C:\Program Files\Java\jdk1.8.0_45\jre\bin\java.exe
0x00007ff9ebf90000 - 0x00007ff9ec188000 	C:\Windows\SYSTEM32\ntdll.dll
0x00007ff9eb050000 - 0x00007ff9eb10f000 	C:\Windows\System32\KERNEL32.DLL
0x00007ff9e9a60000 - 0x00007ff9e9d56000 	C:\Windows\System32\KERNELBASE.dll
0x00007ff9ebea0000 - 0x00007ff9ebf4f000 	C:\Windows\System32\ADVAPI32.dll
0x00007ff9eb780000 - 0x00007ff9eb81e000 	C:\Windows\System32\msvcrt.dll
0x00007ff9eb6e0000 - 0x00007ff9eb77c000 	C:\Windows\System32\sechost.dll
0x00007ff9ea770000 - 0x00007ff9ea896000 	C:\Windows\System32\RPCRT4.dll
0x00007ff9eb400000 - 0x00007ff9eb59d000 	C:\Windows\System32\USER32.dll
0x00007ff9e9a30000 - 0x00007ff9e9a52000 	C:\Windows\System32\win32u.dll
0x00007ff9ea080000 - 0x00007ff9ea0ac000 	C:\Windows\System32\GDI32.dll
0x00007ff9e9d60000 - 0x00007ff9e9e75000 	C:\Windows\System32\gdi32full.dll
0x00007ff9e97a0000 - 0x00007ff9e983d000 	C:\Windows\System32\msvcp_win.dll
0x00007ff9e96a0000 - 0x00007ff9e97a0000 	C:\Windows\System32\ucrtbase.dll
0x00007ff9b3be0000 - 0x00007ff9b3e7a000 	C:\Windows\WinSxS\amd64_microsoft.windows.common-controls_6595b64144ccf1df_6.0.19041.1110_none_60b5254171f9507e\COMCTL32.dll
0x00007ff9eb250000 - 0x00007ff9eb280000 	C:\Windows\System32\IMM32.DLL
0x00007ff997230000 - 0x00007ff997931000 	C:\Program Files\McAfee\DLP\Agent\fcagpph64.dll
0x00007ff9ea900000 - 0x00007ff9eb044000 	C:\Windows\System32\SHELL32.dll
0x00007ff9eb120000 - 0x00007ff9eb24a000 	C:\Windows\System32\ole32.dll
0x00007ff9ebb40000 - 0x00007ff9ebe94000 	C:\Windows\System32\combase.dll
0x00007ff9eb680000 - 0x00007ff9eb6d5000 	C:\Windows\System32\SHLWAPI.dll
0x00007ff9eb5a0000 - 0x00007ff9eb66d000 	C:\Windows\System32\OLEAUT32.dll
0x00007ff9cdf00000 - 0x00007ff9cdf9d000 	C:\Windows\SYSTEM32\WINSPOOL.DRV
0x00007ff9ea0b0000 - 0x00007ff9ea15d000 	C:\Windows\System32\shcore.dll
0x00007ff9de1f0000 - 0x00007ff9de1fa000 	C:\Windows\SYSTEM32\VERSION.dll
0x00007ff9e9530000 - 0x00007ff9e9562000 	C:\Windows\SYSTEM32\SspiCli.dll
0x00007ff9e8810000 - 0x00007ff9e8843000 	C:\Windows\SYSTEM32\ntmarta.dll
0x00007ff9ad120000 - 0x00007ff9ad1d2000 	C:\Program Files\McAfee\Endpoint Security\Threat Prevention\Ips\EpMPApi.dll
0x0000000002ab0000 - 0x0000000002b17000 	C:\Windows\System32\WINTRUST.dll
0x00007ff9e9840000 - 0x00007ff9e999e000 	C:\Windows\System32\CRYPT32.dll
0x00007ff9e9250000 - 0x00007ff9e9262000 	C:\Windows\SYSTEM32\MSASN1.dll
0x000000006c110000 - 0x000000006c11c000 	C:\Program Files\McAfee\Endpoint Security\Threat Prevention\Ips\EpMPThe.dll
0x00007ff9ad0c0000 - 0x00007ff9ad118000 	C:\Program Files\McAfee\Endpoint Security\Threat Prevention\Ips\HIPHandlers64.dll
0x00007ff9e7210000 - 0x00007ff9e73f4000 	C:\Windows\SYSTEM32\dbghelp.dll
0x000000006b920000 - 0x000000006b9f2000 	C:\Program Files\Java\jdk1.8.0_45\jre\bin\msvcr100.dll
0x000000006b090000 - 0x000000006b913000 	C:\Program Files\Java\jdk1.8.0_45\jre\bin\server\jvm.dll
0x00007ff9eb820000 - 0x00007ff9eb828000 	C:\Windows\System32\PSAPI.DLL
0x00007ff9cc320000 - 0x00007ff9cc329000 	C:\Windows\SYSTEM32\WSOCK32.dll
0x00007ff9eb2e0000 - 0x00007ff9eb34b000 	C:\Windows\System32\WS2_32.dll
0x00007ff9cc3a0000 - 0x00007ff9cc3c7000 	C:\Windows\SYSTEM32\WINMM.dll
0x000000006b080000 - 0x000000006b08f000 	C:\Program Files\Java\jdk1.8.0_45\jre\bin\verify.dll
0x000000006b050000 - 0x000000006b079000 	C:\Program Files\Java\jdk1.8.0_45\jre\bin\java.dll
0x000000006b030000 - 0x000000006b046000 	C:\Program Files\Java\jdk1.8.0_45\jre\bin\zip.dll
0x00007ff9e7400000 - 0x00007ff9e7b93000 	C:\Windows\SYSTEM32\windows.storage.dll
0x00007ff9e90c0000 - 0x00007ff9e90ee000 	C:\Windows\SYSTEM32\Wldp.dll
0x00007ff9e95b0000 - 0x00007ff9e95cf000 	C:\Windows\SYSTEM32\profapi.dll
0x000000006afe0000 - 0x000000006afed000 	C:\Program Files\Java\jdk1.8.0_45\jre\bin\management.dll
0x000000006b010000 - 0x000000006b02a000 	C:\Program Files\Java\jdk1.8.0_45\jre\bin\net.dll
0x00007ff9e8e20000 - 0x00007ff9e8e8a000 	C:\Windows\system32\mswsock.dll
0x000000006aff0000 - 0x000000006b001000 	C:\Program Files\Java\jdk1.8.0_45\jre\bin\nio.dll
0x00007ff9b4030000 - 0x00007ff9b4047000 	C:\Windows\system32\napinsp.dll
0x00007ff9b3f70000 - 0x00007ff9b3f8b000 	C:\Windows\system32\pnrpnsp.dll
0x00007ff9b3f10000 - 0x00007ff9b3f25000 	C:\Windows\system32\wshbth.dll
0x00007ff9e63a0000 - 0x00007ff9e63bd000 	C:\Windows\system32\NLAapi.dll
0x00007ff9e8ac0000 - 0x00007ff9e8afc000 	C:\Windows\SYSTEM32\IPHLPAPI.DLL
0x00007ff9e8b00000 - 0x00007ff9e8bca000 	C:\Windows\SYSTEM32\DNSAPI.dll
0x00007ff9eb670000 - 0x00007ff9eb678000 	C:\Windows\System32\NSI.dll
0x00007ff9b3f50000 - 0x00007ff9b3f62000 	C:\Windows\System32\winrnr.dll
0x00007ff9df730000 - 0x00007ff9df73a000 	C:\Windows\System32\rasadhlp.dll
0x00007ff9e33f0000 - 0x00007ff9e3472000 	C:\Windows\System32\fwpuclnt.dll
0x00007ff9e9670000 - 0x00007ff9e9697000 	C:\Windows\System32\bcrypt.dll
0x00007ff9e9010000 - 0x00007ff9e9028000 	C:\Windows\SYSTEM32\CRYPTSP.dll
0x00007ff9e86d0000 - 0x00007ff9e8704000 	C:\Windows\system32\rsaenh.dll
0x00007ff9e9570000 - 0x00007ff9e959e000 	C:\Windows\SYSTEM32\USERENV.dll
0x00007ff9e99a0000 - 0x00007ff9e9a22000 	C:\Windows\System32\bcryptprimitives.dll
0x00007ff9e9030000 - 0x00007ff9e903c000 	C:\Windows\SYSTEM32\CRYPTBASE.dll
0x00007ff9e26d0000 - 0x00007ff9e26e7000 	C:\Windows\SYSTEM32\dhcpcsvc6.DLL
0x00007ff9e3000000 - 0x00007ff9e301d000 	C:\Windows\SYSTEM32\dhcpcsvc.DLL
0x000000006afb0000 - 0x000000006afd4000 	C:\Program Files\Java\jdk1.8.0_45\jre\bin\sunec.dll

VM Arguments:
java_command: C:\Users\NGUYEN~1\AppData\Local\Temp\surefire6211075324732214582\surefirebooter7821406303815438053.jar C:\Users\nguyenvantuanc\AppData\Local\Temp\surefire6211075324732214582 2023-07-19T21-52-31_558-jvmRun1 surefire3083092045606925701tmp surefire_02629691140981552605tmp
java_class_path (initial): C:\Users\NGUYEN~1\AppData\Local\Temp\surefire6211075324732214582\surefirebooter7821406303815438053.jar
Launcher Type: SUN_STANDARD

Environment Variables:
JAVA_HOME=C:\Program Files\Java\jdk1.8.0_45
CLASSPATH=.;
PATH=C:\Program Files\Python37\Scripts\;C:\Program Files\Python37\;C:\ProgramData\Oracle\Java\javapath;C:\Windows\system32;C:\Windows;C:\Windows\System32\Wbem;C:\Windows\System32\WindowsPowerShell\v1.0\;C:\Windows\System32\OpenSSH\;C:\Program Files\Microsoft SQL Server\130\Tools\Binn\;C:\Users\nguyenvantuanc\AppData\Roaming\npm;C:\Users\nguyenvantuanc;C:\Users\nguyenvantuanc\node_modules\@angular\cli\bin;C:\Program Files\dotnet\;C:\Program Files\Microsoft SQL Server\Client SDK\ODBC\170\Tools\Binn\;C:\Program Files (x86)\Microsoft SQL Server\150\Tools\Binn\;C:\Program Files\Microsoft SQL Server\150\Tools\Binn\;C:\Program Files\Microsoft SQL Server\150\DTS\Binn\;C:\Program Files (x86)\Microsoft SQL Server\150\DTS\Binn\;C:\Program Files (x86)\Bitvise SSH Client;C:\ProgramData\chocolatey\bin;C:\Program Files\Java\jdk1.8.0_45\bin;C:\Users\nguyenvantuanc\AppData\Local\Android\Sdk;C:\Users\nguyenvantuanc\AppData\Local\Android\Sdk\platform-tools;C:\Users\nguyenvantuanc\AppData\Roaming\Python\Python37\site-packages;C:\Program Files\nodejs\;D:\BigData\zookeeper\bin;D:\maven\bin;C:\Program Files\Git\cmd;C:\Program Files\Microsoft SQL Server\120\Tools\Binn\;C:\Program Files (x86)\dotnet\;D:\Server\xampp74\php;C:\ProgramData\ComposerSetup\bin;C:\Users\nguyenvantuanc\AppData\Local\Microsoft\WindowsApps;C:\Users\nguyenvantuanc\AppData\Local\Programs\Microsoft VS Code\bin;C:\Users\nguyenvantuanc\node_modules\@angular\cli\bin;C:\Users\nguyenvantuanc\.dotnet\tools;C:\Program Files\Azure Data Studio\bin;C:\Users\nguyenvantuanc\AppData\Local\Programs\Git\cmd;C:\Users\nguyenvantuanc\AppData\Roaming\npm;C:\Users\nguyenvantuanc\AppData\Local\GitHubDesktop\bin
USERNAME=NguyenVanTuanC
OS=Windows_NT
PROCESSOR_IDENTIFIER=Intel64 Family 6 Model 140 Stepping 2, GenuineIntel



---------------  S Y S T E M  ---------------

OS: Windows 10.0 , 64 bit Build 19041 (10.0.19041.3031)

CPU:total 8 (4 cores per cpu, 2 threads per core) family 6 model 140 stepping 2, cmov, cx8, fxsr, mmx, sse, sse2, sse3, ssse3, sse4.1, sse4.2, popcnt, avx, avx2, aes, clmul, erms, 3dnowpref, lzcnt, ht, tsc, tscinvbit, bmi1, bmi2, adx

Memory: 4k page, physical 16509728k(2976620k free), swap 16509728k(6904k free)

vm_info: Java HotSpot(TM) 64-Bit Server VM (25.45-b02) for windows-amd64 JRE (1.8.0_45-b15), built on Apr 30 2015 12:40:44 by "java_re" with MS VC++ 10.0 (VS2010)

time: Wed Jul 19 21:52:41 2023
elapsed time: 9 seconds (0d 0h 0m 9s)

