#
# There is insufficient memory for the Java Runtime Environment to continue.
# Native memory allocation (malloc) failed to allocate 354960 bytes for Chunk::new
# Possible reasons:
#   The system is out of physical RAM or swap space
#   In 32 bit mode, the process size limit was hit
# Possible solutions:
#   Reduce memory load on the system
#   Increase physical memory or swap space
#   Check if swap backing store is full
#   Use 64 bit Java on a 64 bit OS
#   Decrease Java heap size (-Xmx/-Xms)
#   Decrease number of Java threads
#   Decrease Java thread stack sizes (-Xss)
#   Set larger code cache with -XX:ReservedCodeCacheSize=
# This output file may be truncated or incomplete.
#
#  Out of Memory Error (allocation.cpp:390), pid=19016, tid=10260
#
# JRE version: Java(TM) SE Runtime Environment (8.0_45-b15) (build 1.8.0_45-b15)
# Java VM: Java HotSpot(TM) 64-Bit Server VM (25.45-b02 mixed mode windows-amd64 compressed oops)
# Failed to write core dump. Minidumps are not enabled by default on client versions of Windows
#

---------------  T H R E A D  ---------------

Current thread (0x000000001ef16800):  JavaThread "C2 CompilerThread0" daemon [_thread_in_native, id=10260, stack(0x000000001f4e0000,0x000000001f5e0000)]

Stack: [0x000000001f4e0000,0x000000001f5e0000]
Native frames: (J=compiled Java code, j=interpreted, Vv=VM code, C=native code)
V  [jvm.dll+0x32b57a]


Current CompileTask:
C2:    719 1004       4       sun.misc.URLClassPath::getResource (83 bytes)


---------------  P R O C E S S  ---------------

Java Threads: ( => current thread )
  0x000000001ef77000 JavaThread "Service Thread" daemon [_thread_blocked, id=10980, stack(0x000000001f8e0000,0x000000001f9e0000)]
  0x000000001cf2b800 JavaThread "C1 CompilerThread3" daemon [_thread_blocked, id=16608, stack(0x000000001f7e0000,0x000000001f8e0000)]
  0x000000001ef1c800 JavaThread "C2 CompilerThread2" daemon [_thread_in_native, id=9796, stack(0x000000001f6e0000,0x000000001f7e0000)]
  0x000000001ef18800 JavaThread "C2 CompilerThread1" daemon [_thread_blocked, id=11776, stack(0x000000001f5e0000,0x000000001f6e0000)]
=>0x000000001ef16800 JavaThread "C2 CompilerThread0" daemon [_thread_in_native, id=10260, stack(0x000000001f4e0000,0x000000001f5e0000)]
  0x000000001ef11000 JavaThread "Attach Listener" daemon [_thread_blocked, id=15800, stack(0x000000001f3e0000,0x000000001f4e0000)]
  0x000000001ef10000 JavaThread "Signal Dispatcher" daemon [_thread_blocked, id=320, stack(0x000000001f2e0000,0x000000001f3e0000)]
  0x0000000003654000 JavaThread "Finalizer" daemon [_thread_blocked, id=5304, stack(0x000000001ede0000,0x000000001eee0000)]
  0x000000001cf1d800 JavaThread "Reference Handler" daemon [_thread_blocked, id=19908, stack(0x000000001ece0000,0x000000001ede0000)]
  0x000000000345e800 JavaThread "main" [_thread_in_vm, id=6200, stack(0x0000000003460000,0x0000000003560000)]

Other Threads:
  0x000000001cf19800 VMThread [stack: 0x000000001ebe0000,0x000000001ece0000] [id=8184]
  0x000000001ef89800 WatcherThread [stack: 0x000000001f9e0000,0x000000001fae0000] [id=15692]

VM state:not at safepoint (normal execution)

VM Mutex/Monitor currently owned by a thread: None

Heap:
 PSYoungGen      total 75264K, used 40034K [0x000000076c000000, 0x0000000771400000, 0x00000007c0000000)
  eden space 64512K, 62% used [0x000000076c000000,0x000000076e718b50,0x000000076ff00000)
  from space 10752K, 0% used [0x0000000770980000,0x0000000770980000,0x0000000771400000)
  to   space 10752K, 0% used [0x000000076ff00000,0x000000076ff00000,0x0000000770980000)
 ParOldGen       total 172032K, used 0K [0x00000006c4000000, 0x00000006ce800000, 0x000000076c000000)
  object space 172032K, 0% used [0x00000006c4000000,0x00000006c4000000,0x00000006ce800000)
 Metaspace       used 10532K, capacity 10772K, committed 10880K, reserved 1058816K
  class space    used 1293K, capacity 1396K, committed 1408K, reserved 1048576K

Card table byte_map: [0x0000000012a20000,0x0000000013210000] byte_map_base: 0x000000000f400000

Marking Bits: (ParMarkBitMap*) 0x0000000071f54040
 Begin Bits: [0x0000000013f50000, 0x0000000017e50000)
 End Bits:   [0x0000000017e50000, 0x000000001bd50000)

Polling page: 0x0000000001590000

CodeCache: size=245760Kb used=3921Kb max_used=3936Kb free=241838Kb
 bounds [0x0000000003660000, 0x0000000003a40000, 0x0000000012660000]
 total_blobs=1369 nmethods=1024 adapters=258
 compilation: enabled

Compilation events (10 events):
Event: 0.703 Thread 0x000000001cf2b800 nmethod 1011 0x0000000003a22fd0 code [0x0000000003a23180, 0x0000000003a23828]
Event: 0.704 Thread 0x000000001cf2b800 1012       3       sun.misc.ProxyGenerator::codeLocalLoadStore (90 bytes)
Event: 0.705 Thread 0x000000001cf2b800 nmethod 1012 0x0000000003a23c10 code [0x0000000003a23e60, 0x0000000003a24fa8]
Event: 0.707 Thread 0x000000001cf2b800 1013       1       java.util.HashMap::size (5 bytes)
Event: 0.707 Thread 0x000000001cf2b800 nmethod 1013 0x0000000003a21510 code [0x0000000003a21660, 0x0000000003a21770]
Event: 0.707 Thread 0x000000001cf2b800 1014       3       com.google.inject.internal.AbstractBindingBuilder::setBinding (22 bytes)
Event: 0.707 Thread 0x000000001cf2b800 nmethod 1014 0x0000000003a25650 code [0x0000000003a257c0, 0x0000000003a25a28]
Event: 0.710 Thread 0x000000001cf2b800 1015       3       java.nio.Buffer::nextGetIndex (38 bytes)
Event: 0.710 Thread 0x000000001cf2b800 nmethod 1015 0x0000000003a25b10 code [0x0000000003a25c80, 0x0000000003a25ea8]
Event: 0.710 Thread 0x000000001cf2b800 1016   !   3       java.net.URL::getURLStreamHandler (313 bytes)

GC Heap History (0 events):
No events

Deoptimization events (10 events):
Event: 0.592 Thread 0x000000000345e800 Uncommon trap: reason=unstable_if action=reinterpret pc=0x0000000003871be8 method=org.codehaus.plexus.util.xml.pull.MXParser.more()C @ 8
Event: 0.615 Thread 0x000000000345e800 Uncommon trap: reason=unstable_if action=reinterpret pc=0x000000000398e01c method=java.nio.charset.CharsetDecoder.decode(Ljava/nio/ByteBuffer;Ljava/nio/CharBuffer;Z)Ljava/nio/charset/CoderResult; @ 15
Event: 0.658 Thread 0x000000000345e800 Uncommon trap: reason=unstable_if action=reinterpret pc=0x00000000039ac484 method=sun.nio.cs.StreamDecoder.implRead([CII)I @ 197
Event: 0.658 Thread 0x000000000345e800 Uncommon trap: reason=unstable_if action=reinterpret pc=0x00000000039a91d0 method=java.io.Reader.read()I @ 12
Event: 0.660 Thread 0x000000000345e800 Uncommon trap: reason=unstable_if action=reinterpret pc=0x00000000039a5ce0 method=org.codehaus.plexus.util.xml.pull.MXParser.nextImpl()I @ 241
Event: 0.661 Thread 0x000000000345e800 Uncommon trap: reason=unstable_if action=reinterpret pc=0x000000000399caac method=java.nio.charset.CharsetDecoder.decode(Ljava/nio/ByteBuffer;Ljava/nio/CharBuffer;Z)Ljava/nio/charset/CoderResult; @ 15
Event: 0.661 Thread 0x000000000345e800 Uncommon trap: reason=unstable_if action=reinterpret pc=0x00000000039984d4 method=java.io.Reader.read()I @ 12
Event: 0.694 Thread 0x000000000345e800 Uncommon trap: reason=unstable_if action=reinterpret pc=0x000000000394339c method=java.util.HashMap.getNode(ILjava/lang/Object;)Ljava/util/HashMap$Node; @ 129
Event: 0.694 Thread 0x000000000345e800 Uncommon trap: reason=unstable_if action=reinterpret pc=0x0000000003944f84 method=java.util.HashMap.getNode(ILjava/lang/Object;)Ljava/util/HashMap$Node; @ 129
Event: 0.708 Thread 0x000000000345e800 Uncommon trap: reason=unstable_if action=reinterpret pc=0x0000000003991524 method=java.nio.charset.CharsetDecoder.decode(Ljava/nio/ByteBuffer;Ljava/nio/CharBuffer;Z)Ljava/nio/charset/CoderResult; @ 1

Internal exceptions (10 events):
Event: 0.375 Thread 0x000000000345e800 Exception <a 'java/lang/NoSuchMethodError': java.lang.Object.lambda$andThen$6(Ljava/util/function/Function;Ljava/lang/Object;)Ljava/lang/Object;> (0x000000076cb71488) thrown at [C:\re\workspace\8-2-build-windows-amd64-cygwin\jdk8u45\3627\hotspot\src\share\
Event: 0.517 Thread 0x000000000345e800 Exception <a 'java/lang/ArrayIndexOutOfBoundsException': 18> (0x000000076d3c0590) thrown at [C:\re\workspace\8-2-build-windows-amd64-cygwin\jdk8u45\3627\hotspot\src\share\vm\interpreter\interpreterRuntime.cpp, line 366]
Event: 0.533 Thread 0x000000000345e800 Exception <a 'java/lang/NoSuchMethodError': java.lang.Object.lambda$comparing$77a9974f$1(Ljava/util/function/Function;Ljava/lang/Object;Ljava/lang/Object;)I> (0x000000076d49fde0) thrown at [C:\re\workspace\8-2-build-windows-amd64-cygwin\jdk8u45\3627\hotspoﬂ‚·=·?
Event: 0.534 Thread 0x000000000345e800 Exception <a 'java/lang/NoSuchMethodError': java.lang.Object.lambda$comparing$ea9a8b3a$1(Ljava/util/Comparator;Ljava/util/function/Function;Ljava/lang/Object;Ljava/lang/Object;)I> (0x000000076d4b13f8) thrown at [C:\re\workspace\8-2-build-windows-amd64-cygw2ÿo·?
Event: 0.534 Thread 0x000000000345e800 Exception <a 'java/lang/NoSuchMethodError': java.lang.Object.lambda$thenComparing$36697e65$1(Ljava/util/Comparator;Ljava/lang/Object;Ljava/lang/Object;)I> (0x000000076d4b8fb8) thrown at [C:\re\workspace\8-2-build-windows-amd64-cygwin\jdk8u45\3627\hotspot\s⁄Â[÷õ‚?
Event: 0.582 Thread 0x000000000345e800 Exception <a 'java/lang/ArrayIndexOutOfBoundsException'> (0x000000076d7c3648) thrown at [C:\re\workspace\8-2-build-windows-amd64-cygwin\jdk8u45\3627\hotspot\src\share\vm\runtime\sharedRuntime.cpp, line 605]
Event: 0.587 Thread 0x000000000345e800 Exception <a 'java/lang/ArrayIndexOutOfBoundsException'> (0x000000076d8242d8) thrown at [C:\re\workspace\8-2-build-windows-amd64-cygwin\jdk8u45\3627\hotspot\src\share\vm\runtime\sharedRuntime.cpp, line 605]
Event: 0.589 Thread 0x000000000345e800 Exception <a 'java/lang/NoClassDefFoundError': javax/enterprise/inject/Typed> (0x000000076d8516c8) thrown at [C:\re\workspace\8-2-build-windows-amd64-cygwin\jdk8u45\3627\hotspot\src\share\vm\classfile\systemDictionary.cpp, line 199]
Event: 0.663 Thread 0x000000000345e800 Exception <a 'java/lang/ArrayIndexOutOfBoundsException'> (0x000000076e1025b8) thrown at [C:\re\workspace\8-2-build-windows-amd64-cygwin\jdk8u45\3627\hotspot\src\share\vm\runtime\sharedRuntime.cpp, line 605]
Event: 0.664 Thread 0x000000000345e800 Exception <a 'java/lang/ArrayIndexOutOfBoundsException'> (0x000000076e104098) thrown at [C:\re\workspace\8-2-build-windows-amd64-cygwin\jdk8u45\3627\hotspot\src\share\vm\runtime\sharedRuntime.cpp, line 605]

Events (10 events):
Event: 0.710 loading class org/apache/maven/plugin/internal/MavenPluginConfigurationValidator
Event: 0.710 loading class org/apache/maven/plugin/internal/MavenPluginConfigurationValidator done
Event: 0.710 loading class org/apache/maven/plugin/internal/DeprecatedPluginValidator
Event: 0.710 loading class org/apache/maven/plugin/internal/DeprecatedPluginValidator done
Event: 0.711 loading class org/apache/maven/plugin/internal/AbstractMavenPluginDescriptorSourcedParametersValidator
Event: 0.711 loading class org/apache/maven/plugin/internal/AbstractMavenPluginDescriptorSourcedParametersValidator done
Event: 0.711 loading class org/apache/maven/plugin/internal/Maven2DependenciesValidator
Event: 0.711 loading class org/apache/maven/plugin/internal/Maven2DependenciesValidator done
Event: 0.711 loading class org/apache/maven/plugin/internal/AbstractMavenPluginDependenciesValidator
Event: 0.711 loading class org/apache/maven/plugin/internal/AbstractMavenPluginDependenciesValidator done


Dynamic libraries:
0x00007ff758090000 - 0x00007ff7580c7000 	C:\Program Files\Java\jdk1.8.0_45\bin\java.exe
0x00007ffe65470000 - 0x00007ffe65668000 	C:\Windows\SYSTEM32\ntdll.dll
0x00007ffe64640000 - 0x00007ffe646ff000 	C:\Windows\System32\KERNEL32.DLL
0x00007ffe631d0000 - 0x00007ffe634c6000 	C:\Windows\System32\KERNELBASE.dll
0x00007ffe637d0000 - 0x00007ffe6387f000 	C:\Windows\System32\ADVAPI32.dll
0x00007ffe63c30000 - 0x00007ffe63cce000 	C:\Windows\System32\msvcrt.dll
0x00007ffe652c0000 - 0x00007ffe6535c000 	C:\Windows\System32\sechost.dll
0x00007ffe63550000 - 0x00007ffe63676000 	C:\Windows\System32\RPCRT4.dll
0x00007ffe63e50000 - 0x00007ffe63fed000 	C:\Windows\System32\USER32.dll
0x00007ffe62f40000 - 0x00007ffe62f62000 	C:\Windows\System32\win32u.dll
0x00007ffe63d70000 - 0x00007ffe63d9c000 	C:\Windows\System32\GDI32.dll
0x00007ffe62b50000 - 0x00007ffe62c65000 	C:\Windows\System32\gdi32full.dll
0x00007ffe63020000 - 0x00007ffe630bd000 	C:\Windows\System32\msvcp_win.dll
0x00007ffe62e40000 - 0x00007ffe62f40000 	C:\Windows\System32\ucrtbase.dll
0x00007ffe2dad0000 - 0x00007ffe2dd6a000 	C:\Windows\WinSxS\amd64_microsoft.windows.common-controls_6595b64144ccf1df_6.0.19041.1110_none_60b5254171f9507e\COMCTL32.dll
0x00007ffe637a0000 - 0x00007ffe637d0000 	C:\Windows\System32\IMM32.DLL
0x00007ffe101d0000 - 0x00007ffe108d1000 	C:\Program Files\McAfee\DLP\Agent\fcagpph64.dll
0x00007ffe64b70000 - 0x00007ffe652b4000 	C:\Windows\System32\SHELL32.dll
0x00007ffe63a90000 - 0x00007ffe63bba000 	C:\Windows\System32\ole32.dll
0x00007ffe64190000 - 0x00007ffe644e4000 	C:\Windows\System32\combase.dll
0x00007ffe63a30000 - 0x00007ffe63a85000 	C:\Windows\System32\SHLWAPI.dll
0x00007ffe640a0000 - 0x00007ffe6416d000 	C:\Windows\System32\OLEAUT32.dll
0x00007ffe45390000 - 0x00007ffe4542d000 	C:\Windows\SYSTEM32\WINSPOOL.DRV
0x00007ffe63ff0000 - 0x00007ffe6409d000 	C:\Windows\System32\shcore.dll
0x00007ffe58780000 - 0x00007ffe5878a000 	C:\Windows\SYSTEM32\VERSION.dll
0x00007ffe62a10000 - 0x00007ffe62a42000 	C:\Windows\SYSTEM32\SspiCli.dll
0x00007ffe61cf0000 - 0x00007ffe61d23000 	C:\Windows\SYSTEM32\ntmarta.dll
0x00007ffe26d20000 - 0x00007ffe26dd2000 	C:\Program Files\McAfee\Endpoint Security\Threat Prevention\Ips\EpMPApi.dll
0x00007ffe62dd0000 - 0x00007ffe62e37000 	C:\Windows\System32\WINTRUST.dll
0x00007ffe62c70000 - 0x00007ffe62dce000 	C:\Windows\System32\CRYPT32.dll
0x00007ffe62730000 - 0x00007ffe62742000 	C:\Windows\SYSTEM32\MSASN1.dll
0x0000000072720000 - 0x000000007272c000 	C:\Program Files\McAfee\Endpoint Security\Threat Prevention\Ips\EpMPThe.dll
0x00007ffe26cc0000 - 0x00007ffe26d18000 	C:\Program Files\McAfee\Endpoint Security\Threat Prevention\Ips\HIPHandlers64.dll
0x00007ffe60ea0000 - 0x00007ffe61084000 	C:\Windows\SYSTEM32\dbghelp.dll
0x0000000072190000 - 0x0000000072262000 	C:\Program Files\Java\jdk1.8.0_45\jre\bin\msvcr100.dll
0x0000000071750000 - 0x0000000071fd3000 	C:\Program Files\Java\jdk1.8.0_45\jre\bin\server\jvm.dll
0x00007ffe63c20000 - 0x00007ffe63c28000 	C:\Windows\System32\PSAPI.DLL
0x00007ffe44fe0000 - 0x00007ffe44fe9000 	C:\Windows\SYSTEM32\WSOCK32.dll
0x00007ffe65360000 - 0x00007ffe653cb000 	C:\Windows\System32\WS2_32.dll
0x00007ffe451a0000 - 0x00007ffe451c7000 	C:\Windows\SYSTEM32\WINMM.dll
0x0000000072180000 - 0x000000007218f000 	C:\Program Files\Java\jdk1.8.0_45\jre\bin\verify.dll
0x0000000072150000 - 0x0000000072179000 	C:\Program Files\Java\jdk1.8.0_45\jre\bin\java.dll
0x0000000072130000 - 0x0000000072146000 	C:\Program Files\Java\jdk1.8.0_45\jre\bin\zip.dll
0x00007ffe60630000 - 0x00007ffe60dc3000 	C:\Windows\SYSTEM32\windows.storage.dll
0x00007ffe625a0000 - 0x00007ffe625ce000 	C:\Windows\SYSTEM32\Wldp.dll
0x00007ffe62a90000 - 0x00007ffe62aaf000 	C:\Windows\SYSTEM32\profapi.dll
0x0000000072110000 - 0x000000007212a000 	C:\Program Files\Java\jdk1.8.0_45\jre\bin\net.dll
0x00007ffe62300000 - 0x00007ffe6236a000 	C:\Windows\system32\mswsock.dll
0x00000000720f0000 - 0x0000000072101000 	C:\Program Files\Java\jdk1.8.0_45\jre\bin\nio.dll
0x0000000069ac0000 - 0x0000000069ae4000 	D:\maven\lib\jansi-native\Windows\x86_64\jansi.dll
0x00007ffe630c0000 - 0x00007ffe63142000 	C:\Windows\System32\bcryptPrimitives.dll

VM Arguments:
jvm_args: -Dclassworlds.conf=D:\maven\bin\m2.conf -Dmaven.home=D:\maven -Dlibrary.jansi.path=D:\maven\lib\jansi-native -Dmaven.multiModuleProjectDirectory=D:\Project\EVN\project1\khcn-backend-service 
java_command: org.codehaus.plexus.classworlds.launcher.Launcher install
java_class_path (initial): D:\maven\boot\plexus-classworlds-2.7.0.jar
Launcher Type: SUN_STANDARD

Environment Variables:
JAVA_HOME=C:\Program Files\Java\jdk1.8.0_45
CLASSPATH=.;
PATH=C:\Program Files\Python37\Scripts\;C:\Program Files\Python37\;C:\ProgramData\Oracle\Java\javapath;C:\Windows\system32;C:\Windows;C:\Windows\System32\Wbem;C:\Windows\System32\WindowsPowerShell\v1.0\;C:\Windows\System32\OpenSSH\;C:\Program Files\Microsoft SQL Server\130\Tools\Binn\;C:\Users\nguyenvantuanc\AppData\Roaming\npm;C:\Users\nguyenvantuanc;C:\Users\nguyenvantuanc\node_modules\@angular\cli\bin;C:\Program Files\dotnet\;C:\Program Files\Microsoft SQL Server\Client SDK\ODBC\170\Tools\Binn\;C:\Program Files (x86)\Microsoft SQL Server\150\Tools\Binn\;C:\Program Files\Microsoft SQL Server\150\Tools\Binn\;C:\Program Files\Microsoft SQL Server\150\DTS\Binn\;C:\Program Files (x86)\Microsoft SQL Server\150\DTS\Binn\;C:\Program Files (x86)\Bitvise SSH Client;C:\ProgramData\chocolatey\bin;C:\Program Files\Java\jdk1.8.0_45\bin;C:\Users\nguyenvantuanc\AppData\Local\Android\Sdk;C:\Users\nguyenvantuanc\AppData\Local\Android\Sdk\platform-tools;C:\Users\nguyenvantuanc\AppData\Roaming\Python\Python37\site-packages;C:\Program Files\nodejs\;D:\BigData\zookeeper\bin;D:\maven\bin;C:\Program Files\Git\cmd;C:\Program Files\Microsoft SQL Server\120\Tools\Binn\;C:\Program Files (x86)\dotnet\;D:\Server\xampp74\php;C:\ProgramData\ComposerSetup\bin;C:\Users\nguyenvantuanc\AppData\Local\Microsoft\WindowsApps;C:\Users\nguyenvantuanc\AppData\Local\Programs\Microsoft VS Code\bin;C:\Users\nguyenvantuanc\node_modules\@angular\cli\bin;C:\Users\nguyenvantuanc\.dotnet\tools;C:\Program Files\Azure Data Studio\bin;C:\Users\nguyenvantuanc\AppData\Local\Programs\Git\cmd;C:\Users\nguyenvantuanc\AppData\Roaming\npm;C:\Users\nguyenvantuanc\AppData\Local\GitHubDesktop\bin
USERNAME=NguyenVanTuanC
OS=Windows_NT
PROCESSOR_IDENTIFIER=Intel64 Family 6 Model 140 Stepping 2, GenuineIntel



---------------  S Y S T E M  ---------------

OS: Windows 10.0 , 64 bit Build 19041 (10.0.19041.3031)

CPU:total 8 (4 cores per cpu, 2 threads per core) family 6 model 140 stepping 2, cmov, cx8, fxsr, mmx, sse, sse2, sse3, ssse3, sse4.1, sse4.2, popcnt, avx, avx2, aes, clmul, erms, 3dnowpref, lzcnt, ht, tsc, tscinvbit, bmi1, bmi2, adx

Memory: 4k page, physical 16509728k(1880148k free), swap 16509728k(4140k free)

vm_info: Java HotSpot(TM) 64-Bit Server VM (25.45-b02) for windows-amd64 JRE (1.8.0_45-b15), built on Apr 30 2015 12:40:44 by "java_re" with MS VC++ 10.0 (VS2010)

time: Wed Aug 02 12:34:57 2023
elapsed time: 0 seconds (0d 0h 0m 0s)

