#
# There is insufficient memory for the Java Runtime Environment to continue.
# Native memory allocation (malloc) failed to allocate 1701856 bytes for Chunk::new
# Possible reasons:
#   The system is out of physical RAM or swap space
#   In 32 bit mode, the process size limit was hit
# Possible solutions:
#   Reduce memory load on the system
#   Increase physical memory or swap space
#   Check if swap backing store is full
#   Use 64 bit Java on a 64 bit OS
#   Decrease Java heap size (-Xmx/-Xms)
#   Decrease number of Java threads
#   Decrease Java thread stack sizes (-Xss)
#   Set larger code cache with -XX:ReservedCodeCacheSize=
# This output file may be truncated or incomplete.
#
#  Out of Memory Error (allocation.cpp:390), pid=21312, tid=14844
#
# JRE version: Java(TM) SE Runtime Environment (8.0_45-b15) (build 1.8.0_45-b15)
# Java VM: Java HotSpot(TM) 64-Bit Server VM (25.45-b02 mixed mode windows-amd64 compressed oops)
# Failed to write core dump. Minidumps are not enabled by default on client versions of Windows
#

---------------  T H R E A D  ---------------

Current thread (0x000000001ed23000):  JavaThread "C2 CompilerThread0" daemon [_thread_in_native, id=14844, stack(0x000000001f2f0000,0x000000001f3f0000)]

Stack: [0x000000001f2f0000,0x000000001f3f0000]
Native frames: (J=compiled Java code, j=interpreted, Vv=VM code, C=native code)
V  [jvm.dll+0x32b57a]
V  [jvm.dll+0x279873]
V  [jvm.dll+0x27a509]
V  [jvm.dll+0x271825]
V  [jvm.dll+0xcb9e2]
V  [jvm.dll+0xcbeac]
V  [jvm.dll+0x476ef2]
V  [jvm.dll+0x4b955f]
V  [jvm.dll+0x46baa8]
V  [jvm.dll+0x46ccbe]
V  [jvm.dll+0x4500f2]
V  [jvm.dll+0xa4352]
V  [jvm.dll+0xa4c8f]
V  [jvm.dll+0x241984]
V  [jvm.dll+0x29853a]
C  [msvcr100.dll+0x21d9f]
C  [msvcr100.dll+0x21e3b]
C  [KERNEL32.DLL+0x17614]
C  [ntdll.dll+0x526f1]


Current CompileTask:
C2:   4623 5301       4       com.sun.tools.javac.comp.Attr::selectSym (600 bytes)


---------------  P R O C E S S  ---------------

Java Threads: ( => current thread )
  0x000000001edb2800 JavaThread "Service Thread" daemon [_thread_blocked, id=6136, stack(0x000000001f6f0000,0x000000001f7f0000)]
  0x000000001cd0a000 JavaThread "C1 CompilerThread3" daemon [_thread_blocked, id=17600, stack(0x000000001f5f0000,0x000000001f6f0000)]
  0x000000001ed29000 JavaThread "C2 CompilerThread2" daemon [_thread_in_native, id=19684, stack(0x000000001f4f0000,0x000000001f5f0000)]
  0x000000001ed25000 JavaThread "C2 CompilerThread1" daemon [_thread_in_native, id=6392, stack(0x000000001f3f0000,0x000000001f4f0000)]
=>0x000000001ed23000 JavaThread "C2 CompilerThread0" daemon [_thread_in_native, id=14844, stack(0x000000001f2f0000,0x000000001f3f0000)]
  0x000000001ed21000 JavaThread "Attach Listener" daemon [_thread_blocked, id=8812, stack(0x000000001f1f0000,0x000000001f2f0000)]
  0x000000001ed20000 JavaThread "Signal Dispatcher" daemon [_thread_blocked, id=9932, stack(0x000000001f0f0000,0x000000001f1f0000)]
  0x0000000003439800 JavaThread "Finalizer" daemon [_thread_blocked, id=13448, stack(0x000000001ebf0000,0x000000001ecf0000)]
  0x000000001ccfd800 JavaThread "Reference Handler" daemon [_thread_blocked, id=21300, stack(0x000000001eaf0000,0x000000001ebf0000)]
  0x000000000333e800 JavaThread "main" [_thread_in_vm, id=2432, stack(0x00000000031d0000,0x00000000032d0000)]

Other Threads:
  0x000000001ccf9800 VMThread [stack: 0x000000001e9f0000,0x000000001eaf0000] [id=20816]
  0x000000001edb4800 WatcherThread [stack: 0x000000001f7f0000,0x000000001f8f0000] [id=22828]

VM state:not at safepoint (normal execution)

VM Mutex/Monitor currently owned by a thread: None

Heap:
 PSYoungGen      total 157184K, used 73542K [0x000000076c000000, 0x000000077a780000, 0x00000007c0000000)
  eden space 129024K, 48% used [0x000000076c000000,0x000000076fd17e20,0x0000000773e00000)
  from space 28160K, 39% used [0x0000000778c00000,0x00000007796b9bb8,0x000000077a780000)
  to   space 10752K, 0% used [0x0000000773e00000,0x0000000773e00000,0x0000000774880000)
 ParOldGen       total 121344K, used 32326K [0x00000006c4000000, 0x00000006cb680000, 0x000000076c000000)
  object space 121344K, 26% used [0x00000006c4000000,0x00000006c5f91b98,0x00000006cb680000)
 Metaspace       used 27059K, capacity 28050K, committed 28288K, reserved 1075200K
  class space    used 3179K, capacity 3453K, committed 3456K, reserved 1048576K

Card table byte_map: [0x0000000012800000,0x0000000012ff0000] byte_map_base: 0x000000000f1e0000

Marking Bits: (ParMarkBitMap*) 0x0000000061184040
 Begin Bits: [0x0000000013d30000, 0x0000000017c30000)
 End Bits:   [0x0000000017c30000, 0x000000001bb30000)

Polling page: 0x0000000003180000

CodeCache: size=245760Kb used=17050Kb max_used=17050Kb free=228709Kb
 bounds [0x0000000003440000, 0x0000000004500000, 0x0000000012440000]
 total_blobs=5324 nmethods=4897 adapters=338
 compilation: enabled

Compilation events (10 events):
Event: 4.601 Thread 0x000000001cd0a000 5349       3       com.sun.tools.javac.code.Type$ClassType::isParameterized (16 bytes)
Event: 4.601 Thread 0x000000001cd0a000 nmethod 5349 0x00000000044d4a90 code [0x00000000044d4c00, 0x00000000044d4e88]
Event: 4.601 Thread 0x000000001cd0a000 5348       3       com.sun.tools.javac.code.Type$ClassType::allparams (30 bytes)
Event: 4.601 Thread 0x000000001cd0a000 nmethod 5348 0x00000000044d4f50 code [0x00000000044d50e0, 0x00000000044d5598]
Event: 4.601 Thread 0x000000001cd0a000 5354       3       com.sun.tools.javac.code.SymbolMetadata::append (54 bytes)
Event: 4.601 Thread 0x000000001cd0a000 nmethod 5354 0x00000000044d56d0 code [0x00000000044d5880, 0x00000000044d5f68]
Event: 4.601 Thread 0x000000001cd0a000 5352       3       com.sun.tools.javac.code.Type$ArrayType::<init> (11 bytes)
Event: 4.601 Thread 0x000000001cd0a000 nmethod 5352 0x00000000044d6190 code [0x00000000044d6300, 0x00000000044d65b0]
Event: 4.601 Thread 0x000000001cd0a000 5347       1       com.sun.tools.javac.util.ListBuffer::size (5 bytes)
Event: 4.601 Thread 0x000000001cd0a000 nmethod 5347 0x00000000044d6710 code [0x00000000044d6860, 0x00000000044d6970]

GC Heap History (10 events):
Event: 2.375 GC heap before
{Heap before GC invocations=3 (full 0):
 PSYoungGen      total 139776K, used 103105K [0x000000076c000000, 0x0000000775300000, 0x00000007c0000000)
  eden space 129024K, 71% used [0x000000076c000000,0x0000000771a35f08,0x0000000773e00000)
  from space 10752K, 99% used [0x0000000774880000,0x00000007752fa530,0x0000000775300000)
  to   space 10752K, 0% used [0x0000000773e00000,0x0000000773e00000,0x0000000774880000)
 ParOldGen       total 172032K, used 2172K [0x00000006c4000000, 0x00000006ce800000, 0x000000076c000000)
  object space 172032K, 1% used [0x00000006c4000000,0x00000006c421f1c8,0x00000006ce800000)
 Metaspace       used 20471K, capacity 21196K, committed 21296K, reserved 1069056K
  class space    used 2473K, capacity 2658K, committed 2688K, reserved 1048576K
Event: 2.387 GC heap after
Heap after GC invocations=3 (full 0):
 PSYoungGen      total 139776K, used 10736K [0x000000076c000000, 0x0000000775300000, 0x00000007c0000000)
  eden space 129024K, 0% used [0x000000076c000000,0x000000076c000000,0x0000000773e00000)
  from space 10752K, 99% used [0x0000000773e00000,0x000000077487c040,0x0000000774880000)
  to   space 10752K, 0% used [0x0000000774880000,0x0000000774880000,0x0000000775300000)
 ParOldGen       total 172032K, used 5071K [0x00000006c4000000, 0x00000006ce800000, 0x000000076c000000)
  object space 172032K, 2% used [0x00000006c4000000,0x00000006c44f3ed8,0x00000006ce800000)
 Metaspace       used 20471K, capacity 21196K, committed 21296K, reserved 1069056K
  class space    used 2473K, capacity 2658K, committed 2688K, reserved 1048576K
}
Event: 2.387 GC heap before
{Heap before GC invocations=4 (full 1):
 PSYoungGen      total 139776K, used 10736K [0x000000076c000000, 0x0000000775300000, 0x00000007c0000000)
  eden space 129024K, 0% used [0x000000076c000000,0x000000076c000000,0x0000000773e00000)
  from space 10752K, 99% used [0x0000000773e00000,0x000000077487c040,0x0000000774880000)
  to   space 10752K, 0% used [0x0000000774880000,0x0000000774880000,0x0000000775300000)
 ParOldGen       total 172032K, used 5071K [0x00000006c4000000, 0x00000006ce800000, 0x000000076c000000)
  object space 172032K, 2% used [0x00000006c4000000,0x00000006c44f3ed8,0x00000006ce800000)
 Metaspace       used 20471K, capacity 21196K, committed 21296K, reserved 1069056K
  class space    used 2473K, capacity 2658K, committed 2688K, reserved 1048576K
Event: 2.428 GC heap after
Heap after GC invocations=4 (full 1):
 PSYoungGen      total 139776K, used 0K [0x000000076c000000, 0x0000000775300000, 0x00000007c0000000)
  eden space 129024K, 0% used [0x000000076c000000,0x000000076c000000,0x0000000773e00000)
  from space 10752K, 0% used [0x0000000773e00000,0x0000000773e00000,0x0000000774880000)
  to   space 10752K, 0% used [0x0000000774880000,0x0000000774880000,0x0000000775300000)
 ParOldGen       total 121344K, used 13432K [0x00000006c4000000, 0x00000006cb680000, 0x000000076c000000)
  object space 121344K, 11% used [0x00000006c4000000,0x00000006c4d1e0c8,0x00000006cb680000)
 Metaspace       used 20471K, capacity 21196K, committed 21296K, reserved 1069056K
  class space    used 2473K, capacity 2658K, committed 2688K, reserved 1048576K
}
Event: 3.419 GC heap before
{Heap before GC invocations=5 (full 1):
 PSYoungGen      total 139776K, used 129024K [0x000000076c000000, 0x0000000775300000, 0x00000007c0000000)
  eden space 129024K, 100% used [0x000000076c000000,0x0000000773e00000,0x0000000773e00000)
  from space 10752K, 0% used [0x0000000773e00000,0x0000000773e00000,0x0000000774880000)
  to   space 10752K, 0% used [0x0000000774880000,0x0000000774880000,0x0000000775300000)
 ParOldGen       total 121344K, used 13432K [0x00000006c4000000, 0x00000006cb680000, 0x000000076c000000)
  object space 121344K, 11% used [0x00000006c4000000,0x00000006c4d1e0c8,0x00000006cb680000)
 Metaspace       used 25674K, capacity 26610K, committed 26752K, reserved 1073152K
  class space    used 3102K, capacity 3357K, committed 3456K, reserved 1048576K
Event: 3.425 GC heap after
Heap after GC invocations=5 (full 1):
 PSYoungGen      total 139776K, used 5571K [0x000000076c000000, 0x0000000778080000, 0x00000007c0000000)
  eden space 129024K, 0% used [0x000000076c000000,0x000000076c000000,0x0000000773e00000)
  from space 10752K, 51% used [0x0000000774880000,0x0000000774df0e10,0x0000000775300000)
  to   space 10752K, 0% used [0x0000000773e00000,0x0000000773e00000,0x0000000774880000)
 ParOldGen       total 121344K, used 13440K [0x00000006c4000000, 0x00000006cb680000, 0x000000076c000000)
  object space 121344K, 11% used [0x00000006c4000000,0x00000006c4d200c8,0x00000006cb680000)
 Metaspace       used 25674K, capacity 26610K, committed 26752K, reserved 1073152K
  class space    used 3102K, capacity 3357K, committed 3456K, reserved 1048576K
}
Event: 4.429 GC heap before
{Heap before GC invocations=6 (full 1):
 PSYoungGen      total 139776K, used 134595K [0x000000076c000000, 0x0000000778080000, 0x00000007c0000000)
  eden space 129024K, 100% used [0x000000076c000000,0x0000000773e00000,0x0000000773e00000)
  from space 10752K, 51% used [0x0000000774880000,0x0000000774df0e10,0x0000000775300000)
  to   space 10752K, 0% used [0x0000000773e00000,0x0000000773e00000,0x0000000774880000)
 ParOldGen       total 121344K, used 13440K [0x00000006c4000000, 0x00000006cb680000, 0x000000076c000000)
  object space 121344K, 11% used [0x00000006c4000000,0x00000006c4d200c8,0x00000006cb680000)
 Metaspace       used 26822K, capacity 27762K, committed 28032K, reserved 1073152K
  class space    used 3159K, capacity 3421K, committed 3456K, reserved 1048576K
Event: 4.447 GC heap after
Heap after GC invocations=6 (full 1):
 PSYoungGen      total 139776K, used 10735K [0x000000076c000000, 0x000000077a780000, 0x00000007c0000000)
  eden space 129024K, 0% used [0x000000076c000000,0x000000076c000000,0x0000000773e00000)
  from space 10752K, 99% used [0x0000000773e00000,0x000000077487bd28,0x0000000774880000)
  to   space 28160K, 0% used [0x0000000778c00000,0x0000000778c00000,0x000000077a780000)
 ParOldGen       total 121344K, used 32318K [0x00000006c4000000, 0x00000006cb680000, 0x000000076c000000)
  object space 121344K, 26% used [0x00000006c4000000,0x00000006c5f8fb98,0x00000006cb680000)
 Metaspace       used 26822K, capacity 27762K, committed 28032K, reserved 1073152K
  class space    used 3159K, capacity 3421K, committed 3456K, reserved 1048576K
}
Event: 4.473 GC heap before
{Heap before GC invocations=7 (full 1):
 PSYoungGen      total 139776K, used 139759K [0x000000076c000000, 0x000000077a780000, 0x00000007c0000000)
  eden space 129024K, 100% used [0x000000076c000000,0x0000000773e00000,0x0000000773e00000)
  from space 10752K, 99% used [0x0000000773e00000,0x000000077487bd28,0x0000000774880000)
  to   space 28160K, 0% used [0x0000000778c00000,0x0000000778c00000,0x000000077a780000)
 ParOldGen       total 121344K, used 32318K [0x00000006c4000000, 0x00000006cb680000, 0x000000076c000000)
  object space 121344K, 26% used [0x00000006c4000000,0x00000006c5f8fb98,0x00000006cb680000)
 Metaspace       used 26823K, capacity 27762K, committed 28032K, reserved 1073152K
  class space    used 3159K, capacity 3421K, committed 3456K, reserved 1048576K
Event: 4.479 GC heap after
Heap after GC invocations=7 (full 1):
 PSYoungGen      total 157184K, used 10982K [0x000000076c000000, 0x000000077a780000, 0x00000007c0000000)
  eden space 129024K, 0% used [0x000000076c000000,0x000000076c000000,0x0000000773e00000)
  from space 28160K, 39% used [0x0000000778c00000,0x00000007796b9bb8,0x000000077a780000)
  to   space 10752K, 0% used [0x0000000773e00000,0x0000000773e00000,0x0000000774880000)
 ParOldGen       total 121344K, used 32326K [0x00000006c4000000, 0x00000006cb680000, 0x000000076c000000)
  object space 121344K, 26% used [0x00000006c4000000,0x00000006c5f91b98,0x00000006cb680000)
 Metaspace       used 26823K, capacity 27762K, committed 28032K, reserved 1073152K
  class space    used 3159K, capacity 3421K, committed 3456K, reserved 1048576K
}

Deoptimization events (10 events):
Event: 4.263 Thread 0x000000000333e800 Uncommon trap: reason=unloaded action=reinterpret pc=0x00000000043f412c method=com.sun.tools.javac.jvm.ClassReader.readPool(I)Ljava/lang/Object; @ 390
Event: 4.338 Thread 0x000000000333e800 Uncommon trap: reason=unstable_if action=reinterpret pc=0x0000000003b433ec method=com.sun.tools.javac.jvm.ClassReader.classSigToType()Lcom/sun/tools/javac/code/Type; @ 148
Event: 4.447 Thread 0x000000001ccfd800 Uncommon trap: reason=unstable_if action=reinterpret pc=0x0000000004126e08 method=sun.misc.VM.addFinalRefCount(I)V @ 14
Event: 4.577 Thread 0x000000000333e800 Uncommon trap: reason=unstable_if action=reinterpret pc=0x00000000044bea7c method=com.sun.tools.javac.comp.Check.checkType(Lcom/sun/tools/javac/util/JCDiagnostic$DiagnosticPosition;Lcom/sun/tools/javac/code/Type;Lcom/sun/tools/javac/code/Type;Lcom/sun/toolÖH·’ÕX@
Event: 4.587 Thread 0x000000000333e800 Uncommon trap: reason=class_check action=maybe_recompile pc=0x00000000037e8ba8 method=com.sun.tools.javac.code.Scope.lookup(Lcom/sun/tools/javac/util/Name;Lcom/sun/tools/javac/util/Filter;)Lcom/sun/tools/javac/code/Scope$Entry; @ 49
Event: 4.589 Thread 0x000000000333e800 Uncommon trap: reason=class_check action=maybe_recompile pc=0x00000000037e8ba8 method=com.sun.tools.javac.code.Scope.lookup(Lcom/sun/tools/javac/util/Name;Lcom/sun/tools/javac/util/Filter;)Lcom/sun/tools/javac/code/Scope$Entry; @ 49
Event: 4.589 Thread 0x000000000333e800 Uncommon trap: reason=unstable_if action=reinterpret pc=0x00000000044c0e08 method=com.sun.tools.javac.comp.Check.checkType(Lcom/sun/tools/javac/util/JCDiagnostic$DiagnosticPosition;Lcom/sun/tools/javac/code/Type;Lcom/sun/tools/javac/code/Type;Lcom/sun/tool∫LMÇ7\@
Event: 4.590 Thread 0x000000000333e800 Uncommon trap: reason=class_check action=maybe_recompile pc=0x00000000037e8ba8 method=com.sun.tools.javac.code.Scope.lookup(Lcom/sun/tools/javac/util/Name;Lcom/sun/tools/javac/util/Filter;)Lcom/sun/tools/javac/code/Scope$Entry; @ 49
Event: 4.590 Thread 0x000000000333e800 Uncommon trap: reason=unstable_if action=reinterpret pc=0x00000000044b610c method=com.sun.tools.javac.comp.Check.checkType(Lcom/sun/tools/javac/util/JCDiagnostic$DiagnosticPosition;Lcom/sun/tools/javac/code/Type;Lcom/sun/tools/javac/code/Type;Lcom/sun/toolw&&^\@
Event: 4.590 Thread 0x000000000333e800 Uncommon trap: reason=class_check action=maybe_recompile pc=0x00000000037e8ba8 method=com.sun.tools.javac.code.Scope.lookup(Lcom/sun/tools/javac/util/Name;Lcom/sun/tools/javac/util/Filter;)Lcom/sun/tools/javac/code/Scope$Entry; @ 49

Internal exceptions (10 events):
Event: 1.811 Thread 0x000000000333e800 Implicit null exception at 0x0000000003eae568 to 0x0000000003eaeaf9
Event: 2.048 Thread 0x000000000333e800 Implicit null exception at 0x00000000038bc2d5 to 0x00000000038bc4d9
Event: 2.049 Thread 0x000000000333e800 Implicit null exception at 0x000000000370776f to 0x00000000037077d9
Event: 2.296 Thread 0x000000000333e800 Implicit null exception at 0x0000000003e9254e to 0x0000000003e92891
Event: 2.311 Thread 0x000000000333e800 Implicit null exception at 0x0000000003c1d155 to 0x0000000003c1d355
Event: 2.615 Thread 0x000000000333e800 Exception <a 'sun/nio/fs/WindowsException'> (0x000000076c0d3c50) thrown at [C:\re\workspace\8-2-build-windows-amd64-cygwin\jdk8u45\3627\hotspot\src\share\vm\prims\jni.cpp, line 709]
Event: 2.619 Thread 0x000000000333e800 Implicit null exception at 0x00000000041357b5 to 0x0000000004136ecd
Event: 3.052 Thread 0x000000000333e800 Exception <a 'java/lang/ClassNotFoundException': com/sun/tools/javac/api/JavacTool> (0x000000077133aa70) thrown at [C:\re\workspace\8-2-build-windows-amd64-cygwin\jdk8u45\3627\hotspot\src\share\vm\classfile\systemDictionary.cpp, line 210]
Event: 3.862 Thread 0x000000000333e800 Exception <a 'java/io/FileNotFoundException'> (0x000000076e5675a0) thrown at [C:\re\workspace\8-2-build-windows-amd64-cygwin\jdk8u45\3627\hotspot\src\share\vm\prims\jni.cpp, line 709]
Event: 3.868 Thread 0x000000000333e800 Exception <a 'java/io/FileNotFoundException'> (0x000000076e59b3c0) thrown at [C:\re\workspace\8-2-build-windows-amd64-cygwin\jdk8u45\3627\hotspot\src\share\vm\prims\jni.cpp, line 709]

Events (10 events):
Event: 4.589 Thread 0x000000000333e800 DEOPT UNPACKING pc=0x000000000348582a sp=0x00000000032ccdf0 mode 2
Event: 4.590 Thread 0x000000000333e800 Uncommon trap: trap_request=0xffffffde fr.pc=0x00000000037e8ba8
Event: 4.590 Thread 0x000000000333e800 DEOPT PACKING pc=0x00000000037e8ba8 sp=0x00000000032ccb00
Event: 4.590 Thread 0x000000000333e800 DEOPT UNPACKING pc=0x000000000348582a sp=0x00000000032ccab8 mode 2
Event: 4.590 Thread 0x000000000333e800 Uncommon trap: trap_request=0xffffff65 fr.pc=0x00000000044b610c
Event: 4.590 Thread 0x000000000333e800 DEOPT PACKING pc=0x00000000044b610c sp=0x00000000032cce80
Event: 4.590 Thread 0x000000000333e800 DEOPT UNPACKING pc=0x000000000348582a sp=0x00000000032ccde8 mode 2
Event: 4.590 Thread 0x000000000333e800 Uncommon trap: trap_request=0xffffffde fr.pc=0x00000000037e8ba8
Event: 4.590 Thread 0x000000000333e800 DEOPT PACKING pc=0x00000000037e8ba8 sp=0x00000000032ccb00
Event: 4.590 Thread 0x000000000333e800 DEOPT UNPACKING pc=0x000000000348582a sp=0x00000000032ccab8 mode 2


Dynamic libraries:
0x00007ff75b170000 - 0x00007ff75b1a7000 	C:\Program Files\Java\jdk1.8.0_45\bin\java.exe
0x00007ffdb15f0000 - 0x00007ffdb17e8000 	C:\Windows\SYSTEM32\ntdll.dll
0x00007ffdb13c0000 - 0x00007ffdb147f000 	C:\Windows\System32\KERNEL32.DLL
0x00007ffdaee60000 - 0x00007ffdaf156000 	C:\Windows\System32\KERNELBASE.dll
0x00007ffdb0520000 - 0x00007ffdb05cf000 	C:\Windows\System32\ADVAPI32.dll
0x00007ffdaf650000 - 0x00007ffdaf6ee000 	C:\Windows\System32\msvcrt.dll
0x00007ffdaf8c0000 - 0x00007ffdaf95c000 	C:\Windows\System32\sechost.dll
0x00007ffdb1480000 - 0x00007ffdb15a6000 	C:\Windows\System32\RPCRT4.dll
0x00007ffdaf6f0000 - 0x00007ffdaf88d000 	C:\Windows\System32\USER32.dll
0x00007ffdaf2f0000 - 0x00007ffdaf312000 	C:\Windows\System32\win32u.dll
0x00007ffdb0420000 - 0x00007ffdb044c000 	C:\Windows\System32\GDI32.dll
0x00007ffdaf530000 - 0x00007ffdaf645000 	C:\Windows\System32\gdi32full.dll
0x00007ffdaf190000 - 0x00007ffdaf22d000 	C:\Windows\System32\msvcp_win.dll
0x00007ffdaecd0000 - 0x00007ffdaedd0000 	C:\Windows\System32\ucrtbase.dll
0x00007ffd82550000 - 0x00007ffd827ea000 	C:\Windows\WinSxS\amd64_microsoft.windows.common-controls_6595b64144ccf1df_6.0.19041.1110_none_60b5254171f9507e\COMCTL32.dll
0x00007ffdaf890000 - 0x00007ffdaf8c0000 	C:\Windows\System32\IMM32.DLL
0x00007ffd5eb70000 - 0x00007ffd5f271000 	C:\Program Files\McAfee\DLP\Agent\fcagpph64.dll
0x00007ffdafc00000 - 0x00007ffdb0344000 	C:\Windows\System32\SHELL32.dll
0x00007ffdb11d0000 - 0x00007ffdb12fa000 	C:\Windows\System32\ole32.dll
0x00007ffdb06d0000 - 0x00007ffdb0a24000 	C:\Windows\System32\combase.dll
0x00007ffdb1300000 - 0x00007ffdb1355000 	C:\Windows\System32\SHLWAPI.dll
0x00007ffdb0350000 - 0x00007ffdb041d000 	C:\Windows\System32\OLEAUT32.dll
0x00007ffd9c590000 - 0x00007ffd9c62d000 	C:\Windows\SYSTEM32\WINSPOOL.DRV
0x00007ffdb0a30000 - 0x00007ffdb0add000 	C:\Windows\System32\shcore.dll
0x00007ffda4560000 - 0x00007ffda456a000 	C:\Windows\SYSTEM32\VERSION.dll
0x00007ffdaebc0000 - 0x00007ffdaebf2000 	C:\Windows\SYSTEM32\SspiCli.dll
0x00007ffdade50000 - 0x00007ffdade83000 	C:\Windows\SYSTEM32\ntmarta.dll
0x00007ffd72ba0000 - 0x00007ffd72c52000 	C:\Program Files\McAfee\Endpoint Security\Threat Prevention\Ips\EpMPApi.dll
0x00007ffdaf280000 - 0x00007ffdaf2e7000 	C:\Windows\System32\WINTRUST.dll
0x00007ffdaf320000 - 0x00007ffdaf47e000 	C:\Windows\System32\CRYPT32.dll
0x00007ffdae8b0000 - 0x00007ffdae8c2000 	C:\Windows\SYSTEM32\MSASN1.dll
0x00000000618f0000 - 0x00000000618fc000 	C:\Program Files\McAfee\Endpoint Security\Threat Prevention\Ips\EpMPThe.dll
0x00007ffd72b40000 - 0x00007ffd72b98000 	C:\Program Files\McAfee\Endpoint Security\Threat Prevention\Ips\HIPHandlers64.dll
0x00007ffdac870000 - 0x00007ffdaca54000 	C:\Windows\SYSTEM32\dbghelp.dll
0x0000000061210000 - 0x00000000612e2000 	C:\Program Files\Java\jdk1.8.0_45\jre\bin\msvcr100.dll
0x0000000060980000 - 0x0000000061203000 	C:\Program Files\Java\jdk1.8.0_45\jre\bin\server\jvm.dll
0x00007ffdafbf0000 - 0x00007ffdafbf8000 	C:\Windows\System32\PSAPI.DLL
0x00007ffd9b3c0000 - 0x00007ffd9b3c9000 	C:\Windows\SYSTEM32\WSOCK32.dll
0x0000000003110000 - 0x000000000317b000 	C:\Windows\System32\WS2_32.dll
0x00007ffd9c3c0000 - 0x00007ffd9c3e7000 	C:\Windows\SYSTEM32\WINMM.dll
0x00000000617a0000 - 0x00000000617af000 	C:\Program Files\Java\jdk1.8.0_45\jre\bin\verify.dll
0x0000000061340000 - 0x0000000061369000 	C:\Program Files\Java\jdk1.8.0_45\jre\bin\java.dll
0x0000000061320000 - 0x0000000061336000 	C:\Program Files\Java\jdk1.8.0_45\jre\bin\zip.dll
0x00007ffdaca60000 - 0x00007ffdad1f3000 	C:\Windows\SYSTEM32\windows.storage.dll
0x00007ffdae720000 - 0x00007ffdae74e000 	C:\Windows\SYSTEM32\Wldp.dll
0x00007ffdaec10000 - 0x00007ffdaec2f000 	C:\Windows\SYSTEM32\profapi.dll
0x0000000061300000 - 0x000000006131a000 	C:\Program Files\Java\jdk1.8.0_45\jre\bin\net.dll
0x00007ffdae480000 - 0x00007ffdae4ea000 	C:\Windows\system32\mswsock.dll
0x0000000060960000 - 0x0000000060971000 	C:\Program Files\Java\jdk1.8.0_45\jre\bin\nio.dll
0x0000000069ac0000 - 0x0000000069ae4000 	D:\maven\lib\jansi-native\Windows\x86_64\jansi.dll
0x00007ffdae670000 - 0x00007ffdae688000 	C:\Windows\SYSTEM32\CRYPTSP.dll
0x00007ffdadd30000 - 0x00007ffdadd64000 	C:\Windows\system32\rsaenh.dll
0x0000000022890000 - 0x00000000228b7000 	C:\Windows\System32\bcrypt.dll
0x00007ffdaeb90000 - 0x00007ffdaebbe000 	C:\Windows\SYSTEM32\USERENV.dll
0x00007ffdaedd0000 - 0x00007ffdaee52000 	C:\Windows\System32\bcryptprimitives.dll
0x00007ffdae690000 - 0x00007ffdae69c000 	C:\Windows\SYSTEM32\CRYPTBASE.dll
0x00007ffdae120000 - 0x00007ffdae15c000 	C:\Windows\SYSTEM32\IPHLPAPI.DLL
0x00007ffdb0f60000 - 0x00007ffdb0f68000 	C:\Windows\System32\NSI.dll
0x00007ffda90d0000 - 0x00007ffda90e7000 	C:\Windows\SYSTEM32\dhcpcsvc6.DLL
0x00007ffda90a0000 - 0x00007ffda90bd000 	C:\Windows\SYSTEM32\dhcpcsvc.DLL
0x00007ffdae160000 - 0x00007ffdae22a000 	C:\Windows\SYSTEM32\DNSAPI.dll

VM Arguments:
jvm_args: -Dclassworlds.conf=D:\maven\bin\m2.conf -Dmaven.home=D:\maven -Dlibrary.jansi.path=D:\maven\lib\jansi-native -Dmaven.multiModuleProjectDirectory=D:\Project\EVN\project1\khcn-backend-service 
java_command: org.codehaus.plexus.classworlds.launcher.Launcher install
java_class_path (initial): D:\maven\boot\plexus-classworlds-2.7.0.jar
Launcher Type: SUN_STANDARD

Environment Variables:
JAVA_HOME=C:\Program Files\Java\jdk1.8.0_45
CLASSPATH=.;
PATH=C:\Program Files\Python37\Scripts\;C:\Program Files\Python37\;C:\ProgramData\Oracle\Java\javapath;C:\Windows\system32;C:\Windows;C:\Windows\System32\Wbem;C:\Windows\System32\WindowsPowerShell\v1.0\;C:\Windows\System32\OpenSSH\;C:\Program Files\Microsoft SQL Server\130\Tools\Binn\;C:\Users\nguyenvantuanc\AppData\Roaming\npm;C:\Users\nguyenvantuanc;C:\Users\nguyenvantuanc\node_modules\@angular\cli\bin;C:\Program Files\dotnet\;C:\Program Files\Microsoft SQL Server\Client SDK\ODBC\170\Tools\Binn\;C:\Program Files (x86)\Microsoft SQL Server\150\Tools\Binn\;C:\Program Files\Microsoft SQL Server\150\Tools\Binn\;C:\Program Files\Microsoft SQL Server\150\DTS\Binn\;C:\Program Files (x86)\Microsoft SQL Server\150\DTS\Binn\;C:\Program Files (x86)\Bitvise SSH Client;C:\ProgramData\chocolatey\bin;C:\Program Files\Java\jdk1.8.0_45\bin;C:\Users\nguyenvantuanc\AppData\Local\Android\Sdk;C:\Users\nguyenvantuanc\AppData\Local\Android\Sdk\platform-tools;C:\Users\nguyenvantuanc\AppData\Roaming\Python\Python37\site-packages;C:\Program Files\nodejs\;D:\BigData\zookeeper\bin;D:\maven\bin;C:\Program Files\Git\cmd;C:\Program Files\Microsoft SQL Server\120\Tools\Binn\;C:\Program Files (x86)\dotnet\;D:\Server\xampp74\php;C:\ProgramData\ComposerSetup\bin;C:\Users\nguyenvantuanc\AppData\Local\Microsoft\WindowsApps;C:\Users\nguyenvantuanc\AppData\Local\Programs\Microsoft VS Code\bin;C:\Users\nguyenvantuanc\node_modules\@angular\cli\bin;C:\Users\nguyenvantuanc\.dotnet\tools;C:\Program Files\Azure Data Studio\bin;C:\Users\nguyenvantuanc\AppData\Local\Programs\Git\cmd;C:\Users\nguyenvantuanc\AppData\Roaming\npm;C:\Users\nguyenvantuanc\AppData\Local\GitHubDesktop\bin
USERNAME=NguyenVanTuanC
OS=Windows_NT
PROCESSOR_IDENTIFIER=Intel64 Family 6 Model 140 Stepping 2, GenuineIntel



---------------  S Y S T E M  ---------------

OS: Windows 10.0 , 64 bit Build 19041 (10.0.19041.3031)

CPU:total 8 (4 cores per cpu, 2 threads per core) family 6 model 140 stepping 2, cmov, cx8, fxsr, mmx, sse, sse2, sse3, ssse3, sse4.1, sse4.2, popcnt, avx, avx2, aes, clmul, erms, 3dnowpref, lzcnt, ht, tsc, tscinvbit, bmi1, bmi2, adx

Memory: 4k page, physical 16509728k(2065336k free), swap 16509728k(3072k free)

vm_info: Java HotSpot(TM) 64-Bit Server VM (25.45-b02) for windows-amd64 JRE (1.8.0_45-b15), built on Apr 30 2015 12:40:44 by "java_re" with MS VC++ 10.0 (VS2010)

time: Sat Jul 29 06:39:07 2023
elapsed time: 4 seconds (0d 0h 0m 4s)

