#
# There is insufficient memory for the Java Runtime Environment to continue.
# Native memory allocation (malloc) failed to allocate 1013136 bytes for Chunk::new
# Possible reasons:
#   The system is out of physical RAM or swap space
#   In 32 bit mode, the process size limit was hit
# Possible solutions:
#   Reduce memory load on the system
#   Increase physical memory or swap space
#   Check if swap backing store is full
#   Use 64 bit Java on a 64 bit OS
#   Decrease Java heap size (-Xmx/-Xms)
#   Decrease number of Java threads
#   Decrease Java thread stack sizes (-Xss)
#   Set larger code cache with -XX:ReservedCodeCacheSize=
# This output file may be truncated or incomplete.
#
#  Out of Memory Error (allocation.cpp:390), pid=16204, tid=15004
#
# JRE version: Java(TM) SE Runtime Environment (8.0_45-b15) (build 1.8.0_45-b15)
# Java VM: Java HotSpot(TM) 64-Bit Server VM (25.45-b02 mixed mode windows-amd64 compressed oops)
# Failed to write core dump. Minidumps are not enabled by default on client versions of Windows
#

---------------  T H R E A D  ---------------

Current thread (0x000000001e566000):  JavaThread "C2 CompilerThread2" daemon [_thread_in_native, id=15004, stack(0x000000001ed30000,0x000000001ee30000)]

Stack: [0x000000001ed30000,0x000000001ee30000]
Native frames: (J=compiled Java code, j=interpreted, Vv=VM code, C=native code)
V  [jvm.dll+0x32b57a]
V  [jvm.dll+0x279873]
V  [jvm.dll+0x27a509]
V  [jvm.dll+0x271825]
V  [jvm.dll+0xcb9e2]
V  [jvm.dll+0xcbeac]
V  [jvm.dll+0x476ef2]
V  [jvm.dll+0x4b955f]
V  [jvm.dll+0x46baa8]
V  [jvm.dll+0x46ccbe]
V  [jvm.dll+0x4500f2]
V  [jvm.dll+0xa4352]
V  [jvm.dll+0xa4c8f]
V  [jvm.dll+0x241984]
V  [jvm.dll+0x29853a]
C  [msvcr100.dll+0x21d9f]
C  [msvcr100.dll+0x21e3b]
C  [KERNEL32.DLL+0x17614]
C  [ntdll.dll+0x526f1]


Current CompileTask:
C2:   3316 3024       4       org.springframework.beans.factory.support.AbstractBeanFactory::isTypeMatch (607 bytes)


---------------  P R O C E S S  ---------------

Java Threads: ( => current thread )
  0x000000001f663000 JavaThread "surefire-forkedjvm-ping-30s" daemon [_thread_in_native, id=11916, stack(0x000000001fa30000,0x000000001fb30000)]
  0x000000001e6c2000 JavaThread "surefire-forkedjvm-command-thread" daemon [_thread_in_native, id=8760, stack(0x000000001f130000,0x000000001f230000)]
  0x000000001e5f6800 JavaThread "Service Thread" daemon [_thread_blocked, id=17224, stack(0x000000001ef30000,0x000000001f030000)]
  0x000000001e56c000 JavaThread "C1 CompilerThread3" daemon [_thread_blocked, id=16140, stack(0x000000001ee30000,0x000000001ef30000)]
=>0x000000001e566000 JavaThread "C2 CompilerThread2" daemon [_thread_in_native, id=15004, stack(0x000000001ed30000,0x000000001ee30000)]
  0x000000001e565000 JavaThread "C2 CompilerThread1" daemon [_thread_blocked, id=12444, stack(0x000000001ec30000,0x000000001ed30000)]
  0x000000001e562000 JavaThread "C2 CompilerThread0" daemon [_thread_blocked, id=12100, stack(0x000000001eb30000,0x000000001ec30000)]
  0x000000001e560000 JavaThread "Attach Listener" daemon [_thread_blocked, id=15416, stack(0x000000001ea30000,0x000000001eb30000)]
  0x000000001e55f000 JavaThread "Signal Dispatcher" daemon [_thread_blocked, id=19260, stack(0x000000001e930000,0x000000001ea30000)]
  0x0000000002c94000 JavaThread "Finalizer" daemon [_thread_blocked, id=15696, stack(0x000000001e430000,0x000000001e530000)]
  0x0000000002c93000 JavaThread "Reference Handler" daemon [_thread_blocked, id=5948, stack(0x000000001e330000,0x000000001e430000)]
  0x000000000245e800 JavaThread "main" [_thread_in_vm, id=4388, stack(0x0000000002aa0000,0x0000000002ba0000)]

Other Threads:
  0x000000001c559000 VMThread [stack: 0x000000001e230000,0x000000001e330000] [id=17736]
  0x000000001e5f8000 WatcherThread [stack: 0x000000001f030000,0x000000001f130000] [id=10540]

VM state:not at safepoint (normal execution)

VM Mutex/Monitor currently owned by a thread: None

Heap:
 PSYoungGen      total 135168K, used 99203K [0x000000076c000000, 0x0000000776d00000, 0x00000007c0000000)
  eden space 124416K, 72% used [0x000000076c000000,0x000000077187c828,0x0000000773980000)
  from space 10752K, 79% used [0x0000000773980000,0x00000007741e47b0,0x0000000774400000)
  to   space 10240K, 0% used [0x0000000776300000,0x0000000776300000,0x0000000776d00000)
 ParOldGen       total 101376K, used 6753K [0x00000006c4000000, 0x00000006ca300000, 0x000000076c000000)
  object space 101376K, 6% used [0x00000006c4000000,0x00000006c4698568,0x00000006ca300000)
 Metaspace       used 30657K, capacity 32732K, committed 33024K, reserved 1077248K
  class space    used 4094K, capacity 4501K, committed 4608K, reserved 1048576K

Card table byte_map: [0x0000000012060000,0x0000000012850000] byte_map_base: 0x000000000ea40000

Marking Bits: (ParMarkBitMap*) 0x0000000070454040
 Begin Bits: [0x0000000013590000, 0x0000000017490000)
 End Bits:   [0x0000000017490000, 0x000000001b390000)

Polling page: 0x00000000029b0000

CodeCache: size=245760Kb used=10678Kb max_used=10678Kb free=235081Kb
 bounds [0x0000000002ca0000, 0x0000000003720000, 0x0000000011ca0000]
 total_blobs=3438 nmethods=3052 adapters=297
 compilation: enabled

Compilation events (10 events):
Event: 3.277 Thread 0x000000001e56c000 nmethod 3030 0x00000000036da850 code [0x00000000036da9a0, 0x00000000036daab0]
Event: 3.277 Thread 0x000000001e56c000 3031       1       java.util.LinkedHashMap$LinkedKeySet::size (8 bytes)
Event: 3.278 Thread 0x000000001e56c000 nmethod 3031 0x00000000036e5fd0 code [0x00000000036e6120, 0x00000000036e6230]
Event: 3.281 Thread 0x000000001e56c000 3032       3       org.springframework.core.annotation.AnnotatedElementUtils::findAnnotations (11 bytes)
Event: 3.282 Thread 0x000000001e56c000 nmethod 3032 0x00000000036e5390 code [0x00000000036e5560, 0x00000000036e5ba8]
Event: 3.282 Thread 0x000000001e56c000 3033       3       org.springframework.beans.factory.support.AbstractBeanDefinition::setDependsOn (6 bytes)
Event: 3.282 Thread 0x000000001e56c000 nmethod 3033 0x00000000036e5050 code [0x00000000036e51a0, 0x00000000036e5310]
Event: 3.282 Thread 0x000000001e56c000 3034       3       org.springframework.beans.factory.support.AbstractBeanDefinition::setSynthetic (6 bytes)
Event: 3.282 Thread 0x000000001e56c000 nmethod 3034 0x00000000036e4d10 code [0x00000000036e4e60, 0x00000000036e4fb0]
Event: 3.283 Thread 0x000000001e56c000 3035   !   3       org.springframework.beans.factory.support.DefaultListableBeanFactory::doGetBeanNamesForType (528 bytes)

GC Heap History (10 events):
Event: 1.665 GC heap before
{Heap before GC invocations=2 (full 0):
 PSYoungGen      total 75264K, used 71641K [0x000000076c000000, 0x0000000771400000, 0x00000007c0000000)
  eden space 64512K, 100% used [0x000000076c000000,0x000000076ff00000,0x000000076ff00000)
  from space 10752K, 66% used [0x000000076ff00000,0x00000007705f6440,0x0000000770980000)
  to   space 10752K, 0% used [0x0000000770980000,0x0000000770980000,0x0000000771400000)
 ParOldGen       total 172032K, used 24K [0x00000006c4000000, 0x00000006ce800000, 0x000000076c000000)
  object space 172032K, 0% used [0x00000006c4000000,0x00000006c4006000,0x00000006ce800000)
 Metaspace       used 17393K, capacity 18840K, committed 18944K, reserved 1064960K
  class space    used 2266K, capacity 2526K, committed 2560K, reserved 1048576K
Event: 1.671 GC heap after
Heap after GC invocations=2 (full 0):
 PSYoungGen      total 75264K, used 8898K [0x000000076c000000, 0x0000000771400000, 0x00000007c0000000)
  eden space 64512K, 0% used [0x000000076c000000,0x000000076c000000,0x000000076ff00000)
  from space 10752K, 82% used [0x0000000770980000,0x0000000771230b28,0x0000000771400000)
  to   space 10752K, 0% used [0x000000076ff00000,0x000000076ff00000,0x0000000770980000)
 ParOldGen       total 172032K, used 32K [0x00000006c4000000, 0x00000006ce800000, 0x000000076c000000)
  object space 172032K, 0% used [0x00000006c4000000,0x00000006c4008000,0x00000006ce800000)
 Metaspace       used 17393K, capacity 18840K, committed 18944K, reserved 1064960K
  class space    used 2266K, capacity 2526K, committed 2560K, reserved 1048576K
}
Event: 1.811 GC heap before
{Heap before GC invocations=3 (full 0):
 PSYoungGen      total 75264K, used 40760K [0x000000076c000000, 0x0000000771400000, 0x00000007c0000000)
  eden space 64512K, 49% used [0x000000076c000000,0x000000076df1d690,0x000000076ff00000)
  from space 10752K, 82% used [0x0000000770980000,0x0000000771230b28,0x0000000771400000)
  to   space 10752K, 0% used [0x000000076ff00000,0x000000076ff00000,0x0000000770980000)
 ParOldGen       total 172032K, used 32K [0x00000006c4000000, 0x00000006ce800000, 0x000000076c000000)
  object space 172032K, 0% used [0x00000006c4000000,0x00000006c4008000,0x00000006ce800000)
 Metaspace       used 19692K, capacity 21242K, committed 21296K, reserved 1067008K
  class space    used 2634K, capacity 2925K, committed 2944K, reserved 1048576K
Event: 1.817 GC heap after
Heap after GC invocations=3 (full 0):
 PSYoungGen      total 75264K, used 7076K [0x000000076c000000, 0x0000000775300000, 0x00000007c0000000)
  eden space 64512K, 0% used [0x000000076c000000,0x000000076c000000,0x000000076ff00000)
  from space 10752K, 65% used [0x000000076ff00000,0x00000007705e90d8,0x0000000770980000)
  to   space 10752K, 0% used [0x0000000774880000,0x0000000774880000,0x0000000775300000)
 ParOldGen       total 172032K, used 40K [0x00000006c4000000, 0x00000006ce800000, 0x000000076c000000)
  object space 172032K, 0% used [0x00000006c4000000,0x00000006c400a000,0x00000006ce800000)
 Metaspace       used 19692K, capacity 21242K, committed 21296K, reserved 1067008K
  class space    used 2634K, capacity 2925K, committed 2944K, reserved 1048576K
}
Event: 1.817 GC heap before
{Heap before GC invocations=4 (full 1):
 PSYoungGen      total 75264K, used 7076K [0x000000076c000000, 0x0000000775300000, 0x00000007c0000000)
  eden space 64512K, 0% used [0x000000076c000000,0x000000076c000000,0x000000076ff00000)
  from space 10752K, 65% used [0x000000076ff00000,0x00000007705e90d8,0x0000000770980000)
  to   space 10752K, 0% used [0x0000000774880000,0x0000000774880000,0x0000000775300000)
 ParOldGen       total 172032K, used 40K [0x00000006c4000000, 0x00000006ce800000, 0x000000076c000000)
  object space 172032K, 0% used [0x00000006c4000000,0x00000006c400a000,0x00000006ce800000)
 Metaspace       used 19692K, capacity 21242K, committed 21296K, reserved 1067008K
  class space    used 2634K, capacity 2925K, committed 2944K, reserved 1048576K
Event: 1.844 GC heap after
Heap after GC invocations=4 (full 1):
 PSYoungGen      total 75264K, used 0K [0x000000076c000000, 0x0000000775300000, 0x00000007c0000000)
  eden space 64512K, 0% used [0x000000076c000000,0x000000076c000000,0x000000076ff00000)
  from space 10752K, 0% used [0x000000076ff00000,0x000000076ff00000,0x0000000770980000)
  to   space 10752K, 0% used [0x0000000774880000,0x0000000774880000,0x0000000775300000)
 ParOldGen       total 101376K, used 6737K [0x00000006c4000000, 0x00000006ca300000, 0x000000076c000000)
  object space 101376K, 6% used [0x00000006c4000000,0x00000006c4694568,0x00000006ca300000)
 Metaspace       used 19692K, capacity 21242K, committed 21296K, reserved 1067008K
  class space    used 2634K, capacity 2925K, committed 2944K, reserved 1048576K
}
Event: 2.147 GC heap before
{Heap before GC invocations=5 (full 1):
 PSYoungGen      total 75264K, used 64512K [0x000000076c000000, 0x0000000775300000, 0x00000007c0000000)
  eden space 64512K, 100% used [0x000000076c000000,0x000000076ff00000,0x000000076ff00000)
  from space 10752K, 0% used [0x000000076ff00000,0x000000076ff00000,0x0000000770980000)
  to   space 10752K, 0% used [0x0000000774880000,0x0000000774880000,0x0000000775300000)
 ParOldGen       total 101376K, used 6737K [0x00000006c4000000, 0x00000006ca300000, 0x000000076c000000)
  object space 101376K, 6% used [0x00000006c4000000,0x00000006c4694568,0x00000006ca300000)
 Metaspace       used 23209K, capacity 24822K, committed 25088K, reserved 1071104K
  class space    used 3146K, capacity 3470K, committed 3584K, reserved 1048576K
Event: 2.152 GC heap after
Heap after GC invocations=5 (full 1):
 PSYoungGen      total 105472K, used 5709K [0x000000076c000000, 0x0000000774e80000, 0x00000007c0000000)
  eden space 99328K, 0% used [0x000000076c000000,0x000000076c000000,0x0000000772100000)
  from space 6144K, 92% used [0x0000000774880000,0x0000000774e13540,0x0000000774e80000)
  to   space 10752K, 0% used [0x0000000773980000,0x0000000773980000,0x0000000774400000)
 ParOldGen       total 101376K, used 6745K [0x00000006c4000000, 0x00000006ca300000, 0x000000076c000000)
  object space 101376K, 6% used [0x00000006c4000000,0x00000006c4696568,0x00000006ca300000)
 Metaspace       used 23209K, capacity 24822K, committed 25088K, reserved 1071104K
  class space    used 3146K, capacity 3470K, committed 3584K, reserved 1048576K
}
Event: 2.429 GC heap before
{Heap before GC invocations=6 (full 1):
 PSYoungGen      total 105472K, used 105037K [0x000000076c000000, 0x0000000774e80000, 0x00000007c0000000)
  eden space 99328K, 100% used [0x000000076c000000,0x0000000772100000,0x0000000772100000)
  from space 6144K, 92% used [0x0000000774880000,0x0000000774e13540,0x0000000774e80000)
  to   space 10752K, 0% used [0x0000000773980000,0x0000000773980000,0x0000000774400000)
 ParOldGen       total 101376K, used 6745K [0x00000006c4000000, 0x00000006ca300000, 0x000000076c000000)
  object space 101376K, 6% used [0x00000006c4000000,0x00000006c4696568,0x00000006ca300000)
 Metaspace       used 26794K, capacity 28494K, committed 28800K, reserved 1075200K
  class space    used 3565K, capacity 3894K, committed 3968K, reserved 1048576K
Event: 2.438 GC heap after
Heap after GC invocations=6 (full 1):
 PSYoungGen      total 135168K, used 8593K [0x000000076c000000, 0x0000000776d00000, 0x00000007c0000000)
  eden space 124416K, 0% used [0x000000076c000000,0x000000076c000000,0x0000000773980000)
  from space 10752K, 79% used [0x0000000773980000,0x00000007741e47b0,0x0000000774400000)
  to   space 10240K, 0% used [0x0000000776300000,0x0000000776300000,0x0000000776d00000)
 ParOldGen       total 101376K, used 6753K [0x00000006c4000000, 0x00000006ca300000, 0x000000076c000000)
  object space 101376K, 6% used [0x00000006c4000000,0x00000006c4698568,0x00000006ca300000)
 Metaspace       used 26794K, capacity 28494K, committed 28800K, reserved 1075200K
  class space    used 3565K, capacity 3894K, committed 3968K, reserved 1048576K
}

Deoptimization events (10 events):
Event: 3.138 Thread 0x000000000245e800 Uncommon trap: reason=unstable_if action=reinterpret pc=0x0000000003600124 method=org.springframework.beans.factory.support.AbstractBeanFactory.getMergedLocalBeanDefinition(Ljava/lang/String;)Lorg/springframework/beans/factory/support/RootBeanDefinition; @½¥Avƒ=	@
Event: 3.155 Thread 0x000000000245e800 Uncommon trap: reason=range_check action=make_not_entrant pc=0x0000000003677914 method=java.util.zip.ZipUtils.get16([BI)I @ 10
Event: 3.223 Thread 0x000000001f663000 Uncommon trap: reason=class_check action=maybe_recompile pc=0x0000000003321da8 method=java.lang.Character.codePointAt(Ljava/lang/CharSequence;I)I @ 2
Event: 3.223 Thread 0x000000001f663000 Uncommon trap: reason=class_check action=maybe_recompile pc=0x0000000003321da8 method=java.lang.Character.codePointAt(Ljava/lang/CharSequence;I)I @ 2
Event: 3.223 Thread 0x000000001f663000 Uncommon trap: reason=class_check action=maybe_recompile pc=0x0000000003321da8 method=java.lang.Character.codePointAt(Ljava/lang/CharSequence;I)I @ 2
Event: 3.223 Thread 0x000000001f663000 Uncommon trap: reason=class_check action=maybe_recompile pc=0x0000000003321da8 method=java.lang.Character.codePointAt(Ljava/lang/CharSequence;I)I @ 2
Event: 3.223 Thread 0x000000001f663000 Uncommon trap: reason=class_check action=maybe_recompile pc=0x0000000003317b60 method=java.lang.Character.codePointAt(Ljava/lang/CharSequence;I)I @ 2
Event: 3.223 Thread 0x000000001f663000 Uncommon trap: reason=bimorphic action=maybe_recompile pc=0x00000000036812b4 method=java.util.regex.Pattern$Curly.match0(Ljava/util/regex/Matcher;IILjava/lang/CharSequence;)Z @ 170
Event: 3.224 Thread 0x000000001f663000 Uncommon trap: reason=bimorphic action=maybe_recompile pc=0x00000000036812b4 method=java.util.regex.Pattern$Curly.match0(Ljava/util/regex/Matcher;IILjava/lang/CharSequence;)Z @ 170
Event: 3.235 Thread 0x000000000245e800 Uncommon trap: reason=unstable_if action=reinterpret pc=0x0000000003668c48 method=org.springframework.core.ResolvableType$1.isAssignableFrom(Ljava/lang/Class;)Z @ 15

Internal exceptions (10 events):
Event: 1.875 Thread 0x000000000245e800 Exception <a 'java/lang/ClassNotFoundException': org/springframework/beans/factory/AwareCustomizer> (0x000000076c6a3280) thrown at [C:\re\workspace\8-2-build-windows-amd64-cygwin\jdk8u45\3627\hotspot\src\share\vm\classfile\systemDictionary.cpp, line 210]
Event: 1.875 Thread 0x000000000245e800 Exception <a 'java/lang/ClassNotFoundException': org/springframework/context/EnvironmentAwareCustomizer> (0x000000076c6c3c18) thrown at [C:\re\workspace\8-2-build-windows-amd64-cygwin\jdk8u45\3627\hotspot\src\share\vm\classfile\systemDictionary.cpp, line 2áëk]jþ?
Event: 1.876 Thread 0x000000000245e800 Exception <a 'java/lang/ClassNotFoundException': org/springframework/beans/factory/AwareCustomizer> (0x000000076c6e3410) thrown at [C:\re\workspace\8-2-build-windows-amd64-cygwin\jdk8u45\3627\hotspot\src\share\vm\classfile\systemDictionary.cpp, line 210]
Event: 2.055 Thread 0x000000000245e800 Exception <a 'java/lang/NoSuchMethodError': java.lang.Object.lambda$getAllAnnotationAttributes$0(Lorg/springframework/util/MultiValueMap;)Lorg/springframework/util/MultiValueMap;> (0x000000076ed8ebb8) thrown at [C:\re\workspace\8-2-build-windows-amd64-cygwt®Íkq
Event: 2.055 Thread 0x000000000245e800 Exception <a 'java/lang/NoSuchMethodError': java.lang.Object.lambda$identity$7(Ljava/lang/Object;)Ljava/lang/Object;> (0x000000076ed92628) thrown at [C:\re\workspace\8-2-build-windows-amd64-cygwin\jdk8u45\3627\hotspot\src\share\vm\interpreter\linkResolver.å‡
Event: 2.356 Thread 0x000000001fff2000 Exception <a 'java/lang/IncompatibleClassChangeError': Found class java.lang.Object, but interface was expected> (0x000000076f038d10) thrown at [C:\re\workspace\8-2-build-windows-amd64-cygwin\jdk8u45\3627\hotspot\src\share\vm\interpreter\linkResolver.cpp, N	ˆI¸€@
Event: 2.438 Thread 0x000000000245e800 Implicit null exception at 0x000000000325958e to 0x000000000325d73d
Event: 2.438 Thread 0x000000000245e800 Exception <a 'java/lang/IncompatibleClassChangeError': Found class java.lang.Object, but interface was expected> (0x000000076c000b00) thrown at [C:\re\workspace\8-2-build-windows-amd64-cygwin\jdk8u45\3627\hotspot\src\share\vm\interpreter\linkResolver.cpp, 
Event: 2.439 Thread 0x000000000245e800 Implicit null exception at 0x0000000003101d1e to 0x00000000031021b9
Event: 3.127 Thread 0x000000000245e800 Exception <a 'java/lang/NoSuchMethodError': java.lang.Object.lambda$getRequiredAttribute$0(Ljava/lang/String;)Ljava/lang/IllegalArgumentException;> (0x00000007707d42e0) thrown at [C:\re\workspace\8-2-build-windows-amd64-cygwin\jdk8u45\3627\hotspot\src\sharVî4ãþý?

Events (10 events):
Event: 3.282 loading class org/springframework/boot/autoconfigure/web/servlet/HttpEncodingAutoConfiguration
Event: 3.282 loading class org/springframework/boot/autoconfigure/web/servlet/HttpEncodingAutoConfiguration done
Event: 3.284 loading class org/springframework/boot/autoconfigure/web/servlet/MultipartProperties
Event: 3.284 loading class org/springframework/boot/autoconfigure/web/servlet/MultipartProperties done
Event: 3.285 loading class org/springframework/boot/web/servlet/filter/OrderedCharacterEncodingFilter
Event: 3.285 loading class org/springframework/boot/web/servlet/filter/OrderedCharacterEncodingFilter done
Event: 3.286 loading class org/springframework/boot/web/servlet/filter/OrderedFilter
Event: 3.286 loading class org/springframework/boot/web/servlet/filter/OrderedFilter done
Event: 3.286 loading class org/springframework/boot/autoconfigure/web/servlet/HttpEncodingAutoConfiguration$LocaleCharsetMappingsCustomizer
Event: 3.286 loading class org/springframework/boot/autoconfigure/web/servlet/HttpEncodingAutoConfiguration$LocaleCharsetMappingsCustomizer done


Dynamic libraries:
0x00007ff7fc230000 - 0x00007ff7fc267000 	C:\Program Files\Java\jdk1.8.0_45\jre\bin\java.exe
0x00007ff85b630000 - 0x00007ff85b828000 	C:\Windows\SYSTEM32\ntdll.dll
0x00007ff85a5e0000 - 0x00007ff85a69f000 	C:\Windows\System32\KERNEL32.DLL
0x00007ff859180000 - 0x00007ff859476000 	C:\Windows\System32\KERNELBASE.dll
0x00007ff85a920000 - 0x00007ff85a9cf000 	C:\Windows\System32\ADVAPI32.dll
0x00007ff85a9d0000 - 0x00007ff85aa6e000 	C:\Windows\System32\msvcrt.dll
0x00007ff85a3d0000 - 0x00007ff85a46c000 	C:\Windows\System32\sechost.dll
0x00007ff85a7e0000 - 0x00007ff85a906000 	C:\Windows\System32\RPCRT4.dll
0x00007ff859ed0000 - 0x00007ff85a06d000 	C:\Windows\System32\USER32.dll
0x00007ff8595c0000 - 0x00007ff8595e2000 	C:\Windows\System32\win32u.dll
0x00007ff85a470000 - 0x00007ff85a49c000 	C:\Windows\System32\GDI32.dll
0x00007ff858eb0000 - 0x00007ff858fc5000 	C:\Windows\System32\gdi32full.dll
0x00007ff858d10000 - 0x00007ff858dad000 	C:\Windows\System32\msvcp_win.dll
0x00007ff858db0000 - 0x00007ff858eb0000 	C:\Windows\System32\ucrtbase.dll
0x00007ff823ba0000 - 0x00007ff823e3a000 	C:\Windows\WinSxS\amd64_microsoft.windows.common-controls_6595b64144ccf1df_6.0.19041.1110_none_60b5254171f9507e\COMCTL32.dll
0x00007ff85a6a0000 - 0x00007ff85a6d0000 	C:\Windows\System32\IMM32.DLL
0x00007ff8080d0000 - 0x00007ff8087d1000 	C:\Program Files\McAfee\DLP\Agent\fcagpph64.dll
0x00007ff859770000 - 0x00007ff859eb4000 	C:\Windows\System32\SHELL32.dll
0x00007ff85ad50000 - 0x00007ff85ae7a000 	C:\Windows\System32\ole32.dll
0x00007ff85a070000 - 0x00007ff85a3c4000 	C:\Windows\System32\combase.dll
0x00007ff85a4a0000 - 0x00007ff85a4f5000 	C:\Windows\System32\SHLWAPI.dll
0x00007ff85ac80000 - 0x00007ff85ad4d000 	C:\Windows\System32\OLEAUT32.dll
0x00007ff83fe20000 - 0x00007ff83febd000 	C:\Windows\SYSTEM32\WINSPOOL.DRV
0x00007ff85b420000 - 0x00007ff85b4cd000 	C:\Windows\System32\shcore.dll
0x00007ff850570000 - 0x00007ff85057a000 	C:\Windows\SYSTEM32\VERSION.dll
0x00007ff858bd0000 - 0x00007ff858c02000 	C:\Windows\SYSTEM32\SspiCli.dll
0x00007ff857eb0000 - 0x00007ff857ee3000 	C:\Windows\SYSTEM32\ntmarta.dll
0x00007ff81d160000 - 0x00007ff81d212000 	C:\Program Files\McAfee\Endpoint Security\Threat Prevention\Ips\EpMPApi.dll
0x00007ff8595f0000 - 0x00007ff859657000 	C:\Windows\System32\WINTRUST.dll
0x00007ff858fd0000 - 0x00007ff85912e000 	C:\Windows\System32\CRYPT32.dll
0x00007ff8588f0000 - 0x00007ff858902000 	C:\Windows\SYSTEM32\MSASN1.dll
0x0000000070fd0000 - 0x0000000070fdc000 	C:\Program Files\McAfee\Endpoint Security\Threat Prevention\Ips\EpMPThe.dll
0x00007ff81ccc0000 - 0x00007ff81cd18000 	C:\Program Files\McAfee\Endpoint Security\Threat Prevention\Ips\HIPHandlers64.dll
0x00007ff856740000 - 0x00007ff856924000 	C:\Windows\SYSTEM32\dbghelp.dll
0x00000000708f0000 - 0x00000000709c2000 	C:\Program Files\Java\jdk1.8.0_45\jre\bin\msvcr100.dll
0x000000006fc50000 - 0x00000000704d3000 	C:\Program Files\Java\jdk1.8.0_45\jre\bin\server\jvm.dll
0x00007ff85afa0000 - 0x00007ff85afa8000 	C:\Windows\System32\PSAPI.DLL
0x00007ff83c060000 - 0x00007ff83c069000 	C:\Windows\SYSTEM32\WSOCK32.dll
0x00007ff85ae80000 - 0x00007ff85aeeb000 	C:\Windows\System32\WS2_32.dll
0x00007ff83d920000 - 0x00007ff83d947000 	C:\Windows\SYSTEM32\WINMM.dll
0x0000000070e90000 - 0x0000000070e9f000 	C:\Program Files\Java\jdk1.8.0_45\jre\bin\verify.dll
0x0000000070a00000 - 0x0000000070a29000 	C:\Program Files\Java\jdk1.8.0_45\jre\bin\java.dll
0x00000000709e0000 - 0x00000000709f6000 	C:\Program Files\Java\jdk1.8.0_45\jre\bin\zip.dll
0x00007ff856bb0000 - 0x00007ff857343000 	C:\Windows\SYSTEM32\windows.storage.dll
0x00007ff858760000 - 0x00007ff85878e000 	C:\Windows\SYSTEM32\Wldp.dll
0x00007ff858c50000 - 0x00007ff858c6f000 	C:\Windows\SYSTEM32\profapi.dll
0x0000000070e80000 - 0x0000000070e8d000 	C:\Program Files\Java\jdk1.8.0_45\jre\bin\management.dll
0x00000000708d0000 - 0x00000000708ea000 	C:\Program Files\Java\jdk1.8.0_45\jre\bin\net.dll
0x00007ff8584c0000 - 0x00007ff85852a000 	C:\Windows\system32\mswsock.dll
0x00000000708b0000 - 0x00000000708c1000 	C:\Program Files\Java\jdk1.8.0_45\jre\bin\nio.dll
0x00007ff826880000 - 0x00007ff826897000 	C:\Windows\system32\napinsp.dll
0x00007ff826860000 - 0x00007ff82687b000 	C:\Windows\system32\pnrpnsp.dll
0x00007ff826840000 - 0x00007ff826855000 	C:\Windows\system32\wshbth.dll
0x00007ff855b80000 - 0x00007ff855b9d000 	C:\Windows\system32\NLAapi.dll
0x00007ff858160000 - 0x00007ff85819c000 	C:\Windows\SYSTEM32\IPHLPAPI.DLL
0x00007ff8581b0000 - 0x00007ff85827a000 	C:\Windows\SYSTEM32\DNSAPI.dll
0x0000000002a40000 - 0x0000000002a48000 	C:\Windows\System32\NSI.dll
0x00007ff826820000 - 0x00007ff826832000 	C:\Windows\System32\winrnr.dll
0x00007ff851cd0000 - 0x00007ff851cda000 	C:\Windows\System32\rasadhlp.dll
0x00007ff853430000 - 0x00007ff8534b2000 	C:\Windows\System32\fwpuclnt.dll
0x00007ff859660000 - 0x00007ff859687000 	C:\Windows\System32\bcrypt.dll
0x00007ff859530000 - 0x00007ff8595b2000 	C:\Windows\System32\bcryptPrimitives.dll

VM Arguments:
java_command: C:\Users\NGUYEN~1\AppData\Local\Temp\surefire8173188132625679928\surefirebooter8793342076678617703.jar C:\Users\nguyenvantuanc\AppData\Local\Temp\surefire8173188132625679928 2023-08-10T00-37-16_253-jvmRun1 surefire1320757551540222940tmp surefire_05677205881011809443tmp
java_class_path (initial): C:\Users\NGUYEN~1\AppData\Local\Temp\surefire8173188132625679928\surefirebooter8793342076678617703.jar
Launcher Type: SUN_STANDARD

Environment Variables:
JAVA_HOME=C:\Program Files\Java\jdk1.8.0_45
CLASSPATH=.;
PATH=C:\Program Files\Python37\Scripts\;C:\Program Files\Python37\;C:\ProgramData\Oracle\Java\javapath;C:\Windows\system32;C:\Windows;C:\Windows\System32\Wbem;C:\Windows\System32\WindowsPowerShell\v1.0\;C:\Windows\System32\OpenSSH\;C:\Program Files\Microsoft SQL Server\130\Tools\Binn\;C:\Users\nguyenvantuanc\AppData\Roaming\npm;C:\Users\nguyenvantuanc;C:\Users\nguyenvantuanc\node_modules\@angular\cli\bin;C:\Program Files\dotnet\;C:\Program Files\Microsoft SQL Server\Client SDK\ODBC\170\Tools\Binn\;C:\Program Files (x86)\Microsoft SQL Server\150\Tools\Binn\;C:\Program Files\Microsoft SQL Server\150\Tools\Binn\;C:\Program Files\Microsoft SQL Server\150\DTS\Binn\;C:\Program Files (x86)\Microsoft SQL Server\150\DTS\Binn\;C:\Program Files (x86)\Bitvise SSH Client;C:\ProgramData\chocolatey\bin;C:\Program Files\Java\jdk1.8.0_45\bin;C:\Users\nguyenvantuanc\AppData\Local\Android\Sdk;C:\Users\nguyenvantuanc\AppData\Local\Android\Sdk\platform-tools;C:\Users\nguyenvantuanc\AppData\Roaming\Python\Python37\site-packages;C:\Program Files\nodejs\;D:\BigData\zookeeper\bin;D:\maven\bin;C:\Program Files\Git\cmd;C:\Program Files\Microsoft SQL Server\120\Tools\Binn\;C:\Program Files (x86)\dotnet\;D:\Server\xampp74\php;C:\ProgramData\ComposerSetup\bin;C:\Users\nguyenvantuanc\AppData\Local\Microsoft\WindowsApps;C:\Users\nguyenvantuanc\AppData\Local\Programs\Microsoft VS Code\bin;C:\Users\nguyenvantuanc\node_modules\@angular\cli\bin;C:\Users\nguyenvantuanc\.dotnet\tools;C:\Program Files\Azure Data Studio\bin;C:\Users\nguyenvantuanc\AppData\Local\Programs\Git\cmd;C:\Users\nguyenvantuanc\AppData\Roaming\npm;C:\Users\nguyenvantuanc\AppData\Local\GitHubDesktop\bin
USERNAME=NguyenVanTuanC
OS=Windows_NT
PROCESSOR_IDENTIFIER=Intel64 Family 6 Model 140 Stepping 2, GenuineIntel



---------------  S Y S T E M  ---------------

OS: Windows 10.0 , 64 bit Build 19041 (10.0.19041.3031)

CPU:total 8 (4 cores per cpu, 2 threads per core) family 6 model 140 stepping 2, cmov, cx8, fxsr, mmx, sse, sse2, sse3, ssse3, sse4.1, sse4.2, popcnt, avx, avx2, aes, clmul, erms, 3dnowpref, lzcnt, ht, tsc, tscinvbit, bmi1, bmi2, adx

Memory: 4k page, physical 16509728k(2391328k free), swap 16509728k(12912k free)

vm_info: Java HotSpot(TM) 64-Bit Server VM (25.45-b02) for windows-amd64 JRE (1.8.0_45-b15), built on Apr 30 2015 12:40:44 by "java_re" with MS VC++ 10.0 (VS2010)

time: Thu Aug 10 00:37:20 2023
elapsed time: 3 seconds (0d 0h 0m 3s)

