#
# There is insufficient memory for the Java Runtime Environment to continue.
# Native memory allocation (malloc) failed to allocate 32744 bytes for ChunkPool::allocate
# Possible reasons:
#   The system is out of physical RAM or swap space
#   In 32 bit mode, the process size limit was hit
# Possible solutions:
#   Reduce memory load on the system
#   Increase physical memory or swap space
#   Check if swap backing store is full
#   Use 64 bit Java on a 64 bit OS
#   Decrease Java heap size (-Xmx/-Xms)
#   Decrease number of Java threads
#   Decrease Java thread stack sizes (-Xss)
#   Set larger code cache with -XX:ReservedCodeCacheSize=
# This output file may be truncated or incomplete.
#
#  Out of Memory Error (allocation.cpp:273), pid=18960, tid=3912
#
# JRE version: Java(TM) SE Runtime Environment (8.0_45-b15) (build 1.8.0_45-b15)
# Java VM: Java HotSpot(TM) 64-Bit Server VM (25.45-b02 mixed mode windows-amd64 compressed oops)
# Failed to write core dump. Minidumps are not enabled by default on client versions of Windows
#

---------------  T H R E A D  ---------------

Current thread (0x000000001e3c3000):  JavaThread "C2 CompilerThread0" daemon [_thread_in_native, id=3912, stack(0x000000001e990000,0x000000001ea90000)]

Stack: [0x000000001e990000,0x000000001ea90000]
Native frames: (J=compiled Java code, j=interpreted, Vv=VM code, C=native code)
V  [jvm.dll+0x32b57a]
V  [jvm.dll+0x279873]
V  [jvm.dll+0x27a509]
V  [jvm.dll+0x271825]
V  [jvm.dll+0xcb804]
V  [jvm.dll+0xcba27]
V  [jvm.dll+0xcbeac]
V  [jvm.dll+0x4977d8]
V  [jvm.dll+0x493a5c]
V  [jvm.dll+0x45f8f8]
V  [jvm.dll+0x46a73b]
V  [jvm.dll+0x46cd52]
V  [jvm.dll+0x4500f2]
V  [jvm.dll+0xa4352]
V  [jvm.dll+0xa4c8f]
V  [jvm.dll+0x241984]
V  [jvm.dll+0x29853a]
C  [msvcr100.dll+0x21d9f]
C  [msvcr100.dll+0x21e3b]
C  [KERNEL32.DLL+0x17614]
C  [ntdll.dll+0x526f1]


Current CompileTask:
C2:   7019 4958       4       org.springframework.util.ReflectionUtils::findMethod (109 bytes)


---------------  P R O C E S S  ---------------

Java Threads: ( => current thread )
  0x0000000025558000 JavaThread "HikariPool-1 connection adder" daemon [_thread_blocked, id=14844, stack(0x00000000257e0000,0x00000000258e0000)]
  0x000000001e4d9800 JavaThread "HikariPool-1 housekeeper" daemon [_thread_blocked, id=9040, stack(0x0000000022aa0000,0x0000000022ba0000)]
  0x0000000024aee800 JavaThread "mssql-jdbc-shared-timer-core-0" daemon [_thread_blocked, id=3000, stack(0x0000000022070000,0x0000000022170000)]
  0x000000001f42c000 JavaThread "surefire-forkedjvm-ping-30s" daemon [_thread_blocked, id=1796, stack(0x000000001f890000,0x000000001f990000)]
  0x000000001e515000 JavaThread "surefire-forkedjvm-command-thread" daemon [_thread_in_native, id=15836, stack(0x000000001ef90000,0x000000001f090000)]
  0x000000001c3de800 JavaThread "Service Thread" daemon [_thread_blocked, id=18388, stack(0x000000001ed90000,0x000000001ee90000)]
  0x000000001e3cc800 JavaThread "C1 CompilerThread3" daemon [_thread_blocked, id=17536, stack(0x000000001ec90000,0x000000001ed90000)]
  0x000000001e3ca000 JavaThread "C2 CompilerThread2" daemon [_thread_in_native, id=14460, stack(0x000000001eb90000,0x000000001ec90000)]
  0x000000001e3c5000 JavaThread "C2 CompilerThread1" daemon [_thread_in_native, id=5772, stack(0x000000001ea90000,0x000000001eb90000)]
=>0x000000001e3c3000 JavaThread "C2 CompilerThread0" daemon [_thread_in_native, id=3912, stack(0x000000001e990000,0x000000001ea90000)]
  0x000000001e3c0000 JavaThread "Attach Listener" daemon [_thread_blocked, id=6836, stack(0x000000001e890000,0x000000001e990000)]
  0x000000001e3bf000 JavaThread "Signal Dispatcher" daemon [_thread_blocked, id=11284, stack(0x000000001e790000,0x000000001e890000)]
  0x0000000002b04000 JavaThread "Finalizer" daemon [_thread_blocked, id=1668, stack(0x000000001e290000,0x000000001e390000)]
  0x0000000002b03000 JavaThread "Reference Handler" daemon [_thread_blocked, id=14320, stack(0x000000001e190000,0x000000001e290000)]
  0x000000000290e800 JavaThread "main" [_thread_in_vm, id=508, stack(0x0000000002910000,0x0000000002a10000)]

Other Threads:
  0x000000001c3c9000 VMThread [stack: 0x000000001e090000,0x000000001e190000] [id=11276]
  0x000000001e452800 WatcherThread [stack: 0x000000001ee90000,0x000000001ef90000] [id=17560]

VM state:not at safepoint (normal execution)

VM Mutex/Monitor currently owned by a thread: None

Heap:
 PSYoungGen      total 326656K, used 56253K [0x000000076c000000, 0x0000000782500000, 0x00000007c0000000)
  eden space 306688K, 18% used [0x000000076c000000,0x000000076f6ef650,0x000000077eb80000)
  from space 19968K, 0% used [0x000000077fe80000,0x000000077fe80000,0x0000000781200000)
  to   space 19456K, 0% used [0x000000077eb80000,0x000000077eb80000,0x000000077fe80000)
 ParOldGen       total 217088K, used 29812K [0x00000006c4000000, 0x00000006d1400000, 0x000000076c000000)
  object space 217088K, 13% used [0x00000006c4000000,0x00000006c5d1d008,0x00000006d1400000)
 Metaspace       used 57075K, capacity 60554K, committed 60672K, reserved 1101824K
  class space    used 7768K, capacity 8387K, committed 8448K, reserved 1048576K

Card table byte_map: [0x0000000011ed0000,0x00000000126c0000] byte_map_base: 0x000000000e8b0000

Marking Bits: (ParMarkBitMap*) 0x0000000077924040
 Begin Bits: [0x0000000013400000, 0x0000000017300000)
 End Bits:   [0x0000000017300000, 0x000000001b200000)

Polling page: 0x0000000002280000

CodeCache: size=245760Kb used=15716Kb max_used=16752Kb free=230043Kb
 bounds [0x0000000002b10000, 0x0000000003b80000, 0x0000000011b10000]
 total_blobs=4960 nmethods=4435 adapters=437
 compilation: enabled

Compilation events (10 events):
Event: 6.961 Thread 0x000000001e3cc800 5184       2       java.util.regex.Pattern$Behind::match (137 bytes)
Event: 6.961 Thread 0x000000001e3cc800 nmethod 5184 0x00000000038fb690 code [0x00000000038fb800, 0x00000000038fbb18]
Event: 6.961 Thread 0x000000001e3cc800 5186       2       java.util.regex.Pattern$4::match (14 bytes)
Event: 6.962 Thread 0x000000001e3cc800 nmethod 5186 0x00000000038fb310 code [0x00000000038fb460, 0x00000000038fb5d0]
Event: 6.962 Thread 0x000000001e3cc800 5187   !   2       java.util.regex.Pattern$Pos::match (80 bytes)
Event: 6.962 Thread 0x000000001e3cc800 nmethod 5187 0x00000000038fad90 code [0x00000000038faf20, 0x00000000038fb1c8]
Event: 6.965 Thread 0x000000001e3cc800 5189       1       com.fasterxml.classmate.TypeBindings::typeParameterArray (5 bytes)
Event: 6.966 Thread 0x000000001e3cc800 nmethod 5189 0x00000000038faa90 code [0x00000000038fabe0, 0x00000000038facf0]
Event: 6.987 Thread 0x000000001e3cc800 5190       1       org.springframework.plugin.core.support.PluginRegistryFactoryBean::isSingleton (2 bytes)
Event: 6.988 Thread 0x000000001e3cc800 nmethod 5190 0x00000000038f5910 code [0x00000000038f5a60, 0x00000000038f5b70]

GC Heap History (10 events):
Event: 2.788 GC heap before
{Heap before GC invocations=9 (full 2):
 PSYoungGen      total 168960K, used 7663K [0x000000076c000000, 0x000000077d080000, 0x00000007c0000000)
  eden space 156160K, 0% used [0x000000076c000000,0x000000076c000000,0x0000000775880000)
  from space 12800K, 59% used [0x0000000775880000,0x0000000775ffbd60,0x0000000776500000)
  to   space 12288K, 0% used [0x000000077c480000,0x000000077c480000,0x000000077d080000)
 ParOldGen       total 100864K, used 9286K [0x00000006c4000000, 0x00000006ca280000, 0x000000076c000000)
  object space 100864K, 9% used [0x00000006c4000000,0x00000006c49119c0,0x00000006ca280000)
 Metaspace       used 33214K, capacity 35354K, committed 35496K, reserved 1079296K
  class space    used 4452K, capacity 4852K, committed 4864K, reserved 1048576K
Event: 2.826 GC heap after
Heap after GC invocations=9 (full 2):
 PSYoungGen      total 168960K, used 0K [0x000000076c000000, 0x000000077d080000, 0x00000007c0000000)
  eden space 156160K, 0% used [0x000000076c000000,0x000000076c000000,0x0000000775880000)
  from space 12800K, 0% used [0x0000000775880000,0x0000000775880000,0x0000000776500000)
  to   space 12288K, 0% used [0x000000077c480000,0x000000077c480000,0x000000077d080000)
 ParOldGen       total 150016K, used 12522K [0x00000006c4000000, 0x00000006cd280000, 0x000000076c000000)
  object space 150016K, 8% used [0x00000006c4000000,0x00000006c4c3a830,0x00000006cd280000)
 Metaspace       used 33214K, capacity 35354K, committed 35496K, reserved 1079296K
  class space    used 4452K, capacity 4852K, committed 4864K, reserved 1048576K
}
Event: 4.672 GC heap before
{Heap before GC invocations=10 (full 2):
 PSYoungGen      total 168960K, used 156160K [0x000000076c000000, 0x000000077d080000, 0x00000007c0000000)
  eden space 156160K, 100% used [0x000000076c000000,0x0000000775880000,0x0000000775880000)
  from space 12800K, 0% used [0x0000000775880000,0x0000000775880000,0x0000000776500000)
  to   space 12288K, 0% used [0x000000077c480000,0x000000077c480000,0x000000077d080000)
 ParOldGen       total 150016K, used 12522K [0x00000006c4000000, 0x00000006cd280000, 0x000000076c000000)
  object space 150016K, 8% used [0x00000006c4000000,0x00000006c4c3a830,0x00000006cd280000)
 Metaspace       used 47858K, capacity 50470K, committed 50560K, reserved 1093632K
  class space    used 6458K, capacity 6953K, committed 7040K, reserved 1048576K
Event: 4.692 GC heap after
Heap after GC invocations=10 (full 2):
 PSYoungGen      total 249344K, used 12263K [0x000000076c000000, 0x000000077d080000, 0x00000007c0000000)
  eden space 237056K, 0% used [0x000000076c000000,0x000000076c000000,0x000000077a780000)
  from space 12288K, 99% used [0x000000077c480000,0x000000077d079c90,0x000000077d080000)
  to   space 15872K, 0% used [0x000000077b180000,0x000000077b180000,0x000000077c100000)
 ParOldGen       total 150016K, used 17871K [0x00000006c4000000, 0x00000006cd280000, 0x000000076c000000)
  object space 150016K, 11% used [0x00000006c4000000,0x00000006c5173cd0,0x00000006cd280000)
 Metaspace       used 47858K, capacity 50470K, committed 50560K, reserved 1093632K
  class space    used 6458K, capacity 6953K, committed 7040K, reserved 1048576K
}
Event: 6.027 GC heap before
{Heap before GC invocations=11 (full 2):
 PSYoungGen      total 249344K, used 249319K [0x000000076c000000, 0x000000077d080000, 0x00000007c0000000)
  eden space 237056K, 100% used [0x000000076c000000,0x000000077a780000,0x000000077a780000)
  from space 12288K, 99% used [0x000000077c480000,0x000000077d079c90,0x000000077d080000)
  to   space 15872K, 0% used [0x000000077b180000,0x000000077b180000,0x000000077c100000)
 ParOldGen       total 150016K, used 17871K [0x00000006c4000000, 0x00000006cd280000, 0x000000076c000000)
  object space 150016K, 11% used [0x00000006c4000000,0x00000006c5173cd0,0x00000006cd280000)
 Metaspace       used 54146K, capacity 57026K, committed 57344K, reserved 1099776K
  class space    used 7267K, capacity 7809K, committed 7936K, reserved 1048576K
Event: 6.042 GC heap after
Heap after GC invocations=11 (full 2):
 PSYoungGen      total 263168K, used 15868K [0x000000076c000000, 0x0000000781200000, 0x00000007c0000000)
  eden space 247296K, 0% used [0x000000076c000000,0x000000076c000000,0x000000077b180000)
  from space 15872K, 99% used [0x000000077b180000,0x000000077c0ff1e8,0x000000077c100000)
  to   space 19968K, 0% used [0x000000077fe80000,0x000000077fe80000,0x0000000781200000)
 ParOldGen       total 150016K, used 22100K [0x00000006c4000000, 0x00000006cd280000, 0x000000076c000000)
  object space 150016K, 14% used [0x00000006c4000000,0x00000006c5595348,0x00000006cd280000)
 Metaspace       used 54146K, capacity 57026K, committed 57344K, reserved 1099776K
  class space    used 7267K, capacity 7809K, committed 7936K, reserved 1048576K
}
Event: 6.499 GC heap before
{Heap before GC invocations=12 (full 2):
 PSYoungGen      total 263168K, used 98185K [0x000000076c000000, 0x0000000781200000, 0x00000007c0000000)
  eden space 247296K, 33% used [0x000000076c000000,0x0000000771063498,0x000000077b180000)
  from space 15872K, 99% used [0x000000077b180000,0x000000077c0ff1e8,0x000000077c100000)
  to   space 19968K, 0% used [0x000000077fe80000,0x000000077fe80000,0x0000000781200000)
 ParOldGen       total 150016K, used 22100K [0x00000006c4000000, 0x00000006cd280000, 0x000000076c000000)
  object space 150016K, 14% used [0x00000006c4000000,0x00000006c5595348,0x00000006cd280000)
 Metaspace       used 55799K, capacity 59084K, committed 59160K, reserved 1099776K
  class space    used 7534K, capacity 8116K, committed 8192K, reserved 1048576K
Event: 6.517 GC heap after
Heap after GC invocations=12 (full 2):
 PSYoungGen      total 326656K, used 12326K [0x000000076c000000, 0x0000000782500000, 0x00000007c0000000)
  eden space 306688K, 0% used [0x000000076c000000,0x000000076c000000,0x000000077eb80000)
  from space 19968K, 61% used [0x000000077fe80000,0x0000000780a89bb0,0x0000000781200000)
  to   space 19456K, 0% used [0x000000077eb80000,0x000000077eb80000,0x000000077fe80000)
 ParOldGen       total 150016K, used 28345K [0x00000006c4000000, 0x00000006cd280000, 0x000000076c000000)
  object space 150016K, 18% used [0x00000006c4000000,0x00000006c5bae798,0x00000006cd280000)
 Metaspace       used 55799K, capacity 59084K, committed 59160K, reserved 1099776K
  class space    used 7534K, capacity 8116K, committed 8192K, reserved 1048576K
}
Event: 6.517 GC heap before
{Heap before GC invocations=13 (full 3):
 PSYoungGen      total 326656K, used 12326K [0x000000076c000000, 0x0000000782500000, 0x00000007c0000000)
  eden space 306688K, 0% used [0x000000076c000000,0x000000076c000000,0x000000077eb80000)
  from space 19968K, 61% used [0x000000077fe80000,0x0000000780a89bb0,0x0000000781200000)
  to   space 19456K, 0% used [0x000000077eb80000,0x000000077eb80000,0x000000077fe80000)
 ParOldGen       total 150016K, used 28345K [0x00000006c4000000, 0x00000006cd280000, 0x000000076c000000)
  object space 150016K, 18% used [0x00000006c4000000,0x00000006c5bae798,0x00000006cd280000)
 Metaspace       used 55799K, capacity 59084K, committed 59160K, reserved 1099776K
  class space    used 7534K, capacity 8116K, committed 8192K, reserved 1048576K
Event: 6.703 GC heap after
Heap after GC invocations=13 (full 3):
 PSYoungGen      total 326656K, used 0K [0x000000076c000000, 0x0000000782500000, 0x00000007c0000000)
  eden space 306688K, 0% used [0x000000076c000000,0x000000076c000000,0x000000077eb80000)
  from space 19968K, 0% used [0x000000077fe80000,0x000000077fe80000,0x0000000781200000)
  to   space 19456K, 0% used [0x000000077eb80000,0x000000077eb80000,0x000000077fe80000)
 ParOldGen       total 217088K, used 29812K [0x00000006c4000000, 0x00000006d1400000, 0x000000076c000000)
  object space 217088K, 13% used [0x00000006c4000000,0x00000006c5d1d008,0x00000006d1400000)
 Metaspace       used 55799K, capacity 59084K, committed 59160K, reserved 1099776K
  class space    used 7534K, capacity 8116K, committed 8192K, reserved 1048576K
}

Deoptimization events (10 events):
Event: 6.365 Thread 0x000000000290e800 Uncommon trap: reason=class_check action=maybe_recompile pc=0x0000000003aaa228 method=org.springframework.core.ResolvableType.resolveType()Lorg/springframework/core/ResolvableType; @ 101
Event: 6.439 Thread 0x000000000290e800 Uncommon trap: reason=bimorphic action=maybe_recompile pc=0x0000000003a89404 method=org.springframework.core.SerializableTypeWrapper.unwrap(Ljava/lang/reflect/Type;)Ljava/lang/reflect/Type; @ 18
Event: 6.439 Thread 0x000000000290e800 Uncommon trap: reason=bimorphic action=maybe_recompile pc=0x0000000003a89404 method=org.springframework.core.SerializableTypeWrapper.unwrap(Ljava/lang/reflect/Type;)Ljava/lang/reflect/Type; @ 18
Event: 6.440 Thread 0x000000000290e800 Uncommon trap: reason=class_check action=maybe_recompile pc=0x0000000003a89710 method=org.springframework.core.SerializableTypeWrapper.unwrap(Ljava/lang/reflect/Type;)Ljava/lang/reflect/Type; @ 10
Event: 6.444 Thread 0x000000000290e800 Uncommon trap: reason=class_check action=maybe_recompile pc=0x0000000002ff3ee0 method=org.springframework.boot.context.properties.source.ConfigurationPropertyName$Elements.charAt(II)C @ 43
Event: 6.444 Thread 0x000000000290e800 Uncommon trap: reason=class_check action=maybe_recompile pc=0x0000000002ff3ee0 method=org.springframework.boot.context.properties.source.ConfigurationPropertyName$Elements.charAt(II)C @ 43
Event: 6.472 Thread 0x000000000290e800 Uncommon trap: reason=null_check action=make_not_entrant pc=0x0000000003b24518 method=java.lang.Class.privateGetMethodRecursive(Ljava/lang/String;[Ljava/lang/Class;ZLjava/lang/Class$MethodArray;)Ljava/lang/reflect/Method; @ 35
Event: 6.472 Thread 0x000000000290e800 Uncommon trap: reason=null_check action=make_not_entrant pc=0x0000000003474bb0 method=org.springframework.util.ClassUtils.isAssignable(Ljava/lang/Class;Ljava/lang/Class;)Z @ 14
Event: 6.765 Thread 0x000000000290e800 Uncommon trap: reason=bimorphic action=maybe_recompile pc=0x0000000003a89404 method=org.springframework.core.SerializableTypeWrapper.unwrap(Ljava/lang/reflect/Type;)Ljava/lang/reflect/Type; @ 18
Event: 6.765 Thread 0x000000000290e800 Uncommon trap: reason=bimorphic action=maybe_recompile pc=0x0000000003a89404 method=org.springframework.core.SerializableTypeWrapper.unwrap(Ljava/lang/reflect/Type;)Ljava/lang/reflect/Type; @ 18

Internal exceptions (10 events):
Event: 6.870 Thread 0x000000000290e800 Exception <a 'java/lang/ClassNotFoundException': java/lang/ObjectCustomizer> (0x000000076e569800) thrown at [C:\re\workspace\8-2-build-windows-amd64-cygwin\jdk8u45\3627\hotspot\src\share\vm\classfile\systemDictionary.cpp, line 210]
Event: 6.870 Thread 0x000000000290e800 Exception <a 'java/lang/ClassNotFoundException': org/springframework/security/access/expression/AbstractSecurityExpressionHandlerCustomizer> (0x000000076e59c118) thrown at [C:\re\workspace\8-2-build-windows-amd64-cygwin\jdk8u45\3627\hotspot\src\share\vm\clp¢LY<{@
Event: 6.870 Thread 0x000000000290e800 Exception <a 'java/lang/ClassNotFoundException': org/springframework/security/access/expression/method/DefaultMethodSecurityExpressionHandlerCustomizer> (0x000000076e5d83b0) thrown at [C:\re\workspace\8-2-build-windows-amd64-cygwin\jdk8u45\3627\hotspot\src&ª„^™{@
Event: 6.871 Thread 0x000000000290e800 Exception <a 'java/lang/ClassNotFoundException': org/springframework/security/access/expression/method/MethodSecurityExpressionHandlerCustomizer> (0x000000076e61dc90) thrown at [C:\re\workspace\8-2-build-windows-amd64-cygwin\jdk8u45\3627\hotspot\src\share\S4 åÈ{@
Event: 6.871 Thread 0x000000000290e800 Exception <a 'java/lang/ClassNotFoundException': org/springframework/security/access/expression/SecurityExpressionHandlerCustomizer> (0x000000076e64b148) thrown at [C:\re\workspace\8-2-build-windows-amd64-cygwin\jdk8u45\3627\hotspot\src\share\vm\classfile\U"?—+|@
Event: 6.871 Thread 0x000000000290e800 Exception <a 'java/lang/ClassNotFoundException': org/springframework/aop/framework/AopInfrastructureBeanCustomizer> (0x000000076e672498) thrown at [C:\re\workspace\8-2-build-windows-amd64-cygwin\jdk8u45\3627\hotspot\src\share\vm\classfile\systemDictionary.ÜãÅc|@
Event: 6.871 Thread 0x000000000290e800 Exception <a 'java/lang/ClassNotFoundException': org/springframework/security/access/expression/SecurityExpressionHandlerCustomizer> (0x000000076e69e168) thrown at [C:\re\workspace\8-2-build-windows-amd64-cygwin\jdk8u45\3627\hotspot\src\share\vm\classfile\Ê¸^Tú|@
Event: 6.872 Thread 0x000000000290e800 Exception <a 'java/lang/ClassNotFoundException': org/springframework/aop/framework/AopInfrastructureBeanCustomizer> (0x000000076e6c54f8) thrown at [C:\re\workspace\8-2-build-windows-amd64-cygwin\jdk8u45\3627\hotspot\src\share\vm\classfile\systemDictionary.v∂ë¸“|@
Event: 6.872 Thread 0x000000000290e800 Exception <a 'java/lang/ClassNotFoundException': org/springframework/context/ApplicationContextAwareCustomizer> (0x000000076e6e9578) thrown at [C:\re\workspace\8-2-build-windows-amd64-cygwin\jdk8u45\3627\hotspot\src\share\vm\classfile\systemDictionary.cpp, VÚ}@
Event: 6.872 Thread 0x000000000290e800 Exception <a 'java/lang/ClassNotFoundException': org/springframework/beans/factory/AwareCustomizer> (0x000000076e7095a0) thrown at [C:\re\workspace\8-2-build-windows-amd64-cygwin\jdk8u45\3627\hotspot\src\share\vm\classfile\systemDictionary.cpp, line 210]

Events (10 events):
Event: 6.994 loading class com/fasterxml/jackson/annotation/JacksonAnnotationsInside
Event: 6.994 loading class com/fasterxml/jackson/annotation/JacksonAnnotationsInside done
Event: 6.995 loading class javax/validation/constraints/NotBlank$List
Event: 6.995 loading class javax/validation/constraints/NotBlank$List done
Event: 6.996 loading class com/fasterxml/jackson/annotation/JsonKey
Event: 6.996 loading class com/fasterxml/jackson/annotation/JsonKey done
Event: 6.996 loading class com/fasterxml/jackson/annotation/JsonAnyGetter
Event: 6.996 loading class com/fasterxml/jackson/annotation/JsonAnyGetter done
Event: 6.997 loading class com/fasterxml/jackson/annotation/JsonAnySetter
Event: 6.997 loading class com/fasterxml/jackson/annotation/JsonAnySetter done


Dynamic libraries:
0x00007ff6760c0000 - 0x00007ff6760f7000 	C:\Program Files\Java\jdk1.8.0_45\jre\bin\java.exe
0x00007ffabc1b0000 - 0x00007ffabc3a8000 	C:\Windows\SYSTEM32\ntdll.dll
0x00007ffabaac0000 - 0x00007ffabab7f000 	C:\Windows\System32\KERNEL32.DLL
0x00007ffab9cf0000 - 0x00007ffab9fe6000 	C:\Windows\System32\KERNELBASE.dll
0x00007ffabbfe0000 - 0x00007ffabc08f000 	C:\Windows\System32\ADVAPI32.dll
0x00007ffabb530000 - 0x00007ffabb5ce000 	C:\Windows\System32\msvcrt.dll
0x00007ffabbd10000 - 0x00007ffabbdac000 	C:\Windows\System32\sechost.dll
0x00007ffabb5d0000 - 0x00007ffabb6f6000 	C:\Windows\System32\RPCRT4.dll
0x00007ffabb700000 - 0x00007ffabb89d000 	C:\Windows\System32\USER32.dll
0x00007ffab99c0000 - 0x00007ffab99e2000 	C:\Windows\System32\win32u.dll
0x00007ffabacc0000 - 0x00007ffabacec000 	C:\Windows\System32\GDI32.dll
0x00007ffab9ad0000 - 0x00007ffab9be5000 	C:\Windows\System32\gdi32full.dll
0x00007ffab9890000 - 0x00007ffab992d000 	C:\Windows\System32\msvcp_win.dll
0x00007ffab9bf0000 - 0x00007ffab9cf0000 	C:\Windows\System32\ucrtbase.dll
0x00007ffa83e90000 - 0x00007ffa8412a000 	C:\Windows\WinSxS\amd64_microsoft.windows.common-controls_6595b64144ccf1df_6.0.19041.1110_none_60b5254171f9507e\COMCTL32.dll
0x00007ffabacf0000 - 0x00007ffabad20000 	C:\Windows\System32\IMM32.DLL
0x00007ffa67620000 - 0x00007ffa67d21000 	C:\Program Files\McAfee\DLP\Agent\fcagpph64.dll
0x00007ffabadd0000 - 0x00007ffabb514000 	C:\Windows\System32\SHELL32.dll
0x00007ffabbe10000 - 0x00007ffabbf3a000 	C:\Windows\System32\ole32.dll
0x00007ffaba5c0000 - 0x00007ffaba914000 	C:\Windows\System32\combase.dll
0x00007ffabbdb0000 - 0x00007ffabbe05000 	C:\Windows\System32\SHLWAPI.dll
0x00007ffabab80000 - 0x00007ffabac4d000 	C:\Windows\System32\OLEAUT32.dll
0x00007ffaa0000000 - 0x00007ffaa009d000 	C:\Windows\SYSTEM32\WINSPOOL.DRV
0x00007ffabad20000 - 0x00007ffabadcd000 	C:\Windows\System32\shcore.dll
0x00007ffab1480000 - 0x00007ffab148a000 	C:\Windows\SYSTEM32\VERSION.dll
0x00007ffab9750000 - 0x00007ffab9782000 	C:\Windows\SYSTEM32\SspiCli.dll
0x00007ffab8a30000 - 0x00007ffab8a63000 	C:\Windows\SYSTEM32\ntmarta.dll
0x00007ffa7d800000 - 0x00007ffa7d8b2000 	C:\Program Files\McAfee\Endpoint Security\Threat Prevention\Ips\EpMPApi.dll
0x00007ffaba1a0000 - 0x00007ffaba207000 	C:\Windows\System32\WINTRUST.dll
0x0000000002050000 - 0x00000000021ae000 	C:\Windows\System32\CRYPT32.dll
0x00007ffab9470000 - 0x00007ffab9482000 	C:\Windows\SYSTEM32\MSASN1.dll
0x0000000050180000 - 0x000000005018c000 	C:\Program Files\McAfee\Endpoint Security\Threat Prevention\Ips\EpMPThe.dll
0x00007ffa7d7a0000 - 0x00007ffa7d7f8000 	C:\Program Files\McAfee\Endpoint Security\Threat Prevention\Ips\HIPHandlers64.dll
0x00007ffab7410000 - 0x00007ffab75f4000 	C:\Windows\SYSTEM32\dbghelp.dll
0x00000000779b0000 - 0x0000000077a82000 	C:\Program Files\Java\jdk1.8.0_45\jre\bin\msvcr100.dll
0x0000000077120000 - 0x00000000779a3000 	C:\Program Files\Java\jdk1.8.0_45\jre\bin\server\jvm.dll
0x0000000002270000 - 0x0000000002278000 	C:\Windows\System32\PSAPI.DLL
0x00007ffa9ffd0000 - 0x00007ffa9ffd9000 	C:\Windows\SYSTEM32\WSOCK32.dll
0x00007ffabac50000 - 0x00007ffabacbb000 	C:\Windows\System32\WS2_32.dll
0x00000000027f0000 - 0x0000000002817000 	C:\Windows\SYSTEM32\WINMM.dll
0x0000000050010000 - 0x000000005001f000 	C:\Program Files\Java\jdk1.8.0_45\jre\bin\verify.dll
0x0000000077ac0000 - 0x0000000077ae9000 	C:\Program Files\Java\jdk1.8.0_45\jre\bin\java.dll
0x0000000077aa0000 - 0x0000000077ab6000 	C:\Program Files\Java\jdk1.8.0_45\jre\bin\zip.dll
0x00007ffab7730000 - 0x00007ffab7ec3000 	C:\Windows\SYSTEM32\windows.storage.dll
0x00007ffab92e0000 - 0x00007ffab930e000 	C:\Windows\SYSTEM32\Wldp.dll
0x00007ffab97d0000 - 0x00007ffab97ef000 	C:\Windows\SYSTEM32\profapi.dll
0x0000000050000000 - 0x000000005000d000 	C:\Program Files\Java\jdk1.8.0_45\jre\bin\management.dll
0x0000000077100000 - 0x000000007711a000 	C:\Program Files\Java\jdk1.8.0_45\jre\bin\net.dll
0x00007ffab9040000 - 0x00007ffab90aa000 	C:\Windows\system32\mswsock.dll
0x00000000770e0000 - 0x00000000770f1000 	C:\Program Files\Java\jdk1.8.0_45\jre\bin\nio.dll
0x00007ffa841e0000 - 0x00007ffa841f7000 	C:\Windows\system32\napinsp.dll
0x00007ffa841c0000 - 0x00007ffa841db000 	C:\Windows\system32\pnrpnsp.dll
0x00007ffa83e70000 - 0x00007ffa83e85000 	C:\Windows\system32\wshbth.dll
0x00007ffab6680000 - 0x00007ffab669d000 	C:\Windows\system32\NLAapi.dll
0x00007ffab8ce0000 - 0x00007ffab8d1c000 	C:\Windows\SYSTEM32\IPHLPAPI.DLL
0x00007ffab8d20000 - 0x00007ffab8dea000 	C:\Windows\SYSTEM32\DNSAPI.dll
0x00007ffaba9d0000 - 0x00007ffaba9d8000 	C:\Windows\System32\NSI.dll
0x00007ffa83e50000 - 0x00007ffa83e62000 	C:\Windows\System32\winrnr.dll
0x00007ffab1ff0000 - 0x00007ffab1ffa000 	C:\Windows\System32\rasadhlp.dll
0x00007ffab4140000 - 0x00007ffab41c2000 	C:\Windows\System32\fwpuclnt.dll
0x00007ffab99f0000 - 0x00007ffab9a17000 	C:\Windows\System32\bcrypt.dll
0x00007ffab9230000 - 0x00007ffab9248000 	C:\Windows\SYSTEM32\CRYPTSP.dll
0x00007ffab88f0000 - 0x00007ffab8924000 	C:\Windows\system32\rsaenh.dll
0x00007ffab9790000 - 0x00007ffab97be000 	C:\Windows\SYSTEM32\USERENV.dll
0x00007ffab9930000 - 0x00007ffab99b2000 	C:\Windows\System32\bcryptprimitives.dll
0x00007ffab9250000 - 0x00007ffab925c000 	C:\Windows\SYSTEM32\CRYPTBASE.dll
0x00007ffab3650000 - 0x00007ffab3667000 	C:\Windows\SYSTEM32\dhcpcsvc6.DLL
0x00007ffab3560000 - 0x00007ffab357d000 	C:\Windows\SYSTEM32\dhcpcsvc.DLL
0x00000000770b0000 - 0x00000000770d4000 	C:\Program Files\Java\jdk1.8.0_45\jre\bin\sunec.dll

VM Arguments:
java_command: C:\Users\NGUYEN~1\AppData\Local\Temp\surefire1545246755432389398\surefirebooter684510689988326522.jar C:\Users\nguyenvantuanc\AppData\Local\Temp\surefire1545246755432389398 2023-07-30T09-08-45_015-jvmRun1 surefire6846749077734518341tmp surefire_01725498326335472575tmp
java_class_path (initial): C:\Users\NGUYEN~1\AppData\Local\Temp\surefire1545246755432389398\surefirebooter684510689988326522.jar
Launcher Type: SUN_STANDARD

Environment Variables:
JAVA_HOME=C:\Program Files\Java\jdk1.8.0_45
CLASSPATH=.;
PATH=C:\Program Files\Python37\Scripts\;C:\Program Files\Python37\;C:\ProgramData\Oracle\Java\javapath;C:\Windows\system32;C:\Windows;C:\Windows\System32\Wbem;C:\Windows\System32\WindowsPowerShell\v1.0\;C:\Windows\System32\OpenSSH\;C:\Program Files\Microsoft SQL Server\130\Tools\Binn\;C:\Users\nguyenvantuanc\AppData\Roaming\npm;C:\Users\nguyenvantuanc;C:\Users\nguyenvantuanc\node_modules\@angular\cli\bin;C:\Program Files\dotnet\;C:\Program Files\Microsoft SQL Server\Client SDK\ODBC\170\Tools\Binn\;C:\Program Files (x86)\Microsoft SQL Server\150\Tools\Binn\;C:\Program Files\Microsoft SQL Server\150\Tools\Binn\;C:\Program Files\Microsoft SQL Server\150\DTS\Binn\;C:\Program Files (x86)\Microsoft SQL Server\150\DTS\Binn\;C:\Program Files (x86)\Bitvise SSH Client;C:\ProgramData\chocolatey\bin;C:\Program Files\Java\jdk1.8.0_45\bin;C:\Users\nguyenvantuanc\AppData\Local\Android\Sdk;C:\Users\nguyenvantuanc\AppData\Local\Android\Sdk\platform-tools;C:\Users\nguyenvantuanc\AppData\Roaming\Python\Python37\site-packages;C:\Program Files\nodejs\;D:\BigData\zookeeper\bin;D:\maven\bin;C:\Program Files\Git\cmd;C:\Program Files\Microsoft SQL Server\120\Tools\Binn\;C:\Program Files (x86)\dotnet\;D:\Server\xampp74\php;C:\ProgramData\ComposerSetup\bin;C:\Users\nguyenvantuanc\AppData\Local\Microsoft\WindowsApps;C:\Users\nguyenvantuanc\AppData\Local\Programs\Microsoft VS Code\bin;C:\Users\nguyenvantuanc\node_modules\@angular\cli\bin;C:\Users\nguyenvantuanc\.dotnet\tools;C:\Program Files\Azure Data Studio\bin;C:\Users\nguyenvantuanc\AppData\Local\Programs\Git\cmd;C:\Users\nguyenvantuanc\AppData\Roaming\npm;C:\Users\nguyenvantuanc\AppData\Local\GitHubDesktop\bin
USERNAME=NguyenVanTuanC
OS=Windows_NT
PROCESSOR_IDENTIFIER=Intel64 Family 6 Model 140 Stepping 2, GenuineIntel



---------------  S Y S T E M  ---------------

OS: Windows 10.0 , 64 bit Build 19041 (10.0.19041.3031)

CPU:total 8 (4 cores per cpu, 2 threads per core) family 6 model 140 stepping 2, cmov, cx8, fxsr, mmx, sse, sse2, sse3, ssse3, sse4.1, sse4.2, popcnt, avx, avx2, aes, clmul, erms, 3dnowpref, lzcnt, ht, tsc, tscinvbit, bmi1, bmi2, adx

Memory: 4k page, physical 16509728k(2729832k free), swap 16509728k(14448k free)

vm_info: Java HotSpot(TM) 64-Bit Server VM (25.45-b02) for windows-amd64 JRE (1.8.0_45-b15), built on Apr 30 2015 12:40:44 by "java_re" with MS VC++ 10.0 (VS2010)

time: Sun Jul 30 09:08:52 2023
elapsed time: 7 seconds (0d 0h 0m 7s)

