#
# There is insufficient memory for the Java Runtime Environment to continue.
# Native memory allocation (malloc) failed to allocate 1975760 bytes for Chunk::new
# Possible reasons:
#   The system is out of physical RAM or swap space
#   In 32 bit mode, the process size limit was hit
# Possible solutions:
#   Reduce memory load on the system
#   Increase physical memory or swap space
#   Check if swap backing store is full
#   Use 64 bit Java on a 64 bit OS
#   Decrease Java heap size (-Xmx/-Xms)
#   Decrease number of Java threads
#   Decrease Java thread stack sizes (-Xss)
#   Set larger code cache with -XX:ReservedCodeCacheSize=
# This output file may be truncated or incomplete.
#
#  Out of Memory Error (allocation.cpp:390), pid=16920, tid=23548
#
# JRE version: Java(TM) SE Runtime Environment (8.0_45-b15) (build 1.8.0_45-b15)
# Java VM: Java HotSpot(TM) 64-Bit Server VM (25.45-b02 mixed mode windows-amd64 compressed oops)
# Failed to write core dump. Minidumps are not enabled by default on client versions of Windows
#

---------------  T H R E A D  ---------------

Current thread (0x000000001ef23000):  JavaThread "C2 CompilerThread0" daemon [_thread_in_native, id=23548, stack(0x000000001f4f0000,0x000000001f5f0000)]

Stack: [0x000000001f4f0000,0x000000001f5f0000]
Native frames: (J=compiled Java code, j=interpreted, Vv=VM code, C=native code)
V  [jvm.dll+0x32b57a]
V  [jvm.dll+0x279873]
V  [jvm.dll+0x27a509]
V  [jvm.dll+0x271825]
V  [jvm.dll+0xcb9e2]
V  [jvm.dll+0xcbeac]
V  [jvm.dll+0x464342]
V  [jvm.dll+0x4db685]
V  [jvm.dll+0x4dc287]
V  [jvm.dll+0x46a551]
V  [jvm.dll+0x46cd52]
V  [jvm.dll+0x4500f2]
V  [jvm.dll+0xa4352]
V  [jvm.dll+0xa4c8f]
V  [jvm.dll+0x241984]
V  [jvm.dll+0x29853a]
C  [msvcr100.dll+0x21d9f]
C  [msvcr100.dll+0x21e3b]
C  [KERNEL32.DLL+0x17614]
C  [ntdll.dll+0x526f1]


Current CompileTask:
C2:  13713 8968       4       org.apache.maven.model.inheritance.DefaultInheritanceAssembler$InheritanceModelMerger::mergePluginContainer_Plugins (433 bytes)


---------------  P R O C E S S  ---------------

Java Threads: ( => current thread )
  0x00000000225df800 JavaThread "resolver-5" daemon [_thread_blocked, id=2516, stack(0x0000000026e20000,0x0000000026f20000)]
  0x000000002461a800 JavaThread "resolver-4" daemon [_thread_blocked, id=22912, stack(0x0000000026d20000,0x0000000026e20000)]
  0x0000000024ccf000 JavaThread "resolver-3" daemon [_thread_blocked, id=16444, stack(0x0000000026c20000,0x0000000026d20000)]
  0x000000002017e800 JavaThread "resolver-2" daemon [_thread_blocked, id=6952, stack(0x0000000025920000,0x0000000025a20000)]
  0x0000000022879800 JavaThread "resolver-1" daemon [_thread_blocked, id=8672, stack(0x0000000025820000,0x0000000025920000)]
  0x000000001ef90000 JavaThread "Service Thread" daemon [_thread_blocked, id=10328, stack(0x000000001f8f0000,0x000000001f9f0000)]
  0x000000001ef8a800 JavaThread "C1 CompilerThread3" daemon [_thread_blocked, id=17828, stack(0x000000001f7f0000,0x000000001f8f0000)]
  0x000000001ef87000 JavaThread "C2 CompilerThread2" daemon [_thread_blocked, id=18056, stack(0x000000001f6f0000,0x000000001f7f0000)]
  0x000000001cf1d000 JavaThread "C2 CompilerThread1" daemon [_thread_blocked, id=4388, stack(0x000000001f5f0000,0x000000001f6f0000)]
=>0x000000001ef23000 JavaThread "C2 CompilerThread0" daemon [_thread_in_native, id=23548, stack(0x000000001f4f0000,0x000000001f5f0000)]
  0x000000001ef21800 JavaThread "Attach Listener" daemon [_thread_blocked, id=23504, stack(0x000000001f3f0000,0x000000001f4f0000)]
  0x000000001ef1f000 JavaThread "Signal Dispatcher" daemon [_thread_blocked, id=5724, stack(0x000000001f2f0000,0x000000001f3f0000)]
  0x0000000003644000 JavaThread "Finalizer" daemon [_thread_blocked, id=12564, stack(0x000000001edf0000,0x000000001eef0000)]
  0x000000001cf0d800 JavaThread "Reference Handler" daemon [_thread_blocked, id=4648, stack(0x000000001ecf0000,0x000000001edf0000)]
  0x000000000354e800 JavaThread "main" [_thread_in_native, id=12824, stack(0x0000000003380000,0x0000000003480000)]

Other Threads:
  0x000000001cf09800 VMThread [stack: 0x000000001ebf0000,0x000000001ecf0000] [id=21180]
  0x000000001ef94000 WatcherThread [stack: 0x000000001f9f0000,0x000000001faf0000] [id=3120]

VM state:not at safepoint (normal execution)

VM Mutex/Monitor currently owned by a thread: None

Heap:
 PSYoungGen      total 330752K, used 7245K [0x000000076c000000, 0x0000000781d80000, 0x00000007c0000000)
  eden space 303616K, 2% used [0x000000076c000000,0x000000076c713738,0x000000077e880000)
  from space 27136K, 0% used [0x000000077e880000,0x000000077e880000,0x0000000780300000)
  to   space 22016K, 0% used [0x0000000780800000,0x0000000780800000,0x0000000781d80000)
 ParOldGen       total 188928K, used 40188K [0x00000006c4000000, 0x00000006cf880000, 0x000000076c000000)
  object space 188928K, 21% used [0x00000006c4000000,0x00000006c673f1f0,0x00000006cf880000)
 Metaspace       used 31354K, capacity 32442K, committed 35456K, reserved 1081344K
  class space    used 3533K, capacity 3848K, committed 4224K, reserved 1048576K

Card table byte_map: [0x0000000012a10000,0x0000000013200000] byte_map_base: 0x000000000f3f0000

Marking Bits: (ParMarkBitMap*) 0x0000000061044040
 Begin Bits: [0x0000000013f40000, 0x0000000017e40000)
 End Bits:   [0x0000000017e40000, 0x000000001bd40000)

Polling page: 0x0000000002e00000

CodeCache: size=245760Kb used=27460Kb max_used=27922Kb free=218299Kb
 bounds [0x0000000003650000, 0x0000000005240000, 0x0000000012650000]
 total_blobs=7797 nmethods=7324 adapters=384
 compilation: enabled

Compilation events (10 events):
Event: 13.564 Thread 0x000000001ef8a800 nmethod 9252 0x0000000003f97950 code [0x0000000003f97aa0, 0x0000000003f97bb0]
Event: 13.564 Thread 0x000000001ef8a800 9253       1       java.util.concurrent.atomic.AtomicInteger::get (5 bytes)
Event: 13.565 Thread 0x000000001ef8a800 nmethod 9253 0x000000000456e650 code [0x000000000456e7a0, 0x000000000456e8b0]
Event: 13.566 Thread 0x000000001ef8a800 9254       1       java.util.concurrent.locks.AbstractOwnableSynchronizer::setExclusiveOwnerThread (6 bytes)
Event: 13.566 Thread 0x000000001ef8a800 nmethod 9254 0x0000000004ba6150 code [0x0000000004ba62a0, 0x0000000004ba63d0]
Event: 13.688 Thread 0x000000001ef8a800 9255       3       java.util.zip.ZipFile::finalize (5 bytes)
Event: 13.688 Thread 0x000000001ef87000 9256   !   4       java.util.zip.ZipFile$ZipFileInflaterInputStream::close (67 bytes)
Event: 13.688 Thread 0x000000001ef8a800 nmethod 9255 0x0000000004d41890 code [0x0000000004d41a00, 0x0000000004d41c08]
Event: 13.689 Thread 0x000000001ef8a800 9257       3       sun.net.www.protocol.jar.URLJarFile::finalize (5 bytes)
Event: 13.689 Thread 0x000000001ef8a800 nmethod 9257 0x0000000003817790 code [0x0000000003817920, 0x0000000003817bb8]

GC Heap History (10 events):
Event: 8.432 GC heap before
{Heap before GC invocations=11 (full 1):
 PSYoungGen      total 330752K, used 328177K [0x000000076c000000, 0x0000000781d80000, 0x00000007c0000000)
  eden space 303616K, 100% used [0x000000076c000000,0x000000077e880000,0x000000077e880000)
  from space 27136K, 90% used [0x000000077e880000,0x000000078007c4b8,0x0000000780300000)
  to   space 22016K, 0% used [0x0000000780800000,0x0000000780800000,0x0000000781d80000)
 ParOldGen       total 112128K, used 27443K [0x00000006c4000000, 0x00000006cad80000, 0x000000076c000000)
  object space 112128K, 24% used [0x00000006c4000000,0x00000006c5accfa0,0x00000006cad80000)
 Metaspace       used 29571K, capacity 30708K, committed 30976K, reserved 1077248K
  class space    used 3423K, capacity 3727K, committed 3840K, reserved 1048576K
Event: 8.459 GC heap after
Heap after GC invocations=11 (full 1):
 PSYoungGen      total 325632K, used 21984K [0x000000076c000000, 0x0000000781d80000, 0x00000007c0000000)
  eden space 303616K, 0% used [0x000000076c000000,0x000000076c000000,0x000000077e880000)
  from space 22016K, 99% used [0x0000000780800000,0x0000000781d780c0,0x0000000781d80000)
  to   space 27136K, 0% used [0x000000077e880000,0x000000077e880000,0x0000000780300000)
 ParOldGen       total 112128K, used 44246K [0x00000006c4000000, 0x00000006cad80000, 0x000000076c000000)
  object space 112128K, 39% used [0x00000006c4000000,0x00000006c6b359e8,0x00000006cad80000)
 Metaspace       used 29571K, capacity 30708K, committed 30976K, reserved 1077248K
  class space    used 3423K, capacity 3727K, committed 3840K, reserved 1048576K
}
Event: 11.187 GC heap before
{Heap before GC invocations=12 (full 1):
 PSYoungGen      total 325632K, used 325600K [0x000000076c000000, 0x0000000781d80000, 0x00000007c0000000)
  eden space 303616K, 100% used [0x000000076c000000,0x000000077e880000,0x000000077e880000)
  from space 22016K, 99% used [0x0000000780800000,0x0000000781d780c0,0x0000000781d80000)
  to   space 27136K, 0% used [0x000000077e880000,0x000000077e880000,0x0000000780300000)
 ParOldGen       total 112128K, used 44246K [0x00000006c4000000, 0x00000006cad80000, 0x000000076c000000)
  object space 112128K, 39% used [0x00000006c4000000,0x00000006c6b359e8,0x00000006cad80000)
 Metaspace       used 31537K, capacity 32628K, committed 32896K, reserved 1079296K
  class space    used 3576K, capacity 3855K, committed 3968K, reserved 1048576K
Event: 11.209 GC heap after
Heap after GC invocations=12 (full 1):
 PSYoungGen      total 330752K, used 27116K [0x000000076c000000, 0x0000000781d80000, 0x00000007c0000000)
  eden space 303616K, 0% used [0x000000076c000000,0x000000076c000000,0x000000077e880000)
  from space 27136K, 99% used [0x000000077e880000,0x00000007802fb1f8,0x0000000780300000)
  to   space 22016K, 0% used [0x0000000780800000,0x0000000780800000,0x0000000781d80000)
 ParOldGen       total 112128K, used 57329K [0x00000006c4000000, 0x00000006cad80000, 0x000000076c000000)
  object space 112128K, 51% used [0x00000006c4000000,0x00000006c77fc730,0x00000006cad80000)
 Metaspace       used 31537K, capacity 32628K, committed 32896K, reserved 1079296K
  class space    used 3576K, capacity 3855K, committed 3968K, reserved 1048576K
}
Event: 11.727 GC heap before
{Heap before GC invocations=13 (full 1):
 PSYoungGen      total 330752K, used 330732K [0x000000076c000000, 0x0000000781d80000, 0x00000007c0000000)
  eden space 303616K, 100% used [0x000000076c000000,0x000000077e880000,0x000000077e880000)
  from space 27136K, 99% used [0x000000077e880000,0x00000007802fb1f8,0x0000000780300000)
  to   space 22016K, 0% used [0x0000000780800000,0x0000000780800000,0x0000000781d80000)
 ParOldGen       total 112128K, used 57329K [0x00000006c4000000, 0x00000006cad80000, 0x000000076c000000)
  object space 112128K, 51% used [0x00000006c4000000,0x00000006c77fc730,0x00000006cad80000)
 Metaspace       used 31689K, capacity 32724K, committed 32896K, reserved 1079296K
  class space    used 3591K, capacity 3887K, committed 3968K, reserved 1048576K
Event: 11.752 GC heap after
Heap after GC invocations=13 (full 1):
 PSYoungGen      total 325632K, used 20273K [0x000000076c000000, 0x0000000781d80000, 0x00000007c0000000)
  eden space 303616K, 0% used [0x000000076c000000,0x000000076c000000,0x000000077e880000)
  from space 22016K, 92% used [0x0000000780800000,0x0000000781bcc780,0x0000000781d80000)
  to   space 27136K, 0% used [0x000000077e880000,0x000000077e880000,0x0000000780300000)
 ParOldGen       total 112128K, used 68258K [0x00000006c4000000, 0x00000006cad80000, 0x000000076c000000)
  object space 112128K, 60% used [0x00000006c4000000,0x00000006c82a8940,0x00000006cad80000)
 Metaspace       used 31689K, capacity 32724K, committed 32896K, reserved 1079296K
  class space    used 3591K, capacity 3887K, committed 3968K, reserved 1048576K
}
Event: 13.575 GC heap before
{Heap before GC invocations=14 (full 1):
 PSYoungGen      total 325632K, used 177819K [0x000000076c000000, 0x0000000781d80000, 0x00000007c0000000)
  eden space 303616K, 51% used [0x000000076c000000,0x00000007759da4a8,0x000000077e880000)
  from space 22016K, 92% used [0x0000000780800000,0x0000000781bcc780,0x0000000781d80000)
  to   space 27136K, 0% used [0x000000077e880000,0x000000077e880000,0x0000000780300000)
 ParOldGen       total 112128K, used 68258K [0x00000006c4000000, 0x00000006cad80000, 0x000000076c000000)
  object space 112128K, 60% used [0x00000006c4000000,0x00000006c82a8940,0x00000006cad80000)
 Metaspace       used 34121K, capacity 35358K, committed 35456K, reserved 1081344K
  class space    used 3854K, capacity 4200K, committed 4224K, reserved 1048576K
Event: 13.599 GC heap after
Heap after GC invocations=14 (full 1):
 PSYoungGen      total 330752K, used 7770K [0x000000076c000000, 0x0000000781d80000, 0x00000007c0000000)
  eden space 303616K, 0% used [0x000000076c000000,0x000000076c000000,0x000000077e880000)
  from space 27136K, 28% used [0x000000077e880000,0x000000077f016990,0x0000000780300000)
  to   space 22016K, 0% used [0x0000000780800000,0x0000000780800000,0x0000000781d80000)
 ParOldGen       total 112128K, used 87289K [0x00000006c4000000, 0x00000006cad80000, 0x000000076c000000)
  object space 112128K, 77% used [0x00000006c4000000,0x00000006c953e5e0,0x00000006cad80000)
 Metaspace       used 34121K, capacity 35358K, committed 35456K, reserved 1081344K
  class space    used 3854K, capacity 4200K, committed 4224K, reserved 1048576K
}
Event: 13.599 GC heap before
{Heap before GC invocations=15 (full 2):
 PSYoungGen      total 330752K, used 7770K [0x000000076c000000, 0x0000000781d80000, 0x00000007c0000000)
  eden space 303616K, 0% used [0x000000076c000000,0x000000076c000000,0x000000077e880000)
  from space 27136K, 28% used [0x000000077e880000,0x000000077f016990,0x0000000780300000)
  to   space 22016K, 0% used [0x0000000780800000,0x0000000780800000,0x0000000781d80000)
 ParOldGen       total 112128K, used 87289K [0x00000006c4000000, 0x00000006cad80000, 0x000000076c000000)
  object space 112128K, 77% used [0x00000006c4000000,0x00000006c953e5e0,0x00000006cad80000)
 Metaspace       used 34121K, capacity 35358K, committed 35456K, reserved 1081344K
  class space    used 3854K, capacity 4200K, committed 4224K, reserved 1048576K
Event: 13.687 GC heap after
Heap after GC invocations=15 (full 2):
 PSYoungGen      total 330752K, used 0K [0x000000076c000000, 0x0000000781d80000, 0x00000007c0000000)
  eden space 303616K, 0% used [0x000000076c000000,0x000000076c000000,0x000000077e880000)
  from space 27136K, 0% used [0x000000077e880000,0x000000077e880000,0x0000000780300000)
  to   space 22016K, 0% used [0x0000000780800000,0x0000000780800000,0x0000000781d80000)
 ParOldGen       total 188928K, used 40188K [0x00000006c4000000, 0x00000006cf880000, 0x000000076c000000)
  object space 188928K, 21% used [0x00000006c4000000,0x00000006c673f1f0,0x00000006cf880000)
 Metaspace       used 31118K, capacity 32218K, committed 35456K, reserved 1081344K
  class space    used 3502K, capacity 3816K, committed 4224K, reserved 1048576K
}

Deoptimization events (10 events):
Event: 13.430 Thread 0x000000000354e800 Uncommon trap: reason=unstable_if action=reinterpret pc=0x0000000003e99ac4 method=java.util.Hashtable$Enumerator.nextElement()Ljava/lang/Object; @ 71
Event: 13.432 Thread 0x000000000354e800 Uncommon trap: reason=unstable_if action=reinterpret pc=0x00000000051b5f30 method=sun.nio.fs.WindowsPathParser.nextNonSlash(Ljava/lang/String;II)I @ 2
Event: 13.439 Thread 0x000000000354e800 Uncommon trap: reason=unstable_if action=reinterpret pc=0x0000000004234e84 method=org.codehaus.plexus.util.xml.Xpp3DomBuilder.build(Lorg/codehaus/plexus/util/xml/pull/XmlPullParser;ZLorg/codehaus/plexus/util/xml/Xpp3DomBuilder$InputLocationBuilder;)Lorg/co
Event: 13.481 Thread 0x000000000354e800 Uncommon trap: reason=class_check action=maybe_recompile pc=0x0000000003a56c80 method=java.util.stream.AbstractPipeline.wrapAndCopyInto(Ljava/util/stream/Sink;Ljava/util/Spliterator;)Ljava/util/stream/Sink; @ 6
Event: 13.481 Thread 0x000000000354e800 Uncommon trap: reason=class_check action=maybe_recompile pc=0x0000000003a56c80 method=java.util.stream.AbstractPipeline.wrapAndCopyInto(Ljava/util/stream/Sink;Ljava/util/Spliterator;)Ljava/util/stream/Sink; @ 6
Event: 13.481 Thread 0x000000000354e800 Uncommon trap: reason=class_check action=maybe_recompile pc=0x0000000003a56c80 method=java.util.stream.AbstractPipeline.wrapAndCopyInto(Ljava/util/stream/Sink;Ljava/util/Spliterator;)Ljava/util/stream/Sink; @ 6
Event: 13.481 Thread 0x000000000354e800 Uncommon trap: reason=class_check action=maybe_recompile pc=0x0000000003a56c80 method=java.util.stream.AbstractPipeline.wrapAndCopyInto(Ljava/util/stream/Sink;Ljava/util/Spliterator;)Ljava/util/stream/Sink; @ 6
Event: 13.496 Thread 0x000000002017e800 Uncommon trap: reason=null_check action=make_not_entrant pc=0x0000000004138bb4 method=com.google.inject.internal.InjectorImpl.enterContext()Lcom/google/inject/internal/InternalContext; @ 7
Event: 13.497 Thread 0x0000000024ccf000 Uncommon trap: reason=null_check action=make_not_entrant pc=0x00000000040c4a5c method=com.google.inject.internal.InjectorImpl.enterContext()Lcom/google/inject/internal/InternalContext; @ 7
Event: 13.566 Thread 0x000000002017e800 Uncommon trap: reason=unstable_if action=reinterpret pc=0x0000000003ad0420 method=java.util.concurrent.ConcurrentHashMap.addCount(JI)V @ 34

Internal exceptions (10 events):
Event: 9.808 Thread 0x000000000354e800 Implicit null exception at 0x0000000004f7315d to 0x0000000004f74b75
Event: 9.808 Thread 0x000000000354e800 Implicit null exception at 0x0000000004f16b55 to 0x0000000004f18421
Event: 11.528 Thread 0x000000000354e800 Implicit null exception at 0x00000000050eecb7 to 0x00000000050eed49
Event: 11.999 Thread 0x000000000354e800 Exception <a 'java/io/FileNotFoundException'> (0x000000076d9f83c8) thrown at [C:\re\workspace\8-2-build-windows-amd64-cygwin\jdk8u45\3627\hotspot\src\share\vm\prims\jni.cpp, line 709]
Event: 12.000 Thread 0x000000000354e800 Exception <a 'java/io/FileNotFoundException'> (0x000000076d9f9df8) thrown at [C:\re\workspace\8-2-build-windows-amd64-cygwin\jdk8u45\3627\hotspot\src\share\vm\prims\jni.cpp, line 709]
Event: 13.402 Thread 0x000000000354e800 Exception <a 'java/lang/NoSuchMethodError': org.apache.maven.execution.MavenExecutionRequest.getFailureBehavior()Ljava/lang/String;> (0x0000000773438b28) thrown at [C:\re\workspace\8-2-build-windows-amd64-cygwin\jdk8u45\3627\hotspot\src\share\vm\interprete‡›%ÃÎ*@
Event: 13.459 Thread 0x000000000354e800 Exception <a 'java/lang/NoSuchMethodError': java.lang.Object.lambda$and$10(Ljava/util/function/Predicate;Ljava/lang/Object;)Z> (0x0000000773ad6c58) thrown at [C:\re\workspace\8-2-build-windows-amd64-cygwin\jdk8u45\3627\hotspot\src\share\vm\interpreter\linkæêÙ*@
Event: 13.477 Thread 0x000000000354e800 Exception <a 'java/lang/NoSuchMethodError': java.lang.Object.lambda$or$12(Ljava/util/function/Predicate;Ljava/lang/Object;)Z> (0x0000000773d35d40) thrown at [C:\re\workspace\8-2-build-windows-amd64-cygwin\jdk8u45\3627\hotspot\src\share\vm\interpreter\linkR‡<ãî˛*@
Event: 13.496 Thread 0x000000002017e800 Implicit null exception at 0x000000000413875b to 0x0000000004138ba9
Event: 13.497 Thread 0x0000000024ccf000 Implicit null exception at 0x00000000040c4606 to 0x00000000040c4a4d

Events (10 events):
Event: 13.690 loading class org/apache/maven/surefire/shade/org/apache/maven/shared/utils/cli/Commandline
Event: 13.690 loading class org/apache/maven/surefire/shade/org/apache/maven/shared/utils/cli/Commandline done
Event: 13.690 loading class org/apache/maven/surefire/shade/org/apache/maven/shared/utils/cli/Commandline
Event: 13.690 loading class org/apache/maven/surefire/shade/org/apache/maven/shared/utils/cli/Commandline done
Event: 13.690 loading class org/apache/maven/plugin/surefire/booterclient/lazytestprovider/OutputStreamFlushableCommandline
Event: 13.690 loading class org/apache/maven/plugin/surefire/booterclient/lazytestprovider/OutputStreamFlushableCommandline done
Event: 13.690 loading class org/apache/maven/plugin/surefire/booterclient/lazytestprovider/OutputStreamFlushableCommandline
Event: 13.690 loading class org/apache/maven/plugin/surefire/booterclient/lazytestprovider/OutputStreamFlushableCommandline done
Event: 13.690 loading class org/apache/maven/plugin/surefire/booterclient/lazytestprovider/OutputStreamFlushableCommandline
Event: 13.690 loading class org/apache/maven/plugin/surefire/booterclient/lazytestprovider/OutputStreamFlushableCommandline done


Dynamic libraries:
0x00007ff75b170000 - 0x00007ff75b1a7000 	C:\Program Files\Java\jdk1.8.0_45\bin\java.exe
0x00007ffdb15f0000 - 0x00007ffdb17e8000 	C:\Windows\SYSTEM32\ntdll.dll
0x00007ffdb13c0000 - 0x00007ffdb147f000 	C:\Windows\System32\KERNEL32.DLL
0x00007ffdaee60000 - 0x00007ffdaf156000 	C:\Windows\System32\KERNELBASE.dll
0x00007ffdb0520000 - 0x00007ffdb05cf000 	C:\Windows\System32\ADVAPI32.dll
0x00007ffdaf650000 - 0x00007ffdaf6ee000 	C:\Windows\System32\msvcrt.dll
0x00007ffdaf8c0000 - 0x00007ffdaf95c000 	C:\Windows\System32\sechost.dll
0x00007ffdb1480000 - 0x00007ffdb15a6000 	C:\Windows\System32\RPCRT4.dll
0x00007ffdaf6f0000 - 0x00007ffdaf88d000 	C:\Windows\System32\USER32.dll
0x00007ffdaf2f0000 - 0x00007ffdaf312000 	C:\Windows\System32\win32u.dll
0x00007ffdb0420000 - 0x00007ffdb044c000 	C:\Windows\System32\GDI32.dll
0x00007ffdaf530000 - 0x00007ffdaf645000 	C:\Windows\System32\gdi32full.dll
0x00007ffdaf190000 - 0x00007ffdaf22d000 	C:\Windows\System32\msvcp_win.dll
0x00007ffdaecd0000 - 0x00007ffdaedd0000 	C:\Windows\System32\ucrtbase.dll
0x00007ffd82550000 - 0x00007ffd827ea000 	C:\Windows\WinSxS\amd64_microsoft.windows.common-controls_6595b64144ccf1df_6.0.19041.1110_none_60b5254171f9507e\COMCTL32.dll
0x00007ffdaf890000 - 0x00007ffdaf8c0000 	C:\Windows\System32\IMM32.DLL
0x00007ffd5eb70000 - 0x00007ffd5f271000 	C:\Program Files\McAfee\DLP\Agent\fcagpph64.dll
0x00007ffdafc00000 - 0x00007ffdb0344000 	C:\Windows\System32\SHELL32.dll
0x00007ffdb11d0000 - 0x00007ffdb12fa000 	C:\Windows\System32\ole32.dll
0x00007ffdb06d0000 - 0x00007ffdb0a24000 	C:\Windows\System32\combase.dll
0x00007ffdb1300000 - 0x00007ffdb1355000 	C:\Windows\System32\SHLWAPI.dll
0x00007ffdb0350000 - 0x00007ffdb041d000 	C:\Windows\System32\OLEAUT32.dll
0x00007ffd9c590000 - 0x00007ffd9c62d000 	C:\Windows\SYSTEM32\WINSPOOL.DRV
0x00007ffdb0a30000 - 0x00007ffdb0add000 	C:\Windows\System32\shcore.dll
0x00007ffda4560000 - 0x00007ffda456a000 	C:\Windows\SYSTEM32\VERSION.dll
0x00007ffdaebc0000 - 0x00007ffdaebf2000 	C:\Windows\SYSTEM32\SspiCli.dll
0x00007ffdade50000 - 0x00007ffdade83000 	C:\Windows\SYSTEM32\ntmarta.dll
0x00007ffd72ba0000 - 0x00007ffd72c52000 	C:\Program Files\McAfee\Endpoint Security\Threat Prevention\Ips\EpMPApi.dll
0x00007ffdaf280000 - 0x00007ffdaf2e7000 	C:\Windows\System32\WINTRUST.dll
0x00007ffdaf320000 - 0x00007ffdaf47e000 	C:\Windows\System32\CRYPT32.dll
0x00007ffdae8b0000 - 0x00007ffdae8c2000 	C:\Windows\SYSTEM32\MSASN1.dll
0x00000000618f0000 - 0x00000000618fc000 	C:\Program Files\McAfee\Endpoint Security\Threat Prevention\Ips\EpMPThe.dll
0x00007ffd72b40000 - 0x00007ffd72b98000 	C:\Program Files\McAfee\Endpoint Security\Threat Prevention\Ips\HIPHandlers64.dll
0x00007ffdac870000 - 0x00007ffdaca54000 	C:\Windows\SYSTEM32\dbghelp.dll
0x00000000610d0000 - 0x00000000611a2000 	C:\Program Files\Java\jdk1.8.0_45\jre\bin\msvcr100.dll
0x0000000060840000 - 0x00000000610c3000 	C:\Program Files\Java\jdk1.8.0_45\jre\bin\server\jvm.dll
0x00007ffdafbf0000 - 0x00007ffdafbf8000 	C:\Windows\System32\PSAPI.DLL
0x00007ffd9b3c0000 - 0x00007ffd9b3c9000 	C:\Windows\SYSTEM32\WSOCK32.dll
0x0000000003270000 - 0x00000000032db000 	C:\Windows\System32\WS2_32.dll
0x00007ffd9c3c0000 - 0x00007ffd9c3e7000 	C:\Windows\SYSTEM32\WINMM.dll
0x0000000061330000 - 0x000000006133f000 	C:\Program Files\Java\jdk1.8.0_45\jre\bin\verify.dll
0x0000000061300000 - 0x0000000061329000 	C:\Program Files\Java\jdk1.8.0_45\jre\bin\java.dll
0x0000000060820000 - 0x0000000060836000 	C:\Program Files\Java\jdk1.8.0_45\jre\bin\zip.dll
0x00007ffdaca60000 - 0x00007ffdad1f3000 	C:\Windows\SYSTEM32\windows.storage.dll
0x00007ffdae720000 - 0x00007ffdae74e000 	C:\Windows\SYSTEM32\Wldp.dll
0x00007ffdaec10000 - 0x00007ffdaec2f000 	C:\Windows\SYSTEM32\profapi.dll
0x0000000060800000 - 0x000000006081a000 	C:\Program Files\Java\jdk1.8.0_45\jre\bin\net.dll
0x00007ffdae480000 - 0x00007ffdae4ea000 	C:\Windows\system32\mswsock.dll
0x00000000607e0000 - 0x00000000607f1000 	C:\Program Files\Java\jdk1.8.0_45\jre\bin\nio.dll
0x0000000069ac0000 - 0x0000000069ae4000 	D:\maven\lib\jansi-native\Windows\x86_64\jansi.dll
0x00007ffdae670000 - 0x00007ffdae688000 	C:\Windows\SYSTEM32\CRYPTSP.dll
0x00007ffdadd30000 - 0x00007ffdadd64000 	C:\Windows\system32\rsaenh.dll
0x0000000003480000 - 0x00000000034a7000 	C:\Windows\System32\bcrypt.dll
0x00007ffdaeb90000 - 0x00007ffdaebbe000 	C:\Windows\SYSTEM32\USERENV.dll
0x00007ffdaedd0000 - 0x00007ffdaee52000 	C:\Windows\System32\bcryptprimitives.dll
0x00007ffdae690000 - 0x00007ffdae69c000 	C:\Windows\SYSTEM32\CRYPTBASE.dll
0x00007ffdae120000 - 0x00007ffdae15c000 	C:\Windows\SYSTEM32\IPHLPAPI.DLL
0x00007ffdb0f60000 - 0x00007ffdb0f68000 	C:\Windows\System32\NSI.dll
0x00007ffda90d0000 - 0x00007ffda90e7000 	C:\Windows\SYSTEM32\dhcpcsvc6.DLL
0x00007ffda90a0000 - 0x00007ffda90bd000 	C:\Windows\SYSTEM32\dhcpcsvc.DLL
0x00007ffdae160000 - 0x00007ffdae22a000 	C:\Windows\SYSTEM32\DNSAPI.dll
0x00000000607d0000 - 0x00000000607dd000 	C:\Program Files\Java\jdk1.8.0_45\jre\bin\management.dll
0x00007ffd79050000 - 0x00007ffd79067000 	C:\Windows\system32\napinsp.dll
0x00007ffd79030000 - 0x00007ffd7904b000 	C:\Windows\system32\pnrpnsp.dll
0x00007ffd79010000 - 0x00007ffd79025000 	C:\Windows\system32\wshbth.dll
0x00007ffdabc40000 - 0x00007ffdabc5d000 	C:\Windows\system32\NLAapi.dll
0x00007ffd78fd0000 - 0x00007ffd78fe2000 	C:\Windows\System32\winrnr.dll
0x00007ffda7ff0000 - 0x00007ffda7ffa000 	C:\Windows\System32\rasadhlp.dll
0x00007ffda96e0000 - 0x00007ffda9762000 	C:\Windows\System32\fwpuclnt.dll

VM Arguments:
jvm_args: -Dclassworlds.conf=D:\maven\bin\m2.conf -Dmaven.home=D:\maven -Dlibrary.jansi.path=D:\maven\lib\jansi-native -Dmaven.multiModuleProjectDirectory=D:\Project\EVN\project1\khcn-backend-service 
java_command: org.codehaus.plexus.classworlds.launcher.Launcher install
java_class_path (initial): D:\maven\boot\plexus-classworlds-2.7.0.jar
Launcher Type: SUN_STANDARD

Environment Variables:
JAVA_HOME=C:\Program Files\Java\jdk1.8.0_45
CLASSPATH=.;
PATH=C:\Program Files\Python37\Scripts\;C:\Program Files\Python37\;C:\ProgramData\Oracle\Java\javapath;C:\Windows\system32;C:\Windows;C:\Windows\System32\Wbem;C:\Windows\System32\WindowsPowerShell\v1.0\;C:\Windows\System32\OpenSSH\;C:\Program Files\Microsoft SQL Server\130\Tools\Binn\;C:\Users\nguyenvantuanc\AppData\Roaming\npm;C:\Users\nguyenvantuanc;C:\Users\nguyenvantuanc\node_modules\@angular\cli\bin;C:\Program Files\dotnet\;C:\Program Files\Microsoft SQL Server\Client SDK\ODBC\170\Tools\Binn\;C:\Program Files (x86)\Microsoft SQL Server\150\Tools\Binn\;C:\Program Files\Microsoft SQL Server\150\Tools\Binn\;C:\Program Files\Microsoft SQL Server\150\DTS\Binn\;C:\Program Files (x86)\Microsoft SQL Server\150\DTS\Binn\;C:\Program Files (x86)\Bitvise SSH Client;C:\ProgramData\chocolatey\bin;C:\Program Files\Java\jdk1.8.0_45\bin;C:\Users\nguyenvantuanc\AppData\Local\Android\Sdk;C:\Users\nguyenvantuanc\AppData\Local\Android\Sdk\platform-tools;C:\Users\nguyenvantuanc\AppData\Roaming\Python\Python37\site-packages;C:\Program Files\nodejs\;D:\BigData\zookeeper\bin;D:\maven\bin;C:\Program Files\Git\cmd;C:\Program Files\Microsoft SQL Server\120\Tools\Binn\;C:\Program Files (x86)\dotnet\;D:\Server\xampp74\php;C:\ProgramData\ComposerSetup\bin;C:\Users\nguyenvantuanc\AppData\Local\Microsoft\WindowsApps;C:\Users\nguyenvantuanc\AppData\Local\Programs\Microsoft VS Code\bin;C:\Users\nguyenvantuanc\node_modules\@angular\cli\bin;C:\Users\nguyenvantuanc\.dotnet\tools;C:\Program Files\Azure Data Studio\bin;C:\Users\nguyenvantuanc\AppData\Local\Programs\Git\cmd;C:\Users\nguyenvantuanc\AppData\Roaming\npm;C:\Users\nguyenvantuanc\AppData\Local\GitHubDesktop\bin
USERNAME=NguyenVanTuanC
OS=Windows_NT
PROCESSOR_IDENTIFIER=Intel64 Family 6 Model 140 Stepping 2, GenuineIntel



---------------  S Y S T E M  ---------------

OS: Windows 10.0 , 64 bit Build 19041 (10.0.19041.3031)

CPU:total 8 (4 cores per cpu, 2 threads per core) family 6 model 140 stepping 2, cmov, cx8, fxsr, mmx, sse, sse2, sse3, ssse3, sse4.1, sse4.2, popcnt, avx, avx2, aes, clmul, erms, 3dnowpref, lzcnt, ht, tsc, tscinvbit, bmi1, bmi2, adx

Memory: 4k page, physical 16509728k(2072052k free), swap 16509728k(4136k free)

vm_info: Java HotSpot(TM) 64-Bit Server VM (25.45-b02) for windows-amd64 JRE (1.8.0_45-b15), built on Apr 30 2015 12:40:44 by "java_re" with MS VC++ 10.0 (VS2010)

time: Sat Jul 29 07:30:19 2023
elapsed time: 13 seconds (0d 0h 0m 13s)

