#
# There is insufficient memory for the Java Runtime Environment to continue.
# Native memory allocation (malloc) failed to allocate 1954256 bytes for Chunk::new
# Possible reasons:
#   The system is out of physical RAM or swap space
#   In 32 bit mode, the process size limit was hit
# Possible solutions:
#   Reduce memory load on the system
#   Increase physical memory or swap space
#   Check if swap backing store is full
#   Use 64 bit Java on a 64 bit OS
#   Decrease Java heap size (-Xmx/-Xms)
#   Decrease number of Java threads
#   Decrease Java thread stack sizes (-Xss)
#   Set larger code cache with -XX:ReservedCodeCacheSize=
# This output file may be truncated or incomplete.
#
#  Out of Memory Error (allocation.cpp:390), pid=880, tid=13060
#
# JRE version: Java(TM) SE Runtime Environment (8.0_45-b15) (build 1.8.0_45-b15)
# Java VM: Java HotSpot(TM) 64-Bit Server VM (25.45-b02 mixed mode windows-amd64 compressed oops)
# Failed to write core dump. Minidumps are not enabled by default on client versions of Windows
#

---------------  T H R E A D  ---------------

Current thread (0x000000001c9e8000):  JavaThread "C2 CompilerThread2" daemon [_thread_in_native, id=13060, stack(0x000000001f1d0000,0x000000001f2d0000)]

Stack: [0x000000001f1d0000,0x000000001f2d0000]
[error occurred during error reporting (printing stack bounds), id 0xc0000005]

Native frames: (J=compiled Java code, j=interpreted, Vv=VM code, C=native code)
V  [jvm.dll+0x32b57a]


Current CompileTask:
C2:   3903 4403       4       java.net.URLClassLoader$1::run (5 bytes)


---------------  P R O C E S S  ---------------

Java Threads: ( => current thread )
  0x000000001ea63000 JavaThread "Service Thread" daemon [_thread_blocked, id=3092, stack(0x000000001f3d0000,0x000000001f4d0000)]
  0x000000001c9ec000 JavaThread "C1 CompilerThread3" daemon [_thread_blocked, id=3788, stack(0x000000001f2d0000,0x000000001f3d0000)]
=>0x000000001c9e8000 JavaThread "C2 CompilerThread2" daemon [_thread_in_native, id=13060, stack(0x000000001f1d0000,0x000000001f2d0000)]
  0x000000001ea0a800 JavaThread "C2 CompilerThread1" daemon [_thread_in_native, id=13064, stack(0x000000001f0d0000,0x000000001f1d0000)]
  0x000000001ea09000 JavaThread "C2 CompilerThread0" daemon [_thread_in_native, id=10356, stack(0x000000001efd0000,0x000000001f0d0000)]
  0x000000001ea04800 JavaThread "Attach Listener" daemon [_thread_blocked, id=12680, stack(0x000000001eed0000,0x000000001efd0000)]
  0x000000001ea01000 JavaThread "Signal Dispatcher" daemon [_thread_blocked, id=18240, stack(0x000000001edd0000,0x000000001eed0000)]
  0x00000000030c4000 JavaThread "Finalizer" daemon [_thread_blocked, id=16460, stack(0x000000001e8d0000,0x000000001e9d0000)]
  0x000000001c9dd800 JavaThread "Reference Handler" daemon [_thread_blocked, id=18480, stack(0x000000001e7d0000,0x000000001e8d0000)]
  0x0000000002ece800 JavaThread "main" [_thread_in_vm, id=8016, stack(0x0000000002ed0000,0x0000000002fd0000)]

Other Threads:
  0x000000001c9d9800 VMThread [stack: 0x000000001e6d0000,0x000000001e7d0000] [id=18484]
  0x000000001ea7d800 WatcherThread [stack: 0x000000001f4d0000,0x000000001f5d0000] [id=11736]

VM state:not at safepoint (normal execution)

VM Mutex/Monitor currently owned by a thread: None

Heap:
 PSYoungGen      total 104960K, used 25791K [0x000000076c000000, 0x0000000773900000, 0x00000007c0000000)
  eden space 91136K, 23% used [0x000000076c000000,0x000000076d488bc0,0x0000000771900000)
  from space 13824K, 34% used [0x0000000772800000,0x0000000772ca73a8,0x0000000773580000)
  to   space 15360K, 0% used [0x0000000771900000,0x0000000771900000,0x0000000772800000)
 ParOldGen       total 120832K, used 36205K [0x00000006c4000000, 0x00000006cb600000, 0x000000076c000000)
  object space 120832K, 29% used [0x00000006c4000000,0x00000006c635b7e8,0x00000006cb600000)
 Metaspace       used 25683K, capacity 26650K, committed 26752K, reserved 1073152K
  class space    used 3107K, capacity 3389K, committed 3456K, reserved 1048576K

Card table byte_map: [0x0000000012490000,0x0000000012c80000] byte_map_base: 0x000000000ee70000

Marking Bits: (ParMarkBitMap*) 0x00000000705d4040
 Begin Bits: [0x00000000139c0000, 0x00000000178c0000)
 End Bits:   [0x00000000178c0000, 0x000000001b7c0000)

Polling page: 0x00000000010a0000

CodeCache: size=245760Kb used=15200Kb max_used=15200Kb free=230559Kb
 bounds [0x00000000030d0000, 0x0000000003fc0000, 0x00000000120d0000]
 total_blobs=4832 nmethods=4410 adapters=333
 compilation: enabled

Compilation events (10 events):
Event: 3.853 Thread 0x000000001c9ec000 4432       3       java.util.jar.Manifest$FastInputStream::fill (38 bytes)
Event: 3.853 Thread 0x000000001c9ec000 nmethod 4432 0x000000000326c4d0 code [0x000000000326c640, 0x000000000326c8c8]
Event: 3.864 Thread 0x000000001c9ec000 4433       3       java.io.ByteArrayOutputStream::<init> (43 bytes)
Event: 3.864 Thread 0x000000001c9ec000 nmethod 4433 0x0000000003f9d050 code [0x0000000003f9d240, 0x0000000003f9dbd8]
Event: 3.865 Thread 0x000000001c9ec000 4434       3       java.io.ByteArrayOutputStream::<init> (7 bytes)
Event: 3.866 Thread 0x000000001c9ec000 nmethod 4434 0x0000000003f9ccd0 code [0x0000000003f9ce40, 0x0000000003f9cfc8]
Event: 3.870 Thread 0x000000001c9ec000 4435       3       sun.misc.IOUtils::readFully (138 bytes)
Event: 3.870 Thread 0x000000001c9ec000 nmethod 4435 0x0000000003f9ba50 code [0x0000000003f9bc60, 0x0000000003f9c858]
Event: 3.874 Thread 0x000000001c9ec000 4436       3       com.sun.tools.javac.file.FSInfo::isFile (5 bytes)
Event: 3.874 Thread 0x000000001c9ec000 nmethod 4436 0x0000000003f9b650 code [0x0000000003f9b7c0, 0x0000000003f9b968]

GC Heap History (10 events):
Event: 2.434 GC heap before
{Heap before GC invocations=3 (full 0):
 PSYoungGen      total 75264K, used 75250K [0x000000076c000000, 0x0000000771400000, 0x00000007c0000000)
  eden space 64512K, 100% used [0x000000076c000000,0x000000076ff00000,0x000000076ff00000)
  from space 10752K, 99% used [0x0000000770980000,0x00000007713fcb00,0x0000000771400000)
  to   space 10752K, 0% used [0x000000076ff00000,0x000000076ff00000,0x0000000770980000)
 ParOldGen       total 172032K, used 2360K [0x00000006c4000000, 0x00000006ce800000, 0x000000076c000000)
  object space 172032K, 1% used [0x00000006c4000000,0x00000006c424e0b0,0x00000006ce800000)
 Metaspace       used 19776K, capacity 20506K, committed 20736K, reserved 1067008K
  class space    used 2388K, capacity 2557K, committed 2560K, reserved 1048576K
Event: 2.440 GC heap after
Heap after GC invocations=3 (full 0):
 PSYoungGen      total 75264K, used 10736K [0x000000076c000000, 0x0000000771400000, 0x00000007c0000000)
  eden space 64512K, 0% used [0x000000076c000000,0x000000076c000000,0x000000076ff00000)
  from space 10752K, 99% used [0x000000076ff00000,0x000000077097c050,0x0000000770980000)
  to   space 10752K, 0% used [0x0000000770980000,0x0000000770980000,0x0000000771400000)
 ParOldGen       total 172032K, used 4085K [0x00000006c4000000, 0x00000006ce800000, 0x000000076c000000)
  object space 172032K, 2% used [0x00000006c4000000,0x00000006c43fd550,0x00000006ce800000)
 Metaspace       used 19776K, capacity 20506K, committed 20736K, reserved 1067008K
  class space    used 2388K, capacity 2557K, committed 2560K, reserved 1048576K
}
Event: 2.927 GC heap before
{Heap before GC invocations=4 (full 0):
 PSYoungGen      total 75264K, used 35166K [0x000000076c000000, 0x0000000771400000, 0x00000007c0000000)
  eden space 64512K, 37% used [0x000000076c000000,0x000000076d7db938,0x000000076ff00000)
  from space 10752K, 99% used [0x000000076ff00000,0x000000077097c050,0x0000000770980000)
  to   space 10752K, 0% used [0x0000000770980000,0x0000000770980000,0x0000000771400000)
 ParOldGen       total 172032K, used 4085K [0x00000006c4000000, 0x00000006ce800000, 0x000000076c000000)
  object space 172032K, 2% used [0x00000006c4000000,0x00000006c43fd550,0x00000006ce800000)
 Metaspace       used 20520K, capacity 21204K, committed 21296K, reserved 1069056K
  class space    used 2488K, capacity 2658K, committed 2688K, reserved 1048576K
Event: 2.933 GC heap after
Heap after GC invocations=4 (full 0):
 PSYoungGen      total 75264K, used 10720K [0x000000076c000000, 0x0000000771400000, 0x00000007c0000000)
  eden space 64512K, 0% used [0x000000076c000000,0x000000076c000000,0x000000076ff00000)
  from space 10752K, 99% used [0x0000000770980000,0x00000007713f8030,0x0000000771400000)
  to   space 10752K, 0% used [0x000000076ff00000,0x000000076ff00000,0x0000000770980000)
 ParOldGen       total 172032K, used 5207K [0x00000006c4000000, 0x00000006ce800000, 0x000000076c000000)
  object space 172032K, 3% used [0x00000006c4000000,0x00000006c4515f30,0x00000006ce800000)
 Metaspace       used 20520K, capacity 21204K, committed 21296K, reserved 1069056K
  class space    used 2488K, capacity 2658K, committed 2688K, reserved 1048576K
}
Event: 2.933 GC heap before
{Heap before GC invocations=5 (full 1):
 PSYoungGen      total 75264K, used 10720K [0x000000076c000000, 0x0000000771400000, 0x00000007c0000000)
  eden space 64512K, 0% used [0x000000076c000000,0x000000076c000000,0x000000076ff00000)
  from space 10752K, 99% used [0x0000000770980000,0x00000007713f8030,0x0000000771400000)
  to   space 10752K, 0% used [0x000000076ff00000,0x000000076ff00000,0x0000000770980000)
 ParOldGen       total 172032K, used 5207K [0x00000006c4000000, 0x00000006ce800000, 0x000000076c000000)
  object space 172032K, 3% used [0x00000006c4000000,0x00000006c4515f30,0x00000006ce800000)
 Metaspace       used 20520K, capacity 21204K, committed 21296K, reserved 1069056K
  class space    used 2488K, capacity 2658K, committed 2688K, reserved 1048576K
Event: 2.976 GC heap after
Heap after GC invocations=5 (full 1):
 PSYoungGen      total 75264K, used 0K [0x000000076c000000, 0x0000000771400000, 0x00000007c0000000)
  eden space 64512K, 0% used [0x000000076c000000,0x000000076c000000,0x000000076ff00000)
  from space 10752K, 0% used [0x0000000770980000,0x0000000770980000,0x0000000771400000)
  to   space 10752K, 0% used [0x000000076ff00000,0x000000076ff00000,0x0000000770980000)
 ParOldGen       total 120832K, used 13149K [0x00000006c4000000, 0x00000006cb600000, 0x000000076c000000)
  object space 120832K, 10% used [0x00000006c4000000,0x00000006c4cd77c8,0x00000006cb600000)
 Metaspace       used 20520K, capacity 21204K, committed 21296K, reserved 1069056K
  class space    used 2488K, capacity 2658K, committed 2688K, reserved 1048576K
}
Event: 3.321 GC heap before
{Heap before GC invocations=6 (full 1):
 PSYoungGen      total 75264K, used 60228K [0x000000076c000000, 0x0000000771400000, 0x00000007c0000000)
  eden space 64512K, 93% used [0x000000076c000000,0x000000076fad13b8,0x000000076ff00000)
  from space 10752K, 0% used [0x0000000770980000,0x0000000770980000,0x0000000771400000)
  to   space 10752K, 0% used [0x000000076ff00000,0x000000076ff00000,0x0000000770980000)
 ParOldGen       total 120832K, used 13149K [0x00000006c4000000, 0x00000006cb600000, 0x000000076c000000)
  object space 120832K, 10% used [0x00000006c4000000,0x00000006c4cd77c8,0x00000006cb600000)
 Metaspace       used 21534K, capacity 22420K, committed 22576K, reserved 1069056K
  class space    used 2564K, capacity 2828K, committed 2944K, reserved 1048576K
Event: 3.328 GC heap after
Heap after GC invocations=6 (full 1):
 PSYoungGen      total 75264K, used 10173K [0x000000076c000000, 0x0000000773580000, 0x00000007c0000000)
  eden space 64512K, 0% used [0x000000076c000000,0x000000076c000000,0x000000076ff00000)
  from space 10752K, 94% used [0x000000076ff00000,0x00000007708ef630,0x0000000770980000)
  to   space 13824K, 0% used [0x0000000772800000,0x0000000772800000,0x0000000773580000)
 ParOldGen       total 120832K, used 36197K [0x00000006c4000000, 0x00000006cb600000, 0x000000076c000000)
  object space 120832K, 29% used [0x00000006c4000000,0x00000006c63597e8,0x00000006cb600000)
 Metaspace       used 21534K, capacity 22420K, committed 22576K, reserved 1069056K
  class space    used 2564K, capacity 2828K, committed 2944K, reserved 1048576K
}
Event: 3.773 GC heap before
{Heap before GC invocations=7 (full 1):
 PSYoungGen      total 75264K, used 74659K [0x000000076c000000, 0x0000000773580000, 0x00000007c0000000)
  eden space 64512K, 99% used [0x000000076c000000,0x000000076fef99b0,0x000000076ff00000)
  from space 10752K, 94% used [0x000000076ff00000,0x00000007708ef630,0x0000000770980000)
  to   space 13824K, 0% used [0x0000000772800000,0x0000000772800000,0x0000000773580000)
 ParOldGen       total 120832K, used 36197K [0x00000006c4000000, 0x00000006cb600000, 0x000000076c000000)
  object space 120832K, 29% used [0x00000006c4000000,0x00000006c63597e8,0x00000006cb600000)
 Metaspace       used 25645K, capacity 26650K, committed 26752K, reserved 1073152K
  class space    used 3103K, capacity 3389K, committed 3456K, reserved 1048576K
Event: 3.778 GC heap after
Heap after GC invocations=7 (full 1):
 PSYoungGen      total 104960K, used 4764K [0x000000076c000000, 0x0000000773900000, 0x00000007c0000000)
  eden space 91136K, 0% used [0x000000076c000000,0x000000076c000000,0x0000000771900000)
  from space 13824K, 34% used [0x0000000772800000,0x0000000772ca73a8,0x0000000773580000)
  to   space 15360K, 0% used [0x0000000771900000,0x0000000771900000,0x0000000772800000)
 ParOldGen       total 120832K, used 36205K [0x00000006c4000000, 0x00000006cb600000, 0x000000076c000000)
  object space 120832K, 29% used [0x00000006c4000000,0x00000006c635b7e8,0x00000006cb600000)
 Metaspace       used 25645K, capacity 26650K, committed 26752K, reserved 1073152K
  class space    used 3103K, capacity 3389K, committed 3456K, reserved 1048576K
}

Deoptimization events (10 events):
Event: 2.639 Thread 0x0000000002ece800 Uncommon trap: reason=bimorphic action=maybe_recompile pc=0x0000000003aef844 method=java.util.regex.Matcher.match(II)Z @ 86
Event: 2.639 Thread 0x0000000002ece800 Uncommon trap: reason=bimorphic action=maybe_recompile pc=0x0000000003aef844 method=java.util.regex.Matcher.match(II)Z @ 86
Event: 2.674 Thread 0x0000000002ece800 Uncommon trap: reason=unstable_if action=reinterpret pc=0x000000000393fcc0 method=java.util.Hashtable$Enumerator.nextElement()Ljava/lang/Object; @ 71
Event: 3.070 Thread 0x0000000002ece800 Uncommon trap: reason=unstable_if action=reinterpret pc=0x0000000003c6d084 method=org.codehaus.plexus.interpolation.StringSearchInterpolator.interpolate(Ljava/lang/String;Lorg/codehaus/plexus/interpolation/RecursionInterceptor;Ljava/util/Set;)Ljava/lang/StnOêÿÓÆ@
Event: 3.460 Thread 0x0000000002ece800 Uncommon trap: reason=unstable_if action=reinterpret pc=0x0000000003d53b88 method=java.net.URI.match(CJJ)Z @ 19
Event: 3.463 Thread 0x0000000002ece800 Uncommon trap: reason=predicate action=maybe_recompile pc=0x00000000039a37e0 method=sun.misc.Resource.getBytes()[B @ 53
Event: 3.528 Thread 0x0000000002ece800 Uncommon trap: reason=unstable_if action=reinterpret pc=0x00000000033fdac0 method=java.nio.Buffer.limit(I)Ljava/nio/Buffer; @ 33
Event: 3.733 Thread 0x0000000002ece800 Uncommon trap: reason=unstable_if action=reinterpret pc=0x0000000003f55f58 method=java.util.jar.Attributes$Name.isDigit(C)Z @ 3
Event: 3.784 Thread 0x0000000002ece800 Uncommon trap: reason=unstable_if action=reinterpret pc=0x0000000003db8950 method=java.util.zip.ZipEntry.setExtra0([BZ)V @ 269
Event: 3.784 Thread 0x0000000002ece800 Uncommon trap: reason=null_assert action=make_not_entrant pc=0x000000000332336c method=java.util.zip.ZipEntry.<init>(Ljava/util/zip/ZipEntry;)V @ 70

Internal exceptions (10 events):
Event: 1.301 Thread 0x0000000002ece800 Implicit null exception at 0x0000000003303cd6 to 0x0000000003304019
Event: 1.493 Thread 0x0000000002ece800 Implicit null exception at 0x00000000038a6b6c to 0x00000000038a7e69
Event: 1.710 Thread 0x0000000002ece800 Implicit null exception at 0x000000000396f87e to 0x000000000396fac5
Event: 2.086 Thread 0x0000000002ece800 Implicit null exception at 0x0000000003b5c028 to 0x0000000003b5c5b9
Event: 2.328 Thread 0x0000000002ece800 Implicit null exception at 0x0000000003556d55 to 0x0000000003556f59
Event: 2.329 Thread 0x0000000002ece800 Implicit null exception at 0x0000000003589def to 0x0000000003589e59
Event: 2.602 Thread 0x0000000002ece800 Implicit null exception at 0x0000000003b45e4e to 0x0000000003b46191
Event: 2.615 Thread 0x0000000002ece800 Implicit null exception at 0x00000000038fd195 to 0x00000000038fd395
Event: 2.989 Thread 0x0000000002ece800 Exception <a 'sun/nio/fs/WindowsException'> (0x000000076c098ee0) thrown at [C:\re\workspace\8-2-build-windows-amd64-cygwin\jdk8u45\3627\hotspot\src\share\vm\prims\jni.cpp, line 709]
Event: 3.460 Thread 0x0000000002ece800 Exception <a 'java/lang/ClassNotFoundException': com/sun/tools/javac/api/JavacTool> (0x000000076d8ff2f8) thrown at [C:\re\workspace\8-2-build-windows-amd64-cygwin\jdk8u45\3627\hotspot\src\share\vm\classfile\systemDictionary.cpp, line 210]

Events (10 events):
Event: 3.733 Thread 0x0000000002ece800 DEOPT PACKING pc=0x0000000003f55f58 sp=0x0000000002fcd1c0
Event: 3.733 Thread 0x0000000002ece800 DEOPT UNPACKING pc=0x000000000311582a sp=0x0000000002fcd0a8 mode 2
Event: 3.773 Executing VM operation: ParallelGCFailedAllocation
Event: 3.778 Executing VM operation: ParallelGCFailedAllocation done
Event: 3.784 Thread 0x0000000002ece800 Uncommon trap: trap_request=0xffffff65 fr.pc=0x0000000003db8950
Event: 3.784 Thread 0x0000000002ece800 DEOPT PACKING pc=0x0000000003db8950 sp=0x0000000002fcd2e0
Event: 3.784 Thread 0x0000000002ece800 DEOPT UNPACKING pc=0x000000000311582a sp=0x0000000002fcd268 mode 2
Event: 3.784 Thread 0x0000000002ece800 Uncommon trap: trap_request=0xffffffec fr.pc=0x000000000332336c
Event: 3.784 Thread 0x0000000002ece800 DEOPT PACKING pc=0x000000000332336c sp=0x0000000002fcd340
Event: 3.784 Thread 0x0000000002ece800 DEOPT UNPACKING pc=0x000000000311582a sp=0x0000000002fcd208 mode 2


Dynamic libraries:
0x00007ff743660000 - 0x00007ff743697000 	C:\Program Files\Java\jdk1.8.0_45\bin\java.exe
0x00007ff85b630000 - 0x00007ff85b828000 	C:\Windows\SYSTEM32\ntdll.dll
0x00007ff85a5e0000 - 0x00007ff85a69f000 	C:\Windows\System32\KERNEL32.DLL
0x00007ff859180000 - 0x00007ff859476000 	C:\Windows\System32\KERNELBASE.dll
0x00007ff85a920000 - 0x00007ff85a9cf000 	C:\Windows\System32\ADVAPI32.dll
0x00007ff85a9d0000 - 0x00007ff85aa6e000 	C:\Windows\System32\msvcrt.dll
0x00007ff85a3d0000 - 0x00007ff85a46c000 	C:\Windows\System32\sechost.dll
0x00007ff85a7e0000 - 0x00007ff85a906000 	C:\Windows\System32\RPCRT4.dll
0x00007ff859ed0000 - 0x00007ff85a06d000 	C:\Windows\System32\USER32.dll
0x00007ff8595c0000 - 0x00007ff8595e2000 	C:\Windows\System32\win32u.dll
0x00007ff85a470000 - 0x00007ff85a49c000 	C:\Windows\System32\GDI32.dll
0x00007ff858eb0000 - 0x00007ff858fc5000 	C:\Windows\System32\gdi32full.dll
0x00007ff858d10000 - 0x00007ff858dad000 	C:\Windows\System32\msvcp_win.dll
0x00007ff858db0000 - 0x00007ff858eb0000 	C:\Windows\System32\ucrtbase.dll
0x00007ff823ba0000 - 0x00007ff823e3a000 	C:\Windows\WinSxS\amd64_microsoft.windows.common-controls_6595b64144ccf1df_6.0.19041.1110_none_60b5254171f9507e\COMCTL32.dll
0x00007ff85a6a0000 - 0x00007ff85a6d0000 	C:\Windows\System32\IMM32.DLL
0x00007ff8080d0000 - 0x00007ff8087d1000 	C:\Program Files\McAfee\DLP\Agent\fcagpph64.dll
0x00007ff859770000 - 0x00007ff859eb4000 	C:\Windows\System32\SHELL32.dll
0x00007ff85ad50000 - 0x00007ff85ae7a000 	C:\Windows\System32\ole32.dll
0x00007ff85a070000 - 0x00007ff85a3c4000 	C:\Windows\System32\combase.dll
0x00007ff85a4a0000 - 0x00007ff85a4f5000 	C:\Windows\System32\SHLWAPI.dll
0x00007ff85ac80000 - 0x00007ff85ad4d000 	C:\Windows\System32\OLEAUT32.dll
0x00007ff83fe20000 - 0x00007ff83febd000 	C:\Windows\SYSTEM32\WINSPOOL.DRV
0x00007ff85b420000 - 0x00007ff85b4cd000 	C:\Windows\System32\shcore.dll
0x00007ff850570000 - 0x00007ff85057a000 	C:\Windows\SYSTEM32\VERSION.dll
0x00007ff858bd0000 - 0x00007ff858c02000 	C:\Windows\SYSTEM32\SspiCli.dll
0x00007ff857eb0000 - 0x00007ff857ee3000 	C:\Windows\SYSTEM32\ntmarta.dll
0x00007ff81d160000 - 0x00007ff81d212000 	C:\Program Files\McAfee\Endpoint Security\Threat Prevention\Ips\EpMPApi.dll
0x00007ff8595f0000 - 0x00007ff859657000 	C:\Windows\System32\WINTRUST.dll
0x00007ff858fd0000 - 0x00007ff85912e000 	C:\Windows\System32\CRYPT32.dll
0x00007ff8588f0000 - 0x00007ff858902000 	C:\Windows\SYSTEM32\MSASN1.dll
0x0000000070fd0000 - 0x0000000070fdc000 	C:\Program Files\McAfee\Endpoint Security\Threat Prevention\Ips\EpMPThe.dll
0x00007ff81ccc0000 - 0x00007ff81cd18000 	C:\Program Files\McAfee\Endpoint Security\Threat Prevention\Ips\HIPHandlers64.dll
0x00007ff856740000 - 0x00007ff856924000 	C:\Windows\SYSTEM32\dbghelp.dll
0x00000000708f0000 - 0x00000000709c2000 	C:\Program Files\Java\jdk1.8.0_45\jre\bin\msvcr100.dll
0x000000006fdd0000 - 0x0000000070653000 	C:\Program Files\Java\jdk1.8.0_45\jre\bin\server\jvm.dll
0x00007ff85afa0000 - 0x00007ff85afa8000 	C:\Windows\System32\PSAPI.DLL
0x00007ff83c060000 - 0x00007ff83c069000 	C:\Windows\SYSTEM32\WSOCK32.dll
0x00007ff85ae80000 - 0x00007ff85aeeb000 	C:\Windows\System32\WS2_32.dll
0x00007ff83d920000 - 0x00007ff83d947000 	C:\Windows\SYSTEM32\WINMM.dll
0x0000000070ec0000 - 0x0000000070ecf000 	C:\Program Files\Java\jdk1.8.0_45\jre\bin\verify.dll
0x0000000070e90000 - 0x0000000070eb9000 	C:\Program Files\Java\jdk1.8.0_45\jre\bin\java.dll
0x0000000070a10000 - 0x0000000070a26000 	C:\Program Files\Java\jdk1.8.0_45\jre\bin\zip.dll
0x00007ff856bb0000 - 0x00007ff857343000 	C:\Windows\SYSTEM32\windows.storage.dll
0x00007ff858760000 - 0x00007ff85878e000 	C:\Windows\SYSTEM32\Wldp.dll
0x00007ff858c50000 - 0x00007ff858c6f000 	C:\Windows\SYSTEM32\profapi.dll
0x00000000709f0000 - 0x0000000070a0a000 	C:\Program Files\Java\jdk1.8.0_45\jre\bin\net.dll
0x00007ff8584c0000 - 0x00007ff85852a000 	C:\Windows\system32\mswsock.dll
0x00000000708d0000 - 0x00000000708e1000 	C:\Program Files\Java\jdk1.8.0_45\jre\bin\nio.dll
0x0000000069ac0000 - 0x0000000069ae4000 	D:\maven\lib\jansi-native\Windows\x86_64\jansi.dll
0x00007ff8586b0000 - 0x00007ff8586c8000 	C:\Windows\SYSTEM32\CRYPTSP.dll
0x00007ff857d70000 - 0x00007ff857da4000 	C:\Windows\system32\rsaenh.dll
0x00007ff859660000 - 0x00007ff859687000 	C:\Windows\System32\bcrypt.dll
0x00007ff858c10000 - 0x00007ff858c3e000 	C:\Windows\SYSTEM32\USERENV.dll
0x00007ff859530000 - 0x00007ff8595b2000 	C:\Windows\System32\bcryptprimitives.dll
0x00007ff8586d0000 - 0x00007ff8586dc000 	C:\Windows\SYSTEM32\CRYPTBASE.dll
0x00007ff858160000 - 0x00007ff85819c000 	C:\Windows\SYSTEM32\IPHLPAPI.DLL
0x0000000002e20000 - 0x0000000002e28000 	C:\Windows\System32\NSI.dll
0x00007ff852fc0000 - 0x00007ff852fd7000 	C:\Windows\SYSTEM32\dhcpcsvc6.DLL
0x00007ff852e80000 - 0x00007ff852e9d000 	C:\Windows\SYSTEM32\dhcpcsvc.DLL
0x00007ff8581b0000 - 0x00007ff85827a000 	C:\Windows\SYSTEM32\DNSAPI.dll

VM Arguments:
jvm_args: -Dclassworlds.conf=D:\maven\bin\m2.conf -Dmaven.home=D:\maven -Dlibrary.jansi.path=D:\maven\lib\jansi-native -Dmaven.multiModuleProjectDirectory=D:\Project\EVN\project1\khcn-backend-service 
java_command: org.codehaus.plexus.classworlds.launcher.Launcher install
java_class_path (initial): D:\maven\boot\plexus-classworlds-2.7.0.jar
Launcher Type: SUN_STANDARD

Environment Variables:
JAVA_HOME=C:\Program Files\Java\jdk1.8.0_45
CLASSPATH=.;
PATH=C:\Program Files\Python37\Scripts\;C:\Program Files\Python37\;C:\ProgramData\Oracle\Java\javapath;C:\Windows\system32;C:\Windows;C:\Windows\System32\Wbem;C:\Windows\System32\WindowsPowerShell\v1.0\;C:\Windows\System32\OpenSSH\;C:\Program Files\Microsoft SQL Server\130\Tools\Binn\;C:\Users\nguyenvantuanc\AppData\Roaming\npm;C:\Users\nguyenvantuanc;C:\Users\nguyenvantuanc\node_modules\@angular\cli\bin;C:\Program Files\dotnet\;C:\Program Files\Microsoft SQL Server\Client SDK\ODBC\170\Tools\Binn\;C:\Program Files (x86)\Microsoft SQL Server\150\Tools\Binn\;C:\Program Files\Microsoft SQL Server\150\Tools\Binn\;C:\Program Files\Microsoft SQL Server\150\DTS\Binn\;C:\Program Files (x86)\Microsoft SQL Server\150\DTS\Binn\;C:\Program Files (x86)\Bitvise SSH Client;C:\ProgramData\chocolatey\bin;C:\Program Files\Java\jdk1.8.0_45\bin;C:\Users\nguyenvantuanc\AppData\Local\Android\Sdk;C:\Users\nguyenvantuanc\AppData\Local\Android\Sdk\platform-tools;C:\Users\nguyenvantuanc\AppData\Roaming\Python\Python37\site-packages;C:\Program Files\nodejs\;D:\BigData\zookeeper\bin;D:\maven\bin;C:\Program Files\Git\cmd;C:\Program Files\Microsoft SQL Server\120\Tools\Binn\;C:\Program Files (x86)\dotnet\;D:\Server\xampp74\php;C:\ProgramData\ComposerSetup\bin;C:\Users\nguyenvantuanc\AppData\Local\Microsoft\WindowsApps;C:\Users\nguyenvantuanc\AppData\Local\Programs\Microsoft VS Code\bin;C:\Users\nguyenvantuanc\node_modules\@angular\cli\bin;C:\Users\nguyenvantuanc\.dotnet\tools;C:\Program Files\Azure Data Studio\bin;C:\Users\nguyenvantuanc\AppData\Local\Programs\Git\cmd;C:\Users\nguyenvantuanc\AppData\Roaming\npm;C:\Users\nguyenvantuanc\AppData\Local\GitHubDesktop\bin
USERNAME=NguyenVanTuanC
OS=Windows_NT
PROCESSOR_IDENTIFIER=Intel64 Family 6 Model 140 Stepping 2, GenuineIntel



---------------  S Y S T E M  ---------------

OS: Windows 10.0 , 64 bit Build 19041 (10.0.19041.3031)

CPU:total 8 (4 cores per cpu, 2 threads per core) family 6 model 140 stepping 2, cmov, cx8, fxsr, mmx, sse, sse2, sse3, ssse3, sse4.1, sse4.2, popcnt, avx, avx2, aes, clmul, erms, 3dnowpref, lzcnt, ht, tsc, tscinvbit, bmi1, bmi2, adx

Memory: 4k page, physical 16509728k(2463072k free), swap 16509728k(5136k free)

vm_info: Java HotSpot(TM) 64-Bit Server VM (25.45-b02) for windows-amd64 JRE (1.8.0_45-b15), built on Apr 30 2015 12:40:44 by "java_re" with MS VC++ 10.0 (VS2010)

time: Wed Aug 09 22:39:17 2023
elapsed time: 3 seconds (0d 0h 0m 3s)

