#
# There is insufficient memory for the Java Runtime Environment to continue.
# Native memory allocation (malloc) failed to allocate 205216 bytes for Chunk::new
# Possible reasons:
#   The system is out of physical RAM or swap space
#   In 32 bit mode, the process size limit was hit
# Possible solutions:
#   Reduce memory load on the system
#   Increase physical memory or swap space
#   Check if swap backing store is full
#   Use 64 bit Java on a 64 bit OS
#   Decrease Java heap size (-Xmx/-Xms)
#   Decrease number of Java threads
#   Decrease Java thread stack sizes (-Xss)
#   Set larger code cache with -XX:ReservedCodeCacheSize=
# This output file may be truncated or incomplete.
#
#  Out of Memory Error (allocation.cpp:390), pid=14548, tid=17048
#
# JRE version: Java(TM) SE Runtime Environment (8.0_45-b15) (build 1.8.0_45-b15)
# Java VM: Java HotSpot(TM) 64-Bit Server VM (25.45-b02 mixed mode windows-amd64 compressed oops)
# Failed to write core dump. Minidumps are not enabled by default on client versions of Windows
#

---------------  T H R E A D  ---------------

Current thread (0x000000001e5d4000):  JavaThread "C2 CompilerThread0" daemon [_thread_in_native, id=17048, stack(0x000000001eba0000,0x000000001eca0000)]

Stack: [0x000000001eba0000,0x000000001eca0000]
Native frames: (J=compiled Java code, j=interpreted, Vv=VM code, C=native code)
V  [jvm.dll+0x32b57a]
V  [jvm.dll+0x279873]
V  [jvm.dll+0x27a509]
V  [jvm.dll+0x271825]
V  [jvm.dll+0xcb9e2]
V  [jvm.dll+0xcbeac]
V  [jvm.dll+0x476ef2]
V  [jvm.dll+0x4b955f]
V  [jvm.dll+0x46bf81]
V  [jvm.dll+0x46ccbe]
V  [jvm.dll+0x4500f2]
V  [jvm.dll+0xa4352]
V  [jvm.dll+0xa4c8f]
V  [jvm.dll+0x241984]
V  [jvm.dll+0x29853a]
C  [msvcr100.dll+0x21d9f]
C  [msvcr100.dll+0x21e3b]
C  [KERNEL32.DLL+0x17614]
C  [ntdll.dll+0x526f1]


Current CompileTask:
C2:    590  596       4       jdk.internal.org.objectweb.asm.Item::set (143 bytes)


---------------  P R O C E S S  ---------------

Java Threads: ( => current thread )
  0x000000001f6be000 JavaThread "surefire-forkedjvm-ping-30s" daemon [_thread_in_native, id=22432, stack(0x000000001faa0000,0x000000001fba0000)]
  0x000000001e799000 JavaThread "surefire-forkedjvm-command-thread" daemon [_thread_in_native, id=18832, stack(0x000000001f1a0000,0x000000001f2a0000)]
  0x000000001e668000 JavaThread "Service Thread" daemon [_thread_blocked, id=16032, stack(0x000000001efa0000,0x000000001f0a0000)]
  0x000000001e5da800 JavaThread "C1 CompilerThread3" daemon [_thread_in_vm, id=15408, stack(0x000000001eea0000,0x000000001efa0000)]
  0x000000001e5d6800 JavaThread "C2 CompilerThread2" daemon [_thread_in_native, id=15436, stack(0x000000001eda0000,0x000000001eea0000)]
  0x000000001e5d5800 JavaThread "C2 CompilerThread1" daemon [_thread_in_native, id=5780, stack(0x000000001eca0000,0x000000001eda0000)]
=>0x000000001e5d4000 JavaThread "C2 CompilerThread0" daemon [_thread_in_native, id=17048, stack(0x000000001eba0000,0x000000001eca0000)]
  0x000000001e5d1000 JavaThread "Attach Listener" daemon [_thread_blocked, id=17052, stack(0x000000001eaa0000,0x000000001eba0000)]
  0x000000001e5d0000 JavaThread "Signal Dispatcher" daemon [_thread_blocked, id=13856, stack(0x000000001e9a0000,0x000000001eaa0000)]
  0x0000000002d0b800 JavaThread "Finalizer" daemon [_thread_blocked, id=22120, stack(0x000000001e4a0000,0x000000001e5a0000)]
  0x0000000002d05000 JavaThread "Reference Handler" daemon [_thread_blocked, id=18164, stack(0x000000001e3a0000,0x000000001e4a0000)]
  0x0000000002b0e800 JavaThread "main" [_thread_in_vm, id=18736, stack(0x0000000002b10000,0x0000000002c10000)]

Other Threads:
  0x000000001c5c9000 VMThread [stack: 0x000000001e2a0000,0x000000001e3a0000] [id=15616]
  0x000000001c5de800 WatcherThread [stack: 0x000000001f0a0000,0x000000001f1a0000] [id=8564]

VM state:not at safepoint (normal execution)

VM Mutex/Monitor currently owned by a thread: None

Heap:
 PSYoungGen      total 75264K, used 25888K [0x000000076c000000, 0x0000000771400000, 0x00000007c0000000)
  eden space 64512K, 40% used [0x000000076c000000,0x000000076d948270,0x000000076ff00000)
  from space 10752K, 0% used [0x0000000770980000,0x0000000770980000,0x0000000771400000)
  to   space 10752K, 0% used [0x000000076ff00000,0x000000076ff00000,0x0000000770980000)
 ParOldGen       total 172032K, used 0K [0x00000006c4000000, 0x00000006ce800000, 0x000000076c000000)
  object space 172032K, 0% used [0x00000006c4000000,0x00000006c4000000,0x00000006ce800000)
 Metaspace       used 7620K, capacity 7896K, committed 7936K, reserved 1058816K
  class space    used 909K, capacity 990K, committed 1024K, reserved 1048576K

Card table byte_map: [0x00000000120d0000,0x00000000128c0000] byte_map_base: 0x000000000eab0000

Marking Bits: (ParMarkBitMap*) 0x0000000072fa4040
 Begin Bits: [0x0000000013600000, 0x0000000017500000)
 End Bits:   [0x0000000017500000, 0x000000001b400000)

Polling page: 0x0000000002560000

CodeCache: size=245760Kb used=2626Kb max_used=2638Kb free=243133Kb
 bounds [0x0000000002d10000, 0x0000000002fb0000, 0x0000000011d10000]
 total_blobs=963 nmethods=657 adapters=219
 compilation: enabled

Compilation events (10 events):
Event: 0.554 Thread 0x000000001e5da800 nmethod 591 0x0000000002f7c490 code [0x0000000002f7c600, 0x0000000002f7c838]
Event: 0.554 Thread 0x000000001e5da800  594       3       java.io.File::<init> (113 bytes)
Event: 0.554 Thread 0x000000001e5da800 nmethod 594 0x0000000002f7c8d0 code [0x0000000002f7cb40, 0x0000000002f7d8a8]
Event: 0.554 Thread 0x000000001e5d6800  595       4       jdk.internal.org.objectweb.asm.ClassWriter::get (49 bytes)
Event: 0.555 Thread 0x000000001e5d4000  596       4       jdk.internal.org.objectweb.asm.Item::set (143 bytes)
Event: 0.555 Thread 0x000000001e5da800  598       3       java.lang.invoke.MethodType::erase (8 bytes)
Event: 0.556 Thread 0x000000001e5da800 nmethod 598 0x0000000002f7e050 code [0x0000000002f7e1a0, 0x0000000002f7e390]
Event: 0.556 Thread 0x000000001e5da800  599       3       java.lang.invoke.MemberName::isMethod (7 bytes)
Event: 0.556 Thread 0x000000001e5da800 nmethod 599 0x0000000002f7e450 code [0x0000000002f7e5c0, 0x0000000002f7e830]
Event: 0.556 Thread 0x000000001e5d6800 nmethod 595 0x0000000002f81650 code [0x0000000002f817a0, 0x0000000002f818e8]

GC Heap History (0 events):
No events

Deoptimization events (0 events):
No events

Internal exceptions (10 events):
Event: 0.060 Thread 0x0000000002b0e800 Exception <a 'java/lang/NoSuchMethodError': Method sun.misc.Unsafe.defineClass(Ljava/lang/String;[BII)Ljava/lang/Class; name or signature does not match> (0x000000076c00dd78) thrown at [C:\re\workspace\8-2-build-windows-amd64-cygwin\jdk8u45\3627\hotspot\srπ0w“g¨Æ?
Event: 0.060 Thread 0x0000000002b0e800 Exception <a 'java/lang/NoSuchMethodError': Method sun.misc.Unsafe.prefetchRead(Ljava/lang/Object;J)V name or signature does not match> (0x000000076c00e008) thrown at [C:\re\workspace\8-2-build-windows-amd64-cygwin\jdk8u45\3627\hotspot\src\share\vm\prims\j∫q:…?
Event: 0.197 Thread 0x0000000002b0e800 Exception <a 'java/security/PrivilegedActionException'> (0x000000076c77d3d0) thrown at [C:\re\workspace\8-2-build-windows-amd64-cygwin\jdk8u45\3627\hotspot\src\share\vm\prims\jvm.cpp, line 1382]
Event: 0.197 Thread 0x0000000002b0e800 Exception <a 'java/security/PrivilegedActionException'> (0x000000076c77d718) thrown at [C:\re\workspace\8-2-build-windows-amd64-cygwin\jdk8u45\3627\hotspot\src\share\vm\prims\jvm.cpp, line 1382]
Event: 0.198 Thread 0x0000000002b0e800 Exception <a 'java/security/PrivilegedActionException'> (0x000000076c7817d0) thrown at [C:\re\workspace\8-2-build-windows-amd64-cygwin\jdk8u45\3627\hotspot\src\share\vm\prims\jvm.cpp, line 1382]
Event: 0.198 Thread 0x0000000002b0e800 Exception <a 'java/security/PrivilegedActionException'> (0x000000076c781b18) thrown at [C:\re\workspace\8-2-build-windows-amd64-cygwin\jdk8u45\3627\hotspot\src\share\vm\prims\jvm.cpp, line 1382]
Event: 0.414 Thread 0x0000000002b0e800 Exception <a 'java/lang/NoSuchFieldError': method resolution failed> (0x000000076cf6c9c0) thrown at [C:\re\workspace\8-2-build-windows-amd64-cygwin\jdk8u45\3627\hotspot\src\share\vm\prims\methodHandles.cpp, line 1125]
Event: 0.416 Thread 0x0000000002b0e800 Exception <a 'java/lang/NoSuchFieldError': method resolution failed> (0x000000076cf7b320) thrown at [C:\re\workspace\8-2-build-windows-amd64-cygwin\jdk8u45\3627\hotspot\src\share\vm\prims\methodHandles.cpp, line 1125]
Event: 0.530 Thread 0x0000000002b0e800 Exception <a 'java/lang/NoSuchMethodError': java.lang.Object.lambda$or$12(Ljava/util/function/Predicate;Ljava/lang/Object;)Z> (0x000000076d525618) thrown at [C:\re\workspace\8-2-build-windows-amd64-cygwin\jdk8u45\3627\hotspot\src\share\vm\interpreter\linkRyÎWïÿê·?
Event: 0.549 Thread 0x0000000002b0e800 Exception <a 'java/lang/IncompatibleClassChangeError': Found class java.lang.Object, but interface was expected> (0x000000076d69d580) thrown at [C:\re\workspace\8-2-build-windows-amd64-cygwin\jdk8u45\3627\hotspot\src\share\vm\interpreter\linkResolver.cpp, 

Events (10 events):
Event: 0.556 loading class java/util/stream/FindOps$FindSink$OfRef
Event: 0.556 loading class java/util/stream/FindOps$FindSink
Event: 0.556 loading class java/util/stream/FindOps$FindSink done
Event: 0.556 loading class java/util/stream/FindOps$FindSink$OfRef done
Event: 0.556 loading class org/junit/platform/engine/discovery/ClasspathResourceSelector
Event: 0.556 loading class org/junit/platform/engine/discovery/ClasspathResourceSelector done
Event: 0.557 loading class org/junit/platform/engine/discovery/ClasspathRootSelector
Event: 0.557 loading class org/junit/platform/engine/discovery/ClasspathRootSelector done
Event: 0.557 loading class org/junit/platform/commons/util/ReflectionUtils
Event: 0.557 loading class org/junit/platform/commons/util/ReflectionUtils done


Dynamic libraries:
0x00007ff7106a0000 - 0x00007ff7106d7000 	C:\Program Files\Java\jdk1.8.0_45\jre\bin\java.exe
0x00007ff9b0690000 - 0x00007ff9b0888000 	C:\Windows\SYSTEM32\ntdll.dll
0x00007ff9af290000 - 0x00007ff9af34f000 	C:\Windows\System32\KERNEL32.DLL
0x00007ff9adf40000 - 0x00007ff9ae236000 	C:\Windows\System32\KERNELBASE.dll
0x00007ff9aeda0000 - 0x00007ff9aee4f000 	C:\Windows\System32\ADVAPI32.dll
0x00007ff9af6c0000 - 0x00007ff9af75e000 	C:\Windows\System32\msvcrt.dll
0x00007ff9ae9f0000 - 0x00007ff9aea8c000 	C:\Windows\System32\sechost.dll
0x00007ff9aebc0000 - 0x00007ff9aece6000 	C:\Windows\System32\RPCRT4.dll
0x00007ff9b04b0000 - 0x00007ff9b064d000 	C:\Windows\System32\USER32.dll
0x00007ff9add70000 - 0x00007ff9add92000 	C:\Windows\System32\win32u.dll
0x00007ff9ae6f0000 - 0x00007ff9ae71c000 	C:\Windows\System32\GDI32.dll
0x00007ff9ae5d0000 - 0x00007ff9ae6e5000 	C:\Windows\System32\gdi32full.dll
0x00007ff9adda0000 - 0x00007ff9ade3d000 	C:\Windows\System32\msvcp_win.dll
0x00007ff9ae2b0000 - 0x00007ff9ae3b0000 	C:\Windows\System32\ucrtbase.dll
0x00007ff978290000 - 0x00007ff97852a000 	C:\Windows\WinSxS\amd64_microsoft.windows.common-controls_6595b64144ccf1df_6.0.19041.1110_none_60b5254171f9507e\COMCTL32.dll
0x00007ff9aecf0000 - 0x00007ff9aed20000 	C:\Windows\System32\IMM32.DLL
0x00007ff95f800000 - 0x00007ff95ff01000 	C:\Program Files\McAfee\DLP\Agent\fcagpph64.dll
0x00007ff9af8f0000 - 0x00007ff9b0034000 	C:\Windows\System32\SHELL32.dll
0x00007ff9aea90000 - 0x00007ff9aebba000 	C:\Windows\System32\ole32.dll
0x00007ff9aef20000 - 0x00007ff9af274000 	C:\Windows\System32\combase.dll
0x00007ff9af470000 - 0x00007ff9af4c5000 	C:\Windows\System32\SHLWAPI.dll
0x00007ff9aee50000 - 0x00007ff9aef1d000 	C:\Windows\System32\OLEAUT32.dll
0x00007ff9915d0000 - 0x00007ff99166d000 	C:\Windows\SYSTEM32\WINSPOOL.DRV
0x00007ff9af610000 - 0x00007ff9af6bd000 	C:\Windows\System32\shcore.dll
0x00007ff9a5760000 - 0x00007ff9a576a000 	C:\Windows\SYSTEM32\VERSION.dll
0x00007ff9adc30000 - 0x00007ff9adc62000 	C:\Windows\SYSTEM32\SspiCli.dll
0x00007ff9acef0000 - 0x00007ff9acf23000 	C:\Windows\SYSTEM32\ntmarta.dll
0x00007ff971860000 - 0x00007ff971912000 	C:\Program Files\McAfee\Endpoint Security\Threat Prevention\Ips\EpMPApi.dll
0x0000000002340000 - 0x00000000023a7000 	C:\Windows\System32\WINTRUST.dll
0x00007ff9ae440000 - 0x00007ff9ae59e000 	C:\Windows\System32\CRYPT32.dll
0x00007ff9ad950000 - 0x00007ff9ad962000 	C:\Windows\SYSTEM32\MSASN1.dll
0x0000000073ae0000 - 0x0000000073aec000 	C:\Program Files\McAfee\Endpoint Security\Threat Prevention\Ips\EpMPThe.dll
0x00007ff971800000 - 0x00007ff971858000 	C:\Program Files\McAfee\Endpoint Security\Threat Prevention\Ips\HIPHandlers64.dll
0x00007ff9ac0b0000 - 0x00007ff9ac294000 	C:\Windows\SYSTEM32\dbghelp.dll
0x0000000073190000 - 0x0000000073262000 	C:\Program Files\Java\jdk1.8.0_45\jre\bin\msvcr100.dll
0x00000000727a0000 - 0x0000000073023000 	C:\Program Files\Java\jdk1.8.0_45\jre\bin\server\jvm.dll
0x00007ff9af850000 - 0x00007ff9af858000 	C:\Windows\System32\PSAPI.DLL
0x00007ff991a00000 - 0x00007ff991a09000 	C:\Windows\SYSTEM32\WSOCK32.dll
0x00007ff9af400000 - 0x00007ff9af46b000 	C:\Windows\System32\WS2_32.dll
0x00007ff9914b0000 - 0x00007ff9914d7000 	C:\Windows\SYSTEM32\WINMM.dll
0x0000000073470000 - 0x000000007347f000 	C:\Program Files\Java\jdk1.8.0_45\jre\bin\verify.dll
0x0000000073440000 - 0x0000000073469000 	C:\Program Files\Java\jdk1.8.0_45\jre\bin\java.dll
0x0000000073170000 - 0x0000000073186000 	C:\Program Files\Java\jdk1.8.0_45\jre\bin\zip.dll
0x00007ff9ab910000 - 0x00007ff9ac0a3000 	C:\Windows\SYSTEM32\windows.storage.dll
0x00007ff9ad7c0000 - 0x00007ff9ad7ee000 	C:\Windows\SYSTEM32\Wldp.dll
0x00007ff9adcb0000 - 0x00007ff9adccf000 	C:\Windows\SYSTEM32\profapi.dll
0x0000000073120000 - 0x000000007312d000 	C:\Program Files\Java\jdk1.8.0_45\jre\bin\management.dll
0x00007ff9ae3b0000 - 0x00007ff9ae432000 	C:\Windows\System32\bcryptPrimitives.dll

VM Arguments:
java_command: C:\Users\NGUYEN~1\AppData\Local\Temp\surefire2986782590022839350\surefirebooter1215317217270743565.jar C:\Users\nguyenvantuanc\AppData\Local\Temp\surefire2986782590022839350 2023-08-06T08-13-45_471-jvmRun1 surefire5141323739799818873tmp surefire_07619077530848710314tmp
java_class_path (initial): C:\Users\NGUYEN~1\AppData\Local\Temp\surefire2986782590022839350\surefirebooter1215317217270743565.jar
Launcher Type: SUN_STANDARD

Environment Variables:
JAVA_HOME=C:\Program Files\Java\jdk1.8.0_45
CLASSPATH=.;
PATH=C:\Program Files\Python37\Scripts\;C:\Program Files\Python37\;C:\ProgramData\Oracle\Java\javapath;C:\Windows\system32;C:\Windows;C:\Windows\System32\Wbem;C:\Windows\System32\WindowsPowerShell\v1.0\;C:\Windows\System32\OpenSSH\;C:\Program Files\Microsoft SQL Server\130\Tools\Binn\;C:\Users\nguyenvantuanc\AppData\Roaming\npm;C:\Users\nguyenvantuanc;C:\Users\nguyenvantuanc\node_modules\@angular\cli\bin;C:\Program Files\dotnet\;C:\Program Files\Microsoft SQL Server\Client SDK\ODBC\170\Tools\Binn\;C:\Program Files (x86)\Microsoft SQL Server\150\Tools\Binn\;C:\Program Files\Microsoft SQL Server\150\Tools\Binn\;C:\Program Files\Microsoft SQL Server\150\DTS\Binn\;C:\Program Files (x86)\Microsoft SQL Server\150\DTS\Binn\;C:\Program Files (x86)\Bitvise SSH Client;C:\ProgramData\chocolatey\bin;C:\Program Files\Java\jdk1.8.0_45\bin;C:\Users\nguyenvantuanc\AppData\Local\Android\Sdk;C:\Users\nguyenvantuanc\AppData\Local\Android\Sdk\platform-tools;C:\Users\nguyenvantuanc\AppData\Roaming\Python\Python37\site-packages;C:\Program Files\nodejs\;D:\BigData\zookeeper\bin;D:\maven\bin;C:\Program Files\Git\cmd;C:\Program Files\Microsoft SQL Server\120\Tools\Binn\;C:\Program Files (x86)\dotnet\;D:\Server\xampp74\php;C:\ProgramData\ComposerSetup\bin;C:\Users\nguyenvantuanc\AppData\Local\Microsoft\WindowsApps;C:\Users\nguyenvantuanc\AppData\Local\Programs\Microsoft VS Code\bin;C:\Users\nguyenvantuanc\node_modules\@angular\cli\bin;C:\Users\nguyenvantuanc\.dotnet\tools;C:\Program Files\Azure Data Studio\bin;C:\Users\nguyenvantuanc\AppData\Local\Programs\Git\cmd;C:\Users\nguyenvantuanc\AppData\Roaming\npm;C:\Users\nguyenvantuanc\AppData\Local\GitHubDesktop\bin
USERNAME=NguyenVanTuanC
OS=Windows_NT
PROCESSOR_IDENTIFIER=Intel64 Family 6 Model 140 Stepping 2, GenuineIntel



---------------  S Y S T E M  ---------------

OS: Windows 10.0 , 64 bit Build 19041 (10.0.19041.3031)

CPU:total 8 (4 cores per cpu, 2 threads per core) family 6 model 140 stepping 2, cmov, cx8, fxsr, mmx, sse, sse2, sse3, ssse3, sse4.1, sse4.2, popcnt, avx, avx2, aes, clmul, erms, 3dnowpref, lzcnt, ht, tsc, tscinvbit, bmi1, bmi2, adx

Memory: 4k page, physical 16509728k(2619200k free), swap 16509728k(4104k free)

vm_info: Java HotSpot(TM) 64-Bit Server VM (25.45-b02) for windows-amd64 JRE (1.8.0_45-b15), built on Apr 30 2015 12:40:44 by "java_re" with MS VC++ 10.0 (VS2010)

time: Sun Aug 06 08:13:46 2023
elapsed time: 0 seconds (0d 0h 0m 0s)

